2017-12-20 15:07:18,144 - Administrator login
2017-12-20 15:07:18,794 - Initialize UI
2017-12-20 15:07:19,244 - Initialize sequence table
2017-12-20 15:07:20,564 - ThreadID1:Initialize sequence tree
2017-12-20 15:07:20,934 - ZMQ Server Start, Port: 5555
2017-12-20 15:45:16,265 - 注意安全后门在打开
2017-12-20 15:45:16,335 - 注意安全前门在打开
2017-12-20 15:45:16,476 - 注意安全后门在打开
2017-12-20 15:45:16,526 - 注意安全前门在打开
2017-12-20 15:45:16,655 - 注意安全后门在打开
2017-12-20 15:45:16,686 - 注意安全前门在打开
2017-12-20 15:45:16,806 - 注意安全后门在打开
2017-12-20 15:45:16,846 - 注意安全前门在打开
2017-12-20 15:45:16,966 - 注意安全后门在打开
2017-12-20 15:45:16,966 - 注意安全前门在打开
2017-12-20 15:45:17,086 - 注意安全后门在打开
2017-12-20 15:45:17,126 - 注意安全前门在打开
2017-12-20 15:45:17,196 - 注意安全后门在打开
2017-12-20 15:45:17,196 - 注意安全前门在打开
2017-12-20 15:45:17,296 - 注意安全后门在打开
2017-12-20 15:45:17,355 - timed out
2017-12-20 15:45:17,375 - 注意安全前门在打开
2017-12-20 15:45:17,536 - 注意安全后门在打开
2017-12-20 15:45:17,545 - 注意安全前门在打开
2017-12-20 15:45:17,705 - 注意安全后门在打开
2017-12-20 15:45:17,756 - 注意安全前门在打开
2017-12-20 15:45:17,895 - 注意安全后门在打开
2017-12-20 15:45:17,956 - 注意安全前门在打开
2017-12-20 15:45:18,086 - 注意安全后门在打开
2017-12-20 15:45:18,135 - 注意安全前门在打开
2017-12-20 15:45:18,265 - 注意安全后门在打开
2017-12-20 15:45:18,286 - 注意安全前门在打开
2017-12-20 15:45:18,415 - 注意安全后门在打开
2017-12-20 15:45:18,415 - 注意安全前门在打开
2017-12-20 15:45:18,595 - 注意安全后门在打开
2017-12-20 15:45:18,696 - 注意安全前门在打开
2017-12-20 15:45:18,855 - 注意安全后门在打开
2017-12-20 15:45:18,865 - 注意安全前门在打开
2017-12-20 15:45:19,025 - 注意安全后门在打开
2017-12-20 15:45:19,065 - 注意安全前门在打开
2017-12-20 15:45:19,176 - 注意安全后门在打开
2017-12-20 15:45:19,225 - 注意安全前门在打开
2017-12-20 15:45:19,335 - 注意安全后门在打开
2017-12-20 15:45:19,366 - timed out
2017-12-20 15:45:19,415 - 注意安全前门在打开
2017-12-20 15:45:19,465 - Administrator login
2017-12-20 15:45:19,526 - 注意安全后门在打开
2017-12-20 15:45:19,545 - 注意安全前门在打开
2017-12-20 15:45:19,676 - 注意安全后门在打开
2017-12-20 15:45:19,716 - 注意安全前门在打开
2017-12-20 15:45:19,855 - 注意安全后门在打开
2017-12-20 15:45:19,886 - 注意安全前门在打开
2017-12-20 15:45:19,886 - Initialize UI
2017-12-20 15:45:19,985 - 注意安全后门在打开
2017-12-20 15:45:19,985 - 注意安全前门在打开
2017-12-20 15:45:20,075 - 注意安全后门在打开
2017-12-20 15:45:20,086 - 注意安全前门在打开
2017-12-20 15:45:20,145 - 注意安全后门在打开
2017-12-20 15:45:20,166 - 注意安全前门在打开
2017-12-20 15:45:20,225 - 注意安全后门在打开
2017-12-20 15:45:20,236 - 注意安全前门在打开
2017-12-20 15:45:20,315 - 注意安全后门在打开
2017-12-20 15:45:20,315 - 注意安全前门在打开
2017-12-20 15:45:20,375 - 注意安全后门在打开
2017-12-20 15:45:20,375 - 注意安全前门在打开
2017-12-20 15:45:20,476 - 注意安全后门在打开
2017-12-20 15:45:20,476 - 注意安全前门在打开
2017-12-20 15:45:20,575 - 注意安全后门在打开
2017-12-20 15:45:20,575 - 注意安全前门在打开
2017-12-20 15:45:20,655 - 注意安全后门在打开
2017-12-20 15:45:20,655 - 注意安全前门在打开
2017-12-20 15:45:20,736 - 注意安全后门在打开
2017-12-20 15:45:20,736 - 注意安全前门在打开
2017-12-20 15:45:20,815 - 注意安全后门在打开
2017-12-20 15:45:20,815 - 注意安全前门在打开
2017-12-20 15:45:21,055 - 注意安全后门在打开
2017-12-20 15:45:21,065 - 注意安全前门在打开
2017-12-20 15:45:21,145 - 注意安全后门在打开
2017-12-20 15:45:21,145 - 注意安全前门在打开
2017-12-20 15:45:21,225 - 注意安全后门在打开
2017-12-20 15:45:21,246 - 注意安全前门在打开
2017-12-20 15:45:21,335 - 注意安全后门在打开
2017-12-20 15:45:21,335 - 注意安全前门在打开
2017-12-20 15:45:21,375 - timed out
2017-12-20 15:45:21,465 - 注意安全后门在打开
2017-12-20 15:45:21,505 - 注意安全前门在打开
2017-12-20 15:45:21,585 - 注意安全后门在打开
2017-12-20 15:45:21,595 - 注意安全前门在打开
2017-12-20 15:45:21,696 - 注意安全后门在打开
2017-12-20 15:45:21,726 - 注意安全前门在打开
2017-12-20 15:45:21,846 - 注意安全后门在打开
2017-12-20 15:45:21,855 - 注意安全前门在打开
2017-12-20 15:45:21,956 - 注意安全后门在打开
2017-12-20 15:45:21,966 - 注意安全前门在打开
2017-12-20 15:45:22,065 - 注意安全后门在打开
2017-12-20 15:45:22,065 - 注意安全前门在打开
2017-12-20 15:45:22,166 - 注意安全后门在打开
2017-12-20 15:45:22,185 - 注意安全前门在打开
2017-12-20 15:45:22,286 - 注意安全后门在打开
2017-12-20 15:45:22,286 - 注意安全前门在打开
2017-12-20 15:45:22,366 - 注意安全后门在打开
2017-12-20 15:45:22,406 - 注意安全前门在打开
2017-12-20 15:45:22,476 - Initialize sequence table
2017-12-20 15:45:22,496 - 注意安全后门在打开
2017-12-20 15:45:22,505 - 注意安全前门在打开
2017-12-20 15:45:22,595 - 注意安全后门在打开
2017-12-20 15:45:22,595 - 注意安全前门在打开
2017-12-20 15:45:22,686 - 注意安全后门在打开
2017-12-20 15:45:22,696 - 注意安全前门在打开
2017-12-20 15:45:22,766 - 注意安全后门在打开
2017-12-20 15:45:22,766 - 注意安全前门在打开
2017-12-20 15:45:22,846 - 注意安全后门在打开
2017-12-20 15:45:22,855 - 注意安全前门在打开
2017-12-20 15:45:22,945 - 注意安全后门在打开
2017-12-20 15:45:22,966 - 注意安全前门在打开
2017-12-20 15:45:23,036 - 注意安全后门在打开
2017-12-20 15:45:23,046 - 注意安全前门在打开
2017-12-20 15:45:23,126 - 注意安全后门在打开
2017-12-20 15:45:23,135 - 注意安全前门在打开
2017-12-20 15:45:23,216 - 注意安全后门在打开
2017-12-20 15:45:23,236 - 注意安全前门在打开
2017-12-20 15:45:23,326 - 注意安全后门在打开
2017-12-20 15:45:23,335 - 注意安全前门在打开
2017-12-20 15:45:23,375 - timed out
2017-12-20 15:45:23,415 - 注意安全后门在打开
2017-12-20 15:45:23,425 - 注意安全前门在打开
2017-12-20 15:45:23,496 - 注意安全后门在打开
2017-12-20 15:45:23,526 - 注意安全前门在打开
2017-12-20 15:45:23,606 - 注意安全后门在打开
2017-12-20 15:45:23,606 - 注意安全前门在打开
2017-12-20 15:45:23,676 - 注意安全后门在打开
2017-12-20 15:45:23,676 - 注意安全前门在打开
2017-12-20 15:45:23,745 - 注意安全后门在打开
2017-12-20 15:45:23,756 - 注意安全前门在打开
2017-12-20 15:45:23,825 - 注意安全后门在打开
2017-12-20 15:45:23,825 - 注意安全前门在打开
2017-12-20 15:45:23,895 - 注意安全后门在打开
2017-12-20 15:45:23,926 - 注意安全前门在打开
2017-12-20 15:45:24,006 - 注意安全后门在打开
2017-12-20 15:45:24,016 - 注意安全前门在打开
2017-12-20 15:45:24,075 - 注意安全后门在打开
2017-12-20 15:45:24,086 - 注意安全前门在打开
2017-12-20 15:45:24,145 - 注意安全后门在打开
2017-12-20 15:45:24,155 - 注意安全前门在打开
2017-12-20 15:45:24,236 - 注意安全后门在打开
2017-12-20 15:45:24,246 - 注意安全前门在打开
2017-12-20 15:45:24,305 - 注意安全后门在打开
2017-12-20 15:45:24,305 - 注意安全前门在打开
2017-12-20 15:45:24,395 - 注意安全后门在打开
2017-12-20 15:45:24,406 - 注意安全前门在打开
2017-12-20 15:45:24,496 - 注意安全后门在打开
2017-12-20 15:45:24,505 - 注意安全前门在打开
2017-12-20 15:45:24,566 - 注意安全后门在打开
2017-12-20 15:45:24,575 - 注意安全前门在打开
2017-12-20 15:45:24,665 - 注意安全后门在打开
2017-12-20 15:45:24,665 - 注意安全前门在打开
2017-12-20 15:45:24,756 - 注意安全后门在打开
2017-12-20 15:45:24,756 - 注意安全前门在打开
2017-12-20 15:45:24,815 - 注意安全后门在打开
2017-12-20 15:45:24,825 - 注意安全前门在打开
2017-12-20 15:45:24,905 - 注意安全后门在打开
2017-12-20 15:45:24,926 - 注意安全前门在打开
2017-12-20 15:45:25,016 - 注意安全后门在打开
2017-12-20 15:45:25,016 - 注意安全前门在打开
2017-12-20 15:45:25,095 - 注意安全后门在打开
2017-12-20 15:45:25,095 - 注意安全前门在打开
2017-12-20 15:45:25,155 - 注意安全后门在打开
2017-12-20 15:45:25,166 - 注意安全前门在打开
2017-12-20 15:45:25,236 - 注意安全后门在打开
2017-12-20 15:45:25,246 - 注意安全前门在打开
2017-12-20 15:45:25,335 - 注意安全后门在打开
2017-12-20 15:45:25,345 - 注意安全前门在打开
2017-12-20 15:45:25,375 - timed out
2017-12-20 15:45:25,406 - 注意安全后门在打开
2017-12-20 15:45:25,406 - 注意安全前门在打开
2017-12-20 15:45:25,496 - 注意安全后门在打开
2017-12-20 15:45:25,505 - 注意安全前门在打开
2017-12-20 15:45:25,566 - 注意安全后门在打开
2017-12-20 15:45:25,566 - 注意安全前门在打开
2017-12-20 15:45:25,635 - 注意安全后门在打开
2017-12-20 15:45:25,646 - 注意安全前门在打开
2017-12-20 15:45:25,736 - 注意安全后门在打开
2017-12-20 15:45:25,745 - 注意安全前门在打开
2017-12-20 15:45:25,815 - 注意安全后门在打开
2017-12-20 15:45:25,815 - 注意安全前门在打开
2017-12-20 15:45:25,886 - 注意安全后门在打开
2017-12-20 15:45:25,895 - 注意安全前门在打开
2017-12-20 15:45:25,976 - 注意安全后门在打开
2017-12-20 15:45:26,006 - 注意安全前门在打开
2017-12-20 15:45:26,075 - 注意安全后门在打开
2017-12-20 15:45:26,075 - 注意安全前门在打开
2017-12-20 15:45:26,176 - 注意安全后门在打开
2017-12-20 15:45:26,176 - 注意安全前门在打开
2017-12-20 15:45:26,236 - 注意安全后门在打开
2017-12-20 15:45:26,256 - 注意安全前门在打开
2017-12-20 15:45:26,345 - 注意安全后门在打开
2017-12-20 15:45:26,366 - 注意安全前门在打开
2017-12-20 15:45:27,375 - timed out
2017-12-20 15:45:28,406 - timed out
2017-12-20 15:45:28,406 - 注意安全后门在打开
2017-12-20 15:45:28,425 - 注意安全前门在打开
2017-12-20 15:45:28,905 - ThreadID1:Initialize sequence tree
2017-12-20 15:45:28,956 - ZMQ Server Start, Port: 5555
2017-12-20 15:45:29,385 - timed out
2017-12-20 15:45:30,446 - timed out
2017-12-20 15:45:31,446 - timed out
2017-12-20 15:45:32,486 - timed out
2017-12-20 15:45:33,486 - timed out
2017-12-20 15:45:34,545 - timed out
2017-12-20 15:45:35,496 - timed out
2017-12-20 15:45:36,595 - timed out
2017-12-20 15:45:37,505 - timed out
2017-12-20 15:45:38,615 - timed out
2017-12-20 15:45:39,536 - timed out
2017-12-20 15:45:40,635 - timed out
2017-12-20 15:45:41,575 - timed out
2017-12-20 15:45:42,674 - timed out
2017-12-20 15:45:43,605 - timed out
2017-12-20 15:45:44,674 - timed out
2017-12-20 15:45:45,605 - timed out
2017-12-20 15:45:45,704 - 进料气缸缩回感应异常
2017-12-20 15:45:45,715 - 进料气缸伸出感应异常
2017-12-20 15:45:45,715 - 顶料气缸伸感应异常
2017-12-20 15:45:45,735 - 吸料真空压力检测接通异常
2017-12-20 15:45:45,784 - 吸料真空压力检测断开异常
2017-12-20 15:45:45,784 - Z轴伺服报警
2017-12-20 15:45:45,784 - CX轴报警
2017-12-20 15:45:45,784 - CY轴报警
2017-12-20 15:45:45,795 - 注意安全前门在打开
2017-12-20 15:45:46,404 - 注意安全后门在打开
2017-12-20 15:45:46,424 - 注意安全前门在打开
2017-12-20 15:45:46,924 - 注意安全后门在打开
2017-12-20 15:45:46,955 - 注意安全前门在打开
2017-12-20 15:45:47,464 - 注意安全后门在打开
2017-12-20 15:45:47,475 - 注意安全前门在打开
2017-12-20 15:45:47,644 - timed out
2017-12-20 15:45:47,935 - 注意安全后门在打开
2017-12-20 15:45:47,935 - 注意安全前门在打开
2017-12-20 15:45:48,384 - 注意安全后门在打开
2017-12-20 15:45:48,394 - 注意安全前门在打开
2017-12-20 15:45:48,815 - 注意安全后门在打开
2017-12-20 15:45:48,825 - 注意安全前门在打开
2017-12-20 15:45:49,275 - 注意安全后门在打开
2017-12-20 15:45:49,295 - 注意安全前门在打开
2017-12-20 15:45:49,654 - timed out
2017-12-20 15:45:49,704 - 注意安全后门在打开
2017-12-20 15:45:49,704 - 注意安全前门在打开
2017-12-20 15:45:50,174 - 注意安全后门在打开
2017-12-20 15:45:50,195 - 注意安全前门在打开
2017-12-20 15:45:50,634 - 注意安全后门在打开
2017-12-20 15:45:50,634 - 注意安全前门在打开
2017-12-20 15:45:51,075 - 注意安全后门在打开
2017-12-20 15:45:51,075 - 注意安全前门在打开
2017-12-20 15:45:51,654 - timed out
2017-12-20 15:45:51,715 - 注意安全后门在打开
2017-12-20 15:45:51,744 - 注意安全前门在打开
2017-12-20 15:45:52,325 - 注意安全后门在打开
2017-12-20 15:45:52,394 - 注意安全前门在打开
2017-12-20 15:45:53,044 - 注意安全后门在打开
2017-12-20 15:45:53,134 - 注意安全前门在打开
2017-12-20 15:45:53,664 - timed out
2017-12-20 15:45:53,775 - 注意安全后门在打开
2017-12-20 15:45:53,865 - 注意安全前门在打开
2017-12-20 15:45:54,524 - 注意安全后门在打开
2017-12-20 15:45:54,605 - 注意安全前门在打开
2017-12-20 15:45:55,235 - 注意安全后门在打开
2017-12-20 15:45:55,264 - 注意安全前门在打开
2017-12-20 15:45:55,674 - timed out
2017-12-20 15:45:55,835 - 注意安全后门在打开
2017-12-20 15:45:55,835 - 注意安全前门在打开
2017-12-20 15:45:56,444 - 注意安全后门在打开
2017-12-20 15:45:56,464 - 注意安全前门在打开
2017-12-20 15:45:57,055 - 注意安全后门在打开
2017-12-20 15:45:57,064 - 注意安全前门在打开
2017-12-20 15:45:57,634 - 注意安全后门在打开
2017-12-20 15:45:57,644 - 注意安全前门在打开
2017-12-20 15:45:57,674 - timed out
2017-12-20 15:45:58,195 - 注意安全后门在打开
2017-12-20 15:45:58,215 - 注意安全前门在打开
2017-12-20 15:45:58,815 - 注意安全后门在打开
2017-12-20 15:45:58,865 - 注意安全前门在打开
2017-12-20 15:45:59,444 - 注意安全后门在打开
2017-12-20 15:45:59,484 - 注意安全前门在打开
2017-12-20 15:45:59,684 - timed out
2017-12-20 15:46:00,075 - 注意安全后门在打开
2017-12-20 15:46:00,115 - 注意安全前门在打开
2017-12-20 15:46:00,654 - 注意安全后门在打开
2017-12-20 15:46:00,654 - 注意安全前门在打开
2017-12-20 15:46:01,164 - 注意安全后门在打开
2017-12-20 15:46:01,184 - 注意安全前门在打开
2017-12-20 15:46:01,674 - 注意安全后门在打开
2017-12-20 15:46:01,695 - timed out
2017-12-20 15:46:01,704 - 注意安全前门在打开
2017-12-20 15:46:02,365 - 注意安全后门在打开
2017-12-20 15:46:02,375 - 注意安全前门在打开
2017-12-20 15:46:02,935 - 注意安全后门在打开
2017-12-20 15:46:02,975 - 注意安全前门在打开
2017-12-20 15:46:03,615 - 注意安全后门在打开
2017-12-20 15:46:03,704 - timed out
2017-12-20 15:46:03,724 - 注意安全前门在打开
2017-12-20 15:46:04,355 - 注意安全后门在打开
2017-12-20 15:46:04,384 - 注意安全前门在打开
2017-12-20 15:46:04,975 - 注意安全后门在打开
2017-12-20 15:46:05,004 - 注意安全前门在打开
2017-12-20 15:46:05,575 - 注意安全后门在打开
2017-12-20 15:46:05,595 - 注意安全前门在打开
2017-12-20 15:46:05,715 - timed out
2017-12-20 15:46:06,184 - 注意安全后门在打开
2017-12-20 15:46:06,264 - 注意安全前门在打开
2017-12-20 15:46:06,894 - 注意安全后门在打开
2017-12-20 15:46:06,984 - 注意安全前门在打开
2017-12-20 15:46:07,605 - 注意安全后门在打开
2017-12-20 15:46:07,704 - 注意安全前门在打开
2017-12-20 15:46:07,715 - timed out
2017-12-20 15:46:08,335 - 注意安全后门在打开
2017-12-20 15:46:08,355 - 注意安全前门在打开
2017-12-20 15:46:08,995 - 注意安全后门在打开
2017-12-20 15:46:09,024 - 注意安全前门在打开
2017-12-20 15:46:09,605 - 注意安全后门在打开
2017-12-20 15:46:09,615 - 注意安全前门在打开
2017-12-20 15:46:09,735 - timed out
2017-12-20 15:46:10,215 - 注意安全后门在打开
2017-12-20 15:46:10,224 - 注意安全前门在打开
2017-12-20 15:46:10,845 - 注意安全后门在打开
2017-12-20 15:46:10,855 - 注意安全前门在打开
2017-12-20 15:46:11,455 - 注意安全后门在打开
2017-12-20 15:46:11,464 - 注意安全前门在打开
2017-12-20 15:46:11,755 - timed out
2017-12-20 15:46:12,055 - 注意安全后门在打开
2017-12-20 15:46:12,075 - 注意安全前门在打开
2017-12-20 15:46:12,625 - 注意安全后门在打开
2017-12-20 15:46:12,664 - 注意安全前门在打开
2017-12-20 15:46:13,244 - 注意安全后门在打开
2017-12-20 15:46:13,295 - 注意安全前门在打开
2017-12-20 15:46:13,784 - timed out
2017-12-20 15:46:13,845 - 注意安全后门在打开
2017-12-20 15:46:13,884 - 注意安全前门在打开
2017-12-20 15:46:14,495 - 注意安全后门在打开
2017-12-20 15:46:14,535 - 注意安全前门在打开
2017-12-20 15:46:15,105 - 注意安全后门在打开
2017-12-20 15:46:15,125 - 注意安全前门在打开
2017-12-20 15:46:15,715 - 注意安全后门在打开
2017-12-20 15:46:15,724 - 注意安全前门在打开
2017-12-20 15:46:15,784 - timed out
2017-12-20 15:46:16,295 - 注意安全后门在打开
2017-12-20 15:46:16,304 - 注意安全前门在打开
2017-12-20 15:46:16,795 - 注意安全后门在打开
2017-12-20 15:46:16,845 - 注意安全前门在打开
2017-12-20 15:46:17,335 - 注意安全后门在打开
2017-12-20 15:46:17,375 - 注意安全前门在打开
2017-12-20 15:46:17,424 - 安全光栅被遮住
2017-12-20 15:46:17,795 - timed out
2017-12-20 15:46:17,995 - 注意安全后门在打开
2017-12-20 15:46:18,024 - 注意安全前门在打开
2017-12-20 15:46:18,064 - 安全光栅被遮住
2017-12-20 15:46:18,615 - 注意安全后门在打开
2017-12-20 15:46:18,625 - 注意安全前门在打开
2017-12-20 15:46:18,625 - 安全光栅被遮住
2017-12-20 15:46:19,164 - 注意安全后门在打开
2017-12-20 15:46:19,164 - 注意安全前门在打开
2017-12-20 15:46:19,195 - 安全光栅被遮住
2017-12-20 15:46:19,764 - 注意安全后门在打开
2017-12-20 15:46:19,784 - 注意安全前门在打开
2017-12-20 15:46:19,784 - 安全光栅被遮住
2017-12-20 15:46:19,795 - timed out
2017-12-20 15:46:20,325 - 注意安全后门在打开
2017-12-20 15:46:20,335 - 注意安全前门在打开
2017-12-20 15:46:20,335 - 安全光栅被遮住
2017-12-20 15:46:20,935 - 注意安全后门在打开
2017-12-20 15:46:20,984 - 注意安全前门在打开
2017-12-20 15:46:21,075 - 安全光栅被遮住
2017-12-20 15:46:21,704 - 注意安全后门在打开
2017-12-20 15:46:21,724 - 注意安全前门在打开
2017-12-20 15:46:21,724 - 安全光栅被遮住
2017-12-20 15:46:21,804 - timed out
2017-12-20 15:46:22,404 - 注意安全后门在打开
2017-12-20 15:46:22,424 - 注意安全前门在打开
2017-12-20 15:46:22,424 - 安全光栅被遮住
2017-12-20 15:46:23,085 - 注意安全后门在打开
2017-12-20 15:46:23,144 - 注意安全前门在打开
2017-12-20 15:46:23,195 - 安全光栅被遮住
2017-12-20 15:46:23,804 - timed out
2017-12-20 15:46:23,825 - 注意安全后门在打开
2017-12-20 15:46:23,894 - 注意安全前门在打开
2017-12-20 15:46:23,904 - 安全光栅被遮住
2017-12-20 15:46:24,535 - 注意安全后门在打开
2017-12-20 15:46:24,585 - 注意安全前门在打开
2017-12-20 15:46:24,634 - 安全光栅被遮住
2017-12-20 15:46:25,464 - 注意安全后门在打开
2017-12-20 15:46:25,475 - 注意安全前门在打开
2017-12-20 15:46:25,475 - 安全光栅被遮住
2017-12-20 15:46:25,815 - timed out
2017-12-20 15:46:26,055 - 注意安全后门在打开
2017-12-20 15:46:26,064 - 注意安全前门在打开
2017-12-20 15:46:26,064 - 安全光栅被遮住
2017-12-20 15:46:26,595 - 注意安全后门在打开
2017-12-20 15:46:26,625 - 注意安全前门在打开
2017-12-20 15:46:26,625 - 安全光栅被遮住
2017-12-20 15:46:27,164 - 注意安全后门在打开
2017-12-20 15:46:27,224 - 注意安全前门在打开
2017-12-20 15:46:27,255 - 安全光栅被遮住
2017-12-20 15:46:27,825 - timed out
2017-12-20 15:46:27,845 - 注意安全后门在打开
2017-12-20 15:46:27,924 - 注意安全前门在打开
2017-12-20 15:46:27,975 - 安全光栅被遮住
2017-12-20 15:46:28,625 - 注意安全后门在打开
2017-12-20 15:46:28,715 - 注意安全前门在打开
2017-12-20 15:46:28,784 - 安全光栅被遮住
2017-12-20 15:46:29,414 - 注意安全后门在打开
2017-12-20 15:46:29,484 - 注意安全前门在打开
2017-12-20 15:46:29,515 - 安全光栅被遮住
2017-12-20 15:46:29,904 - timed out
2017-12-20 15:46:30,204 - 注意安全后门在打开
2017-12-20 15:46:30,304 - 注意安全前门在打开
2017-12-20 15:46:30,345 - 安全光栅被遮住
2017-12-20 15:46:30,964 - 注意安全后门在打开
2017-12-20 15:46:30,975 - 注意安全前门在打开
2017-12-20 15:46:30,975 - 安全光栅被遮住
2017-12-20 15:46:31,535 - 注意安全后门在打开
2017-12-20 15:46:31,544 - 注意安全前门在打开
2017-12-20 15:46:31,544 - 安全光栅被遮住
2017-12-20 15:46:31,914 - timed out
2017-12-20 15:46:32,144 - 注意安全后门在打开
2017-12-20 15:46:32,144 - 注意安全前门在打开
2017-12-20 15:46:32,144 - 安全光栅被遮住
2017-12-20 15:46:32,724 - 注意安全后门在打开
2017-12-20 15:46:32,724 - 注意安全前门在打开
2017-12-20 15:46:32,724 - 安全光栅被遮住
2017-12-20 15:46:33,335 - 注意安全后门在打开
2017-12-20 15:46:33,384 - 注意安全前门在打开
2017-12-20 15:46:33,464 - 安全光栅被遮住
2017-12-20 15:46:33,944 - timed out
2017-12-20 15:46:34,105 - 注意安全后门在打开
2017-12-20 15:46:34,144 - 注意安全前门在打开
2017-12-20 15:46:34,164 - 安全光栅被遮住
2017-12-20 15:46:34,695 - 注意安全后门在打开
2017-12-20 15:46:34,764 - 注意安全前门在打开
2017-12-20 15:46:34,795 - 安全光栅被遮住
2017-12-20 15:46:35,315 - 注意安全后门在打开
2017-12-20 15:46:35,315 - 注意安全前门在打开
2017-12-20 15:46:35,315 - 安全光栅被遮住
2017-12-20 15:46:35,914 - 注意安全后门在打开
2017-12-20 15:46:35,944 - timed out
2017-12-20 15:46:35,984 - 注意安全前门在打开
2017-12-20 15:46:36,064 - 安全光栅被遮住
2017-12-20 15:46:36,704 - 注意安全后门在打开
2017-12-20 15:46:36,755 - 注意安全前门在打开
2017-12-20 15:46:36,775 - 安全光栅被遮住
2017-12-20 15:46:37,315 - 注意安全后门在打开
2017-12-20 15:46:37,335 - 注意安全前门在打开
2017-12-20 15:46:37,335 - 安全光栅被遮住
2017-12-20 15:46:37,855 - 注意安全后门在打开
2017-12-20 15:46:37,875 - 注意安全前门在打开
2017-12-20 15:46:37,875 - 安全光栅被遮住
2017-12-20 15:46:37,964 - timed out
2017-12-20 15:46:38,444 - 注意安全后门在打开
2017-12-20 15:46:38,484 - 注意安全前门在打开
2017-12-20 15:46:38,484 - 安全光栅被遮住
2017-12-20 15:46:38,975 - 注意安全后门在打开
2017-12-20 15:46:38,984 - 注意安全前门在打开
2017-12-20 15:46:38,984 - 安全光栅被遮住
2017-12-20 15:46:39,535 - 注意安全后门在打开
2017-12-20 15:46:39,564 - 注意安全前门在打开
2017-12-20 15:46:39,595 - 安全光栅被遮住
2017-12-20 15:46:39,975 - timed out
2017-12-20 15:46:40,144 - 安全光栅被遮住
2017-12-20 15:46:40,615 - 安全光栅被遮住
2017-12-20 15:46:41,154 - 安全光栅被遮住
2017-12-20 15:46:41,654 - 安全光栅被遮住
2017-12-20 15:46:41,995 - timed out
2017-12-20 15:46:42,215 - 安全光栅被遮住
2017-12-20 15:46:44,004 - timed out
2017-12-20 15:46:46,035 - timed out
2017-12-20 15:46:48,055 - timed out
2017-12-20 15:46:50,064 - timed out
2017-12-20 15:46:52,095 - timed out
2017-12-20 15:46:54,115 - timed out
2017-12-20 15:46:56,134 - timed out
2017-12-20 15:46:58,174 - timed out
2017-12-20 15:47:00,174 - timed out
2017-12-20 15:47:02,195 - timed out
2017-12-20 15:47:04,215 - timed out
2017-12-20 15:47:06,235 - timed out
2017-12-20 15:47:08,235 - timed out
2017-12-20 15:47:10,244 - timed out
2017-12-20 15:47:12,244 - timed out
2017-12-20 15:47:14,264 - timed out
2017-12-20 15:47:16,295 - timed out
2017-12-20 15:47:18,295 - timed out
2017-12-20 15:47:20,295 - timed out
2017-12-20 15:47:22,315 - timed out
2017-12-20 15:47:24,345 - timed out
2017-12-20 15:47:26,345 - timed out
2017-12-20 15:47:28,345 - timed out
2017-12-20 15:47:30,355 - timed out
2017-12-20 15:47:32,365 - timed out
2017-12-20 15:47:34,394 - timed out
2017-12-20 15:47:36,435 - timed out
2017-12-20 15:47:38,435 - timed out
2017-12-20 15:47:40,435 - timed out
2017-12-20 15:47:42,455 - timed out
2017-12-20 15:47:44,464 - timed out
2017-12-20 15:47:46,464 - timed out
2017-12-20 15:47:48,475 - timed out
2017-12-20 15:47:50,475 - timed out
2017-12-20 15:47:52,484 - timed out
2017-12-20 15:47:54,524 - timed out
2017-12-20 15:47:56,535 - timed out
2017-12-20 15:47:58,404 - 安全光栅被遮住
2017-12-20 15:47:58,544 - timed out
2017-12-20 15:47:58,944 - 安全光栅被遮住
2017-12-20 15:47:59,644 - 安全光栅被遮住
2017-12-20 15:48:00,235 - 安全光栅被遮住
2017-12-20 15:48:00,564 - timed out
2017-12-20 15:48:00,784 - 安全光栅被遮住
2017-12-20 15:48:01,345 - 安全光栅被遮住
2017-12-20 15:48:02,004 - 安全光栅被遮住
2017-12-20 15:48:02,515 - 安全光栅被遮住
2017-12-20 15:48:02,564 - timed out
2017-12-20 15:48:03,125 - 安全光栅被遮住
2017-12-20 15:48:03,784 - 安全光栅被遮住
2017-12-20 15:48:04,365 - 安全光栅被遮住
2017-12-20 15:48:04,575 - timed out
2017-12-20 15:48:04,964 - 安全光栅被遮住
2017-12-20 15:48:05,605 - 安全光栅被遮住
2017-12-20 15:48:06,184 - 安全光栅被遮住
2017-12-20 15:48:06,605 - timed out
2017-12-20 15:48:06,784 - 安全光栅被遮住
2017-12-20 15:48:07,345 - 安全光栅被遮住
2017-12-20 15:48:07,975 - 安全光栅被遮住
2017-12-20 15:48:08,524 - 安全光栅被遮住
2017-12-20 15:48:08,625 - timed out
2017-12-20 15:48:09,115 - 安全光栅被遮住
2017-12-20 15:48:09,625 - 安全光栅被遮住
2017-12-20 15:48:10,455 - 安全光栅被遮住
2017-12-20 15:48:10,644 - timed out
2017-12-20 15:48:11,064 - 安全光栅被遮住
2017-12-20 15:48:11,684 - 安全光栅被遮住
2017-12-20 15:48:12,284 - 安全光栅被遮住
2017-12-20 15:48:12,664 - timed out
2017-12-20 15:48:12,875 - 安全光栅被遮住
2017-12-20 15:48:13,555 - 安全光栅被遮住
2017-12-20 15:48:14,115 - 安全光栅被遮住
2017-12-20 15:48:14,684 - timed out
2017-12-20 15:48:14,804 - 安全光栅被遮住
2017-12-20 15:48:15,375 - 安全光栅被遮住
2017-12-20 15:48:15,884 - 安全光栅被遮住
2017-12-20 15:48:16,404 - 安全光栅被遮住
2017-12-20 15:48:16,704 - timed out
2017-12-20 15:48:16,964 - 安全光栅被遮住
2017-12-20 15:48:17,495 - 安全光栅被遮住
2017-12-20 15:48:18,125 - 安全光栅被遮住
2017-12-20 15:48:18,704 - timed out
2017-12-20 15:48:18,724 - 安全光栅被遮住
2017-12-20 15:48:19,255 - 安全光栅被遮住
2017-12-20 15:48:19,935 - 安全光栅被遮住
2017-12-20 15:48:20,715 - timed out
2017-12-20 15:48:20,724 - 安全光栅被遮住
2017-12-20 15:48:21,375 - 安全光栅被遮住
2017-12-20 15:48:21,964 - 安全光栅被遮住
2017-12-20 15:48:22,654 - 安全光栅被遮住
2017-12-20 15:48:22,715 - timed out
2017-12-20 15:48:23,244 - 安全光栅被遮住
2017-12-20 15:48:23,815 - 安全光栅被遮住
2017-12-20 15:48:24,484 - 安全光栅被遮住
2017-12-20 15:48:24,735 - timed out
2017-12-20 15:48:25,105 - 安全光栅被遮住
2017-12-20 15:48:25,784 - 安全光栅被遮住
2017-12-20 15:48:26,495 - 安全光栅被遮住
2017-12-20 15:48:26,775 - timed out
2017-12-20 15:48:27,035 - 安全光栅被遮住
2017-12-20 15:48:27,924 - 安全光栅被遮住
2017-12-20 15:48:28,775 - timed out
2017-12-20 15:48:28,904 - 安全光栅被遮住
2017-12-20 15:48:29,735 - 安全光栅被遮住
2017-12-20 15:48:30,455 - 安全光栅被遮住
2017-12-20 15:48:30,795 - timed out
2017-12-20 15:48:30,995 - 安全光栅被遮住
2017-12-20 15:48:31,615 - 安全光栅被遮住
2017-12-20 15:48:32,204 - 安全光栅被遮住
2017-12-20 15:48:32,784 - 安全光栅被遮住
2017-12-20 15:48:32,825 - timed out
2017-12-20 15:48:33,315 - 安全光栅被遮住
2017-12-20 15:48:33,855 - 安全光栅被遮住
2017-12-20 15:48:34,455 - 安全光栅被遮住
2017-12-20 15:48:34,835 - timed out
2017-12-20 15:48:34,975 - 安全光栅被遮住
2017-12-20 15:48:35,564 - 安全光栅被遮住
2017-12-20 15:48:36,144 - 安全光栅被遮住
2017-12-20 15:48:36,674 - 安全光栅被遮住
2017-12-20 15:48:36,835 - timed out
2017-12-20 15:48:37,304 - 安全光栅被遮住
2017-12-20 15:48:37,975 - 安全光栅被遮住
2017-12-20 15:48:38,484 - 安全光栅被遮住
2017-12-20 15:48:38,855 - timed out
2017-12-20 15:48:39,295 - 安全光栅被遮住
2017-12-20 15:48:40,144 - 安全光栅被遮住
2017-12-20 15:48:40,775 - 安全光栅被遮住
2017-12-20 15:48:40,855 - timed out
2017-12-20 15:48:41,304 - 安全光栅被遮住
2017-12-20 15:48:41,795 - 安全光栅被遮住
2017-12-20 15:48:42,404 - 安全光栅被遮住
2017-12-20 15:48:42,875 - timed out
2017-12-20 15:48:42,914 - 安全光栅被遮住
2017-12-20 15:48:43,404 - 安全光栅被遮住
2017-12-20 15:48:43,884 - 安全光栅被遮住
2017-12-20 15:48:44,484 - 安全光栅被遮住
2017-12-20 15:48:44,884 - timed out
2017-12-20 15:48:45,015 - 安全光栅被遮住
2017-12-20 15:48:45,555 - 安全光栅被遮住
2017-12-20 15:48:46,125 - 安全光栅被遮住
2017-12-20 15:48:46,744 - 安全光栅被遮住
2017-12-20 15:48:46,894 - timed out
2017-12-20 15:48:47,304 - 安全光栅被遮住
2017-12-20 15:48:47,875 - 安全光栅被遮住
2017-12-20 15:48:48,435 - 安全光栅被遮住
2017-12-20 15:48:48,894 - timed out
2017-12-20 15:48:48,914 - 安全光栅被遮住
2017-12-20 15:48:49,404 - 安全光栅被遮住
2017-12-20 15:48:49,964 - 安全光栅被遮住
2017-12-20 15:48:50,555 - 安全光栅被遮住
2017-12-20 15:48:50,894 - timed out
2017-12-20 15:48:51,075 - 安全光栅被遮住
2017-12-20 15:48:51,654 - 安全光栅被遮住
2017-12-20 15:48:52,164 - 安全光栅被遮住
2017-12-20 15:48:52,784 - 安全光栅被遮住
2017-12-20 15:48:52,904 - timed out
2017-12-20 15:48:53,355 - 安全光栅被遮住
2017-12-20 15:48:53,914 - 安全光栅被遮住
2017-12-20 15:48:54,414 - 安全光栅被遮住
2017-12-20 15:48:54,904 - 安全光栅被遮住
2017-12-20 15:48:54,904 - timed out
2017-12-20 15:48:55,435 - 安全光栅被遮住
2017-12-20 15:48:55,964 - 安全光栅被遮住
2017-12-20 15:48:56,464 - 安全光栅被遮住
2017-12-20 15:48:56,914 - timed out
2017-12-20 15:48:56,935 - 安全光栅被遮住
2017-12-20 15:48:57,475 - 安全光栅被遮住
2017-12-20 15:48:58,055 - 安全光栅被遮住
2017-12-20 15:48:58,605 - 安全光栅被遮住
2017-12-20 15:48:58,935 - timed out
2017-12-20 15:48:59,075 - 安全光栅被遮住
2017-12-20 15:48:59,684 - 安全光栅被遮住
2017-12-20 15:49:00,215 - 安全光栅被遮住
2017-12-20 15:49:00,744 - 安全光栅被遮住
2017-12-20 15:49:00,935 - timed out
2017-12-20 15:49:01,275 - 安全光栅被遮住
2017-12-20 15:49:01,784 - 安全光栅被遮住
2017-12-20 15:49:02,355 - 安全光栅被遮住
2017-12-20 15:49:02,865 - 安全光栅被遮住
2017-12-20 15:49:02,955 - timed out
2017-12-20 15:49:03,384 - 安全光栅被遮住
2017-12-20 15:49:03,865 - 安全光栅被遮住
2017-12-20 15:49:04,384 - 安全光栅被遮住
2017-12-20 15:49:04,964 - timed out
2017-12-20 15:49:05,085 - 安全光栅被遮住
2017-12-20 15:49:05,775 - 安全光栅被遮住
2017-12-20 15:49:06,304 - 安全光栅被遮住
2017-12-20 15:49:06,944 - 安全光栅被遮住
2017-12-20 15:49:06,964 - timed out
2017-12-20 15:49:07,515 - 安全光栅被遮住
2017-12-20 15:49:08,134 - 安全光栅被遮住
2017-12-20 15:49:08,674 - 安全光栅被遮住
2017-12-20 15:49:08,984 - timed out
2017-12-20 15:49:09,224 - 安全光栅被遮住
2017-12-20 15:49:09,715 - 安全光栅被遮住
2017-12-20 15:49:10,264 - 安全光栅被遮住
2017-12-20 15:49:10,845 - 安全光栅被遮住
2017-12-20 15:49:10,995 - timed out
2017-12-20 15:49:11,404 - 安全光栅被遮住
2017-12-20 15:49:11,995 - 安全光栅被遮住
2017-12-20 15:49:12,615 - 安全光栅被遮住
2017-12-20 15:49:13,024 - timed out
2017-12-20 15:49:13,184 - 安全光栅被遮住
2017-12-20 15:49:13,865 - 安全光栅被遮住
2017-12-20 15:49:14,575 - 安全光栅被遮住
2017-12-20 15:49:15,024 - timed out
2017-12-20 15:49:15,325 - 安全光栅被遮住
2017-12-20 15:49:16,105 - 安全光栅被遮住
2017-12-20 15:49:16,615 - 安全光栅被遮住
2017-12-20 15:49:17,055 - timed out
2017-12-20 15:49:17,154 - 安全光栅被遮住
2017-12-20 15:49:17,855 - 安全光栅被遮住
2017-12-20 15:49:18,524 - 安全光栅被遮住
2017-12-20 15:49:19,055 - timed out
2017-12-20 15:49:19,184 - 安全光栅被遮住
2017-12-20 15:49:19,755 - 安全光栅被遮住
2017-12-20 15:49:20,325 - 安全光栅被遮住
2017-12-20 15:49:20,825 - 安全光栅被遮住
2017-12-20 15:49:21,064 - timed out
2017-12-20 15:49:21,404 - 安全光栅被遮住
2017-12-20 15:49:21,955 - 安全光栅被遮住
2017-12-20 15:49:22,524 - 安全光栅被遮住
2017-12-20 15:49:23,044 - 安全光栅被遮住
2017-12-20 15:49:23,064 - timed out
2017-12-20 15:49:23,575 - 安全光栅被遮住
2017-12-20 15:49:24,134 - 安全光栅被遮住
2017-12-20 15:49:24,744 - 安全光栅被遮住
2017-12-20 15:49:25,075 - timed out
2017-12-20 15:49:25,335 - 安全光栅被遮住
2017-12-20 15:49:25,894 - 安全光栅被遮住
2017-12-20 15:49:26,464 - 安全光栅被遮住
2017-12-20 15:49:27,004 - 安全光栅被遮住
2017-12-20 15:49:27,075 - timed out
2017-12-20 15:49:27,535 - 安全光栅被遮住
2017-12-20 15:49:28,125 - 安全光栅被遮住
2017-12-20 15:49:28,695 - 安全光栅被遮住
2017-12-20 15:49:29,085 - timed out
2017-12-20 15:49:29,295 - 安全光栅被遮住
2017-12-20 15:49:29,845 - 安全光栅被遮住
2017-12-20 15:49:30,404 - 安全光栅被遮住
2017-12-20 15:49:31,085 - timed out
2017-12-20 15:49:31,095 - 安全光栅被遮住
2017-12-20 15:49:31,775 - 安全光栅被遮住
2017-12-20 15:49:32,444 - 安全光栅被遮住
2017-12-20 15:49:33,095 - timed out
2017-12-20 15:49:33,154 - 安全光栅被遮住
2017-12-20 15:49:34,255 - 安全光栅被遮住
2017-12-20 15:49:34,894 - 安全光栅被遮住
2017-12-20 15:49:35,125 - timed out
2017-12-20 15:49:36,134 - 安全光栅被遮住
2017-12-20 15:49:36,755 - 安全光栅被遮住
2017-12-20 15:49:37,134 - timed out
2017-12-20 15:49:37,535 - 安全光栅被遮住
2017-12-20 15:49:38,345 - 安全光栅被遮住
2017-12-20 15:49:38,944 - 安全光栅被遮住
2017-12-20 15:49:39,134 - timed out
2017-12-20 15:49:39,724 - 安全光栅被遮住
2017-12-20 15:49:40,575 - 安全光栅被遮住
2017-12-20 15:49:41,134 - timed out
2017-12-20 15:49:41,164 - 安全光栅被遮住
2017-12-20 15:49:41,845 - 安全光栅被遮住
2017-12-20 15:49:42,515 - 安全光栅被遮住
2017-12-20 15:49:43,144 - timed out
2017-12-20 15:49:43,174 - 安全光栅被遮住
2017-12-20 15:49:43,835 - 安全光栅被遮住
2017-12-20 15:49:44,435 - 安全光栅被遮住
2017-12-20 15:49:45,015 - 安全光栅被遮住
2017-12-20 15:49:45,164 - timed out
2017-12-20 15:49:45,634 - 安全光栅被遮住
2017-12-20 15:49:46,195 - 安全光栅被遮住
2017-12-20 15:49:46,894 - 安全光栅被遮住
2017-12-20 15:49:47,195 - timed out
2017-12-20 15:49:47,475 - 安全光栅被遮住
2017-12-20 15:49:48,095 - 安全光栅被遮住
2017-12-20 15:49:48,704 - 安全光栅被遮住
2017-12-20 15:49:49,215 - timed out
2017-12-20 15:49:49,255 - 安全光栅被遮住
2017-12-20 15:49:49,835 - 安全光栅被遮住
2017-12-20 15:49:50,414 - 安全光栅被遮住
2017-12-20 15:49:51,044 - 安全光栅被遮住
2017-12-20 15:49:51,235 - timed out
2017-12-20 15:49:51,674 - 安全光栅被遮住
2017-12-20 15:49:52,244 - 安全光栅被遮住
2017-12-20 15:49:52,804 - 安全光栅被遮住
2017-12-20 15:49:53,244 - timed out
2017-12-20 15:49:53,384 - 安全光栅被遮住
2017-12-20 15:49:53,944 - 安全光栅被遮住
2017-12-20 15:49:54,495 - 安全光栅被遮住
2017-12-20 15:49:55,095 - 安全光栅被遮住
2017-12-20 15:49:55,264 - timed out
2017-12-20 15:49:55,644 - 安全光栅被遮住
2017-12-20 15:49:56,195 - 安全光栅被遮住
2017-12-20 15:49:56,764 - 安全光栅被遮住
2017-12-20 15:49:57,295 - timed out
2017-12-20 15:49:57,295 - 安全光栅被遮住
2017-12-20 15:49:57,884 - 安全光栅被遮住
2017-12-20 15:49:58,424 - 安全光栅被遮住
2017-12-20 15:49:58,975 - 安全光栅被遮住
2017-12-20 15:49:59,304 - timed out
2017-12-20 15:49:59,455 - 安全光栅被遮住
2017-12-20 15:50:00,004 - 安全光栅被遮住
2017-12-20 15:50:00,555 - 安全光栅被遮住
2017-12-20 15:50:01,154 - 安全光栅被遮住
2017-12-20 15:50:01,345 - timed out
2017-12-20 15:50:01,744 - 安全光栅被遮住
2017-12-20 15:50:02,345 - 安全光栅被遮住
2017-12-20 15:50:02,894 - 安全光栅被遮住
2017-12-20 15:50:03,355 - timed out
2017-12-20 15:50:03,394 - 安全光栅被遮住
2017-12-20 15:50:03,894 - 安全光栅被遮住
2017-12-20 15:50:04,384 - 安全光栅被遮住
2017-12-20 15:50:04,935 - 安全光栅被遮住
2017-12-20 15:50:05,365 - timed out
2017-12-20 15:50:05,435 - 安全光栅被遮住
2017-12-20 15:50:05,975 - 安全光栅被遮住
2017-12-20 15:50:06,535 - 安全光栅被遮住
2017-12-20 15:50:07,004 - 安全光栅被遮住
2017-12-20 15:50:07,394 - timed out
2017-12-20 15:50:07,504 - 安全光栅被遮住
2017-12-20 15:50:08,035 - 安全光栅被遮住
2017-12-20 15:50:08,585 - 安全光栅被遮住
2017-12-20 15:50:09,195 - 安全光栅被遮住
2017-12-20 15:50:09,404 - timed out
2017-12-20 15:50:09,715 - 安全光栅被遮住
2017-12-20 15:50:10,235 - 安全光栅被遮住
2017-12-20 15:50:10,825 - 安全光栅被遮住
2017-12-20 15:50:11,365 - 安全光栅被遮住
2017-12-20 15:50:11,414 - timed out
2017-12-20 15:50:11,855 - 安全光栅被遮住
2017-12-20 15:50:12,384 - 安全光栅被遮住
2017-12-20 15:50:12,944 - 安全光栅被遮住
2017-12-20 15:50:13,424 - timed out
2017-12-20 15:50:13,484 - 安全光栅被遮住
2017-12-20 15:50:13,975 - 安全光栅被遮住
2017-12-20 15:50:14,564 - 安全光栅被遮住
2017-12-20 15:50:15,024 - 安全光栅被遮住
2017-12-20 15:50:15,424 - timed out
2017-12-20 15:50:15,495 - 安全光栅被遮住
2017-12-20 15:50:16,035 - 安全光栅被遮住
2017-12-20 15:50:16,634 - 安全光栅被遮住
2017-12-20 15:50:17,174 - 安全光栅被遮住
2017-12-20 15:50:17,464 - timed out
2017-12-20 15:50:17,845 - 安全光栅被遮住
2017-12-20 15:50:18,375 - 安全光栅被遮住
2017-12-20 15:50:18,955 - 安全光栅被遮住
2017-12-20 15:50:19,464 - timed out
2017-12-20 15:50:19,495 - 安全光栅被遮住
2017-12-20 15:50:20,064 - 安全光栅被遮住
2017-12-20 15:50:20,605 - 安全光栅被遮住
2017-12-20 15:50:21,134 - 安全光栅被遮住
2017-12-20 15:50:21,475 - timed out
2017-12-20 15:50:21,715 - 安全光栅被遮住
2017-12-20 15:50:22,355 - 安全光栅被遮住
2017-12-20 15:50:22,935 - 安全光栅被遮住
2017-12-20 15:50:23,475 - timed out
2017-12-20 15:50:23,484 - 安全光栅被遮住
2017-12-20 15:50:24,035 - 安全光栅被遮住
2017-12-20 15:50:24,634 - 安全光栅被遮住
2017-12-20 15:50:25,174 - 安全光栅被遮住
2017-12-20 15:50:25,495 - timed out
2017-12-20 15:50:25,744 - 安全光栅被遮住
2017-12-20 15:50:26,284 - 安全光栅被遮住
2017-12-20 15:50:26,904 - 安全光栅被遮住
2017-12-20 15:50:27,495 - timed out
2017-12-20 15:50:27,535 - 安全光栅被遮住
2017-12-20 15:50:28,095 - 安全光栅被遮住
2017-12-20 15:50:28,664 - 安全光栅被遮住
2017-12-20 15:50:29,224 - 安全光栅被遮住
2017-12-20 15:50:29,515 - timed out
2017-12-20 15:50:29,784 - 安全光栅被遮住
2017-12-20 15:50:30,414 - 安全光栅被遮住
2017-12-20 15:50:30,975 - 安全光栅被遮住
2017-12-20 15:50:31,544 - timed out
2017-12-20 15:50:31,544 - 安全光栅被遮住
2017-12-20 15:50:32,075 - 安全光栅被遮住
2017-12-20 15:50:32,585 - 安全光栅被遮住
2017-12-20 15:50:33,125 - 安全光栅被遮住
2017-12-20 15:50:33,544 - timed out
2017-12-20 15:50:33,755 - 安全光栅被遮住
2017-12-20 15:50:34,384 - 安全光栅被遮住
2017-12-20 15:50:35,055 - 安全光栅被遮住
2017-12-20 15:50:35,544 - 安全光栅被遮住
2017-12-20 15:50:35,555 - timed out
2017-12-20 15:50:36,085 - 安全光栅被遮住
2017-12-20 15:50:36,595 - 安全光栅被遮住
2017-12-20 15:50:37,144 - 安全光栅被遮住
2017-12-20 15:50:37,564 - timed out
2017-12-20 15:50:37,724 - 安全光栅被遮住
2017-12-20 15:50:38,375 - 安全光栅被遮住
2017-12-20 15:50:38,935 - 安全光栅被遮住
2017-12-20 15:50:39,414 - 安全光栅被遮住
2017-12-20 15:50:39,575 - timed out
2017-12-20 15:50:39,955 - 安全光栅被遮住
2017-12-20 15:50:40,524 - 安全光栅被遮住
2017-12-20 15:50:41,024 - 安全光栅被遮住
2017-12-20 15:50:41,585 - timed out
2017-12-20 15:50:41,615 - 安全光栅被遮住
2017-12-20 15:50:48,184 - 安全光栅被遮住
2017-12-20 15:50:49,055 - 安全光栅被遮住
2017-12-20 15:50:50,654 - 安全光栅被遮住
2017-12-20 15:51:14,585 - 安全光栅被遮住
2017-12-20 15:51:25,804 - 安全光栅被遮住
2017-12-20 15:51:55,105 - 安全光栅被遮住
2017-12-20 15:51:55,644 - 安全光栅被遮住
2017-12-20 15:51:56,204 - 安全光栅被遮住
2017-12-20 15:51:56,715 - 安全光栅被遮住
2017-12-20 15:51:57,224 - 安全光栅被遮住
2017-12-20 15:51:57,784 - 安全光栅被遮住
2017-12-20 15:52:33,484 - 安全光栅被遮住
2017-12-20 15:52:34,044 - 安全光栅被遮住
2017-12-20 15:52:38,134 - 注意安全后门在打开
2017-12-20 15:52:38,134 - 注意安全前门在打开
2017-12-20 15:52:38,134 - 急停被按下
2017-12-20 15:52:38,684 - 注意安全后门在打开
2017-12-20 15:52:38,755 - 注意安全前门在打开
2017-12-20 15:52:38,795 - 急停被按下
2017-12-20 15:52:39,384 - 注意安全后门在打开
2017-12-20 15:52:39,404 - 注意安全前门在打开
2017-12-20 15:52:39,955 - 注意安全后门在打开
2017-12-20 15:52:39,995 - 注意安全前门在打开
2017-12-20 15:52:40,575 - 注意安全后门在打开
2017-12-20 15:52:40,575 - 注意安全前门在打开
2017-12-20 15:52:41,075 - 注意安全后门在打开
2017-12-20 15:52:41,134 - 注意安全前门在打开
2017-12-20 15:52:41,634 - 注意安全后门在打开
2017-12-20 15:52:41,684 - 注意安全前门在打开
2017-12-20 15:52:42,224 - 注意安全后门在打开
2017-12-20 15:52:42,304 - 注意安全前门在打开
2017-12-20 15:52:42,835 - 注意安全后门在打开
2017-12-20 15:52:42,835 - 注意安全前门在打开
2017-12-20 15:52:43,404 - 注意安全后门在打开
2017-12-20 15:52:43,444 - 注意安全前门在打开
2017-12-20 15:52:43,975 - 注意安全后门在打开
2017-12-20 15:52:44,044 - 注意安全前门在打开
2017-12-20 15:52:44,585 - 注意安全后门在打开
2017-12-20 15:52:44,605 - 注意安全前门在打开
2017-12-20 15:52:45,115 - 注意安全后门在打开
2017-12-20 15:52:45,144 - 注意安全前门在打开
2017-12-20 15:52:45,924 - 注意安全后门在打开
2017-12-20 15:52:46,044 - 注意安全前门在打开
2017-12-20 15:53:19,944 - 安全光栅被遮住
2017-12-20 15:53:20,625 - 安全光栅被遮住
2017-12-20 15:53:21,535 - 安全光栅被遮住
2017-12-20 15:53:22,345 - 安全光栅被遮住
2017-12-20 15:53:23,125 - 安全光栅被遮住
2017-12-20 15:53:23,835 - 安全光栅被遮住
2017-12-20 15:55:35,004 - 安全光栅被遮住
2017-12-20 15:55:35,795 - 安全光栅被遮住
2017-12-20 15:55:36,544 - 安全光栅被遮住
2017-12-20 15:55:37,164 - 安全光栅被遮住
2017-12-20 15:55:37,904 - 安全光栅被遮住
2017-12-20 15:55:38,914 - 安全光栅被遮住
2017-12-20 15:55:39,704 - 安全光栅被遮住
2017-12-20 15:55:40,544 - 安全光栅被遮住
2017-12-20 15:55:41,335 - 安全光栅被遮住
2017-12-20 15:55:42,164 - 安全光栅被遮住
2017-12-20 15:55:43,095 - 安全光栅被遮住
2017-12-20 15:55:43,964 - 安全光栅被遮住
2017-12-20 15:55:45,035 - 安全光栅被遮住
2017-12-20 15:55:45,845 - 安全光栅被遮住
2017-12-20 15:55:46,575 - 安全光栅被遮住
2017-12-20 15:55:47,394 - 安全光栅被遮住
2017-12-20 15:55:48,375 - 安全光栅被遮住
2017-12-20 15:55:49,055 - 安全光栅被遮住
2017-12-20 15:55:49,825 - 安全光栅被遮住
2017-12-20 15:55:50,664 - 安全光栅被遮住
2017-12-20 15:55:51,384 - 安全光栅被遮住
2017-12-20 15:55:51,944 - 安全光栅被遮住
2017-12-20 15:55:52,575 - 安全光栅被遮住
2017-12-20 15:55:53,315 - 安全光栅被遮住
2017-12-20 15:55:53,884 - 安全光栅被遮住
2017-12-20 15:55:54,384 - 安全光栅被遮住
2017-12-20 15:55:54,944 - 安全光栅被遮住
2017-12-20 15:55:55,444 - 安全光栅被遮住
2017-12-20 15:55:55,984 - 安全光栅被遮住
2017-12-20 15:55:56,475 - 安全光栅被遮住
2017-12-20 15:55:59,355 - 安全光栅被遮住
2017-12-20 15:56:00,464 - 安全光栅被遮住
2017-12-20 15:56:00,955 - 安全光栅被遮住
2017-12-20 15:56:01,535 - 安全光栅被遮住
2017-12-20 15:56:02,085 - 安全光栅被遮住
2017-12-20 15:56:02,664 - 安全光栅被遮住
2017-12-20 15:56:03,174 - 安全光栅被遮住
2017-12-20 15:56:03,674 - 安全光栅被遮住
2017-12-20 15:56:04,275 - 安全光栅被遮住
2017-12-20 15:56:04,835 - 安全光栅被遮住
2017-12-20 15:56:05,365 - 安全光栅被遮住
2017-12-20 15:56:05,964 - 安全光栅被遮住
2017-12-20 15:56:06,555 - 安全光栅被遮住
2017-12-20 15:56:07,125 - 安全光栅被遮住
2017-12-20 15:56:07,674 - 安全光栅被遮住
2017-12-20 15:56:08,414 - 安全光栅被遮住
2017-12-20 15:56:09,555 - 安全光栅被遮住
2017-12-20 15:56:10,564 - 安全光栅被遮住
2017-12-20 15:56:11,264 - 安全光栅被遮住
2017-12-20 15:56:11,924 - 安全光栅被遮住
2017-12-20 15:56:12,535 - 安全光栅被遮住
2017-12-20 15:56:13,055 - 安全光栅被遮住
2017-12-20 15:56:13,585 - 安全光栅被遮住
2017-12-20 15:56:14,115 - 安全光栅被遮住
2017-12-20 15:56:14,605 - 安全光栅被遮住
2017-12-20 15:56:15,105 - 安全光栅被遮住
2017-12-20 15:56:15,634 - 安全光栅被遮住
2017-12-20 15:56:16,215 - 安全光栅被遮住
2017-12-20 15:56:17,105 - 安全光栅被遮住
2017-12-20 15:56:21,284 - 安全光栅被遮住
2017-12-20 15:56:21,884 - 安全光栅被遮住
2017-12-20 15:56:22,475 - 安全光栅被遮住
2017-12-20 15:56:27,095 - 安全光栅被遮住
2017-12-20 15:56:28,615 - 安全光栅被遮住
2017-12-20 15:56:29,125 - 安全光栅被遮住
2017-12-20 15:56:29,695 - 安全光栅被遮住
2017-12-20 15:56:30,184 - 安全光栅被遮住
2017-12-20 15:56:30,724 - 安全光栅被遮住
2017-12-20 15:56:31,224 - 安全光栅被遮住
2017-12-20 15:56:31,775 - 安全光栅被遮住
2017-12-20 15:56:32,365 - 安全光栅被遮住
2017-12-20 15:56:32,904 - 安全光栅被遮住
2017-12-20 15:56:33,924 - 安全光栅被遮住
2017-12-20 15:56:34,444 - 安全光栅被遮住
2017-12-20 15:56:34,995 - 安全光栅被遮住
2017-12-20 15:56:35,555 - 安全光栅被遮住
2017-12-20 15:56:39,735 - 安全光栅被遮住
2017-12-20 15:56:42,855 - 安全光栅被遮住
2017-12-20 15:56:43,444 - 安全光栅被遮住
2017-12-20 15:56:43,995 - 安全光栅被遮住
2017-12-20 15:56:44,535 - 安全光栅被遮住
2017-12-20 15:56:45,064 - 安全光栅被遮住
2017-12-20 15:56:45,585 - 安全光栅被遮住
2017-12-20 15:56:46,444 - 安全光栅被遮住
2017-12-20 15:56:47,284 - 安全光栅被遮住
2017-12-20 15:56:48,085 - 安全光栅被遮住
2017-12-20 15:56:48,904 - 安全光栅被遮住
2017-12-20 15:56:49,715 - 安全光栅被遮住
2017-12-20 15:56:50,634 - 安全光栅被遮住
2017-12-20 15:56:51,345 - 安全光栅被遮住
2017-12-20 15:56:52,195 - 安全光栅被遮住
2017-12-20 15:56:53,064 - 安全光栅被遮住
2017-12-20 15:56:54,795 - 安全光栅被遮住
2017-12-20 15:56:56,744 - 安全光栅被遮住
2017-12-20 15:56:57,835 - 安全光栅被遮住
2017-12-20 15:56:58,845 - 安全光栅被遮住
2017-12-20 15:56:59,625 - 安全光栅被遮住
2017-12-20 15:57:00,564 - 安全光栅被遮住
2017-12-20 15:57:01,504 - 安全光栅被遮住
2017-12-20 15:57:02,424 - 安全光栅被遮住
2017-12-20 15:58:56,815 - 安全光栅被遮住
2017-12-20 15:59:05,304 - 安全光栅被遮住
2017-12-20 15:59:06,784 - 安全光栅被遮住
2017-12-20 15:59:07,804 - 安全光栅被遮住
2017-12-20 15:59:27,055 - 安全光栅被遮住
2017-12-20 15:59:27,894 - 安全光栅被遮住
2017-12-20 15:59:28,595 - 安全光栅被遮住
2017-12-20 15:59:29,495 - 安全光栅被遮住
2017-12-20 15:59:30,325 - 安全光栅被遮住
2017-12-20 15:59:31,075 - 安全光栅被遮住
2017-12-20 15:59:32,625 - 安全光栅被遮住
2017-12-20 15:59:33,795 - 安全光栅被遮住
2017-12-20 15:59:35,105 - 安全光栅被遮住
2017-12-20 16:05:06,244 - 注意安全后门在打开
2017-12-20 16:05:06,335 - 注意安全前门在打开
2017-12-20 16:05:06,524 - 急停被按下
2017-12-20 16:05:07,414 - 注意安全后门在打开
2017-12-20 16:05:07,555 - 注意安全前门在打开
2017-12-20 16:05:07,644 - 急停被按下
2017-12-20 16:05:08,435 - 注意安全后门在打开
2017-12-20 16:05:08,515 - 注意安全前门在打开
2017-12-20 16:05:09,295 - 注意安全后门在打开
2017-12-20 16:05:09,455 - 注意安全前门在打开
2017-12-20 16:05:10,275 - 注意安全后门在打开
2017-12-20 16:05:10,404 - 注意安全前门在打开
2017-12-20 16:05:11,384 - 注意安全后门在打开
2017-12-20 16:05:11,585 - 注意安全前门在打开
2017-12-20 16:05:12,325 - 注意安全后门在打开
2017-12-20 16:05:12,475 - 注意安全前门在打开
2017-12-20 16:05:13,244 - 注意安全后门在打开
2017-12-20 16:05:13,284 - 注意安全前门在打开
2017-12-20 16:05:14,055 - 注意安全后门在打开
2017-12-20 16:05:14,134 - 注意安全前门在打开
2017-12-20 16:05:15,315 - 注意安全后门在打开
2017-12-20 16:05:15,845 - 注意安全前门在打开
2017-12-20 16:05:40,634 - dut in done
2017-12-20 16:05:40,695 - Start test
2017-12-20 16:05:40,755 - Thread1:Test item: pre_test
2017-12-20 16:05:40,764 - Thread1:pre_test result:[0.2, 'done']
2017-12-20 16:05:40,944 - dut in done
2017-12-20 16:05:41,004 - Start test
2017-12-20 16:05:41,095 - dut in done
2017-12-20 16:05:41,244 - Start test
2017-12-20 16:05:44,615 - unpack requires a bytes object of length 4
2017-12-20 16:06:14,064 - 注意安全后门在打开
2017-12-20 16:06:14,064 - 注意安全前门在打开
2017-12-20 16:06:14,164 - 注意安全后门在打开
2017-12-20 16:06:14,174 - 注意安全前门在打开
2017-12-20 16:06:14,244 - 注意安全后门在打开
2017-12-20 16:06:14,244 - 注意安全前门在打开
2017-12-20 16:06:14,384 - 注意安全后门在打开
2017-12-20 16:06:14,384 - 注意安全前门在打开
2017-12-20 16:06:14,455 - 注意安全后门在打开
2017-12-20 16:06:14,455 - 注意安全前门在打开
2017-12-20 16:06:14,535 - 注意安全后门在打开
2017-12-20 16:06:14,535 - 注意安全前门在打开
2017-12-20 16:06:14,615 - 注意安全后门在打开
2017-12-20 16:06:14,615 - 注意安全前门在打开
2017-12-20 16:06:14,735 - 注意安全后门在打开
2017-12-20 16:06:14,735 - 注意安全前门在打开
2017-12-20 16:06:14,835 - 注意安全后门在打开
2017-12-20 16:06:14,865 - 注意安全前门在打开
2017-12-20 16:06:14,955 - 注意安全后门在打开
2017-12-20 16:06:14,955 - 注意安全前门在打开
2017-12-20 16:06:15,035 - 注意安全后门在打开
2017-12-20 16:06:15,055 - 注意安全前门在打开
2017-12-20 16:06:15,154 - 注意安全后门在打开
2017-12-20 16:06:15,195 - 注意安全前门在打开
2017-12-20 16:06:15,315 - 注意安全后门在打开
2017-12-20 16:06:15,335 - 注意安全前门在打开
2017-12-20 16:06:15,424 - timed out
2017-12-20 16:06:15,444 - 注意安全后门在打开
2017-12-20 16:06:15,464 - 注意安全前门在打开
2017-12-20 16:06:15,605 - 注意安全后门在打开
2017-12-20 16:06:15,654 - 注意安全前门在打开
2017-12-20 16:06:15,735 - 注意安全后门在打开
2017-12-20 16:06:15,735 - Administrator login
2017-12-20 16:06:15,764 - 注意安全前门在打开
2017-12-20 16:06:15,855 - 注意安全后门在打开
2017-12-20 16:06:15,865 - 注意安全前门在打开
2017-12-20 16:06:15,964 - 注意安全后门在打开
2017-12-20 16:06:15,975 - 注意安全前门在打开
2017-12-20 16:06:16,035 - Initialize UI
2017-12-20 16:06:16,064 - 注意安全后门在打开
2017-12-20 16:06:16,085 - 注意安全前门在打开
2017-12-20 16:06:16,154 - 注意安全后门在打开
2017-12-20 16:06:16,174 - 注意安全前门在打开
2017-12-20 16:06:16,295 - 注意安全后门在打开
2017-12-20 16:06:16,315 - 注意安全前门在打开
2017-12-20 16:06:16,394 - 注意安全后门在打开
2017-12-20 16:06:16,394 - 注意安全前门在打开
2017-12-20 16:06:16,455 - 注意安全后门在打开
2017-12-20 16:06:16,455 - 注意安全前门在打开
2017-12-20 16:06:16,524 - 注意安全后门在打开
2017-12-20 16:06:16,524 - 注意安全前门在打开
2017-12-20 16:06:16,605 - 注意安全后门在打开
2017-12-20 16:06:16,605 - 注意安全前门在打开
2017-12-20 16:06:16,674 - 注意安全后门在打开
2017-12-20 16:06:16,674 - 注意安全前门在打开
2017-12-20 16:06:16,755 - 注意安全后门在打开
2017-12-20 16:06:16,755 - 注意安全前门在打开
2017-12-20 16:06:16,855 - 注意安全后门在打开
2017-12-20 16:06:16,884 - 注意安全前门在打开
2017-12-20 16:06:16,955 - 注意安全后门在打开
2017-12-20 16:06:16,955 - 注意安全前门在打开
2017-12-20 16:06:17,064 - 注意安全后门在打开
2017-12-20 16:06:17,075 - 注意安全前门在打开
2017-12-20 16:06:17,144 - 注意安全后门在打开
2017-12-20 16:06:17,144 - 注意安全前门在打开
2017-12-20 16:06:17,224 - 注意安全后门在打开
2017-12-20 16:06:17,224 - 注意安全前门在打开
2017-12-20 16:06:17,315 - 注意安全后门在打开
2017-12-20 16:06:17,325 - 注意安全前门在打开
2017-12-20 16:06:17,414 - 注意安全后门在打开
2017-12-20 16:06:17,414 - 注意安全前门在打开
2017-12-20 16:06:17,435 - timed out
2017-12-20 16:06:17,504 - 注意安全后门在打开
2017-12-20 16:06:17,515 - 注意安全前门在打开
2017-12-20 16:06:17,605 - 注意安全后门在打开
2017-12-20 16:06:17,625 - 注意安全前门在打开
2017-12-20 16:06:17,704 - 注意安全后门在打开
2017-12-20 16:06:17,704 - 注意安全前门在打开
2017-12-20 16:06:17,815 - 注意安全后门在打开
2017-12-20 16:06:17,845 - 注意安全前门在打开
2017-12-20 16:06:17,935 - 注意安全后门在打开
2017-12-20 16:06:17,935 - 注意安全前门在打开
2017-12-20 16:06:18,024 - 注意安全后门在打开
2017-12-20 16:06:18,044 - 注意安全前门在打开
2017-12-20 16:06:18,164 - 注意安全后门在打开
2017-12-20 16:06:18,184 - 注意安全前门在打开
2017-12-20 16:06:18,275 - 注意安全后门在打开
2017-12-20 16:06:18,275 - 注意安全前门在打开
2017-12-20 16:06:18,384 - 注意安全后门在打开
2017-12-20 16:06:18,394 - 注意安全前门在打开
2017-12-20 16:06:18,495 - 注意安全后门在打开
2017-12-20 16:06:18,495 - 注意安全前门在打开
2017-12-20 16:06:18,595 - Initialize sequence table
2017-12-20 16:06:18,605 - 注意安全后门在打开
2017-12-20 16:06:18,615 - 注意安全前门在打开
2017-12-20 16:06:18,674 - 注意安全后门在打开
2017-12-20 16:06:18,695 - 注意安全前门在打开
2017-12-20 16:06:18,775 - 注意安全后门在打开
2017-12-20 16:06:18,784 - 注意安全前门在打开
2017-12-20 16:06:18,875 - 注意安全后门在打开
2017-12-20 16:06:18,875 - 注意安全前门在打开
2017-12-20 16:06:18,964 - 注意安全后门在打开
2017-12-20 16:06:18,984 - 注意安全前门在打开
2017-12-20 16:06:19,064 - 注意安全后门在打开
2017-12-20 16:06:19,095 - 注意安全前门在打开
2017-12-20 16:06:19,164 - 注意安全后门在打开
2017-12-20 16:06:19,174 - 注意安全前门在打开
2017-12-20 16:06:19,244 - 注意安全后门在打开
2017-12-20 16:06:19,264 - 注意安全前门在打开
2017-12-20 16:06:19,345 - 注意安全后门在打开
2017-12-20 16:06:19,355 - 注意安全前门在打开
2017-12-20 16:06:19,435 - timed out
2017-12-20 16:06:19,444 - 注意安全后门在打开
2017-12-20 16:06:19,464 - 注意安全前门在打开
2017-12-20 16:06:19,524 - 注意安全后门在打开
2017-12-20 16:06:19,535 - 注意安全前门在打开
2017-12-20 16:06:19,605 - 注意安全后门在打开
2017-12-20 16:06:19,615 - 注意安全前门在打开
2017-12-20 16:06:19,684 - 注意安全后门在打开
2017-12-20 16:06:19,684 - 注意安全前门在打开
2017-12-20 16:06:19,775 - 注意安全后门在打开
2017-12-20 16:06:19,795 - 注意安全前门在打开
2017-12-20 16:06:19,875 - 注意安全后门在打开
2017-12-20 16:06:19,875 - 注意安全前门在打开
2017-12-20 16:06:19,955 - 注意安全后门在打开
2017-12-20 16:06:19,955 - 注意安全前门在打开
2017-12-20 16:06:20,044 - 注意安全后门在打开
2017-12-20 16:06:20,044 - 注意安全前门在打开
2017-12-20 16:06:20,125 - 注意安全后门在打开
2017-12-20 16:06:20,144 - 注意安全前门在打开
2017-12-20 16:06:20,224 - 注意安全后门在打开
2017-12-20 16:06:20,235 - 注意安全前门在打开
2017-12-20 16:06:20,335 - 注意安全后门在打开
2017-12-20 16:06:20,345 - 注意安全前门在打开
2017-12-20 16:06:20,435 - 注意安全后门在打开
2017-12-20 16:06:20,435 - 注意安全前门在打开
2017-12-20 16:06:20,544 - 注意安全后门在打开
2017-12-20 16:06:20,544 - 注意安全前门在打开
2017-12-20 16:06:20,644 - 注意安全后门在打开
2017-12-20 16:06:20,654 - 注意安全前门在打开
2017-12-20 16:06:20,744 - 注意安全后门在打开
2017-12-20 16:06:20,755 - 注意安全前门在打开
2017-12-20 16:06:20,835 - 注意安全后门在打开
2017-12-20 16:06:20,835 - 注意安全前门在打开
2017-12-20 16:06:20,904 - 注意安全后门在打开
2017-12-20 16:06:20,914 - 注意安全前门在打开
2017-12-20 16:06:20,995 - 注意安全后门在打开
2017-12-20 16:06:21,004 - 注意安全前门在打开
2017-12-20 16:06:21,075 - 注意安全后门在打开
2017-12-20 16:06:21,095 - 注意安全前门在打开
2017-12-20 16:06:21,154 - 注意安全后门在打开
2017-12-20 16:06:21,154 - 注意安全前门在打开
2017-12-20 16:06:21,244 - 注意安全后门在打开
2017-12-20 16:06:21,255 - 注意安全前门在打开
2017-12-20 16:06:21,345 - 注意安全后门在打开
2017-12-20 16:06:21,375 - 注意安全前门在打开
2017-12-20 16:06:21,435 - timed out
2017-12-20 16:06:21,444 - 注意安全后门在打开
2017-12-20 16:06:21,455 - 注意安全前门在打开
2017-12-20 16:06:21,544 - 注意安全后门在打开
2017-12-20 16:06:21,564 - 注意安全前门在打开
2017-12-20 16:06:21,654 - 注意安全后门在打开
2017-12-20 16:06:21,654 - 注意安全前门在打开
2017-12-20 16:06:21,764 - 注意安全后门在打开
2017-12-20 16:06:21,775 - 注意安全前门在打开
2017-12-20 16:06:21,855 - 注意安全后门在打开
2017-12-20 16:06:21,865 - 注意安全前门在打开
2017-12-20 16:06:21,935 - 注意安全后门在打开
2017-12-20 16:06:21,955 - 注意安全前门在打开
2017-12-20 16:06:22,035 - 注意安全后门在打开
2017-12-20 16:06:22,035 - 注意安全前门在打开
2017-12-20 16:06:22,105 - 注意安全后门在打开
2017-12-20 16:06:22,115 - 注意安全前门在打开
2017-12-20 16:06:22,184 - 注意安全后门在打开
2017-12-20 16:06:22,184 - 注意安全前门在打开
2017-12-20 16:06:22,264 - 注意安全后门在打开
2017-12-20 16:06:22,295 - 注意安全前门在打开
2017-12-20 16:06:22,375 - 注意安全后门在打开
2017-12-20 16:06:22,384 - 注意安全前门在打开
2017-12-20 16:06:22,455 - 注意安全后门在打开
2017-12-20 16:06:22,455 - 注意安全前门在打开
2017-12-20 16:06:22,544 - 注意安全后门在打开
2017-12-20 16:06:22,564 - 注意安全前门在打开
2017-12-20 16:06:22,644 - 注意安全后门在打开
2017-12-20 16:06:22,654 - 注意安全前门在打开
2017-12-20 16:06:22,724 - 注意安全后门在打开
2017-12-20 16:06:22,735 - 注意安全前门在打开
2017-12-20 16:06:22,815 - 注意安全后门在打开
2017-12-20 16:06:22,835 - 注意安全前门在打开
2017-12-20 16:06:22,894 - 注意安全后门在打开
2017-12-20 16:06:22,904 - 注意安全前门在打开
2017-12-20 16:06:22,975 - 注意安全后门在打开
2017-12-20 16:06:22,975 - 注意安全前门在打开
2017-12-20 16:06:23,064 - 注意安全后门在打开
2017-12-20 16:06:23,075 - 注意安全前门在打开
2017-12-20 16:06:23,164 - 注意安全后门在打开
2017-12-20 16:06:23,174 - 注意安全前门在打开
2017-12-20 16:06:23,255 - 注意安全后门在打开
2017-12-20 16:06:23,264 - 注意安全前门在打开
2017-12-20 16:06:23,365 - 注意安全后门在打开
2017-12-20 16:06:23,365 - 注意安全前门在打开
2017-12-20 16:06:23,435 - timed out
2017-12-20 16:06:23,435 - 注意安全后门在打开
2017-12-20 16:06:23,444 - 注意安全前门在打开
2017-12-20 16:06:23,535 - 注意安全后门在打开
2017-12-20 16:06:23,544 - 注意安全前门在打开
2017-12-20 16:06:23,615 - 注意安全后门在打开
2017-12-20 16:06:23,634 - 注意安全前门在打开
2017-12-20 16:06:23,715 - 注意安全后门在打开
2017-12-20 16:06:23,715 - 注意安全前门在打开
2017-12-20 16:06:23,775 - 注意安全后门在打开
2017-12-20 16:06:23,784 - 注意安全前门在打开
2017-12-20 16:06:23,865 - 注意安全后门在打开
2017-12-20 16:06:23,875 - 注意安全前门在打开
2017-12-20 16:06:23,964 - 注意安全后门在打开
2017-12-20 16:06:23,964 - 注意安全前门在打开
2017-12-20 16:06:24,024 - 注意安全后门在打开
2017-12-20 16:06:24,024 - 注意安全前门在打开
2017-12-20 16:06:24,085 - 注意安全后门在打开
2017-12-20 16:06:24,095 - 注意安全前门在打开
2017-12-20 16:06:24,164 - 注意安全后门在打开
2017-12-20 16:06:24,174 - 注意安全前门在打开
2017-12-20 16:06:24,215 - ThreadID1:Initialize sequence tree
2017-12-20 16:06:24,264 - 注意安全后门在打开
2017-12-20 16:06:24,275 - 注意安全前门在打开
2017-12-20 16:06:24,325 - ZMQ Server Start, Port: 5555
2017-12-20 16:06:24,664 - 注意安全后门在打开
2017-12-20 16:06:24,664 - 注意安全前门在打开
2017-12-20 16:06:24,735 - 注意安全后门在打开
2017-12-20 16:06:24,735 - 注意安全前门在打开
2017-12-20 16:06:24,875 - 注意安全后门在打开
2017-12-20 16:06:24,884 - 注意安全前门在打开
2017-12-20 16:06:24,984 - 注意安全后门在打开
2017-12-20 16:06:24,984 - 注意安全前门在打开
2017-12-20 16:06:25,125 - 注意安全后门在打开
2017-12-20 16:06:25,125 - 注意安全前门在打开
2017-12-20 16:06:25,284 - 注意安全后门在打开
2017-12-20 16:06:25,435 - timed out
2017-12-20 16:06:25,435 - 注意安全前门在打开
2017-12-20 16:06:25,724 - 注意安全后门在打开
2017-12-20 16:06:25,735 - 注意安全前门在打开
2017-12-20 16:06:25,924 - 注意安全后门在打开
2017-12-20 16:06:25,924 - 注意安全前门在打开
2017-12-20 16:06:26,115 - 注意安全后门在打开
2017-12-20 16:06:26,134 - 注意安全前门在打开
2017-12-20 16:06:26,325 - 注意安全后门在打开
2017-12-20 16:06:26,325 - 注意安全前门在打开
2017-12-20 16:06:26,455 - 注意安全后门在打开
2017-12-20 16:06:26,484 - 注意安全前门在打开
2017-12-20 16:06:26,634 - 注意安全后门在打开
2017-12-20 16:06:26,755 - 注意安全前门在打开
2017-12-20 16:06:26,894 - 注意安全后门在打开
2017-12-20 16:06:26,894 - 注意安全前门在打开
2017-12-20 16:06:26,964 - 注意安全后门在打开
2017-12-20 16:06:27,015 - 注意安全前门在打开
2017-12-20 16:06:27,134 - 注意安全后门在打开
2017-12-20 16:06:27,235 - 注意安全前门在打开
2017-12-20 16:06:27,355 - 注意安全后门在打开
2017-12-20 16:06:27,394 - 注意安全前门在打开
2017-12-20 16:06:27,444 - timed out
2017-12-20 16:06:27,515 - 注意安全后门在打开
2017-12-20 16:06:27,515 - 注意安全前门在打开
2017-12-20 16:06:27,595 - 注意安全后门在打开
2017-12-20 16:06:27,595 - 注意安全前门在打开
2017-12-20 16:06:27,784 - 注意安全后门在打开
2017-12-20 16:06:27,865 - 注意安全前门在打开
2017-12-20 16:06:27,995 - 注意安全后门在打开
2017-12-20 16:06:27,995 - 注意安全前门在打开
2017-12-20 16:06:28,134 - 注意安全后门在打开
2017-12-20 16:06:28,215 - 注意安全前门在打开
2017-12-20 16:06:28,384 - 注意安全后门在打开
2017-12-20 16:06:28,394 - 注意安全前门在打开
2017-12-20 16:06:28,475 - 注意安全后门在打开
2017-12-20 16:06:28,495 - 注意安全前门在打开
2017-12-20 16:06:28,575 - 注意安全后门在打开
2017-12-20 16:06:28,595 - 注意安全前门在打开
2017-12-20 16:06:28,704 - 注意安全后门在打开
2017-12-20 16:06:28,724 - 注意安全前门在打开
2017-12-20 16:06:28,795 - 注意安全后门在打开
2017-12-20 16:06:28,795 - 注意安全前门在打开
2017-12-20 16:06:28,914 - 注意安全后门在打开
2017-12-20 16:06:28,924 - 注意安全前门在打开
2017-12-20 16:06:29,035 - 注意安全后门在打开
2017-12-20 16:06:29,044 - 注意安全前门在打开
2017-12-20 16:06:29,134 - 注意安全后门在打开
2017-12-20 16:06:29,134 - 注意安全前门在打开
2017-12-20 16:06:29,235 - 注意安全后门在打开
2017-12-20 16:06:29,244 - 注意安全前门在打开
2017-12-20 16:06:29,365 - 注意安全后门在打开
2017-12-20 16:06:29,384 - 注意安全前门在打开
2017-12-20 16:06:29,444 - timed out
2017-12-20 16:06:29,684 - 注意安全后门在打开
2017-12-20 16:06:29,724 - 注意安全前门在打开
2017-12-20 16:06:30,224 - 注意安全后门在打开
2017-12-20 16:06:30,255 - 注意安全前门在打开
2017-12-20 16:06:30,744 - 注意安全后门在打开
2017-12-20 16:06:30,795 - 注意安全前门在打开
2017-12-20 16:06:31,394 - 注意安全后门在打开
2017-12-20 16:06:31,414 - 注意安全前门在打开
2017-12-20 16:06:31,444 - timed out
2017-12-20 16:06:31,914 - 注意安全后门在打开
2017-12-20 16:06:31,924 - 注意安全前门在打开
2017-12-20 16:06:33,475 - timed out
2017-12-20 16:06:35,504 - timed out
2017-12-20 16:06:37,504 - timed out
2017-12-20 16:06:39,504 - timed out
2017-12-20 16:06:41,515 - timed out
2017-12-20 16:06:43,515 - timed out
2017-12-20 16:06:45,524 - timed out
2017-12-20 16:06:47,524 - timed out
2017-12-20 16:06:49,555 - timed out
2017-12-20 16:06:51,595 - timed out
2017-12-20 16:06:53,634 - timed out
2017-12-20 16:06:55,634 - timed out
2017-12-20 16:06:57,644 - timed out
2017-12-20 16:06:59,674 - timed out
2017-12-20 16:07:01,674 - timed out
2017-12-20 16:07:03,695 - timed out
2017-12-20 16:07:05,715 - timed out
2017-12-20 16:07:07,724 - timed out
2017-12-20 16:07:09,724 - timed out
2017-12-20 16:07:11,735 - timed out
2017-12-20 16:07:13,744 - timed out
2017-12-20 16:07:15,744 - timed out
2017-12-20 16:07:17,744 - timed out
2017-12-20 16:07:19,764 - timed out
2017-12-20 16:07:21,764 - timed out
2017-12-20 16:07:23,775 - timed out
2017-12-20 16:07:25,784 - timed out
2017-12-20 16:07:27,795 - timed out
2017-12-20 16:07:29,815 - timed out
2017-12-20 16:07:31,825 - timed out
2017-12-20 16:07:33,835 - timed out
2017-12-20 16:07:35,845 - timed out
2017-12-20 16:07:37,875 - timed out
2017-12-20 16:07:39,884 - timed out
2017-12-20 16:07:41,884 - timed out
2017-12-20 16:07:43,894 - timed out
2017-12-20 16:07:45,924 - timed out
2017-12-20 16:07:47,944 - timed out
2017-12-20 16:07:49,955 - timed out
2017-12-20 16:07:51,964 - timed out
2017-12-20 16:07:53,995 - timed out
2017-12-20 16:07:56,004 - timed out
2017-12-20 16:07:58,064 - timed out
2017-12-20 16:08:00,075 - timed out
2017-12-20 16:08:02,075 - timed out
2017-12-20 16:08:04,085 - timed out
2017-12-20 16:08:06,095 - timed out
2017-12-20 16:08:08,105 - timed out
2017-12-20 16:16:09,515 - timed out
2017-12-20 16:16:11,605 - timed out
2017-12-20 16:16:13,684 - timed out
2017-12-20 16:16:15,835 - timed out
2017-12-20 16:16:18,095 - timed out
2017-12-20 16:16:20,215 - timed out
2017-12-20 16:16:22,535 - timed out
2017-12-20 16:16:24,575 - timed out
2017-12-20 16:16:26,504 - [WinError 10054] 远程主机强迫关闭了一个现有的连接。
2017-12-20 16:16:26,564 - [WinError 10054] 远程主机强迫关闭了一个现有的连接。
2017-12-20 16:16:26,564 - [WinError 10054] 远程主机强迫关闭了一个现有的连接。
2017-12-20 16:16:26,564 - [WinError 10054] 远程主机强迫关闭了一个现有的连接。
2017-12-20 16:16:26,564 - [WinError 10054] 远程主机强迫关闭了一个现有的连接。
2017-12-20 16:16:26,784 - [WinError 10054] 远程主机强迫关闭了一个现有的连接。
2017-12-20 16:16:26,815 - [WinError 10054] 远程主机强迫关闭了一个现有的连接。
2017-12-20 16:16:26,815 - [WinError 10054] 远程主机强迫关闭了一个现有的连接。
2017-12-20 16:16:26,815 - [WinError 10054] 远程主机强迫关闭了一个现有的连接。
2017-12-20 16:16:26,815 - [WinError 10054] 远程主机强迫关闭了一个现有的连接。
2017-12-20 16:16:26,815 - [WinError 10054] 远程主机强迫关闭了一个现有的连接。
2017-12-20 16:16:26,835 - [WinError 10054] 远程主机强迫关闭了一个现有的连接。
2017-12-20 16:16:26,865 - [WinError 10054] 远程主机强迫关闭了一个现有的连接。
2017-12-20 16:16:26,865 - [WinError 10054] 远程主机强迫关闭了一个现有的连接。
2017-12-20 16:16:26,875 - [WinError 10054] 远程主机强迫关闭了一个现有的连接。
2017-12-20 16:16:26,875 - [WinError 10054] 远程主机强迫关闭了一个现有的连接。
2017-12-20 16:16:26,875 - [WinError 10054] 远程主机强迫关闭了一个现有的连接。
2017-12-20 16:16:26,875 - [WinError 10054] 远程主机强迫关闭了一个现有的连接。
2017-12-20 16:16:26,875 - [WinError 10054] 远程主机强迫关闭了一个现有的连接。
2017-12-20 16:16:27,115 - [WinError 10054] 远程主机强迫关闭了一个现有的连接。
2017-12-20 16:16:27,174 - [WinError 10054] 远程主机强迫关闭了一个现有的连接。
2017-12-20 16:16:27,184 - [WinError 10054] 远程主机强迫关闭了一个现有的连接。
2017-12-20 16:16:27,184 - [WinError 10054] 远程主机强迫关闭了一个现有的连接。
2017-12-20 16:16:27,184 - [WinError 10054] 远程主机强迫关闭了一个现有的连接。
2017-12-20 16:16:27,184 - [WinError 10054] 远程主机强迫关闭了一个现有的连接。
2017-12-20 16:16:27,184 - [WinError 10054] 远程主机强迫关闭了一个现有的连接。
2017-12-20 16:16:27,184 - [WinError 10054] 远程主机强迫关闭了一个现有的连接。
2017-12-20 16:16:27,184 - [WinError 10054] 远程主机强迫关闭了一个现有的连接。
2017-12-20 16:16:27,184 - [WinError 10054] 远程主机强迫关闭了一个现有的连接。
2017-12-20 16:16:27,184 - [WinError 10054] 远程主机强迫关闭了一个现有的连接。
2017-12-20 16:16:27,184 - [WinError 10054] 远程主机强迫关闭了一个现有的连接。
2017-12-20 16:16:27,184 - [WinError 10054] 远程主机强迫关闭了一个现有的连接。
2017-12-20 16:16:27,184 - [WinError 10054] 远程主机强迫关闭了一个现有的连接。
2017-12-20 16:16:27,394 - [WinError 10054] 远程主机强迫关闭了一个现有的连接。
2017-12-20 16:16:27,464 - [WinError 10054] 远程主机强迫关闭了一个现有的连接。
2017-12-20 16:16:27,484 - [WinError 10054] 远程主机强迫关闭了一个现有的连接。
2017-12-20 16:16:27,495 - [WinError 10054] 远程主机强迫关闭了一个现有的连接。
2017-12-20 16:16:27,544 - [WinError 10054] 远程主机强迫关闭了一个现有的连接。
2017-12-20 16:16:27,615 - [WinError 10054] 远程主机强迫关闭了一个现有的连接。
2017-12-20 16:16:27,634 - [WinError 10054] 远程主机强迫关闭了一个现有的连接。
2017-12-20 16:16:27,674 - [WinError 10054] 远程主机强迫关闭了一个现有的连接。
2017-12-20 16:16:27,744 - [WinError 10054] 远程主机强迫关闭了一个现有的连接。
2017-12-20 16:16:27,775 - [WinError 10054] 远程主机强迫关闭了一个现有的连接。
2017-12-20 16:16:27,775 - [WinError 10054] 远程主机强迫关闭了一个现有的连接。
2017-12-20 16:16:27,775 - [WinError 10054] 远程主机强迫关闭了一个现有的连接。
2017-12-20 16:16:27,775 - [WinError 10054] 远程主机强迫关闭了一个现有的连接。
2017-12-20 16:16:27,775 - [WinError 10054] 远程主机强迫关闭了一个现有的连接。
2017-12-20 16:16:28,004 - [WinError 10054] 远程主机强迫关闭了一个现有的连接。
2017-12-20 16:16:28,064 - [WinError 10054] 远程主机强迫关闭了一个现有的连接。
2017-12-20 16:16:28,075 - [WinError 10054] 远程主机强迫关闭了一个现有的连接。
2017-12-20 16:16:28,224 - [WinError 10054] 远程主机强迫关闭了一个现有的连接。
2017-12-20 16:16:28,264 - [WinError 10054] 远程主机强迫关闭了一个现有的连接。
2017-12-20 16:16:28,264 - [WinError 10054] 远程主机强迫关闭了一个现有的连接。
2017-12-20 16:16:28,304 - [WinError 10054] 远程主机强迫关闭了一个现有的连接。
2017-12-20 16:16:28,304 - [WinError 10054] 远程主机强迫关闭了一个现有的连接。
2017-12-20 16:16:28,414 - [WinError 10054] 远程主机强迫关闭了一个现有的连接。
2017-12-20 16:16:28,495 - [WinError 10054] 远程主机强迫关闭了一个现有的连接。
2017-12-20 16:16:28,544 - [WinError 10054] 远程主机强迫关闭了一个现有的连接。
2017-12-20 16:16:28,575 - [WinError 10054] 远程主机强迫关闭了一个现有的连接。
2017-12-20 16:16:28,575 - [WinError 10054] 远程主机强迫关闭了一个现有的连接。
2017-12-20 16:16:28,575 - [WinError 10054] 远程主机强迫关闭了一个现有的连接。
2017-12-20 16:16:28,784 - [WinError 10054] 远程主机强迫关闭了一个现有的连接。
2017-12-20 16:16:28,825 - [WinError 10054] 远程主机强迫关闭了一个现有的连接。
2017-12-20 16:16:28,935 - [WinError 10054] 远程主机强迫关闭了一个现有的连接。
2017-12-20 16:16:29,004 - [WinError 10054] 远程主机强迫关闭了一个现有的连接。
2017-12-20 16:16:29,015 - [WinError 10054] 远程主机强迫关闭了一个现有的连接。
2017-12-20 16:16:29,125 - [WinError 10054] 远程主机强迫关闭了一个现有的连接。
2017-12-20 16:16:29,125 - [WinError 10054] 远程主机强迫关闭了一个现有的连接。
2017-12-20 16:16:29,125 - [WinError 10054] 远程主机强迫关闭了一个现有的连接。
2017-12-20 16:16:29,264 - [WinError 10054] 远程主机强迫关闭了一个现有的连接。
2017-12-20 16:16:29,304 - [WinError 10054] 远程主机强迫关闭了一个现有的连接。
2017-12-20 16:16:29,375 - [WinError 10054] 远程主机强迫关闭了一个现有的连接。
2017-12-20 16:16:29,424 - [WinError 10054] 远程主机强迫关闭了一个现有的连接。
2017-12-20 16:16:29,424 - [WinError 10054] 远程主机强迫关闭了一个现有的连接。
2017-12-20 16:16:29,444 - [WinError 10054] 远程主机强迫关闭了一个现有的连接。
2017-12-20 16:16:29,735 - [WinError 10054] 远程主机强迫关闭了一个现有的连接。
2017-12-20 16:16:29,755 - [WinError 10054] 远程主机强迫关闭了一个现有的连接。
2017-12-20 16:16:29,784 - [WinError 10054] 远程主机强迫关闭了一个现有的连接。
2017-12-20 16:16:29,884 - [WinError 10054] 远程主机强迫关闭了一个现有的连接。
2017-12-20 16:16:29,964 - [WinError 10054] 远程主机强迫关闭了一个现有的连接。
2017-12-20 16:16:29,964 - [WinError 10054] 远程主机强迫关闭了一个现有的连接。
2017-12-20 16:16:29,964 - [WinError 10054] 远程主机强迫关闭了一个现有的连接。
2017-12-20 16:16:29,964 - [WinError 10054] 远程主机强迫关闭了一个现有的连接。
2017-12-20 16:16:29,964 - [WinError 10054] 远程主机强迫关闭了一个现有的连接。
2017-12-20 16:16:29,964 - [WinError 10054] 远程主机强迫关闭了一个现有的连接。
2017-12-20 16:16:29,964 - [WinError 10054] 远程主机强迫关闭了一个现有的连接。
2017-12-20 16:16:29,964 - [WinError 10054] 远程主机强迫关闭了一个现有的连接。
2017-12-20 16:16:30,085 - [WinError 10054] 远程主机强迫关闭了一个现有的连接。
2017-12-20 16:16:30,154 - [WinError 10054] 远程主机强迫关闭了一个现有的连接。
2017-12-20 16:16:30,435 - [WinError 10054] 远程主机强迫关闭了一个现有的连接。
2017-12-20 16:16:30,444 - [WinError 10054] 远程主机强迫关闭了一个现有的连接。
2017-12-20 16:16:30,564 - [WinError 10054] 远程主机强迫关闭了一个现有的连接。
2017-12-20 16:16:30,654 - [WinError 10054] 远程主机强迫关闭了一个现有的连接。
2017-12-20 16:16:30,654 - [WinError 10054] 远程主机强迫关闭了一个现有的连接。
2017-12-20 16:16:30,654 - [WinError 10054] 远程主机强迫关闭了一个现有的连接。
2017-12-20 16:16:30,654 - [WinError 10054] 远程主机强迫关闭了一个现有的连接。
2017-12-20 16:16:30,654 - [WinError 10054] 远程主机强迫关闭了一个现有的连接。
2017-12-20 16:16:30,704 - [WinError 10054] 远程主机强迫关闭了一个现有的连接。
2017-12-20 16:16:30,764 - [WinError 10054] 远程主机强迫关闭了一个现有的连接。
2017-12-20 16:16:30,764 - [WinError 10054] 远程主机强迫关闭了一个现有的连接。
2017-12-20 16:16:30,764 - [WinError 10054] 远程主机强迫关闭了一个现有的连接。
2017-12-20 16:16:30,815 - [WinError 10054] 远程主机强迫关闭了一个现有的连接。
2017-12-20 16:16:30,914 - [WinError 10054] 远程主机强迫关闭了一个现有的连接。
2017-12-20 16:16:31,064 - [WinError 10054] 远程主机强迫关闭了一个现有的连接。
2017-12-20 16:16:31,105 - [WinError 10054] 远程主机强迫关闭了一个现有的连接。
2017-12-20 16:16:31,384 - [WinError 10054] 远程主机强迫关闭了一个现有的连接。
2017-12-20 16:16:31,424 - [WinError 10054] 远程主机强迫关闭了一个现有的连接。
2017-12-20 16:16:31,475 - [WinError 10054] 远程主机强迫关闭了一个现有的连接。
2017-12-20 16:16:31,524 - [WinError 10054] 远程主机强迫关闭了一个现有的连接。
2017-12-20 16:16:31,524 - [WinError 10054] 远程主机强迫关闭了一个现有的连接。
2017-12-20 16:16:31,524 - [WinError 10054] 远程主机强迫关闭了一个现有的连接。
2017-12-20 16:16:31,524 - [WinError 10054] 远程主机强迫关闭了一个现有的连接。
2017-12-20 16:16:31,524 - [WinError 10054] 远程主机强迫关闭了一个现有的连接。
2017-12-20 16:16:31,524 - [WinError 10054] 远程主机强迫关闭了一个现有的连接。
2017-12-20 16:16:31,524 - [WinError 10054] 远程主机强迫关闭了一个现有的连接。
2017-12-20 16:16:31,524 - [WinError 10054] 远程主机强迫关闭了一个现有的连接。
2017-12-20 16:16:31,524 - [WinError 10054] 远程主机强迫关闭了一个现有的连接。
2017-12-20 16:16:31,524 - [WinError 10054] 远程主机强迫关闭了一个现有的连接。
2017-12-20 16:16:31,524 - [WinError 10054] 远程主机强迫关闭了一个现有的连接。
2017-12-20 16:16:31,744 - [WinError 10054] 远程主机强迫关闭了一个现有的连接。
2017-12-20 16:16:31,894 - [WinError 10054] 远程主机强迫关闭了一个现有的连接。
2017-12-20 16:16:31,914 - [WinError 10054] 远程主机强迫关闭了一个现有的连接。
2017-12-20 16:16:31,955 - [WinError 10054] 远程主机强迫关闭了一个现有的连接。
2017-12-20 16:16:31,955 - [WinError 10054] 远程主机强迫关闭了一个现有的连接。
2017-12-20 16:16:32,004 - [WinError 10054] 远程主机强迫关闭了一个现有的连接。
2017-12-20 16:16:32,064 - [WinError 10054] 远程主机强迫关闭了一个现有的连接。
2017-12-20 16:16:32,164 - [WinError 10054] 远程主机强迫关闭了一个现有的连接。
2017-12-20 16:16:32,204 - [WinError 10054] 远程主机强迫关闭了一个现有的连接。
2017-12-20 16:16:32,235 - [WinError 10054] 远程主机强迫关闭了一个现有的连接。
2017-12-20 16:16:32,244 - [WinError 10054] 远程主机强迫关闭了一个现有的连接。
2017-12-20 16:16:32,275 - [WinError 10054] 远程主机强迫关闭了一个现有的连接。
2017-12-20 16:16:32,275 - [WinError 10054] 远程主机强迫关闭了一个现有的连接。
2017-12-20 16:16:32,325 - [WinError 10054] 远程主机强迫关闭了一个现有的连接。
2017-12-20 16:16:39,894 - Administrator login
2017-12-20 16:16:40,024 - Initialize UI
2017-12-20 16:16:42,335 - Initialize sequence table
2017-12-20 16:16:47,075 - timed out
2017-12-20 16:16:47,835 - ThreadID1:Initialize sequence tree
2017-12-20 16:16:48,015 - ZMQ Server Start, Port: 5555
2017-12-20 16:16:59,717 - timed out
2017-12-20 16:17:07,197 - timed out
2017-12-20 16:17:16,447 - timed out
2017-12-20 16:17:19,307 - timed out
2017-12-20 16:17:43,871 - timed out
2017-12-20 16:28:37,104 - 注意安全后门在打开
2017-12-20 16:28:37,104 - 注意安全前门在打开
2017-12-20 16:28:37,184 - 注意安全后门在打开
2017-12-20 16:28:37,184 - 注意安全前门在打开
2017-12-20 16:28:37,294 - 注意安全后门在打开
2017-12-20 16:28:37,294 - 注意安全前门在打开
2017-12-20 16:28:37,334 - 注意安全后门在打开
2017-12-20 16:28:37,334 - 注意安全前门在打开
2017-12-20 16:28:37,503 - 注意安全后门在打开
2017-12-20 16:28:37,503 - 注意安全前门在打开
2017-12-20 16:28:37,713 - 注意安全后门在打开
2017-12-20 16:28:37,803 - 注意安全前门在打开
2017-12-20 16:28:37,963 - 注意安全后门在打开
2017-12-20 16:28:37,993 - 注意安全前门在打开
2017-12-20 16:28:38,134 - 注意安全后门在打开
2017-12-20 16:28:38,184 - 注意安全前门在打开
2017-12-20 16:28:38,243 - timed out
2017-12-20 16:28:38,313 - 注意安全后门在打开
2017-12-20 16:28:38,374 - 注意安全前门在打开
2017-12-20 16:28:38,494 - 注意安全后门在打开
2017-12-20 16:28:38,534 - 注意安全前门在打开
2017-12-20 16:28:38,673 - 注意安全后门在打开
2017-12-20 16:28:38,743 - 注意安全前门在打开
2017-12-20 16:28:38,884 - 注意安全后门在打开
2017-12-20 16:28:38,924 - 注意安全前门在打开
2017-12-20 16:28:39,033 - 注意安全后门在打开
2017-12-20 16:28:39,063 - 注意安全前门在打开
2017-12-20 16:28:39,174 - 注意安全后门在打开
2017-12-20 16:28:39,214 - 注意安全前门在打开
2017-12-20 16:28:39,313 - 注意安全后门在打开
2017-12-20 16:28:39,433 - 注意安全前门在打开
2017-12-20 16:28:39,444 - Administrator login
2017-12-20 16:28:39,614 - 注意安全后门在打开
2017-12-20 16:28:39,723 - 注意安全前门在打开
2017-12-20 16:28:39,763 - Initialize UI
2017-12-20 16:28:39,823 - 注意安全后门在打开
2017-12-20 16:28:39,844 - 注意安全前门在打开
2017-12-20 16:28:39,913 - 注意安全后门在打开
2017-12-20 16:28:39,953 - 注意安全前门在打开
2017-12-20 16:28:40,023 - 注意安全后门在打开
2017-12-20 16:28:40,043 - 注意安全前门在打开
2017-12-20 16:28:40,113 - 注意安全后门在打开
2017-12-20 16:28:40,113 - 注意安全前门在打开
2017-12-20 16:28:40,214 - 注意安全后门在打开
2017-12-20 16:28:40,223 - 注意安全前门在打开
2017-12-20 16:28:40,243 - timed out
2017-12-20 16:28:40,283 - 注意安全后门在打开
2017-12-20 16:28:40,294 - 注意安全前门在打开
2017-12-20 16:28:40,344 - 注意安全后门在打开
2017-12-20 16:28:40,344 - 注意安全前门在打开
2017-12-20 16:28:40,433 - 注意安全后门在打开
2017-12-20 16:28:40,433 - 注意安全前门在打开
2017-12-20 16:28:40,494 - 注意安全后门在打开
2017-12-20 16:28:40,523 - 注意安全前门在打开
2017-12-20 16:28:40,574 - 注意安全后门在打开
2017-12-20 16:28:40,574 - 注意安全前门在打开
2017-12-20 16:28:40,644 - 注意安全后门在打开
2017-12-20 16:28:40,644 - 注意安全前门在打开
2017-12-20 16:28:40,703 - 注意安全后门在打开
2017-12-20 16:28:40,703 - 注意安全前门在打开
2017-12-20 16:28:40,763 - 注意安全后门在打开
2017-12-20 16:28:40,763 - 注意安全前门在打开
2017-12-20 16:28:40,873 - 注意安全后门在打开
2017-12-20 16:28:40,913 - 注意安全前门在打开
2017-12-20 16:28:40,983 - 注意安全后门在打开
2017-12-20 16:28:40,983 - 注意安全前门在打开
2017-12-20 16:28:41,063 - 注意安全后门在打开
2017-12-20 16:28:41,084 - 注意安全前门在打开
2017-12-20 16:28:41,174 - 注意安全后门在打开
2017-12-20 16:28:41,174 - 注意安全前门在打开
2017-12-20 16:28:41,254 - 注意安全后门在打开
2017-12-20 16:28:41,263 - 注意安全前门在打开
2017-12-20 16:28:41,364 - 注意安全后门在打开
2017-12-20 16:28:41,384 - 注意安全前门在打开
2017-12-20 16:28:41,454 - 注意安全后门在打开
2017-12-20 16:28:41,454 - 注意安全前门在打开
2017-12-20 16:28:41,553 - 注意安全后门在打开
2017-12-20 16:28:41,584 - 注意安全前门在打开
2017-12-20 16:28:41,673 - 注意安全后门在打开
2017-12-20 16:28:41,673 - 注意安全前门在打开
2017-12-20 16:28:41,734 - 注意安全后门在打开
2017-12-20 16:28:41,743 - 注意安全前门在打开
2017-12-20 16:28:41,814 - 注意安全后门在打开
2017-12-20 16:28:41,833 - 注意安全前门在打开
2017-12-20 16:28:41,913 - 注意安全后门在打开
2017-12-20 16:28:41,913 - 注意安全前门在打开
2017-12-20 16:28:41,974 - 注意安全后门在打开
2017-12-20 16:28:41,983 - 注意安全前门在打开
2017-12-20 16:28:42,054 - 注意安全后门在打开
2017-12-20 16:28:42,084 - 注意安全前门在打开
2017-12-20 16:28:42,153 - 注意安全后门在打开
2017-12-20 16:28:42,153 - 注意安全前门在打开
2017-12-20 16:28:42,214 - 注意安全后门在打开
2017-12-20 16:28:42,214 - 注意安全前门在打开
2017-12-20 16:28:42,254 - timed out
2017-12-20 16:28:42,313 - 注意安全后门在打开
2017-12-20 16:28:42,323 - 注意安全前门在打开
2017-12-20 16:28:42,334 - Initialize sequence table
2017-12-20 16:28:42,374 - 注意安全后门在打开
2017-12-20 16:28:42,374 - 注意安全前门在打开
2017-12-20 16:28:42,433 - 注意安全后门在打开
2017-12-20 16:28:42,433 - 注意安全前门在打开
2017-12-20 16:28:42,494 - 注意安全后门在打开
2017-12-20 16:28:42,494 - 注意安全前门在打开
2017-12-20 16:28:42,553 - 注意安全后门在打开
2017-12-20 16:28:42,553 - 注意安全前门在打开
2017-12-20 16:28:42,624 - 注意安全后门在打开
2017-12-20 16:28:42,624 - 注意安全前门在打开
2017-12-20 16:28:42,684 - 注意安全后门在打开
2017-12-20 16:28:42,684 - 注意安全前门在打开
2017-12-20 16:28:42,753 - 注意安全后门在打开
2017-12-20 16:28:42,774 - 注意安全前门在打开
2017-12-20 16:28:42,833 - 注意安全后门在打开
2017-12-20 16:28:42,833 - 注意安全前门在打开
2017-12-20 16:28:42,894 - 注意安全后门在打开
2017-12-20 16:28:42,924 - 注意安全前门在打开
2017-12-20 16:28:42,993 - 注意安全后门在打开
2017-12-20 16:28:43,003 - 注意安全前门在打开
2017-12-20 16:28:43,063 - 注意安全后门在打开
2017-12-20 16:28:43,084 - 注意安全前门在打开
2017-12-20 16:28:43,184 - 注意安全后门在打开
2017-12-20 16:28:43,184 - 注意安全前门在打开
2017-12-20 16:28:43,263 - 注意安全后门在打开
2017-12-20 16:28:43,273 - 注意安全前门在打开
2017-12-20 16:28:43,323 - 注意安全后门在打开
2017-12-20 16:28:43,323 - 注意安全前门在打开
2017-12-20 16:28:43,384 - 注意安全后门在打开
2017-12-20 16:28:43,384 - 注意安全前门在打开
2017-12-20 16:28:43,433 - 注意安全后门在打开
2017-12-20 16:28:43,444 - 注意安全前门在打开
2017-12-20 16:28:43,523 - 注意安全后门在打开
2017-12-20 16:28:43,534 - 注意安全前门在打开
2017-12-20 16:28:43,604 - 注意安全后门在打开
2017-12-20 16:28:43,604 - 注意安全前门在打开
2017-12-20 16:28:43,673 - 注意安全后门在打开
2017-12-20 16:28:43,684 - 注意安全前门在打开
2017-12-20 16:28:43,743 - 注意安全后门在打开
2017-12-20 16:28:43,743 - 注意安全前门在打开
2017-12-20 16:28:43,793 - 注意安全后门在打开
2017-12-20 16:28:43,803 - 注意安全前门在打开
2017-12-20 16:28:43,894 - 注意安全后门在打开
2017-12-20 16:28:43,913 - 注意安全前门在打开
2017-12-20 16:28:43,963 - 注意安全后门在打开
2017-12-20 16:28:43,963 - 注意安全前门在打开
2017-12-20 16:28:44,054 - 注意安全后门在打开
2017-12-20 16:28:44,054 - 注意安全前门在打开
2017-12-20 16:28:44,124 - 注意安全后门在打开
2017-12-20 16:28:44,134 - 注意安全前门在打开
2017-12-20 16:28:44,184 - 注意安全后门在打开
2017-12-20 16:28:44,184 - 注意安全前门在打开
2017-12-20 16:28:44,243 - 注意安全后门在打开
2017-12-20 16:28:44,243 - 注意安全前门在打开
2017-12-20 16:28:44,254 - timed out
2017-12-20 16:28:44,303 - 注意安全后门在打开
2017-12-20 16:28:44,303 - 注意安全前门在打开
2017-12-20 16:28:44,364 - 注意安全后门在打开
2017-12-20 16:28:44,374 - 注意安全前门在打开
2017-12-20 16:28:44,424 - 注意安全后门在打开
2017-12-20 16:28:44,424 - 注意安全前门在打开
2017-12-20 16:28:44,494 - 注意安全后门在打开
2017-12-20 16:28:44,513 - 注意安全前门在打开
2017-12-20 16:28:44,563 - 注意安全后门在打开
2017-12-20 16:28:44,563 - 注意安全前门在打开
2017-12-20 16:28:44,624 - 注意安全后门在打开
2017-12-20 16:28:44,644 - 注意安全前门在打开
2017-12-20 16:28:44,713 - 注意安全后门在打开
2017-12-20 16:28:44,753 - 注意安全前门在打开
2017-12-20 16:28:44,814 - 注意安全后门在打开
2017-12-20 16:28:44,823 - 注意安全前门在打开
2017-12-20 16:28:44,884 - 注意安全后门在打开
2017-12-20 16:28:44,904 - 注意安全前门在打开
2017-12-20 16:28:44,963 - 注意安全后门在打开
2017-12-20 16:28:44,993 - 注意安全前门在打开
2017-12-20 16:28:45,063 - 注意安全后门在打开
2017-12-20 16:28:45,073 - 注意安全前门在打开
2017-12-20 16:28:45,153 - 注意安全后门在打开
2017-12-20 16:28:45,174 - 注意安全前门在打开
2017-12-20 16:28:45,243 - 注意安全后门在打开
2017-12-20 16:28:45,254 - 注意安全前门在打开
2017-12-20 16:28:45,334 - 注意安全后门在打开
2017-12-20 16:28:45,374 - 注意安全前门在打开
2017-12-20 16:28:45,414 - 注意安全后门在打开
2017-12-20 16:28:45,433 - 注意安全前门在打开
2017-12-20 16:28:45,503 - 注意安全后门在打开
2017-12-20 16:28:45,513 - 注意安全前门在打开
2017-12-20 16:28:45,584 - 注意安全后门在打开
2017-12-20 16:28:45,584 - 注意安全前门在打开
2017-12-20 16:28:45,664 - 注意安全后门在打开
2017-12-20 16:28:45,664 - 注意安全前门在打开
2017-12-20 16:28:45,723 - 注意安全后门在打开
2017-12-20 16:28:45,723 - 注意安全前门在打开
2017-12-20 16:28:45,793 - 注意安全后门在打开
2017-12-20 16:28:45,803 - 注意安全前门在打开
2017-12-20 16:28:45,854 - 注意安全后门在打开
2017-12-20 16:28:45,873 - 注意安全前门在打开
2017-12-20 16:28:45,944 - 注意安全后门在打开
2017-12-20 16:28:45,953 - 注意安全前门在打开
2017-12-20 16:28:46,023 - 注意安全后门在打开
2017-12-20 16:28:46,023 - 注意安全前门在打开
2017-12-20 16:28:46,094 - 注意安全后门在打开
2017-12-20 16:28:46,104 - 注意安全前门在打开
2017-12-20 16:28:46,164 - 注意安全后门在打开
2017-12-20 16:28:46,214 - 注意安全前门在打开
2017-12-20 16:28:46,254 - timed out
2017-12-20 16:28:46,273 - 注意安全后门在打开
2017-12-20 16:28:46,283 - 注意安全前门在打开
2017-12-20 16:28:46,364 - 注意安全后门在打开
2017-12-20 16:28:46,374 - 注意安全前门在打开
2017-12-20 16:28:46,433 - 注意安全后门在打开
2017-12-20 16:28:46,454 - 注意安全前门在打开
2017-12-20 16:28:46,534 - 注意安全后门在打开
2017-12-20 16:28:46,534 - 注意安全前门在打开
2017-12-20 16:28:46,593 - 注意安全后门在打开
2017-12-20 16:28:46,614 - 注意安全前门在打开
2017-12-20 16:28:46,673 - 注意安全后门在打开
2017-12-20 16:28:46,673 - 注意安全前门在打开
2017-12-20 16:28:46,723 - 注意安全后门在打开
2017-12-20 16:28:46,734 - 注意安全前门在打开
2017-12-20 16:28:46,814 - 注意安全后门在打开
2017-12-20 16:28:46,833 - 注意安全前门在打开
2017-12-20 16:28:46,904 - 注意安全后门在打开
2017-12-20 16:28:46,913 - 注意安全前门在打开
2017-12-20 16:28:46,963 - 注意安全后门在打开
2017-12-20 16:28:46,974 - 注意安全前门在打开
2017-12-20 16:28:47,033 - 注意安全后门在打开
2017-12-20 16:28:47,054 - 注意安全前门在打开
2017-12-20 16:28:47,113 - 注意安全后门在打开
2017-12-20 16:28:47,113 - 注意安全前门在打开
2017-12-20 16:28:47,193 - 注意安全后门在打开
2017-12-20 16:28:47,214 - 注意安全前门在打开
2017-12-20 16:28:47,283 - 注意安全后门在打开
2017-12-20 16:28:47,283 - 注意安全前门在打开
2017-12-20 16:28:47,334 - 注意安全后门在打开
2017-12-20 16:28:47,334 - 注意安全前门在打开
2017-12-20 16:28:47,393 - 注意安全后门在打开
2017-12-20 16:28:47,393 - 注意安全前门在打开
2017-12-20 16:28:47,463 - 注意安全后门在打开
2017-12-20 16:28:47,483 - 注意安全前门在打开
2017-12-20 16:28:47,553 - 注意安全后门在打开
2017-12-20 16:28:47,553 - 注意安全前门在打开
2017-12-20 16:28:47,614 - 注意安全后门在打开
2017-12-20 16:28:47,614 - 注意安全前门在打开
2017-12-20 16:28:47,673 - 注意安全后门在打开
2017-12-20 16:28:47,694 - 注意安全前门在打开
2017-12-20 16:28:47,743 - 注意安全后门在打开
2017-12-20 16:28:47,763 - 注意安全前门在打开
2017-12-20 16:28:47,823 - 注意安全后门在打开
2017-12-20 16:28:47,844 - 注意安全前门在打开
2017-12-20 16:28:47,934 - 注意安全后门在打开
2017-12-20 16:28:47,934 - 注意安全前门在打开
2017-12-20 16:28:47,983 - 注意安全后门在打开
2017-12-20 16:28:47,983 - 注意安全前门在打开
2017-12-20 16:28:48,054 - 注意安全后门在打开
2017-12-20 16:28:48,063 - 注意安全前门在打开
2017-12-20 16:28:48,124 - 注意安全后门在打开
2017-12-20 16:28:48,134 - 注意安全前门在打开
2017-12-20 16:28:48,193 - 注意安全后门在打开
2017-12-20 16:28:48,193 - 注意安全前门在打开
2017-12-20 16:28:48,254 - timed out
2017-12-20 16:28:48,254 - 注意安全后门在打开
2017-12-20 16:28:48,254 - 注意安全前门在打开
2017-12-20 16:28:48,313 - 注意安全后门在打开
2017-12-20 16:28:48,334 - 注意安全前门在打开
2017-12-20 16:28:48,404 - 注意安全后门在打开
2017-12-20 16:28:48,414 - 注意安全前门在打开
2017-12-20 16:28:48,503 - 注意安全后门在打开
2017-12-20 16:28:48,503 - 注意安全前门在打开
2017-12-20 16:28:48,553 - 注意安全后门在打开
2017-12-20 16:28:48,563 - 注意安全前门在打开
2017-12-20 16:28:48,654 - 注意安全后门在打开
2017-12-20 16:28:48,673 - 注意安全前门在打开
2017-12-20 16:28:48,753 - 注意安全后门在打开
2017-12-20 16:28:48,763 - 注意安全前门在打开
2017-12-20 16:28:48,823 - 注意安全后门在打开
2017-12-20 16:28:48,873 - 注意安全前门在打开
2017-12-20 16:28:48,924 - 注意安全后门在打开
2017-12-20 16:28:48,944 - 注意安全前门在打开
2017-12-20 16:28:49,023 - 注意安全后门在打开
2017-12-20 16:28:49,033 - 注意安全前门在打开
2017-12-20 16:28:49,084 - 注意安全后门在打开
2017-12-20 16:28:49,094 - 注意安全前门在打开
2017-12-20 16:28:49,144 - 注意安全后门在打开
2017-12-20 16:28:49,153 - 注意安全前门在打开
2017-12-20 16:28:49,233 - 注意安全后门在打开
2017-12-20 16:28:49,263 - 注意安全前门在打开
2017-12-20 16:28:49,334 - 注意安全后门在打开
2017-12-20 16:28:49,344 - 注意安全前门在打开
2017-12-20 16:28:49,404 - 注意安全后门在打开
2017-12-20 16:28:49,414 - 注意安全前门在打开
2017-12-20 16:28:49,463 - 注意安全后门在打开
2017-12-20 16:28:49,473 - 注意安全前门在打开
2017-12-20 16:28:49,534 - 注意安全后门在打开
2017-12-20 16:28:49,534 - 注意安全前门在打开
2017-12-20 16:28:49,584 - 注意安全后门在打开
2017-12-20 16:28:49,593 - 注意安全前门在打开
2017-12-20 16:28:49,664 - 注意安全后门在打开
2017-12-20 16:28:49,684 - 注意安全前门在打开
2017-12-20 16:28:49,743 - 注意安全后门在打开
2017-12-20 16:28:49,753 - 注意安全前门在打开
2017-12-20 16:28:49,844 - 注意安全后门在打开
2017-12-20 16:28:49,854 - 注意安全前门在打开
2017-12-20 16:28:49,924 - 注意安全后门在打开
2017-12-20 16:28:49,934 - 注意安全前门在打开
2017-12-20 16:28:49,993 - 注意安全后门在打开
2017-12-20 16:28:49,993 - 注意安全前门在打开
2017-12-20 16:28:50,063 - 注意安全后门在打开
2017-12-20 16:28:50,063 - 注意安全前门在打开
2017-12-20 16:28:50,144 - 注意安全后门在打开
2017-12-20 16:28:50,164 - 注意安全前门在打开
2017-12-20 16:28:50,233 - 注意安全后门在打开
2017-12-20 16:28:50,243 - 注意安全前门在打开
2017-12-20 16:28:50,254 - timed out
2017-12-20 16:28:50,313 - 注意安全后门在打开
2017-12-20 16:28:50,344 - 注意安全前门在打开
2017-12-20 16:28:50,404 - 注意安全后门在打开
2017-12-20 16:28:50,404 - 注意安全前门在打开
2017-12-20 16:28:50,463 - 注意安全后门在打开
2017-12-20 16:28:50,473 - 注意安全前门在打开
2017-12-20 16:28:50,543 - 注意安全后门在打开
2017-12-20 16:28:50,543 - 注意安全前门在打开
2017-12-20 16:28:50,604 - 注意安全后门在打开
2017-12-20 16:28:50,614 - 注意安全前门在打开
2017-12-20 16:28:50,694 - 注意安全后门在打开
2017-12-20 16:28:50,703 - 注意安全前门在打开
2017-12-20 16:28:50,763 - 注意安全后门在打开
2017-12-20 16:28:50,763 - 注意安全前门在打开
2017-12-20 16:28:50,823 - 注意安全后门在打开
2017-12-20 16:28:50,833 - 注意安全前门在打开
2017-12-20 16:28:50,904 - 注意安全后门在打开
2017-12-20 16:28:50,904 - 注意安全前门在打开
2017-12-20 16:28:50,953 - 注意安全后门在打开
2017-12-20 16:28:50,953 - 注意安全前门在打开
2017-12-20 16:28:51,003 - 注意安全后门在打开
2017-12-20 16:28:51,014 - 注意安全前门在打开
2017-12-20 16:28:51,084 - 注意安全后门在打开
2017-12-20 16:28:51,094 - 注意安全前门在打开
2017-12-20 16:28:51,153 - 注意安全后门在打开
2017-12-20 16:28:51,153 - 注意安全前门在打开
2017-12-20 16:28:51,214 - 注意安全后门在打开
2017-12-20 16:28:51,214 - 注意安全前门在打开
2017-12-20 16:28:51,294 - 注意安全后门在打开
2017-12-20 16:28:51,323 - 注意安全前门在打开
2017-12-20 16:28:51,404 - 注意安全后门在打开
2017-12-20 16:28:51,404 - 注意安全前门在打开
2017-12-20 16:28:51,454 - 注意安全后门在打开
2017-12-20 16:28:51,463 - 注意安全前门在打开
2017-12-20 16:28:51,534 - 注意安全后门在打开
2017-12-20 16:28:51,543 - 注意安全前门在打开
2017-12-20 16:28:51,624 - 注意安全后门在打开
2017-12-20 16:28:51,624 - 注意安全前门在打开
2017-12-20 16:28:51,684 - 注意安全后门在打开
2017-12-20 16:28:51,684 - 注意安全前门在打开
2017-12-20 16:28:51,743 - 注意安全后门在打开
2017-12-20 16:28:51,753 - 注意安全前门在打开
2017-12-20 16:28:51,833 - 注意安全后门在打开
2017-12-20 16:28:51,844 - 注意安全前门在打开
2017-12-20 16:28:51,904 - 注意安全后门在打开
2017-12-20 16:28:51,904 - 注意安全前门在打开
2017-12-20 16:28:51,974 - 注意安全后门在打开
2017-12-20 16:28:51,983 - 注意安全前门在打开
2017-12-20 16:28:52,033 - 注意安全后门在打开
2017-12-20 16:28:52,054 - 注意安全前门在打开
2017-12-20 16:28:52,124 - 注意安全后门在打开
2017-12-20 16:28:52,124 - 注意安全前门在打开
2017-12-20 16:28:52,184 - 注意安全后门在打开
2017-12-20 16:28:52,193 - 注意安全前门在打开
2017-12-20 16:28:52,254 - timed out
2017-12-20 16:28:52,273 - 注意安全后门在打开
2017-12-20 16:28:52,273 - 注意安全前门在打开
2017-12-20 16:28:52,344 - 注意安全后门在打开
2017-12-20 16:28:52,364 - 注意安全前门在打开
2017-12-20 16:28:52,433 - 注意安全后门在打开
2017-12-20 16:28:52,444 - 注意安全前门在打开
2017-12-20 16:28:52,494 - 注意安全后门在打开
2017-12-20 16:28:52,513 - 注意安全前门在打开
2017-12-20 16:28:52,553 - ThreadID1:Initialize sequence tree
2017-12-20 16:28:52,593 - 注意安全后门在打开
2017-12-20 16:28:52,624 - 注意安全前门在打开
2017-12-20 16:28:52,694 - ZMQ Server Start, Port: 5555
2017-12-20 16:28:52,694 - 注意安全后门在打开
2017-12-20 16:28:52,763 - 注意安全前门在打开
2017-12-20 16:28:53,014 - 注意安全后门在打开
2017-12-20 16:28:53,023 - 注意安全前门在打开
2017-12-20 16:28:53,124 - 注意安全后门在打开
2017-12-20 16:28:53,124 - 注意安全前门在打开
2017-12-20 16:28:53,184 - 注意安全后门在打开
2017-12-20 16:28:53,184 - 注意安全前门在打开
2017-12-20 16:28:53,254 - 注意安全后门在打开
2017-12-20 16:28:53,254 - 注意安全前门在打开
2017-12-20 16:28:53,313 - 注意安全后门在打开
2017-12-20 16:28:53,313 - 注意安全前门在打开
2017-12-20 16:28:53,384 - 注意安全后门在打开
2017-12-20 16:28:53,404 - 注意安全前门在打开
2017-12-20 16:28:53,604 - 注意安全后门在打开
2017-12-20 16:28:53,624 - 注意安全前门在打开
2017-12-20 16:28:53,694 - 注意安全后门在打开
2017-12-20 16:28:53,694 - 注意安全前门在打开
2017-12-20 16:28:53,803 - 注意安全后门在打开
2017-12-20 16:28:53,803 - 注意安全前门在打开
2017-12-20 16:28:53,884 - 注意安全后门在打开
2017-12-20 16:28:53,884 - 注意安全前门在打开
2017-12-20 16:28:54,043 - 注意安全后门在打开
2017-12-20 16:28:54,164 - 注意安全前门在打开
2017-12-20 16:28:54,254 - timed out
2017-12-20 16:28:54,384 - 注意安全后门在打开
2017-12-20 16:28:54,424 - 注意安全前门在打开
2017-12-20 16:28:54,563 - 注意安全后门在打开
2017-12-20 16:28:54,654 - 注意安全前门在打开
2017-12-20 16:28:54,823 - 注意安全后门在打开
2017-12-20 16:28:54,894 - 注意安全前门在打开
2017-12-20 16:28:55,033 - 注意安全后门在打开
2017-12-20 16:28:55,063 - 注意安全前门在打开
2017-12-20 16:28:55,144 - 注意安全后门在打开
2017-12-20 16:28:55,144 - 注意安全前门在打开
2017-12-20 16:28:55,214 - 注意安全后门在打开
2017-12-20 16:28:55,214 - 注意安全前门在打开
2017-12-20 16:28:55,444 - 注意安全后门在打开
2017-12-20 16:28:55,523 - 注意安全前门在打开
2017-12-20 16:28:55,694 - 注意安全后门在打开
2017-12-20 16:28:55,703 - 注意安全前门在打开
2017-12-20 16:28:55,803 - 注意安全后门在打开
2017-12-20 16:28:55,944 - 注意安全前门在打开
2017-12-20 16:28:56,134 - 注意安全后门在打开
2017-12-20 16:28:56,164 - 注意安全前门在打开
2017-12-20 16:28:56,263 - timed out
2017-12-20 16:28:56,424 - 注意安全后门在打开
2017-12-20 16:28:56,473 - 注意安全前门在打开
2017-12-20 16:28:56,654 - 注意安全后门在打开
2017-12-20 16:28:56,664 - 注意安全前门在打开
2017-12-20 16:28:56,763 - 注意安全后门在打开
2017-12-20 16:28:56,803 - 注意安全前门在打开
2017-12-20 16:28:57,283 - 注意安全后门在打开
2017-12-20 16:28:57,283 - 注意安全前门在打开
2017-12-20 16:28:57,753 - 注意安全后门在打开
2017-12-20 16:28:57,774 - 注意安全前门在打开
2017-12-20 16:28:58,263 - timed out
2017-12-20 16:28:58,334 - 注意安全后门在打开
2017-12-20 16:28:58,334 - 注意安全前门在打开
2017-12-20 16:28:58,823 - 注意安全后门在打开
2017-12-20 16:28:58,823 - 注意安全前门在打开
2017-12-20 16:28:59,323 - 注意安全后门在打开
2017-12-20 16:28:59,334 - 注意安全前门在打开
2017-12-20 16:28:59,803 - 注意安全后门在打开
2017-12-20 16:28:59,823 - 注意安全前门在打开
2017-12-20 16:29:00,294 - timed out
2017-12-20 16:29:00,313 - 注意安全后门在打开
2017-12-20 16:29:00,313 - 注意安全前门在打开
2017-12-20 16:29:02,313 - timed out
2017-12-20 16:29:04,323 - timed out
2017-12-20 16:29:06,344 - timed out
2017-12-20 16:29:08,353 - timed out
2017-12-20 16:29:10,353 - timed out
2017-12-20 16:29:12,374 - timed out
2017-12-20 16:29:14,393 - timed out
2017-12-20 16:29:15,793 - 注意安全后门在打开
2017-12-20 16:29:15,854 - 注意安全前门在打开
2017-12-20 16:29:16,364 - 注意安全后门在打开
2017-12-20 16:29:16,393 - timed out
2017-12-20 16:29:16,414 - 注意安全前门在打开
2017-12-20 16:29:16,884 - 注意安全后门在打开
2017-12-20 16:29:16,904 - 注意安全前门在打开
2017-12-20 16:29:17,654 - 注意安全后门在打开
2017-12-20 16:29:17,734 - 注意安全前门在打开
2017-12-20 16:29:18,404 - timed out
2017-12-20 16:29:18,513 - 注意安全后门在打开
2017-12-20 16:29:18,624 - 注意安全前门在打开
2017-12-20 16:29:19,303 - 注意安全后门在打开
2017-12-20 16:29:19,323 - 注意安全前门在打开
2017-12-20 16:29:19,904 - 注意安全后门在打开
2017-12-20 16:29:19,953 - 注意安全前门在打开
2017-12-20 16:29:20,424 - timed out
2017-12-20 16:29:20,654 - 注意安全后门在打开
2017-12-20 16:29:20,713 - 注意安全前门在打开
2017-12-20 16:29:21,323 - 注意安全后门在打开
2017-12-20 16:29:21,414 - 注意安全前门在打开
2017-12-20 16:29:22,444 - timed out
2017-12-20 16:29:24,473 - timed out
2017-12-20 16:29:26,523 - timed out
2017-12-20 16:29:28,543 - timed out
2017-12-20 16:29:30,553 - timed out
2017-12-20 16:29:32,563 - timed out
2017-12-20 16:29:34,593 - timed out
2017-12-20 16:29:36,593 - timed out
2017-12-20 16:29:38,604 - timed out
2017-12-20 16:29:40,614 - timed out
2017-12-20 16:29:42,614 - timed out
2017-12-20 16:29:44,624 - timed out
2017-12-20 16:29:46,633 - timed out
2017-12-20 16:29:48,644 - timed out
2017-12-20 16:29:50,644 - timed out
2017-12-20 16:32:45,085 - Administrator login
2017-12-20 16:32:45,365 - Initialize UI
2017-12-20 16:32:47,744 - Initialize sequence table
2017-12-20 16:32:58,585 - ThreadID1:Initialize sequence tree
2017-12-20 16:32:58,644 - ZMQ Server Start, Port: 5555
2017-12-20 16:35:37,615 - timed out
2017-12-20 16:35:39,686 - timed out
2017-12-20 16:35:41,686 - timed out
2017-12-20 16:35:43,696 - timed out
2017-12-20 16:35:45,726 - timed out
2017-12-20 16:35:47,796 - timed out
2017-12-20 16:35:49,815 - timed out
2017-12-20 16:35:51,835 - timed out
2017-12-20 16:35:53,835 - timed out
2017-12-20 16:35:55,905 - timed out
2017-12-20 16:35:57,966 - timed out
2017-12-20 16:35:59,985 - timed out
2017-12-20 16:36:02,055 - timed out
2017-12-20 16:36:04,095 - timed out
2017-12-20 16:36:06,126 - timed out
2017-12-20 16:36:08,145 - timed out
2017-12-20 16:36:10,176 - timed out
2017-12-20 16:36:12,206 - timed out
2017-12-20 16:36:14,216 - timed out
2017-12-20 16:36:16,225 - timed out
2017-12-20 16:36:16,456 - 安全光栅被遮住
2017-12-20 16:36:17,055 - 安全光栅被遮住
2017-12-20 16:36:17,676 - 安全光栅被遮住
2017-12-20 16:36:18,256 - timed out
2017-12-20 16:36:18,286 - 安全光栅被遮住
2017-12-20 16:36:18,886 - 安全光栅被遮住
2017-12-20 16:36:19,545 - 安全光栅被遮住
2017-12-20 16:36:20,246 - 安全光栅被遮住
2017-12-20 16:36:20,296 - timed out
2017-12-20 16:36:20,895 - 安全光栅被遮住
2017-12-20 16:36:21,536 - 安全光栅被遮住
2017-12-20 16:36:22,065 - 安全光栅被遮住
2017-12-20 16:36:22,296 - timed out
2017-12-20 16:36:22,646 - 安全光栅被遮住
2017-12-20 16:36:23,276 - 安全光栅被遮住
2017-12-20 16:36:23,895 - 安全光栅被遮住
2017-12-20 16:36:24,305 - timed out
2017-12-20 16:36:24,465 - 安全光栅被遮住
2017-12-20 16:36:25,095 - 安全光栅被遮住
2017-12-20 16:36:25,846 - 安全光栅被遮住
2017-12-20 16:36:26,315 - timed out
2017-12-20 16:36:28,345 - timed out
2017-12-20 16:36:33,655 - timed out
2017-12-20 16:36:35,276 - 安全光栅被遮住
2017-12-20 16:36:35,815 - 安全光栅被遮住
2017-12-20 16:36:36,345 - 安全光栅被遮住
2017-12-20 16:36:36,846 - 安全光栅被遮住
2017-12-20 16:36:37,395 - 安全光栅被遮住
2017-12-20 16:36:38,055 - 安全光栅被遮住
2017-12-20 16:36:38,905 - 安全光栅被遮住
2017-12-20 16:36:39,705 - 安全光栅被遮住
2017-12-20 16:36:40,496 - 安全光栅被遮住
2017-12-20 16:36:41,176 - 安全光栅被遮住
2017-12-20 16:36:41,996 - 安全光栅被遮住
2017-12-20 16:36:42,846 - 安全光栅被遮住
2017-12-20 16:36:43,865 - 安全光栅被遮住
2017-12-20 16:36:44,846 - 安全光栅被遮住
2017-12-20 16:36:45,545 - 安全光栅被遮住
2017-12-20 16:36:46,225 - 安全光栅被遮住
2017-12-20 16:36:46,926 - 安全光栅被遮住
2017-12-20 16:36:47,555 - 安全光栅被遮住
2017-12-20 16:36:48,105 - 安全光栅被遮住
2017-12-20 16:36:48,595 - 安全光栅被遮住
2017-12-20 16:36:49,065 - 安全光栅被遮住
2017-12-20 16:36:49,536 - 安全光栅被遮住
