2017-10-23 13:29:46,269 - Administrator login
2017-10-23 13:29:46,534 - Initialize UI
2017-10-23 13:29:46,597 - Initialize sequence table
2017-10-23 13:29:46,644 - Load sequence
2017-10-23 13:29:46,659 - Initialize sequence tree
2017-10-23 13:29:47,144 - ZMQ Server Start, Port: 5555
2017-10-23 13:29:47,144 - Connect PLC OK!
2017-10-23 13:44:14,613 - Start test
2017-10-23 13:44:16,801 - Test item: function1
2017-10-23 13:44:16,801 - function1 result:[0.5, 0.5]
2017-10-23 13:44:16,801 - Skip item: function2
2017-10-23 13:44:16,801 - function2 result:[None]
2017-10-23 13:44:17,317 - Test item: function3
2017-10-23 13:44:17,317 - function3 result:[0]
2017-10-23 13:44:17,317 - Skip item: function4
2017-10-23 13:44:17,317 - function4 result:[None]
2017-10-23 13:44:17,833 - Test item: function5
2017-10-23 13:44:17,833 - function5 result:[0.5]
2017-10-23 13:44:18,348 - Test item: function6
2017-10-23 13:44:18,348 - function6 result:[0.5]
2017-10-23 13:44:18,864 - Test item: function7
2017-10-23 13:44:18,864 - function7 result:[0.5]
2017-10-23 13:44:19,380 - Test item: function8
2017-10-23 13:44:19,380 - function8 result:[0.9]
2017-10-23 13:44:19,894 - Test item: function9
2017-10-23 13:44:19,894 - function9 result:[0.9]
2017-10-23 13:44:19,910 - total time£º 5.11
2017-10-23 14:31:57,254 - Enable step test
2017-10-23 14:31:58,270 - Disable step test
2017-10-23 14:31:59,722 - Enable loop test
2017-10-23 14:32:00,535 - Disable loop test
2017-10-23 16:02:49,870 - Administrator login
2017-10-23 16:02:50,136 - Initialize UI
2017-10-23 16:02:50,230 - Initialize sequence table
2017-10-23 16:02:50,245 - Load sequence
2017-10-23 16:02:50,245 - Initialize sequence tree
2017-10-23 16:02:51,370 - ZMQ Server Start, Port: 5555
2017-10-23 16:02:51,370 - Connect PLC OK!
2017-10-23 16:07:23,511 - Administrator login
2017-10-23 16:07:23,605 - Initialize UI
2017-10-23 16:07:23,636 - Initialize sequence table
2017-10-23 16:07:23,667 - Load sequence
2017-10-23 16:07:23,667 - Initialize sequence tree
2017-10-23 16:07:23,777 - Connect PLC OK!
2017-10-23 16:07:24,886 - ZMQ Server Start, Port: 5555
2017-10-23 16:21:27,183 - Administrator login
2017-10-23 16:21:27,714 - Initialize UI
2017-10-23 16:21:27,777 - Initialize sequence table
2017-10-23 16:21:27,777 - Load sequence
2017-10-23 16:21:27,777 - Initialize sequence tree
2017-10-23 16:21:27,808 - Connect PLC OK!
2017-10-23 16:21:29,683 - ZMQ Server Start, Port: 5555
2017-10-23 16:23:32,372 - Administrator login
2017-10-23 16:23:32,637 - Initialize UI
2017-10-23 16:23:32,685 - Initialize sequence table
2017-10-23 16:23:32,747 - Load sequence
2017-10-23 16:23:32,747 - Initialize sequence tree
2017-10-23 16:23:32,950 - ZMQ Server Start, Port: 5555
2017-10-23 16:23:32,965 - Connect PLC OK!
2017-10-23 16:38:26,810 - Administrator login
2017-10-23 16:38:27,075 - Initialize UI
2017-10-23 16:38:27,122 - Initialize sequence table
2017-10-23 16:38:27,137 - Load sequence
2017-10-23 16:38:27,153 - Initialize sequence tree
2017-10-23 16:38:27,168 - Connect PLC OK!
2017-10-23 16:38:28,232 - ZMQ Server Start, Port: 5555
2017-10-23 16:40:05,045 - Administrator login
2017-10-23 16:40:05,293 - Initialize UI
2017-10-23 16:40:05,357 - Initialize sequence table
2017-10-23 16:40:05,372 - Load sequence
2017-10-23 16:40:05,372 - Initialize sequence tree
2017-10-23 16:40:06,168 - ZMQ Server Start, Port: 5555
2017-10-23 16:40:06,168 - Connect PLC OK!
2017-10-23 16:46:14,717 - Administrator login
2017-10-23 16:46:14,920 - Initialize UI
2017-10-23 16:46:14,983 - Initialize sequence table
2017-10-23 16:46:14,983 - Load sequence
2017-10-23 16:46:15,014 - Initialize sequence tree
2017-10-23 16:46:15,076 - Connect PLC OK!
2017-10-23 16:46:15,108 - ZMQ Server Start, Port: 5555
2017-10-23 16:46:26,328 - Administrator login
2017-10-23 16:46:26,545 - Initialize UI
2017-10-23 16:46:26,577 - Initialize sequence table
2017-10-23 16:46:26,608 - Load sequence
2017-10-23 16:46:26,608 - Initialize sequence tree
2017-10-23 16:46:26,655 - Connect PLC OK!
2017-10-23 16:46:26,701 - ZMQ Server Start, Port: 5555
2017-10-23 16:48:01,656 - Administrator login
2017-10-23 16:48:01,858 - Initialize UI
2017-10-23 16:48:01,936 - Initialize sequence table
2017-10-23 16:48:01,936 - Load sequence
2017-10-23 16:48:01,936 - Initialize sequence tree
2017-10-23 16:48:01,967 - Connect PLC OK!
2017-10-23 16:48:02,045 - ZMQ Server Start, Port: 5555
2017-10-23 16:48:49,670 - Administrator login
2017-10-23 16:48:49,842 - Initialize UI
2017-10-23 16:48:49,905 - Initialize sequence table
2017-10-23 16:48:49,905 - Load sequence
2017-10-23 16:48:49,905 - Initialize sequence tree
2017-10-23 16:48:49,983 - ZMQ Server Start, Port: 5555
2017-10-23 16:48:49,983 - Connect PLC OK!
2017-10-23 17:08:41,061 - Administrator login
2017-10-23 17:08:41,264 - Initialize UI
2017-10-23 17:08:41,311 - Initialize sequence table
2017-10-23 17:08:41,326 - Load sequence
2017-10-23 17:08:49,373 - Administrator login
2017-10-23 17:08:49,467 - Initialize UI
2017-10-23 17:08:49,498 - Initialize sequence table
2017-10-23 17:08:49,514 - Load sequence
2017-10-23 17:08:49,514 - Initialize sequence tree
2017-10-23 17:08:49,530 - Connect PLC OK!
2017-10-23 17:08:49,639 - ZMQ Server Start, Port: 5555
2017-10-23 17:28:30,453 - Administrator login
2017-10-23 17:28:30,623 - Initialize UI
2017-10-23 17:28:30,717 - Initialize sequence table
2017-10-23 17:28:30,748 - Load sequence
2017-10-23 17:28:30,748 - Initialize sequence tree
2017-10-23 17:28:44,827 - Administrator login
2017-10-23 17:28:45,014 - Initialize UI
2017-10-23 17:28:45,077 - Initialize sequence table
2017-10-23 17:28:45,077 - Load sequence
2017-10-23 17:28:45,077 - Initialize sequence tree
2017-10-23 17:29:26,828 - Administrator login
2017-10-23 17:29:27,061 - Initialize UI
2017-10-23 17:29:27,109 - Initialize sequence table
2017-10-23 17:29:27,109 - Load sequence
2017-10-23 17:29:27,125 - Initialize sequence tree
2017-10-23 17:34:22,686 - Administrator login
2017-10-23 17:34:22,905 - Initialize UI
2017-10-23 17:34:22,998 - Initialize sequence table
2017-10-23 17:34:22,998 - Load sequence
2017-10-23 17:34:22,998 - Initialize sequence tree
2017-10-23 17:35:30,201 - Administrator login
2017-10-23 17:35:30,451 - Initialize UI
2017-10-23 17:35:30,514 - Initialize sequence table
2017-10-23 17:35:30,530 - Load sequence
2017-10-23 17:35:30,530 - Initialize sequence tree
2017-10-23 17:35:42,905 - Administrator login
2017-10-23 17:35:43,186 - Initialize UI
2017-10-23 17:35:43,233 - Initialize sequence table
2017-10-23 17:35:43,248 - Load sequence
2017-10-23 17:35:43,248 - Initialize sequence tree
2017-10-23 17:35:43,280 - Connect PLC OK!
2017-10-23 17:35:43,358 - ZMQ Server Start, Port: 5555
2017-10-23 17:35:58,295 - Administrator login
2017-10-23 17:35:58,655 - Initialize UI
2017-10-23 17:35:58,873 - Initialize sequence table
2017-10-23 17:35:58,873 - Load sequence
2017-10-23 17:35:58,873 - Initialize sequence tree
2017-10-23 17:35:58,905 - Connect PLC OK!
2017-10-23 17:35:58,983 - ZMQ Server Start, Port: 5555
2017-10-23 17:38:42,326 - Administrator login
2017-10-23 17:38:42,451 - Initialize UI
2017-10-23 17:38:42,498 - Initialize sequence table
2017-10-23 17:38:42,514 - Load sequence
2017-10-23 17:38:42,514 - Initialize sequence tree
2017-10-23 17:38:42,545 - Connect PLC OK!
2017-10-23 17:38:42,670 - ZMQ Server Start, Port: 5555
2017-10-23 17:39:23,780 - Administrator login
2017-10-23 17:39:23,936 - Initialize UI
2017-10-23 17:39:23,967 - Initialize sequence table
2017-10-23 17:39:23,983 - Load sequence
2017-10-23 17:39:23,983 - Initialize sequence tree
2017-10-23 17:39:23,998 - Connect PLC OK!
2017-10-23 17:39:24,139 - ZMQ Server Start, Port: 5555
2017-10-23 17:39:36,030 - Administrator login
2017-10-23 17:39:36,170 - Initialize UI
2017-10-23 17:39:36,217 - Initialize sequence table
2017-10-23 17:39:36,233 - Load sequence
2017-10-23 17:39:36,233 - Initialize sequence tree
2017-10-23 17:39:36,264 - Connect PLC OK!
2017-10-23 17:39:36,405 - ZMQ Server Start, Port: 5555
2017-10-23 17:41:12,421 - Administrator login
2017-10-23 17:41:12,561 - Initialize UI
2017-10-23 17:41:12,639 - Initialize sequence table
2017-10-23 17:41:12,655 - Load sequence
2017-10-23 17:41:12,655 - Initialize sequence tree
2017-10-23 17:41:12,701 - Connect PLC OK!
2017-10-23 17:41:12,780 - ZMQ Server Start, Port: 5555
2017-10-23 17:41:55,467 - Administrator login
2017-10-23 17:41:55,733 - Initialize UI
2017-10-23 17:41:55,766 - Initialize sequence table
2017-10-23 17:41:55,780 - Load sequence
2017-10-23 17:41:55,780 - Initialize sequence tree
2017-10-23 17:41:55,858 - ZMQ Server Start, Port: 5555
2017-10-23 17:41:55,858 - Connect PLC OK!
2017-10-23 17:42:42,561 - Administrator login
2017-10-23 17:42:42,733 - Initialize UI
2017-10-23 17:42:42,780 - Initialize sequence table
2017-10-23 17:42:42,780 - Load sequence
2017-10-23 17:42:42,811 - Initialize sequence tree
2017-10-23 17:42:42,905 - Connect PLC OK!
2017-10-23 17:42:42,905 - ZMQ Server Start, Port: 5555
2017-10-23 17:43:45,467 - Administrator login
2017-10-23 17:43:45,748 - Initialize UI
2017-10-23 17:43:45,780 - Initialize sequence table
2017-10-23 17:43:45,795 - Load sequence
2017-10-23 17:43:45,795 - Initialize sequence tree
2017-10-23 17:43:45,842 - ZMQ Server Start, Port: 5555
2017-10-23 17:43:45,842 - Connect PLC OK!
2017-10-23 17:43:50,202 - Start test
2017-10-23 17:43:52,280 - Test item: function1
2017-10-23 17:43:52,280 - function1 result:[0.5, 0.5]
2017-10-23 17:43:52,280 - Skip item: function2
2017-10-23 17:43:52,280 - function2 result:[None]
2017-10-23 17:43:52,812 - Test item: function3
2017-10-23 17:43:52,812 - function3 result:[0]
2017-10-23 17:43:52,812 - Skip item: function4
2017-10-23 17:43:52,812 - function4 result:[None]
2017-10-23 17:43:53,343 - Test item: function5
2017-10-23 17:43:53,343 - function5 result:[0.5]
2017-10-23 17:43:53,859 - Test item: function6
2017-10-23 17:43:53,859 - function6 result:[0.5]
2017-10-23 17:43:54,374 - Test item: function7
2017-10-23 17:43:54,374 - function7 result:[0.5]
2017-10-23 17:43:54,890 - Test item: function8
2017-10-23 17:43:54,890 - function8 result:[0.9]
2017-10-23 17:43:55,406 - Test item: function9
2017-10-23 17:43:55,406 - function9 result:[0.9]
2017-10-23 17:43:55,420 - total time£º 5.16
