2017-12-16 09:08:54,092 - Administrator login
2017-12-16 09:08:54,151 - Initialize UI
2017-12-16 09:08:56,142 - Initialize sequence table
2017-12-16 09:08:56,542 - ThreadID1:Initialize sequence tree
2017-12-16 09:08:56,871 - ZMQ Server Start, Port: 5555
2017-12-16 09:18:33,992 - Administrator login
2017-12-16 09:18:34,032 - Initialize UI
2017-12-16 09:18:35,732 - Initialize sequence table
2017-12-16 09:18:35,772 - ThreadID1:Initialize sequence tree
2017-12-16 09:18:36,182 - ZMQ Server Start, Port: 5555
2017-12-16 09:20:15,822 - Administrator login
2017-12-16 09:20:15,902 - Initialize UI
2017-12-16 09:20:17,582 - Initialize sequence table
2017-12-16 09:20:17,631 - ThreadID1:Initialize sequence tree
2017-12-16 09:20:17,772 - ZMQ Server Start, Port: 5555
2017-12-16 09:20:45,691 - Administrator login
2017-12-16 09:20:45,721 - Initialize UI
2017-12-16 09:20:47,401 - Initialize sequence table
2017-12-16 09:20:47,441 - ThreadID1:Initialize sequence tree
2017-12-16 09:20:47,521 - ZMQ Server Start, Port: 5555
