2017-10-30 09:15:56,177 - Administrator login
2017-10-30 09:15:56,224 - Initialize UI
2017-10-30 09:15:56,255 - Initialize sequence table
2017-10-30 09:15:56,271 - Load sequence
2017-10-30 09:15:56,271 - Initialize sequence tree
2017-10-30 09:15:56,286 - Connect PLC OK!
2017-10-30 09:15:56,302 - ZMQ Server Start, Port: 5555
2017-10-30 09:16:06,005 - Start test
2017-10-30 09:16:08,017 - Test item: function1
2017-10-30 09:16:08,017 - function1 result:[0.5, 0.5]
2017-10-30 09:16:08,017 - Skip item: function2
2017-10-30 09:16:08,017 - function2 result:[None]
2017-10-30 09:16:08,532 - Test item: function3
2017-10-30 09:16:08,532 - function3 result:[0]
2017-10-30 09:16:08,532 - Skip item: function4
2017-10-30 09:16:08,532 - function4 result:[None]
2017-10-30 09:16:09,047 - Test item: function5
2017-10-30 09:16:09,047 - function5 result:[0.5]
2017-10-30 09:16:09,562 - Test item: function6
2017-10-30 09:16:09,562 - function6 result:[0.5]
2017-10-30 09:16:10,077 - Test item: function7
2017-10-30 09:16:10,077 - function7 result:[0.5]
2017-10-30 09:16:10,592 - Test item: function8
2017-10-30 09:16:10,592 - function8 result:[0.9]
2017-10-30 09:16:11,106 - Test item: function9
2017-10-30 09:16:11,106 - function9 result:[0.9]
2017-10-30 09:16:11,106 - total time£º 5.07
2017-10-30 09:16:14,835 - Start test
2017-10-30 09:16:16,863 - Test item: function1
2017-10-30 09:16:16,863 - function1 result:[0.5, 0.5]
2017-10-30 09:16:16,863 - Skip item: function2
2017-10-30 09:16:16,863 - function2 result:[None]
2017-10-30 09:16:17,377 - Test item: function3
2017-10-30 09:16:17,377 - function3 result:[0]
2017-10-30 09:16:17,377 - Skip item: function4
2017-10-30 09:16:17,377 - function4 result:[None]
2017-10-30 09:16:17,892 - Test item: function5
2017-10-30 09:16:17,892 - function5 result:[0.5]
2017-10-30 09:16:18,407 - Test item: function6
2017-10-30 09:16:18,407 - function6 result:[0.5]
2017-10-30 09:16:18,922 - Test item: function7
2017-10-30 09:16:18,922 - function7 result:[0.5]
2017-10-30 09:16:19,437 - Test item: function8
2017-10-30 09:16:19,437 - function8 result:[0.9]
2017-10-30 09:16:19,951 - Test item: function9
2017-10-30 09:16:19,951 - function9 result:[0.9]
2017-10-30 09:16:19,951 - total time£º 5.07
2017-10-30 09:35:06,463 - Administrator login
2017-10-30 09:35:06,540 - Initialize UI
2017-10-30 09:35:06,572 - Initialize sequence table
2017-10-30 09:35:06,603 - Load sequence
2017-10-30 09:35:06,603 - Initialize sequence tree
2017-10-30 09:35:06,618 - Connect PLC OK!
2017-10-30 09:35:06,650 - ZMQ Server Start, Port: 5555
2017-10-30 09:45:18,764 - Start test
2017-10-30 09:45:20,792 - Test item: function1
2017-10-30 09:45:20,792 - function1 result:[0.5, 0.5]
2017-10-30 09:45:20,792 - Skip item: function2
2017-10-30 09:45:20,792 - function2 result:[None]
2017-10-30 09:45:21,307 - Test item: function3
2017-10-30 09:45:21,307 - function3 result:[0]
2017-10-30 09:45:21,307 - Skip item: function4
2017-10-30 09:45:21,307 - function4 result:[None]
2017-10-30 09:45:21,822 - Test item: function5
2017-10-30 09:45:21,822 - function5 result:[0.5]
2017-10-30 09:45:22,336 - Test item: function6
2017-10-30 09:45:22,336 - function6 result:[0.5]
2017-10-30 09:45:22,851 - Test item: function7
2017-10-30 09:45:22,851 - function7 result:[0.5]
2017-10-30 09:45:23,366 - Test item: function8
2017-10-30 09:45:23,366 - function8 result:[0.9]
2017-10-30 09:45:23,881 - Test item: function9
2017-10-30 09:45:23,881 - function9 result:[0.9]
2017-10-30 09:45:23,881 - total time£º 5.07
2017-10-30 09:46:14,727 - Reload scripts
2017-10-30 09:46:14,727 - reload test script ok
2017-10-30 09:46:14,743 - reload auto script ok
2017-10-30 09:46:15,273 - Reload scripts
2017-10-30 09:46:15,273 - reload test script ok
2017-10-30 09:46:15,273 - reload auto script ok
2017-10-30 09:46:15,445 - Reload scripts
2017-10-30 09:46:15,445 - reload test script ok
2017-10-30 09:46:15,461 - reload auto script ok
2017-10-30 09:46:18,238 - Start test
2017-10-30 09:46:20,250 - Test item: function1
2017-10-30 09:46:20,250 - function1 result:[0.5, 0.5]
2017-10-30 09:46:20,250 - Skip item: function2
2017-10-30 09:46:20,250 - function2 result:[None]
2017-10-30 09:46:20,765 - Test item: function3
2017-10-30 09:46:20,765 - function3 result:[0]
2017-10-30 09:46:20,765 - Skip item: function4
2017-10-30 09:46:20,765 - function4 result:[None]
2017-10-30 09:46:21,279 - Test item: function5
2017-10-30 09:46:21,279 - function5 result:[0.5]
2017-10-30 09:46:21,794 - Test item: function6
2017-10-30 09:46:21,794 - function6 result:[0.5]
2017-10-30 09:46:22,309 - Test item: function7
2017-10-30 09:46:22,309 - function7 result:[0.5]
2017-10-30 09:46:22,824 - Test item: function8
2017-10-30 09:46:22,824 - function8 result:[0.9]
2017-10-30 09:46:23,339 - Test item: function9
2017-10-30 09:46:23,339 - function9 result:[0.9]
2017-10-30 09:46:23,339 - total time£º 5.07
2017-10-30 09:46:24,868 - Reload scripts
2017-10-30 09:46:24,868 - reload test script ok
2017-10-30 09:46:24,868 - reload auto script ok
2017-10-30 09:46:25,304 - Reload scripts
2017-10-30 09:46:25,304 - reload test script ok
2017-10-30 09:46:25,304 - reload auto script ok
2017-10-30 09:46:25,460 - Reload scripts
2017-10-30 09:46:25,460 - reload test script ok
2017-10-30 09:46:25,460 - reload auto script ok
2017-10-30 09:46:26,225 - Start test
2017-10-30 09:46:28,237 - Test item: function1
2017-10-30 09:46:28,237 - function1 result:[0.5, 0.5]
2017-10-30 09:46:28,237 - Skip item: function2
2017-10-30 09:46:28,237 - function2 result:[None]
2017-10-30 09:46:28,752 - Test item: function3
2017-10-30 09:46:28,752 - function3 result:[0]
2017-10-30 09:46:28,752 - Skip item: function4
2017-10-30 09:46:28,752 - function4 result:[None]
2017-10-30 09:46:29,267 - Test item: function5
2017-10-30 09:46:29,267 - function5 result:[0.5]
2017-10-30 09:46:29,782 - Test item: function6
2017-10-30 09:46:29,782 - function6 result:[0.5]
2017-10-30 09:46:30,296 - Test item: function7
2017-10-30 09:46:30,296 - function7 result:[0.5]
2017-10-30 09:46:30,827 - Test item: function8
2017-10-30 09:46:30,827 - function8 result:[0.9]
2017-10-30 09:46:31,373 - Test item: function9
2017-10-30 09:46:31,373 - function9 result:[0.9]
2017-10-30 09:46:31,373 - total time£º 5.09
2017-10-30 09:47:25,693 - Reload scripts
2017-10-30 09:47:25,693 - reload test script ok
2017-10-30 09:47:25,693 - reload auto script ok
2017-10-30 09:47:53,367 - Reload scripts
2017-10-30 09:47:53,367 - reload test script ok
2017-10-30 09:47:53,383 - reload auto script ok
2017-10-30 09:47:58,905 - Start test
2017-10-30 09:48:00,918 - Test item: function1
2017-10-30 09:48:00,918 - function1 result:[0.5, 0.5]
2017-10-30 09:48:00,918 - Skip item: function2
2017-10-30 09:48:00,918 - function2 result:[None]
2017-10-30 09:48:01,432 - Test item: function3
2017-10-30 09:48:01,432 - function3 result:[0]
2017-10-30 09:48:01,432 - Skip item: function4
2017-10-30 09:48:01,432 - function4 result:[None]
2017-10-30 09:48:01,947 - Test item: function5
2017-10-30 09:48:01,947 - function5 result:[0.5]
2017-10-30 09:48:02,462 - Test item: function6
2017-10-30 09:48:02,462 - function6 result:[0.5]
2017-10-30 09:48:02,977 - Test item: function7
2017-10-30 09:48:02,977 - function7 result:[0.5]
2017-10-30 09:48:03,492 - Test item: function8
2017-10-30 09:48:03,492 - function8 result:[0.9]
2017-10-30 09:48:04,006 - Test item: function9
2017-10-30 09:48:04,006 - function9 result:[0.9]
2017-10-30 09:48:04,006 - total time£º 5.07
2017-10-30 09:48:08,874 - Administrator login
2017-10-30 09:48:08,936 - Initialize UI
2017-10-30 09:48:08,952 - Initialize sequence table
2017-10-30 09:48:08,983 - Load sequence
2017-10-30 09:48:08,983 - Initialize sequence tree
2017-10-30 09:48:09,014 - ZMQ Server Start, Port: 5555
2017-10-30 09:48:09,014 - Connect PLC OK!
2017-10-30 09:48:11,229 - Start test
2017-10-30 09:48:11,354 - Test item: function1
2017-10-30 09:48:11,354 - function1 result:[0.5, 0.5]
2017-10-30 09:48:11,354 - Skip item: function2
2017-10-30 09:48:11,354 - function2 result:[None]
2017-10-30 09:48:11,869 - Test item: function3
2017-10-30 09:48:11,869 - function3 result:[0]
2017-10-30 09:48:11,869 - Skip item: function4
2017-10-30 09:48:11,884 - function4 result:[None]
2017-10-30 09:48:12,399 - Test item: function5
2017-10-30 09:48:12,399 - function5 result:[0.5]
2017-10-30 09:48:12,914 - Test item: function6
2017-10-30 09:48:12,914 - function6 result:[0.5]
2017-10-30 09:48:13,429 - Test item: function7
2017-10-30 09:48:13,429 - function7 result:[0.5]
2017-10-30 09:48:13,944 - Test item: function8
2017-10-30 09:48:13,944 - function8 result:[0.9]
2017-10-30 09:48:14,459 - Test item: function9
2017-10-30 09:48:14,459 - function9 result:[0.9]
2017-10-30 09:48:14,459 - total time£º 3.17
2017-10-30 15:57:13,723 - Administrator login
2017-10-30 15:57:13,879 - Initialize UI
2017-10-30 15:57:13,910 - Initialize sequence table
2017-10-30 15:57:13,957 - Load sequence
2017-10-30 15:57:13,957 - Initialize sequence tree
2017-10-30 15:57:13,973 - Connect PLC OK!
2017-10-30 15:57:13,988 - ZMQ Server Start, Port: 5555
2017-10-30 15:57:29,510 - Administrator login
2017-10-30 15:57:29,557 - Initialize UI
2017-10-30 15:57:29,588 - Initialize sequence table
2017-10-30 15:57:29,619 - Load sequence
2017-10-30 15:57:29,619 - Initialize sequence tree
2017-10-30 15:57:29,635 - Connect PLC OK!
2017-10-30 15:57:29,666 - ZMQ Server Start, Port: 5555
2017-10-30 16:07:06,505 - Administrator login
2017-10-30 16:07:06,568 - Initialize UI
2017-10-30 16:07:06,615 - Initialize sequence table
2017-10-30 16:07:06,630 - Load sequence
2017-10-30 16:07:06,630 - Initialize sequence tree
2017-10-30 16:07:06,662 - ZMQ Server Start, Port: 5555
2017-10-30 16:07:06,662 - Connect PLC OK!
2017-10-30 16:08:00,417 - Administrator login
2017-10-30 16:08:00,480 - Initialize UI
2017-10-30 16:08:00,495 - Initialize sequence table
2017-10-30 16:08:00,511 - Load sequence
2017-10-30 16:08:00,511 - Initialize sequence tree
2017-10-30 16:08:00,542 - ZMQ Server Start, Port: 5555
2017-10-30 16:08:00,542 - Connect PLC OK!
2017-10-30 16:08:15,471 - Administrator login
2017-10-30 16:08:15,534 - Initialize UI
2017-10-30 16:08:15,565 - Initialize sequence table
2017-10-30 16:08:15,580 - Load sequence
2017-10-30 16:08:15,580 - Initialize sequence tree
2017-10-30 16:08:15,596 - Connect PLC OK!
2017-10-30 16:08:15,611 - ZMQ Server Start, Port: 5555
2017-10-30 16:08:46,094 - Administrator login
2017-10-30 16:08:46,203 - Initialize UI
2017-10-30 16:08:46,234 - Initialize sequence table
2017-10-30 16:08:46,250 - Load sequence
2017-10-30 16:08:46,250 - Initialize sequence tree
2017-10-30 16:08:46,281 - ZMQ Server Start, Port: 5555
2017-10-30 16:08:46,281 - Connect PLC OK!
2017-10-30 16:09:18,542 - Administrator login
2017-10-30 16:09:18,589 - Initialize UI
2017-10-30 16:09:18,620 - Initialize sequence table
2017-10-30 16:09:18,635 - Load sequence
2017-10-30 16:09:18,635 - Initialize sequence tree
2017-10-30 16:09:18,651 - ZMQ Server Start, Port: 5555
2017-10-30 16:09:18,651 - Connect PLC OK!
2017-10-30 16:09:45,296 - Administrator login
2017-10-30 16:09:45,343 - Initialize UI
2017-10-30 16:09:45,374 - Initialize sequence table
2017-10-30 16:09:45,405 - Load sequence
2017-10-30 16:09:45,405 - Initialize sequence tree
2017-10-30 16:09:45,436 - ZMQ Server Start, Port: 5555
2017-10-30 16:09:45,436 - Connect PLC OK!
2017-10-30 16:10:02,908 - Administrator login
2017-10-30 16:10:02,971 - Initialize UI
2017-10-30 16:10:03,017 - Initialize sequence table
2017-10-30 16:10:03,033 - Load sequence
2017-10-30 16:10:03,033 - Initialize sequence tree
2017-10-30 16:10:03,064 - ZMQ Server Start, Port: 5555
2017-10-30 16:10:03,064 - Connect PLC OK!
2017-10-30 16:10:20,958 - Administrator login
2017-10-30 16:10:21,004 - Initialize UI
2017-10-30 16:10:21,036 - Initialize sequence table
2017-10-30 16:10:21,067 - Load sequence
2017-10-30 16:10:21,067 - Initialize sequence tree
2017-10-30 16:10:21,082 - Connect PLC OK!
2017-10-30 16:10:21,113 - ZMQ Server Start, Port: 5555
2017-10-30 16:13:20,904 - Administrator login
2017-10-30 16:13:20,950 - Initialize UI
2017-10-30 16:13:20,997 - Initialize sequence table
2017-10-30 16:13:20,997 - Load sequence
2017-10-30 16:13:21,013 - Initialize sequence tree
2017-10-30 16:13:21,028 - Connect PLC OK!
2017-10-30 16:13:21,028 - ZMQ Server Start, Port: 5555
2017-10-30 16:14:07,594 - Administrator login
2017-10-30 16:14:07,641 - Initialize UI
2017-10-30 16:14:07,672 - Initialize sequence table
2017-10-30 16:14:07,703 - Load sequence
2017-10-30 16:14:07,703 - Initialize sequence tree
2017-10-30 16:14:07,719 - Connect PLC OK!
2017-10-30 16:14:07,735 - ZMQ Server Start, Port: 5555
2017-10-30 16:16:01,142 - Administrator login
2017-10-30 16:16:01,204 - Initialize UI
2017-10-30 16:16:01,251 - Initialize sequence table
2017-10-30 16:16:01,298 - Load sequence
2017-10-30 16:16:01,298 - Initialize sequence tree
2017-10-30 16:16:01,329 - ZMQ Server Start, Port: 5555
2017-10-30 16:16:01,329 - Connect PLC OK!
2017-10-30 16:19:13,745 - Administrator login
2017-10-30 16:19:13,792 - Initialize UI
2017-10-30 16:19:13,823 - Initialize sequence table
2017-10-30 16:19:13,854 - Load sequence
2017-10-30 16:19:13,854 - Initialize sequence tree
2017-10-30 16:19:13,870 - Connect PLC OK!
2017-10-30 16:19:13,886 - ZMQ Server Start, Port: 5555
2017-10-30 16:19:34,696 - Administrator login
2017-10-30 16:19:34,758 - Initialize UI
2017-10-30 16:19:34,790 - Initialize sequence table
2017-10-30 16:19:34,821 - Load sequence
2017-10-30 16:19:34,821 - Initialize sequence tree
2017-10-30 16:19:34,852 - ZMQ Server Start, Port: 5555
2017-10-30 16:19:34,852 - Connect PLC OK!
2017-10-30 16:19:53,073 - Administrator login
2017-10-30 16:19:53,119 - Initialize UI
2017-10-30 16:19:53,166 - Initialize sequence table
2017-10-30 16:19:53,198 - Load sequence
2017-10-30 16:19:53,198 - Initialize sequence tree
2017-10-30 16:19:53,213 - Connect PLC OK!
2017-10-30 16:19:53,229 - ZMQ Server Start, Port: 5555
2017-10-30 16:20:33,662 - Administrator login
2017-10-30 16:20:33,724 - Initialize UI
2017-10-30 16:20:33,771 - Initialize sequence table
2017-10-30 16:20:33,802 - Load sequence
2017-10-30 16:20:33,802 - Initialize sequence tree
2017-10-30 16:20:33,833 - ZMQ Server Start, Port: 5555
2017-10-30 16:20:33,849 - Connect PLC OK!
2017-10-30 16:22:33,080 - Administrator login
2017-10-30 16:22:33,127 - Initialize UI
2017-10-30 16:22:33,158 - Initialize sequence table
2017-10-30 16:22:33,189 - Load sequence
2017-10-30 16:22:33,189 - Initialize sequence tree
2017-10-30 16:22:33,205 - Connect PLC OK!
2017-10-30 16:22:33,205 - ZMQ Server Start, Port: 5555
2017-10-30 16:23:29,583 - Administrator login
2017-10-30 16:23:29,646 - Initialize UI
2017-10-30 16:23:29,755 - Initialize sequence table
2017-10-30 16:23:29,770 - Load sequence
2017-10-30 16:23:29,770 - Initialize sequence tree
2017-10-30 16:23:29,817 - Connect PLC OK!
2017-10-30 16:23:29,817 - ZMQ Server Start, Port: 5555
2017-10-30 16:24:36,944 - Administrator login
2017-10-30 16:24:37,006 - Initialize UI
2017-10-30 16:24:37,022 - Initialize sequence table
2017-10-30 16:24:37,038 - Load sequence
2017-10-30 16:24:37,038 - Initialize sequence tree
2017-10-30 16:24:37,100 - Connect PLC OK!
2017-10-30 16:24:37,115 - ZMQ Server Start, Port: 5555
2017-10-30 16:24:47,926 - Administrator login
2017-10-30 16:24:47,989 - Initialize UI
2017-10-30 16:24:48,020 - Initialize sequence table
2017-10-30 16:24:48,036 - Load sequence
2017-10-30 16:24:48,036 - Initialize sequence tree
2017-10-30 16:24:48,067 - Connect PLC OK!
2017-10-30 16:24:48,082 - ZMQ Server Start, Port: 5555
2017-10-30 16:25:23,385 - Administrator login
2017-10-30 16:25:23,447 - Initialize UI
2017-10-30 16:25:23,479 - Initialize sequence table
2017-10-30 16:25:23,510 - Load sequence
2017-10-30 16:25:23,510 - Initialize sequence tree
2017-10-30 16:25:23,541 - Connect PLC OK!
2017-10-30 16:25:23,557 - ZMQ Server Start, Port: 5555
2017-10-30 16:26:01,090 - Administrator login
2017-10-30 16:26:01,153 - Initialize UI
2017-10-30 16:26:01,184 - Initialize sequence table
2017-10-30 16:26:01,200 - Load sequence
2017-10-30 16:26:01,200 - Initialize sequence tree
2017-10-30 16:26:01,215 - ZMQ Server Start, Port: 5555
2017-10-30 16:26:01,215 - Connect PLC OK!
2017-10-30 16:26:16,238 - Administrator login
2017-10-30 16:26:16,300 - Initialize UI
2017-10-30 16:26:16,332 - Initialize sequence table
2017-10-30 16:26:16,347 - Load sequence
2017-10-30 16:26:16,347 - Initialize sequence tree
2017-10-30 16:26:16,363 - Connect PLC OK!
2017-10-30 16:26:16,628 - ZMQ Server Start, Port: 5555
2017-10-30 16:29:53,047 - Administrator login
2017-10-30 16:29:53,094 - Initialize UI
2017-10-30 16:29:53,140 - Initialize sequence table
2017-10-30 16:29:53,156 - Load sequence
2017-10-30 16:29:53,156 - Initialize sequence tree
2017-10-30 16:29:53,171 - Connect PLC OK!
2017-10-30 16:29:53,187 - ZMQ Server Start, Port: 5555
2017-10-30 16:30:14,528 - Administrator login
2017-10-30 16:30:14,575 - Initialize UI
2017-10-30 16:30:14,606 - Initialize sequence table
2017-10-30 16:30:14,622 - Load sequence
2017-10-30 16:30:14,622 - Initialize sequence tree
2017-10-30 16:30:14,653 - ZMQ Server Start, Port: 5555
2017-10-30 16:30:14,653 - Connect PLC OK!
2017-10-30 16:32:14,445 - Administrator login
2017-10-30 16:32:14,507 - Initialize UI
2017-10-30 16:32:14,539 - Initialize sequence table
2017-10-30 16:32:14,554 - Load sequence
2017-10-30 16:32:14,554 - Initialize sequence tree
2017-10-30 16:32:14,570 - Connect PLC OK!
2017-10-30 16:32:14,585 - ZMQ Server Start, Port: 5555
2017-10-30 16:32:34,881 - Administrator login
2017-10-30 16:32:34,928 - Initialize UI
2017-10-30 16:32:34,959 - Initialize sequence table
2017-10-30 16:32:34,975 - Load sequence
2017-10-30 16:32:34,990 - Initialize sequence tree
2017-10-30 16:32:35,006 - ZMQ Server Start, Port: 5555
2017-10-30 16:32:35,006 - Connect PLC OK!
2017-10-30 16:33:00,481 - Administrator login
2017-10-30 16:33:00,543 - Initialize UI
2017-10-30 16:33:00,574 - Initialize sequence table
2017-10-30 16:33:00,606 - Load sequence
2017-10-30 16:33:00,606 - Initialize sequence tree
2017-10-30 16:33:00,637 - Connect PLC OK!
2017-10-30 16:33:00,684 - ZMQ Server Start, Port: 5555
2017-10-30 16:53:44,771 - Administrator login
2017-10-30 16:53:44,833 - Initialize UI
2017-10-30 16:53:44,880 - Initialize sequence table
2017-10-30 16:53:44,911 - Load sequence
2017-10-30 16:53:44,911 - Initialize sequence tree
2017-10-30 16:53:44,942 - ZMQ Server Start, Port: 5555
2017-10-30 16:53:44,942 - Connect PLC OK!
2017-10-30 16:56:29,008 - Administrator login
2017-10-30 16:56:29,086 - Initialize UI
2017-10-30 16:56:29,132 - Initialize sequence table
2017-10-30 16:56:29,164 - Load sequence
2017-10-30 16:56:29,164 - Initialize sequence tree
2017-10-30 16:56:29,179 - ZMQ Server Start, Port: 5555
2017-10-30 16:56:29,195 - Connect PLC OK!
2017-10-30 17:02:00,690 - Administrator login
2017-10-30 17:02:00,736 - Initialize UI
2017-10-30 17:02:00,768 - Initialize sequence table
2017-10-30 17:02:00,783 - Load sequence
2017-10-30 17:02:00,783 - Initialize sequence tree
2017-10-30 17:02:00,799 - Connect PLC OK!
2017-10-30 17:02:00,815 - ZMQ Server Start, Port: 5555
2017-10-30 17:02:44,448 - Administrator login
2017-10-30 17:02:44,495 - Initialize UI
2017-10-30 17:02:44,526 - Initialize sequence table
2017-10-30 17:02:44,541 - Load sequence
2017-10-30 17:02:44,541 - Initialize sequence tree
2017-10-30 17:02:44,557 - Connect PLC OK!
2017-10-30 17:02:44,651 - ZMQ Server Start, Port: 5555
2017-10-30 17:16:11,451 - Administrator login
2017-10-30 17:16:11,498 - Initialize UI
2017-10-30 17:16:11,529 - Initialize sequence table
2017-10-30 17:16:11,545 - Load sequence
2017-10-30 17:16:11,545 - Initialize sequence tree
2017-10-30 17:16:11,576 - Connect PLC OK!
2017-10-30 17:16:11,592 - ZMQ Server Start, Port: 5555
2017-10-30 17:22:35,695 - Administrator login
2017-10-30 17:22:35,742 - Initialize UI
2017-10-30 17:22:35,773 - Initialize sequence table
2017-10-30 17:22:35,789 - Load sequence
2017-10-30 17:22:35,789 - Initialize sequence tree
2017-10-30 17:22:35,820 - Connect PLC OK!
2017-10-30 17:22:35,820 - ZMQ Server Start, Port: 5555
2017-10-30 17:23:34,210 - Administrator login
2017-10-30 17:23:34,257 - Initialize UI
2017-10-30 17:23:34,289 - Initialize sequence table
2017-10-30 17:23:34,304 - Load sequence
2017-10-30 17:23:34,304 - Initialize sequence tree
2017-10-30 17:23:34,320 - Connect PLC OK!
2017-10-30 17:23:34,351 - ZMQ Server Start, Port: 5555
2017-10-30 17:52:30,740 - Administrator login
2017-10-30 17:52:30,803 - Initialize UI
2017-10-30 17:52:30,990 - Initialize sequence table
2017-10-30 17:52:31,006 - Load sequence
2017-10-30 17:52:31,006 - Initialize sequence tree
2017-10-30 17:52:31,068 - Connect PLC OK!
2017-10-30 17:52:31,068 - ZMQ Server Start, Port: 5555
2017-10-30 17:53:03,735 - Administrator login
2017-10-30 17:53:03,812 - Initialize UI
2017-10-30 17:53:03,859 - Initialize sequence table
2017-10-30 17:53:03,875 - Load sequence
2017-10-30 17:53:03,891 - Initialize sequence tree
2017-10-30 17:53:03,906 - ZMQ Server Start, Port: 5555
2017-10-30 17:53:03,906 - Connect PLC OK!
2017-10-30 17:53:25,372 - Administrator login
2017-10-30 17:53:25,434 - Initialize UI
2017-10-30 17:53:25,465 - Initialize sequence table
2017-10-30 17:53:25,496 - Load sequence
2017-10-30 17:53:25,496 - Initialize sequence tree
2017-10-30 17:53:25,528 - ZMQ Server Start, Port: 5555
2017-10-30 17:53:25,528 - Connect PLC OK!
