2017-12-13 09:28:16,049 - Administrator login
2017-12-13 09:28:16,440 - Initialize UI
2017-12-13 09:28:19,420 - Initialize sequence table
2017-12-13 09:28:19,579 - ThreadID1:Initialize sequence tree
2017-12-13 09:28:19,609 - ZMQ Server Start, Port: 5555
2017-12-13 09:30:51,099 - Administrator login
2017-12-13 09:30:51,150 - Initialize UI
2017-12-13 09:30:52,809 - Initialize sequence table
2017-12-13 09:30:52,859 - ThreadID1:Initialize sequence tree
2017-12-13 09:30:53,030 - ZMQ Server Start, Port: 5555
2017-12-13 13:53:37,820 - Administrator login
2017-12-13 13:53:37,903 - Initialize UI
2017-12-13 13:53:40,193 - Initialize sequence table
2017-12-13 13:53:51,884 - Administrator login
2017-12-13 13:53:51,963 - Initialize UI
2017-12-13 13:53:53,639 - Initialize sequence table
2017-12-13 13:54:29,531 - Administrator login
2017-12-13 13:54:29,598 - Initialize UI
2017-12-13 13:54:31,184 - Initialize sequence table
2017-12-13 13:54:31,232 - ThreadID1:Initialize sequence tree
2017-12-13 13:54:31,335 - ZMQ Server Start, Port: 5555
2017-12-13 13:55:38,515 - Administrator login
2017-12-13 13:55:38,583 - Initialize UI
2017-12-13 13:55:40,191 - Initialize sequence table
2017-12-13 13:55:40,238 - ThreadID1:Initialize sequence tree
2017-12-13 13:55:40,364 - ZMQ Server Start, Port: 5555
2017-12-13 13:56:10,092 - Administrator login
2017-12-13 13:56:10,142 - Initialize UI
2017-12-13 13:56:11,743 - Initialize sequence table
2017-12-13 13:56:11,792 - ThreadID1:Initialize sequence tree
2017-12-13 13:56:11,822 - ZMQ Server Start, Port: 5555
2017-12-13 13:57:50,151 - Administrator login
2017-12-13 13:57:50,223 - Initialize UI
2017-12-13 13:57:51,809 - Initialize sequence table
2017-12-13 13:57:51,859 - ThreadID1:Initialize sequence tree
2017-12-13 13:57:52,004 - ZMQ Server Start, Port: 5555
2017-12-13 13:58:37,415 - Administrator login
2017-12-13 13:58:37,468 - Initialize UI
2017-12-13 13:58:39,100 - Initialize sequence table
2017-12-13 13:58:39,148 - ThreadID1:Initialize sequence tree
2017-12-13 13:58:39,256 - ZMQ Server Start, Port: 5555
2017-12-13 14:01:39,302 - Administrator login
2017-12-13 14:01:39,367 - Initialize UI
2017-12-13 14:01:40,945 - Initialize sequence table
2017-12-13 14:01:40,993 - ThreadID1:Initialize sequence tree
2017-12-13 14:01:41,033 - ZMQ Server Start, Port: 5555
2017-12-13 14:02:13,951 - Administrator login
2017-12-13 14:02:14,013 - Initialize UI
2017-12-13 14:02:15,631 - Initialize sequence table
2017-12-13 14:02:15,674 - ThreadID1:Initialize sequence tree
2017-12-13 14:02:15,764 - ZMQ Server Start, Port: 5555
2017-12-13 14:03:25,555 - Administrator login
2017-12-13 14:03:25,612 - Initialize UI
2017-12-13 14:03:27,184 - Initialize sequence table
2017-12-13 14:03:27,230 - ThreadID1:Initialize sequence tree
2017-12-13 14:03:27,363 - ZMQ Server Start, Port: 5555
2017-12-13 14:05:28,849 - Administrator login
2017-12-13 14:05:28,921 - Initialize UI
2017-12-13 14:05:30,540 - Initialize sequence table
2017-12-13 14:05:30,588 - ThreadID1:Initialize sequence tree
2017-12-13 14:05:30,702 - ZMQ Server Start, Port: 5555
2017-12-13 14:07:29,836 - Administrator login
2017-12-13 14:07:29,897 - Initialize UI
2017-12-13 14:07:31,516 - Initialize sequence table
2017-12-13 14:07:31,562 - ThreadID1:Initialize sequence tree
2017-12-13 14:07:31,603 - ZMQ Server Start, Port: 5555
2017-12-13 14:08:56,447 - Administrator login
2017-12-13 14:08:56,539 - Initialize UI
2017-12-13 14:08:58,151 - Initialize sequence table
2017-12-13 14:08:58,198 - ThreadID1:Initialize sequence tree
2017-12-13 14:08:58,269 - ZMQ Server Start, Port: 5555
2017-12-13 15:06:23,460 - Administrator login
2017-12-13 15:06:23,551 - Initialize UI
2017-12-13 15:06:25,171 - Initialize sequence table
2017-12-13 15:06:25,230 - plc connect ok
2017-12-13 15:06:42,318 - Administrator login
2017-12-13 15:06:42,401 - Initialize UI
2017-12-13 15:06:44,013 - Initialize sequence table
2017-12-13 15:06:44,072 - plc connect ok
2017-12-13 15:06:44,174 - ThreadID1:Initialize sequence tree
2017-12-13 15:06:44,263 - ZMQ Server Start, Port: 5555
2017-12-13 15:07:47,939 - Administrator login
2017-12-13 15:07:48,015 - Initialize UI
2017-12-13 15:07:49,608 - Initialize sequence table
2017-12-13 15:07:49,664 - plc connect ok
2017-12-13 15:07:49,764 - ThreadID1:Initialize sequence tree
2017-12-13 15:07:49,926 - ZMQ Server Start, Port: 5555
2017-12-13 15:08:10,210 - Administrator login
2017-12-13 15:08:10,283 - Initialize UI
2017-12-13 15:08:11,886 - Initialize sequence table
2017-12-13 15:08:11,947 - plc connect ok
2017-12-13 15:08:12,048 - ThreadID1:Initialize sequence tree
2017-12-13 15:08:12,161 - ZMQ Server Start, Port: 5555
2017-12-13 15:08:38,595 - Administrator login
2017-12-13 15:08:38,695 - Initialize UI
2017-12-13 15:08:40,296 - Initialize sequence table
2017-12-13 15:08:40,348 - plc connect ok
2017-12-13 15:08:40,448 - ThreadID1:Initialize sequence tree
2017-12-13 15:08:40,555 - ZMQ Server Start, Port: 5555
2017-12-13 15:09:53,464 - Administrator login
2017-12-13 15:09:53,529 - Initialize UI
2017-12-13 15:09:55,115 - Initialize sequence table
2017-12-13 15:09:55,172 - plc connect ok
2017-12-13 15:09:55,273 - ThreadID1:Initialize sequence tree
2017-12-13 15:09:55,344 - ZMQ Server Start, Port: 5555
2017-12-13 15:10:56,328 - Administrator login
2017-12-13 15:10:56,371 - Initialize UI
2017-12-13 15:10:57,967 - Initialize sequence table
2017-12-13 15:10:58,032 - plc connect ok
2017-12-13 15:13:20,104 - Administrator login
2017-12-13 15:13:20,219 - Initialize UI
2017-12-13 15:13:21,828 - Initialize sequence table
2017-12-13 15:13:21,888 - plc connect ok
2017-12-13 15:13:21,988 - ThreadID1:Initialize sequence tree
2017-12-13 15:13:22,112 - ZMQ Server Start, Port: 5555
2017-12-13 15:13:38,600 - Administrator login
2017-12-13 15:13:38,680 - Initialize UI
2017-12-13 15:13:40,276 - Initialize sequence table
2017-12-13 15:13:40,329 - plc connect ok
2017-12-13 15:13:40,430 - ThreadID1:Initialize sequence tree
2017-12-13 15:13:40,553 - ZMQ Server Start, Port: 5555
2017-12-13 15:19:50,812 - Administrator login
2017-12-13 15:19:50,897 - Initialize UI
2017-12-13 15:19:52,531 - Initialize sequence table
2017-12-13 15:19:52,588 - plc connect ok
2017-12-13 15:19:52,688 - ThreadID1:Initialize sequence tree
2017-12-13 15:19:52,773 - ZMQ Server Start, Port: 5555
2017-12-13 15:20:43,851 - Administrator login
2017-12-13 15:20:43,927 - Initialize UI
2017-12-13 15:20:45,513 - Initialize sequence table
2017-12-13 15:20:45,572 - plc connect ok
2017-12-13 15:20:45,673 - ThreadID1:Initialize sequence tree
2017-12-13 15:20:45,865 - ZMQ Server Start, Port: 5555
2017-12-13 15:22:26,470 - Administrator login
2017-12-13 15:22:26,542 - Initialize UI
2017-12-13 15:22:28,129 - Initialize sequence table
2017-12-13 15:22:28,185 - plc connect ok
2017-12-13 15:22:28,287 - ThreadID1:Initialize sequence tree
2017-12-13 15:22:28,393 - ZMQ Server Start, Port: 5555
2017-12-13 15:22:56,031 - Administrator login
2017-12-13 15:22:56,105 - Initialize UI
2017-12-13 15:22:57,723 - Initialize sequence table
2017-12-13 15:22:57,785 - plc connect ok
2017-12-13 15:22:57,887 - ThreadID1:Initialize sequence tree
2017-12-13 15:22:57,987 - ZMQ Server Start, Port: 5555
2017-12-13 15:23:30,667 - Administrator login
2017-12-13 15:23:30,750 - Initialize UI
2017-12-13 15:23:32,408 - Initialize sequence table
2017-12-13 15:25:16,119 - Administrator login
2017-12-13 15:25:16,197 - Initialize UI
2017-12-13 15:25:17,779 - Initialize sequence table
2017-12-13 15:25:17,848 - plc connect ok
2017-12-13 15:25:17,948 - ThreadID1:Initialize sequence tree
2017-12-13 15:25:18,007 - ZMQ Server Start, Port: 5555
2017-12-13 15:30:14,376 - Administrator login
2017-12-13 15:30:14,465 - Initialize UI
2017-12-13 15:30:16,054 - Initialize sequence table
2017-12-13 15:30:16,113 - plc connect ok
2017-12-13 15:30:16,216 - ThreadID1:Initialize sequence tree
2017-12-13 15:30:16,374 - ZMQ Server Start, Port: 5555
2017-12-13 15:32:14,097 - Administrator login
2017-12-13 15:32:14,220 - Initialize UI
2017-12-13 15:32:15,856 - Initialize sequence table
2017-12-13 15:32:15,921 - plc connect ok
2017-12-13 15:32:16,022 - ThreadID1:Initialize sequence tree
2017-12-13 15:32:16,158 - ZMQ Server Start, Port: 5555
2017-12-13 15:32:56,845 - Administrator login
2017-12-13 15:32:56,907 - Initialize UI
2017-12-13 15:32:58,500 - Initialize sequence table
2017-12-13 15:32:58,577 - plc connect ok
2017-12-13 15:32:58,679 - ThreadID1:Initialize sequence tree
2017-12-13 15:32:58,740 - ZMQ Server Start, Port: 5555
2017-12-13 15:33:02,712 - timed out
2017-12-13 15:33:03,223 - timed out
2017-12-13 15:34:13,900 - Administrator login
2017-12-13 15:34:13,960 - Initialize UI
2017-12-13 15:34:15,531 - Initialize sequence table
2017-12-13 15:34:15,598 - plc connect ok
2017-12-13 15:34:15,700 - ThreadID1:Initialize sequence tree
2017-12-13 15:34:15,766 - ZMQ Server Start, Port: 5555
2017-12-13 15:34:25,248 - timed out
2017-12-13 15:34:25,759 - timed out
2017-12-13 15:35:59,217 - Administrator login
2017-12-13 15:35:59,299 - Initialize UI
2017-12-13 15:36:00,943 - Initialize sequence table
2017-12-13 15:36:01,023 - plc connect ok
2017-12-13 15:36:01,125 - ThreadID1:Initialize sequence tree
2017-12-13 15:36:01,457 - ZMQ Server Start, Port: 5555
2017-12-13 15:36:05,651 - timed out
2017-12-13 15:36:06,161 - timed out
2017-12-13 15:40:19,936 - Administrator login
2017-12-13 15:40:20,007 - Initialize UI
2017-12-13 15:40:21,655 - Initialize sequence table
2017-12-13 15:40:21,721 - plc connect ok
2017-12-13 15:40:21,721 - a bytes-like object is required, not 'str'
2017-12-13 15:40:21,822 - ThreadID1:Initialize sequence tree
2017-12-13 15:40:21,894 - ZMQ Server Start, Port: 5555
2017-12-13 15:40:22,222 - timed out
2017-12-13 15:40:26,200 - a bytes-like object is required, not 'str'
2017-12-13 15:40:26,700 - timed out
2017-12-13 15:40:26,702 - a bytes-like object is required, not 'str'
2017-12-13 15:40:27,201 - timed out
2017-12-13 15:40:27,203 - a bytes-like object is required, not 'str'
2017-12-13 15:40:27,704 - timed out
2017-12-13 15:40:27,705 - a bytes-like object is required, not 'str'
2017-12-13 15:40:28,206 - timed out
2017-12-13 15:45:09,654 - Administrator login
2017-12-13 15:45:09,717 - Initialize UI
2017-12-13 15:45:11,311 - Initialize sequence table
2017-12-13 15:45:11,383 - plc connect ok
2017-12-13 15:45:11,483 - ThreadID1:Initialize sequence tree
2017-12-13 15:45:11,600 - ZMQ Server Start, Port: 5555
2017-12-13 15:45:11,884 - timed out
2017-12-13 15:45:21,940 - timed out
2017-12-13 15:45:22,441 - timed out
2017-12-13 15:45:22,942 - timed out
2017-12-13 15:45:23,443 - timed out
2017-12-13 15:45:33,507 - timed out
2017-12-13 15:45:34,009 - timed out
2017-12-13 15:45:34,511 - timed out
2017-12-13 15:45:35,014 - timed out
2017-12-13 15:45:49,519 - timed out
2017-12-13 15:45:50,020 - timed out
2017-12-13 15:45:50,521 - timed out
2017-12-13 15:45:51,023 - timed out
2017-12-13 15:50:16,696 - Administrator login
2017-12-13 15:50:16,788 - Initialize UI
2017-12-13 15:50:18,399 - Initialize sequence table
2017-12-13 15:50:18,467 - plc connect ok
2017-12-13 15:50:18,567 - ThreadID1:Initialize sequence tree
2017-12-13 15:50:18,696 - ZMQ Server Start, Port: 5555
2017-12-13 15:50:20,467 - timed out
2017-12-13 15:50:26,292 - timed out
2017-12-13 15:50:28,294 - timed out
2017-12-13 15:50:30,295 - timed out
2017-12-13 15:50:32,296 - timed out
2017-12-13 15:52:22,905 - Administrator login
2017-12-13 15:52:22,967 - Initialize UI
2017-12-13 15:52:24,561 - Initialize sequence table
2017-12-13 15:52:24,616 - plc connect ok
2017-12-13 15:52:24,718 - ThreadID1:Initialize sequence tree
2017-12-13 15:52:24,881 - ZMQ Server Start, Port: 5555
2017-12-13 15:52:26,617 - timed out
2017-12-13 15:52:30,875 - timed out
2017-12-13 15:52:32,876 - timed out
2017-12-13 15:52:34,878 - timed out
2017-12-13 15:52:36,881 - timed out
2017-12-13 15:52:54,020 - Administrator login
2017-12-13 15:52:54,108 - Initialize UI
2017-12-13 15:52:55,727 - Initialize sequence table
2017-12-13 15:52:55,792 - plc connect ok
2017-12-13 15:52:55,891 - ThreadID1:Initialize sequence tree
2017-12-13 15:52:56,003 - ZMQ Server Start, Port: 5555
2017-12-13 15:52:57,792 - timed out
2017-12-13 15:53:02,033 - timed out
2017-12-13 15:53:04,035 - timed out
2017-12-13 15:53:06,036 - timed out
2017-12-13 15:53:08,038 - timed out
2017-12-13 15:54:09,914 - Administrator login
2017-12-13 15:54:09,983 - Initialize UI
2017-12-13 15:54:11,618 - Initialize sequence table
2017-12-13 15:54:11,680 - plc connect ok
2017-12-13 15:54:11,780 - ThreadID1:Initialize sequence tree
2017-12-13 15:54:11,911 - ZMQ Server Start, Port: 5555
2017-12-13 16:00:02,078 - Administrator login
2017-12-13 16:00:02,174 - Initialize UI
2017-12-13 16:00:03,787 - Initialize sequence table
2017-12-13 16:01:30,958 - Administrator login
2017-12-13 16:01:31,075 - Initialize UI
2017-12-13 16:01:32,766 - Initialize sequence table
2017-12-13 16:03:53,184 - Administrator login
2017-12-13 16:03:53,272 - Initialize UI
2017-12-13 16:03:54,911 - Initialize sequence table
2017-12-13 16:07:01,190 - Administrator login
2017-12-13 16:07:01,259 - Initialize UI
2017-12-13 16:07:02,845 - Initialize sequence table
2017-12-13 16:07:02,904 - plc connect ok
2017-12-13 16:07:03,004 - ThreadID1:Initialize sequence tree
2017-12-13 16:07:03,065 - ZMQ Server Start, Port: 5555
2017-12-13 16:07:18,920 - Administrator login
2017-12-13 16:07:18,985 - Initialize UI
2017-12-13 16:07:20,577 - Initialize sequence table
2017-12-13 16:07:20,657 - plc connect ok
2017-12-13 16:07:20,759 - ThreadID1:Initialize sequence tree
2017-12-13 16:07:20,876 - ZMQ Server Start, Port: 5555
2017-12-13 16:09:21,467 - Administrator login
2017-12-13 16:09:21,539 - Initialize UI
2017-12-13 16:09:23,154 - Initialize sequence table
2017-12-13 16:09:23,226 - plc connect ok
2017-12-13 16:09:23,328 - ThreadID1:Initialize sequence tree
2017-12-13 16:09:23,495 - ZMQ Server Start, Port: 5555
2017-12-13 16:09:24,256 - timed out
2017-12-13 16:09:28,073 - timed out
2017-12-13 16:09:29,075 - timed out
2017-12-13 16:09:30,075 - timed out
2017-12-13 16:09:31,076 - timed out
2017-12-13 16:11:34,562 - Administrator login
2017-12-13 16:11:34,648 - Initialize UI
2017-12-13 16:11:36,296 - Initialize sequence table
2017-12-13 16:11:36,353 - plc connect ok
2017-12-13 16:11:36,456 - ThreadID1:Initialize sequence tree
2017-12-13 16:11:36,568 - ZMQ Server Start, Port: 5555
2017-12-13 16:11:37,355 - timed out
2017-12-13 16:11:40,633 - timed out
2017-12-13 16:11:41,634 - timed out
2017-12-13 16:11:42,635 - timed out
2017-12-13 16:11:43,636 - timed out
2017-12-13 16:19:15,688 - Administrator login
2017-12-13 16:19:15,759 - Initialize UI
2017-12-13 16:19:17,355 - Initialize sequence table
2017-12-13 16:19:17,428 - plc connect ok
2017-12-13 16:19:17,529 - ThreadID1:Initialize sequence tree
2017-12-13 16:19:17,628 - ZMQ Server Start, Port: 5555
2017-12-13 16:19:27,225 - timed out
2017-12-13 16:19:28,236 - timed out
2017-12-13 16:20:48,543 - Administrator login
2017-12-13 16:20:48,622 - Initialize UI
2017-12-13 16:20:50,262 - Initialize sequence table
2017-12-13 16:20:50,332 - plc connect ok
2017-12-13 16:20:50,433 - ThreadID1:Initialize sequence tree
2017-12-13 16:20:50,630 - ZMQ Server Start, Port: 5555
2017-12-13 16:20:55,448 - timed out
2017-12-13 16:20:56,459 - timed out
2017-12-13 16:22:52,055 - Administrator login
2017-12-13 16:22:52,115 - Initialize UI
2017-12-13 16:22:53,684 - Initialize sequence table
2017-12-13 16:22:53,740 - plc connect ok
2017-12-13 16:22:53,839 - ThreadID1:Initialize sequence tree
2017-12-13 16:22:53,915 - ZMQ Server Start, Port: 5555
2017-12-13 16:22:58,787 - timed out
2017-12-13 16:22:59,798 - timed out
2017-12-13 16:25:45,593 - error password
2017-12-13 16:25:46,812 - Administrator login
2017-12-13 16:25:46,840 - Initialize UI
2017-12-13 16:25:48,505 - Initialize sequence table
2017-12-13 16:25:48,584 - plc connect ok
2017-12-13 16:25:48,686 - ThreadID1:Initialize sequence tree
2017-12-13 16:25:53,838 - ZMQ Server Start, Port: 5555
2017-12-13 16:25:58,155 - timed out
2017-12-13 16:25:59,167 - timed out
2017-12-13 16:26:46,204 - Administrator login
2017-12-13 16:26:46,270 - Initialize UI
2017-12-13 16:26:47,952 - Initialize sequence table
2017-12-13 16:26:48,011 - plc connect ok
2017-12-13 16:26:48,111 - ThreadID1:Initialize sequence tree
2017-12-13 16:26:48,279 - ZMQ Server Start, Port: 5555
2017-12-13 16:28:57,049 - Administrator login
2017-12-13 16:28:57,113 - Initialize UI
2017-12-13 16:28:58,759 - Initialize sequence table
2017-12-13 16:28:58,831 - plc connect ok
2017-12-13 16:28:58,931 - ThreadID1:Initialize sequence tree
2017-12-13 16:28:59,144 - ZMQ Server Start, Port: 5555
2017-12-13 16:30:29,716 - Administrator login
2017-12-13 16:30:29,789 - Initialize UI
2017-12-13 16:30:31,420 - Initialize sequence table
2017-12-13 16:30:31,500 - plc connect ok
2017-12-13 16:30:31,600 - ThreadID1:Initialize sequence tree
2017-12-13 16:30:31,680 - ZMQ Server Start, Port: 5555
