2017-11-10 11:20:13,584 - Administrator login
2017-11-10 11:20:13,631 - Initialize UI
2017-11-10 11:20:13,662 - Initialize sequence table
2017-11-10 11:20:13,678 - Load sequence
2017-11-10 11:20:13,693 - Initialize sequence tree
2017-11-10 11:20:13,693 - Connect PLC OK!
2017-11-10 11:20:13,724 - ZMQ Server Start, Port: 5555
2017-11-10 11:20:15,581 - Start test
2017-11-10 11:21:26,576 - Administrator login
2017-11-10 11:21:26,639 - Initialize UI
2017-11-10 11:21:26,670 - Initialize sequence table
2017-11-10 11:21:26,701 - Load sequence
2017-11-10 11:21:26,701 - Initialize sequence tree
2017-11-10 11:21:26,717 - Connect PLC OK!
2017-11-10 11:21:26,733 - ZMQ Server Start, Port: 5555
2017-11-10 11:21:28,324 - Start test
2017-11-10 11:22:26,387 - Administrator login
2017-11-10 11:22:26,449 - Initialize UI
2017-11-10 11:22:26,480 - Initialize sequence table
2017-11-10 11:22:26,496 - Load sequence
2017-11-10 11:22:26,496 - Initialize sequence tree
2017-11-10 11:22:26,512 - Connect PLC OK!
2017-11-10 11:22:26,543 - ZMQ Server Start, Port: 5555
2017-11-10 11:22:28,321 - Start test
2017-11-10 11:22:56,744 - Administrator login
2017-11-10 11:22:56,791 - Initialize UI
2017-11-10 11:22:56,822 - Initialize sequence table
2017-11-10 11:22:56,838 - Load sequence
2017-11-10 11:22:56,838 - Initialize sequence tree
2017-11-10 11:22:56,854 - Connect PLC OK!
2017-11-10 11:22:56,869 - ZMQ Server Start, Port: 5555
2017-11-10 11:22:58,804 - Start test
2017-11-10 11:23:47,788 - Administrator login
2017-11-10 11:23:47,850 - Initialize UI
2017-11-10 11:23:47,881 - Initialize sequence table
2017-11-10 11:23:47,912 - Load sequence
2017-11-10 11:23:47,912 - Initialize sequence tree
2017-11-10 11:23:47,944 - ZMQ Server Start, Port: 5555
2017-11-10 11:23:47,959 - Connect PLC OK!
2017-11-10 11:23:49,816 - Start test
2017-11-10 11:24:35,836 - Administrator login
2017-11-10 11:24:35,898 - Initialize UI
2017-11-10 11:24:35,914 - Initialize sequence table
2017-11-10 11:24:35,945 - Load sequence
2017-11-10 11:24:35,945 - Initialize sequence tree
2017-11-10 11:24:35,960 - Connect PLC OK!
2017-11-10 11:24:35,992 - ZMQ Server Start, Port: 5555
2017-11-10 11:24:38,285 - Start test
2017-11-10 11:25:13,993 - Administrator login
2017-11-10 11:25:14,056 - Initialize UI
2017-11-10 11:25:14,071 - Initialize sequence table
2017-11-10 11:25:14,103 - Load sequence
2017-11-10 11:25:14,103 - Initialize sequence tree
2017-11-10 11:25:14,134 - ZMQ Server Start, Port: 5555
2017-11-10 11:25:14,149 - Connect PLC OK!
2017-11-10 11:25:16,006 - Start test
2017-11-10 11:26:03,570 - Administrator login
2017-11-10 11:26:03,632 - Initialize UI
2017-11-10 11:26:03,648 - Initialize sequence table
2017-11-10 11:26:03,664 - Load sequence
2017-11-10 11:26:03,664 - Initialize sequence tree
2017-11-10 11:26:03,695 - ZMQ Server Start, Port: 5555
2017-11-10 11:26:03,695 - Connect PLC OK!
2017-11-10 11:26:05,271 - Start test
2017-11-10 11:26:05,395 - Test item: function1
2017-11-10 11:26:05,395 - function1 result:[0.5, 0.5, 'child1', 'child2']
2017-11-10 11:26:05,395 - Skip item: function2
2017-11-10 11:26:05,395 - function2 result:[None, None]
2017-11-10 11:26:05,910 - Test item: function3
2017-11-10 11:26:05,910 - function3 result:[0, 'fun3']
2017-11-10 11:26:05,910 - Skip item: function4
2017-11-10 11:26:05,910 - function4 result:[None, None]
2017-11-10 11:26:06,425 - Test item: function5
2017-11-10 11:26:06,425 - function5 result:[0.5, 'fun5']
2017-11-10 11:26:06,940 - Test item: function6
2017-11-10 11:26:06,940 - function6 result:[0.5, 'fun6']
2017-11-10 11:26:07,455 - Test item: function7
2017-11-10 11:26:07,455 - function7 result:[0.5, 'fun7']
2017-11-10 11:26:07,969 - Test item: function8
2017-11-10 11:26:07,969 - function8 result:[0.9, 'fun8']
2017-11-10 11:26:08,484 - Test item: function9
2017-11-10 11:26:08,484 - function9 result:[0.9, 'fun9']
2017-11-10 11:26:08,484 - total time£º 3.17
