2017-10-24 09:31:11,787 - Administrator login
2017-10-24 09:31:12,302 - Initialize UI
2017-10-24 09:31:12,381 - Initialize sequence table
2017-10-24 09:31:12,396 - Load sequence
2017-10-24 09:31:12,396 - Initialize sequence tree
2017-10-24 09:31:12,443 - ZMQ Server Start, Port: 5555
2017-10-24 09:31:12,459 - Connect PLC OK!
2017-10-24 09:33:56,146 - Administrator login
2017-10-24 09:33:56,318 - Initialize UI
2017-10-24 09:33:56,412 - Initialize sequence table
2017-10-24 09:33:56,412 - Load sequence
2017-10-24 09:33:56,412 - Initialize sequence tree
2017-10-24 09:33:56,443 - Connect PLC OK!
2017-10-24 09:33:56,584 - ZMQ Server Start, Port: 5555
2017-10-24 09:35:30,687 - Administrator login
2017-10-24 09:35:30,921 - Initialize UI
2017-10-24 09:35:31,062 - Initialize sequence table
2017-10-24 09:35:31,062 - Load sequence
2017-10-24 09:35:31,062 - Initialize sequence tree
2017-10-24 09:35:31,296 - ZMQ Server Start, Port: 5555
2017-10-24 09:35:46,249 - Connect PLC OK!
2017-10-24 09:39:29,981 - Administrator login
2017-10-24 09:39:30,230 - Initialize UI
2017-10-24 09:39:30,277 - Initialize sequence table
2017-10-24 09:39:30,293 - Load sequence
2017-10-24 09:39:30,293 - Initialize sequence tree
2017-10-24 09:39:30,402 - Connect PLC OK!
2017-10-24 09:39:30,402 - ZMQ Server Start, Port: 5555
2017-10-24 09:40:21,333 - Administrator login
2017-10-24 09:40:21,443 - Initialize UI
2017-10-24 09:40:21,553 - Initialize sequence table
2017-10-24 09:40:21,568 - Load sequence
2017-10-24 09:40:21,568 - Initialize sequence tree
2017-10-24 09:40:21,693 - ZMQ Server Start, Port: 5555
2017-10-24 09:40:21,693 - Connect PLC OK!
2017-10-24 09:40:52,862 - Administrator login
2017-10-24 09:40:53,002 - Initialize UI
2017-10-24 09:40:53,050 - Initialize sequence table
2017-10-24 09:40:53,066 - Load sequence
2017-10-24 09:40:53,066 - Initialize sequence tree
2017-10-24 09:40:53,096 - Connect PLC OK!
2017-10-24 09:40:53,143 - ZMQ Server Start, Port: 5555
2017-10-24 09:45:25,489 - Administrator login
2017-10-24 09:45:25,708 - Initialize UI
2017-10-24 09:45:25,754 - Initialize sequence table
2017-10-24 09:45:25,770 - Load sequence
2017-10-24 09:45:25,770 - Initialize sequence tree
2017-10-24 09:45:25,879 - Connect PLC OK!
2017-10-24 09:45:25,879 - ZMQ Server Start, Port: 5555
2017-10-24 09:46:29,442 - Administrator login
2017-10-24 09:46:29,629 - Initialize UI
2017-10-24 09:46:29,692 - Initialize sequence table
2017-10-24 09:46:29,708 - Load sequence
2017-10-24 09:46:29,708 - Initialize sequence tree
2017-10-24 09:46:29,739 - Connect PLC OK!
2017-10-24 09:46:29,801 - ZMQ Server Start, Port: 5555
2017-10-24 09:48:38,709 - Administrator login
2017-10-24 09:48:38,817 - Initialize UI
2017-10-24 09:48:38,911 - Initialize sequence table
2017-10-24 09:48:38,911 - Load sequence
2017-10-24 09:48:38,911 - Initialize sequence tree
2017-10-24 09:48:38,942 - Connect PLC OK!
2017-10-24 09:48:39,067 - ZMQ Server Start, Port: 5555
2017-10-24 09:50:55,005 - Administrator login
2017-10-24 09:50:55,083 - Initialize UI
2017-10-24 09:50:55,130 - Initialize sequence table
2017-10-24 09:50:58,004 - Load sequence
2017-10-24 09:50:58,004 - Initialize sequence tree
2017-10-24 09:50:58,036 - ZMQ Server Start, Port: 5555
2017-10-24 09:50:58,051 - Connect PLC OK!
2017-10-24 09:51:19,270 - Administrator login
2017-10-24 09:51:19,442 - Initialize UI
2017-10-24 09:51:19,474 - Initialize sequence table
2017-10-24 09:51:21,537 - Load sequence
2017-10-24 09:51:21,537 - Initialize sequence tree
2017-10-24 09:51:21,537 - Connect PLC OK!
2017-10-24 09:51:21,583 - ZMQ Server Start, Port: 5555
2017-10-24 10:15:53,354 - Administrator login
2017-10-24 10:15:53,463 - Initialize UI
2017-10-24 10:15:53,526 - Initialize sequence table
2017-10-24 10:15:53,651 - Load sequence
2017-10-24 10:15:53,651 - Initialize sequence tree
2017-10-24 10:15:53,666 - Connect PLC OK!
2017-10-24 10:15:53,729 - ZMQ Server Start, Port: 5555
2017-10-24 10:20:47,046 - Administrator login
2017-10-24 10:20:47,185 - Initialize UI
2017-10-24 10:20:47,232 - Initialize sequence table
2017-10-24 10:20:47,295 - Load sequence
2017-10-24 10:20:47,295 - Initialize sequence tree
2017-10-24 10:20:47,357 - ZMQ Server Start, Port: 5555
2017-10-24 10:20:47,357 - Connect PLC OK!
2017-10-24 10:21:06,607 - Administrator login
2017-10-24 10:21:06,717 - Initialize UI
2017-10-24 10:21:06,795 - Initialize sequence table
2017-10-24 10:21:06,873 - Load sequence
2017-10-24 10:21:06,873 - Initialize sequence tree
2017-10-24 10:21:06,920 - ZMQ Server Start, Port: 5555
2017-10-24 10:21:06,935 - Connect PLC OK!
2017-10-24 10:21:35,889 - Administrator login
2017-10-24 10:21:36,045 - Initialize UI
2017-10-24 10:21:36,123 - Initialize sequence table
2017-10-24 10:21:36,233 - Load sequence
2017-10-24 10:21:36,248 - Initialize sequence tree
2017-10-24 10:21:36,373 - ZMQ Server Start, Port: 5555
2017-10-24 10:21:36,373 - Connect PLC OK!
2017-10-24 10:23:27,836 - Administrator login
2017-10-24 10:23:27,992 - Initialize UI
2017-10-24 10:23:28,024 - Initialize sequence table
2017-10-24 10:23:28,086 - Load sequence
2017-10-24 10:23:28,086 - Initialize sequence tree
2017-10-24 10:23:28,164 - ZMQ Server Start, Port: 5555
2017-10-24 10:23:28,164 - Connect PLC OK!
2017-10-24 10:25:00,462 - Administrator login
2017-10-24 10:25:00,555 - Initialize UI
2017-10-24 10:25:00,602 - Initialize sequence table
2017-10-24 10:25:00,743 - Load sequence
2017-10-24 10:25:00,758 - Initialize sequence tree
2017-10-24 10:25:00,821 - Connect PLC OK!
2017-10-24 10:25:00,883 - ZMQ Server Start, Port: 5555
2017-10-24 10:25:40,345 - Administrator login
2017-10-24 10:25:40,516 - Initialize UI
2017-10-24 10:25:40,563 - Initialize sequence table
2017-10-24 10:25:40,657 - Load sequence
2017-10-24 10:25:40,657 - Initialize sequence tree
2017-10-24 10:25:40,688 - ZMQ Server Start, Port: 5555
2017-10-24 10:25:40,688 - Connect PLC OK!
2017-10-24 10:27:18,431 - Administrator login
2017-10-24 10:27:18,602 - Initialize UI
2017-10-24 10:27:18,665 - Initialize sequence table
2017-10-24 10:27:18,774 - Load sequence
2017-10-24 10:27:18,774 - Initialize sequence tree
2017-10-24 10:27:18,821 - ZMQ Server Start, Port: 5555
2017-10-24 10:27:18,821 - Connect PLC OK!
2017-10-24 12:00:31,711 - Administrator login
2017-10-24 12:00:32,132 - Initialize UI
2017-10-24 12:00:32,164 - Initialize sequence table
2017-10-24 12:00:32,226 - Load sequence
2017-10-24 12:00:32,226 - Initialize sequence tree
2017-10-24 12:00:32,257 - Connect PLC OK!
2017-10-24 12:00:32,289 - ZMQ Server Start, Port: 5555
2017-10-24 12:02:55,578 - Administrator login
2017-10-24 12:02:55,734 - Initialize UI
2017-10-24 12:02:55,781 - Initialize sequence table
2017-10-24 12:02:55,844 - Load sequence
2017-10-24 12:02:55,859 - Initialize sequence tree
2017-10-24 12:02:55,906 - ZMQ Server Start, Port: 5555
2017-10-24 12:02:55,906 - Connect PLC OK!
2017-10-24 12:03:28,447 - Administrator login
2017-10-24 12:03:28,556 - Initialize UI
2017-10-24 12:03:28,618 - Initialize sequence table
2017-10-24 12:03:28,712 - Load sequence
2017-10-24 12:03:28,712 - Initialize sequence tree
2017-10-24 12:03:28,790 - ZMQ Server Start, Port: 5555
2017-10-24 12:03:28,806 - Connect PLC OK!
2017-10-24 12:15:26,854 - Start test
2017-10-24 12:15:28,901 - Test item: function1
2017-10-24 12:15:28,901 - function1 result:[0.5, 0.5]
2017-10-24 12:15:28,901 - Skip item: function2
2017-10-24 12:15:28,901 - function2 result:[None]
2017-10-24 12:15:29,416 - Test item: function3
2017-10-24 12:15:29,416 - function3 result:[0]
2017-10-24 12:15:29,416 - Skip item: function4
2017-10-24 12:15:29,416 - function4 result:[None]
2017-10-24 12:15:29,932 - Test item: function5
2017-10-24 12:15:29,932 - function5 result:[0.5]
2017-10-24 12:15:30,447 - Test item: function6
2017-10-24 12:15:30,447 - function6 result:[0.5]
2017-10-24 12:15:30,963 - Test item: function7
2017-10-24 12:15:30,963 - function7 result:[0.5]
2017-10-24 12:15:31,479 - Test item: function8
2017-10-24 12:15:31,479 - function8 result:[0.9]
2017-10-24 12:15:32,010 - Test item: function9
2017-10-24 12:15:32,010 - function9 result:[0.9]
2017-10-24 12:15:32,025 - total time£º 5.15
2017-10-24 14:42:45,601 - Operator jiamin login
2017-10-24 14:42:46,117 - Initialize UI
2017-10-24 14:42:46,179 - Initialize sequence table
2017-10-24 14:42:46,257 - Load sequence
2017-10-24 14:42:46,273 - Initialize sequence tree
2017-10-24 14:42:46,320 - ZMQ Server Start, Port: 5555
2017-10-24 14:42:46,335 - Connect PLC OK!
2017-10-24 17:22:11,944 - Administrator login
2017-10-24 17:22:12,226 - Initialize UI
2017-10-24 17:22:12,257 - Initialize sequence table
2017-10-24 17:22:12,304 - Load sequence
2017-10-24 17:22:12,304 - Initialize sequence tree
2017-10-24 17:22:12,319 - Connect PLC OK!
2017-10-24 17:22:12,397 - ZMQ Server Start, Port: 5555
2017-10-24 17:28:03,648 - Administrator login
2017-10-24 17:28:03,819 - Initialize UI
2017-10-24 17:28:03,882 - Initialize sequence table
2017-10-24 17:28:03,960 - Load sequence
2017-10-24 17:28:03,960 - Initialize sequence tree
2017-10-24 17:28:03,976 - Connect PLC OK!
2017-10-24 17:28:04,022 - ZMQ Server Start, Port: 5555
2017-10-24 17:28:06,147 - Enable loop test
2017-10-24 17:28:10,367 - Start test
2017-10-24 17:28:12,398 - Test item: function1
2017-10-24 17:28:12,398 - function1 result:[0.5, 0.5]
2017-10-24 17:28:12,398 - Skip item: function2
2017-10-24 17:28:12,398 - function2 result:[None]
2017-10-24 17:28:12,914 - Test item: function3
2017-10-24 17:28:12,914 - function3 result:[0]
2017-10-24 17:28:12,914 - Skip item: function4
2017-10-24 17:28:12,914 - function4 result:[None]
2017-10-24 17:28:13,429 - Test item: function5
2017-10-24 17:28:13,429 - function5 result:[0.5]
2017-10-24 17:28:13,945 - Test item: function6
2017-10-24 17:28:13,945 - function6 result:[0.5]
2017-10-24 17:28:14,461 - Test item: function7
2017-10-24 17:28:14,461 - function7 result:[0.5]
2017-10-24 17:28:14,977 - Test item: function8
2017-10-24 17:28:14,977 - function8 result:[0.9]
2017-10-24 17:28:15,492 - Test item: function9
2017-10-24 17:28:15,492 - function9 result:[0.9]
2017-10-24 17:28:15,507 - total time£º 5.14
2017-10-24 17:28:17,742 - Test item: function1
2017-10-24 17:28:17,742 - function1 result:[0.5, 0.5]
2017-10-24 17:28:17,742 - Skip item: function2
2017-10-24 17:28:17,742 - function2 result:[None]
2017-10-24 17:28:18,257 - Test item: function3
2017-10-24 17:28:18,257 - function3 result:[0]
2017-10-24 17:28:18,257 - Skip item: function4
2017-10-24 17:28:18,272 - function4 result:[None]
2017-10-24 17:28:18,774 - Test item: function5
2017-10-24 17:28:18,774 - function5 result:[0.5]
2017-10-24 17:28:19,288 - Test item: function6
2017-10-24 17:28:19,288 - function6 result:[0.5]
2017-10-24 17:28:19,820 - Test item: function7
2017-10-24 17:28:19,820 - function7 result:[0.5]
2017-10-24 17:28:20,336 - Test item: function8
2017-10-24 17:28:20,336 - function8 result:[0.9]
2017-10-24 17:28:20,852 - Test item: function9
2017-10-24 17:28:20,852 - function9 result:[0.9]
2017-10-24 17:28:20,866 - total time£º 5.11
2017-10-24 17:28:23,086 - Test item: function1
2017-10-24 17:28:23,086 - function1 result:[0.5, 0.5]
2017-10-24 17:28:23,086 - Skip item: function2
2017-10-24 17:28:23,086 - function2 result:[None]
2017-10-24 17:28:23,601 - Test item: function3
2017-10-24 17:28:23,601 - function3 result:[0]
2017-10-24 17:28:23,601 - Skip item: function4
2017-10-24 17:28:23,601 - function4 result:[None]
2017-10-24 17:28:24,117 - Test item: function5
2017-10-24 17:28:24,117 - function5 result:[0.5]
2017-10-24 17:28:24,649 - Test item: function6
2017-10-24 17:28:24,649 - function6 result:[0.5]
2017-10-24 17:28:25,164 - Test item: function7
2017-10-24 17:28:25,164 - function7 result:[0.5]
2017-10-24 17:28:25,680 - Test item: function8
2017-10-24 17:28:25,680 - function8 result:[0.9]
2017-10-24 17:28:26,210 - Test item: function9
2017-10-24 17:28:26,210 - function9 result:[0.9]
2017-10-24 17:28:26,210 - total time£º 5.15
2017-10-24 17:28:28,445 - Test item: function1
2017-10-24 17:28:28,445 - function1 result:[0.5, 0.5]
2017-10-24 17:28:28,445 - Skip item: function2
2017-10-24 17:28:28,445 - function2 result:[None]
2017-10-24 17:28:28,961 - Test item: function3
2017-10-24 17:28:28,961 - function3 result:[0]
2017-10-24 17:28:28,961 - Skip item: function4
2017-10-24 17:28:28,961 - function4 result:[None]
2017-10-24 17:28:29,477 - Test item: function5
2017-10-24 17:28:29,477 - function5 result:[0.5]
2017-10-24 17:28:29,992 - Test item: function6
2017-10-24 17:28:29,992 - function6 result:[0.5]
2017-10-24 17:28:30,508 - Test item: function7
2017-10-24 17:28:30,508 - function7 result:[0.5]
2017-10-24 17:28:31,024 - Test item: function8
2017-10-24 17:28:31,024 - function8 result:[0.9]
2017-10-24 17:28:31,539 - Test item: function9
2017-10-24 17:28:31,539 - function9 result:[0.9]
2017-10-24 17:28:31,539 - total time£º 5.14
2017-10-24 17:28:33,774 - Test item: function1
2017-10-24 17:28:33,774 - function1 result:[0.5, 0.5]
2017-10-24 17:28:33,774 - Skip item: function2
2017-10-24 17:28:33,774 - function2 result:[None]
2017-10-24 17:28:34,289 - Test item: function3
2017-10-24 17:28:34,289 - function3 result:[0]
2017-10-24 17:28:34,289 - Skip item: function4
2017-10-24 17:28:34,289 - function4 result:[None]
2017-10-24 17:28:34,804 - Test item: function5
2017-10-24 17:28:34,804 - function5 result:[0.5]
2017-10-24 17:28:35,319 - Test item: function6
2017-10-24 17:28:35,319 - function6 result:[0.5]
2017-10-24 17:28:35,835 - Test item: function7
2017-10-24 17:28:35,835 - function7 result:[0.5]
2017-10-24 17:28:36,366 - Test item: function8
2017-10-24 17:28:36,366 - function8 result:[0.9]
2017-10-24 17:28:36,882 - Test item: function9
2017-10-24 17:28:36,882 - function9 result:[0.9]
2017-10-24 17:28:36,897 - total time£º 5.13
2017-10-24 17:28:39,149 - Test item: function1
2017-10-24 17:28:39,149 - function1 result:[0.5, 0.5]
2017-10-24 17:28:39,149 - Skip item: function2
2017-10-24 17:28:39,149 - function2 result:[None]
2017-10-24 17:28:39,663 - Test item: function3
2017-10-24 17:28:39,663 - function3 result:[0]
2017-10-24 17:28:39,663 - Skip item: function4
2017-10-24 17:28:39,663 - function4 result:[None]
2017-10-24 17:28:40,179 - Test item: function5
2017-10-24 17:28:40,179 - function5 result:[0.5]
2017-10-24 17:28:40,694 - Test item: function6
2017-10-24 17:28:40,694 - function6 result:[0.5]
2017-10-24 17:28:41,210 - Test item: function7
2017-10-24 17:28:41,210 - function7 result:[0.5]
2017-10-24 17:28:41,726 - Test item: function8
2017-10-24 17:28:41,726 - function8 result:[0.9]
2017-10-24 17:28:42,241 - Test item: function9
2017-10-24 17:28:42,272 - function9 result:[0.9]
2017-10-24 17:28:42,288 - total time£º 5.16
2017-10-24 17:28:44,523 - Test item: function1
2017-10-24 17:28:44,523 - function1 result:[0.5, 0.5]
2017-10-24 17:28:44,523 - Skip item: function2
2017-10-24 17:28:44,523 - function2 result:[None]
2017-10-24 17:28:45,038 - Test item: function3
2017-10-24 17:28:45,038 - function3 result:[0]
2017-10-24 17:28:45,038 - Skip item: function4
2017-10-24 17:28:45,038 - function4 result:[None]
2017-10-24 17:28:45,555 - Test item: function5
2017-10-24 17:28:45,555 - function5 result:[0.5]
2017-10-24 17:28:46,070 - Test item: function6
2017-10-24 17:28:46,070 - function6 result:[0.5]
2017-10-24 17:28:46,586 - Test item: function7
2017-10-24 17:28:46,586 - function7 result:[0.5]
2017-10-24 17:28:47,101 - Test item: function8
2017-10-24 17:28:47,101 - function8 result:[0.9]
2017-10-24 17:28:47,617 - Test item: function9
2017-10-24 17:28:47,617 - function9 result:[0.9]
2017-10-24 17:28:47,617 - total time£º 5.12
2017-10-24 17:28:49,852 - Test item: function1
2017-10-24 17:28:49,852 - function1 result:[0.5, 0.5]
2017-10-24 17:28:49,852 - Skip item: function2
2017-10-24 17:28:49,852 - function2 result:[None]
2017-10-24 17:28:50,367 - Test item: function3
2017-10-24 17:28:50,367 - function3 result:[0]
2017-10-24 17:28:50,367 - Skip item: function4
2017-10-24 17:28:50,367 - function4 result:[None]
2017-10-24 17:28:50,882 - Test item: function5
2017-10-24 17:28:50,882 - function5 result:[0.5]
2017-10-24 17:28:51,399 - Test item: function6
2017-10-24 17:28:51,399 - function6 result:[0.5]
2017-10-24 17:28:51,914 - Test item: function7
2017-10-24 17:28:51,914 - function7 result:[0.5]
2017-10-24 17:28:52,430 - Test item: function8
2017-10-24 17:28:52,430 - function8 result:[0.9]
2017-10-24 17:28:52,961 - Test item: function9
2017-10-24 17:28:52,961 - function9 result:[0.9]
2017-10-24 17:28:52,961 - total time£º 5.15
2017-10-24 17:28:55,195 - Test item: function1
2017-10-24 17:28:55,195 - function1 result:[0.5, 0.5]
2017-10-24 17:28:55,195 - Skip item: function2
2017-10-24 17:28:55,195 - function2 result:[None]
2017-10-24 17:28:55,711 - Test item: function3
2017-10-24 17:28:55,711 - function3 result:[0]
2017-10-24 17:28:55,711 - Skip item: function4
2017-10-24 17:28:55,711 - function4 result:[None]
2017-10-24 17:28:56,227 - Test item: function5
2017-10-24 17:28:56,227 - function5 result:[0.5]
2017-10-24 17:28:56,742 - Test item: function6
2017-10-24 17:28:56,742 - function6 result:[0.5]
2017-10-24 17:28:57,257 - Test item: function7
2017-10-24 17:28:57,257 - function7 result:[0.5]
2017-10-24 17:28:57,774 - Test item: function8
2017-10-24 17:28:57,774 - function8 result:[0.9]
2017-10-24 17:28:58,289 - Test item: function9
2017-10-24 17:28:58,289 - function9 result:[0.9]
2017-10-24 17:28:58,289 - total time£º 5.13
2017-10-24 17:29:00,524 - Test item: function1
2017-10-24 17:29:00,524 - function1 result:[0.5, 0.5]
2017-10-24 17:29:00,524 - Skip item: function2
2017-10-24 17:29:00,524 - function2 result:[None]
2017-10-24 17:29:01,039 - Test item: function3
2017-10-24 17:29:01,039 - function3 result:[0]
2017-10-24 17:29:01,039 - Skip item: function4
2017-10-24 17:29:01,039 - function4 result:[None]
2017-10-24 17:29:01,555 - Test item: function5
2017-10-24 17:29:01,555 - function5 result:[0.5]
2017-10-24 17:29:02,070 - Test item: function6
2017-10-24 17:29:02,070 - function6 result:[0.5]
2017-10-24 17:29:02,586 - Test item: function7
2017-10-24 17:29:02,586 - function7 result:[0.5]
2017-10-24 17:29:03,102 - Test item: function8
2017-10-24 17:29:03,102 - function8 result:[0.9]
2017-10-24 17:29:03,617 - Test item: function9
2017-10-24 17:29:03,617 - function9 result:[0.9]
2017-10-24 17:29:03,617 - total time£º 5.14
2017-10-24 17:54:17,274 - Administrator login
2017-10-24 17:54:17,383 - Initialize UI
2017-10-24 17:54:17,430 - Initialize sequence table
2017-10-24 17:54:17,524 - Load sequence
2017-10-24 17:54:17,524 - Initialize sequence tree
2017-10-24 17:54:17,555 - Connect PLC OK!
2017-10-24 17:54:17,602 - ZMQ Server Start, Port: 5555
2017-10-24 17:54:25,899 - Start test
2017-10-24 17:54:27,931 - Test item: function1
2017-10-24 17:54:27,931 - function1 result:[0.5, 0.5]
2017-10-24 17:54:27,931 - Skip item: function2
2017-10-24 17:54:27,931 - function2 result:[None]
2017-10-24 17:54:28,447 - Test item: function3
2017-10-24 17:54:28,447 - function3 result:[0]
2017-10-24 17:54:28,447 - Skip item: function4
2017-10-24 17:54:28,447 - function4 result:[None]
2017-10-24 17:54:28,962 - Test item: function5
2017-10-24 17:54:28,962 - function5 result:[0.5]
2017-10-24 17:54:29,478 - Test item: function6
2017-10-24 17:54:29,478 - function6 result:[0.5]
2017-10-24 17:54:29,993 - Test item: function7
2017-10-24 17:54:29,993 - function7 result:[0.5]
2017-10-24 17:54:30,509 - Test item: function8
2017-10-24 17:54:30,509 - function8 result:[0.9]
2017-10-24 17:54:31,025 - Test item: function9
2017-10-24 17:54:31,025 - function9 result:[0.9]
2017-10-24 17:54:31,025 - total time£º 5.14
2017-10-24 17:54:33,508 - Start test
2017-10-24 17:54:35,525 - Test item: function1
2017-10-24 17:54:35,525 - function1 result:[0.5, 0.5]
2017-10-24 17:54:35,525 - Skip item: function2
2017-10-24 17:54:35,525 - function2 result:[None]
2017-10-24 17:54:36,040 - Test item: function3
2017-10-24 17:54:36,040 - function3 result:[0]
2017-10-24 17:54:36,040 - Skip item: function4
2017-10-24 17:54:36,040 - function4 result:[None]
2017-10-24 17:54:36,556 - Test item: function5
2017-10-24 17:54:36,556 - function5 result:[0.5]
2017-10-24 17:54:37,072 - Test item: function6
2017-10-24 17:54:37,072 - function6 result:[0.5]
2017-10-24 17:54:37,587 - Test item: function7
2017-10-24 17:54:37,587 - function7 result:[0.5]
2017-10-24 17:54:38,103 - Test item: function8
2017-10-24 17:54:38,103 - function8 result:[0.9]
2017-10-24 17:54:38,618 - Test item: function9
2017-10-24 17:54:38,618 - function9 result:[0.9]
2017-10-24 17:54:38,618 - total time£º 5.14
