2017-10-31 10:01:40,420 - Administrator login
2017-10-31 10:01:40,466 - Initialize UI
2017-10-31 10:01:40,497 - Initialize sequence table
2017-10-31 10:01:40,513 - Load sequence
2017-10-31 10:01:40,513 - Initialize sequence tree
2017-10-31 10:01:40,529 - Connect PLC OK!
2017-10-31 10:01:40,560 - ZMQ Server Start, Port: 5555
2017-10-31 10:05:17,322 - Administrator login
2017-10-31 10:05:17,384 - Initialize UI
2017-10-31 10:05:17,400 - Initialize sequence table
2017-10-31 10:05:17,431 - Load sequence
2017-10-31 10:05:17,431 - Initialize sequence tree
2017-10-31 10:05:17,447 - Connect PLC OK!
2017-10-31 10:05:17,478 - ZMQ Server Start, Port: 5555
2017-10-31 10:07:40,717 - Administrator login
2017-10-31 10:07:40,764 - Initialize UI
2017-10-31 10:07:40,795 - Initialize sequence table
2017-10-31 10:07:40,811 - Load sequence
2017-10-31 10:07:40,811 - Initialize sequence tree
2017-10-31 10:07:40,811 - Connect PLC OK!
2017-10-31 10:07:40,873 - ZMQ Server Start, Port: 5555
2017-10-31 10:10:57,013 - Administrator login
2017-10-31 10:10:57,091 - Initialize UI
2017-10-31 10:10:57,123 - Initialize sequence table
2017-10-31 10:10:57,154 - Load sequence
2017-10-31 10:10:57,154 - Initialize sequence tree
2017-10-31 10:10:57,154 - Connect PLC OK!
2017-10-31 10:10:57,185 - ZMQ Server Start, Port: 5555
2017-10-31 10:16:56,772 - Administrator login
2017-10-31 10:16:56,865 - Initialize UI
2017-10-31 10:16:56,896 - Initialize sequence table
2017-10-31 10:16:56,912 - Load sequence
2017-10-31 10:16:56,912 - Initialize sequence tree
2017-10-31 10:16:56,943 - ZMQ Server Start, Port: 5555
2017-10-31 10:16:56,943 - Connect PLC OK!
2017-10-31 10:17:46,580 - Administrator login
2017-10-31 10:17:46,627 - Initialize UI
2017-10-31 10:17:46,658 - Initialize sequence table
2017-10-31 10:17:46,673 - Load sequence
2017-10-31 10:17:46,673 - Initialize sequence tree
2017-10-31 10:17:46,689 - Connect PLC OK!
2017-10-31 10:17:46,720 - ZMQ Server Start, Port: 5555
2017-10-31 10:24:04,933 - Administrator login
2017-10-31 10:24:04,980 - Initialize UI
2017-10-31 10:24:05,011 - Initialize sequence table
2017-10-31 10:24:05,042 - Load sequence
2017-10-31 10:24:05,058 - Initialize sequence tree
2017-10-31 10:24:05,074 - Connect PLC OK!
2017-10-31 10:24:05,105 - ZMQ Server Start, Port: 5555
2017-10-31 10:26:14,736 - Administrator login
2017-10-31 10:26:14,783 - Initialize UI
2017-10-31 10:26:14,814 - Initialize sequence table
2017-10-31 10:26:14,845 - Load sequence
2017-10-31 10:26:14,845 - Initialize sequence tree
2017-10-31 10:26:14,845 - Connect PLC OK!
2017-10-31 10:26:14,876 - ZMQ Server Start, Port: 5555
2017-10-31 10:29:10,818 - Administrator login
2017-10-31 10:29:10,881 - Initialize UI
2017-10-31 10:29:10,912 - Initialize sequence table
2017-10-31 10:29:10,943 - Load sequence
2017-10-31 10:29:10,943 - Initialize sequence tree
2017-10-31 10:29:10,974 - ZMQ Server Start, Port: 5555
2017-10-31 10:29:10,974 - Connect PLC OK!
2017-10-31 10:31:50,286 - Administrator login
2017-10-31 10:31:50,332 - Initialize UI
2017-10-31 10:31:50,364 - Initialize sequence table
2017-10-31 10:31:50,395 - Load sequence
2017-10-31 10:31:50,395 - Initialize sequence tree
2017-10-31 10:31:50,426 - Connect PLC OK!
2017-10-31 10:31:50,426 - ZMQ Server Start, Port: 5555
2017-10-31 10:53:17,028 - Administrator login
2017-10-31 10:53:17,090 - Initialize UI
2017-10-31 10:53:17,152 - Initialize sequence table
2017-10-31 10:53:17,184 - Load sequence
2017-10-31 10:53:17,184 - Initialize sequence tree
2017-10-31 10:53:17,215 - ZMQ Server Start, Port: 5555
2017-10-31 10:53:17,215 - Connect PLC OK!
2017-10-31 10:54:19,459 - Administrator login
2017-10-31 10:54:19,506 - Initialize UI
2017-10-31 10:54:19,537 - Initialize sequence table
2017-10-31 10:54:19,552 - Load sequence
2017-10-31 10:54:19,552 - Initialize sequence tree
2017-10-31 10:54:19,568 - Connect PLC OK!
2017-10-31 10:54:19,677 - ZMQ Server Start, Port: 5555
2017-10-31 10:57:02,864 - Administrator login
2017-10-31 10:57:02,911 - Initialize UI
2017-10-31 10:57:02,942 - Initialize sequence table
2017-10-31 10:57:02,974 - Load sequence
2017-10-31 10:57:02,974 - Initialize sequence tree
2017-10-31 10:57:02,989 - Connect PLC OK!
2017-10-31 10:57:03,052 - ZMQ Server Start, Port: 5555
2017-10-31 10:57:28,152 - Administrator login
2017-10-31 10:57:28,214 - Initialize UI
2017-10-31 10:57:28,230 - Initialize sequence table
2017-10-31 10:57:28,261 - Load sequence
2017-10-31 10:57:28,261 - Initialize sequence tree
2017-10-31 10:57:28,277 - Connect PLC OK!
2017-10-31 10:57:28,277 - ZMQ Server Start, Port: 5555
2017-10-31 10:57:42,722 - Administrator login
2017-10-31 10:57:42,769 - Initialize UI
2017-10-31 10:57:42,800 - Initialize sequence table
2017-10-31 10:57:42,816 - Load sequence
2017-10-31 10:57:42,816 - Initialize sequence tree
2017-10-31 10:57:42,832 - ZMQ Server Start, Port: 5555
2017-10-31 10:57:42,847 - Connect PLC OK!
2017-10-31 10:58:07,760 - Administrator login
2017-10-31 10:58:07,807 - Initialize UI
2017-10-31 10:58:07,838 - Initialize sequence table
2017-10-31 10:58:07,870 - Load sequence
2017-10-31 10:58:07,870 - Initialize sequence tree
2017-10-31 10:58:07,885 - ZMQ Server Start, Port: 5555
2017-10-31 10:58:07,901 - Connect PLC OK!
2017-10-31 11:41:22,017 - Administrator login
2017-10-31 11:41:22,064 - Initialize UI
2017-10-31 11:41:22,111 - Initialize sequence table
2017-10-31 11:41:22,142 - Load sequence
2017-10-31 11:41:22,142 - Initialize sequence tree
2017-10-31 11:41:22,188 - ZMQ Server Start, Port: 5555
2017-10-31 11:41:22,188 - Connect PLC OK!
2017-10-31 11:42:42,435 - Administrator login
2017-10-31 11:42:42,482 - Initialize UI
2017-10-31 11:42:42,513 - Initialize sequence table
2017-10-31 11:42:42,544 - Load sequence
2017-10-31 11:42:42,544 - Initialize sequence tree
2017-10-31 11:42:42,575 - ZMQ Server Start, Port: 5555
2017-10-31 11:42:42,575 - Connect PLC OK!
2017-10-31 11:44:21,242 - Administrator login
2017-10-31 11:44:21,289 - Initialize UI
2017-10-31 11:44:21,320 - Initialize sequence table
2017-10-31 11:44:21,336 - Load sequence
2017-10-31 11:44:21,351 - Initialize sequence tree
2017-10-31 11:44:21,367 - ZMQ Server Start, Port: 5555
2017-10-31 11:44:21,367 - Connect PLC OK!
2017-10-31 11:44:56,327 - Administrator login
2017-10-31 11:44:56,389 - Initialize UI
2017-10-31 11:44:56,436 - Initialize sequence table
2017-10-31 11:44:56,451 - Load sequence
2017-10-31 11:44:56,451 - Initialize sequence tree
2017-10-31 11:44:56,467 - ZMQ Server Start, Port: 5555
2017-10-31 11:44:56,483 - Connect PLC OK!
2017-10-31 11:45:34,547 - Administrator login
2017-10-31 11:45:34,593 - Initialize UI
2017-10-31 11:45:34,625 - Initialize sequence table
2017-10-31 11:45:34,656 - Load sequence
2017-10-31 11:45:34,656 - Initialize sequence tree
2017-10-31 11:45:34,671 - Connect PLC OK!
2017-10-31 11:45:34,687 - ZMQ Server Start, Port: 5555
2017-10-31 11:57:21,043 - Administrator login
2017-10-31 11:57:21,106 - Initialize UI
2017-10-31 11:57:21,137 - Initialize sequence table
2017-10-31 11:57:21,168 - Load sequence
2017-10-31 11:57:21,168 - Initialize sequence tree
2017-10-31 11:57:21,184 - Connect PLC OK!
2017-10-31 11:57:21,200 - ZMQ Server Start, Port: 5555
2017-10-31 12:00:46,095 - Administrator login
2017-10-31 12:00:46,141 - Initialize UI
2017-10-31 12:00:46,172 - Initialize sequence table
2017-10-31 12:00:46,188 - Load sequence
2017-10-31 12:00:46,188 - Initialize sequence tree
2017-10-31 12:00:46,204 - ZMQ Server Start, Port: 5555
2017-10-31 12:00:46,204 - Connect PLC OK!
2017-10-31 12:06:16,940 - Administrator login
2017-10-31 12:06:17,002 - Initialize UI
2017-10-31 12:06:17,033 - Initialize sequence table
2017-10-31 12:06:17,049 - Load sequence
2017-10-31 12:06:17,049 - Initialize sequence tree
2017-10-31 12:06:17,080 - ZMQ Server Start, Port: 5555
2017-10-31 12:06:17,096 - Connect PLC OK!
2017-10-31 12:06:48,483 - Administrator login
2017-10-31 12:06:48,545 - Initialize UI
2017-10-31 12:06:48,608 - Initialize sequence table
2017-10-31 12:06:48,639 - Load sequence
2017-10-31 12:06:48,639 - Initialize sequence tree
2017-10-31 12:06:48,639 - Connect PLC OK!
2017-10-31 12:06:48,670 - ZMQ Server Start, Port: 5555
2017-10-31 12:09:57,999 - Administrator login
2017-10-31 12:09:58,046 - Initialize UI
2017-10-31 12:09:58,077 - Initialize sequence table
2017-10-31 12:09:58,108 - Load sequence
2017-10-31 12:09:58,108 - Initialize sequence tree
2017-10-31 12:09:58,155 - ZMQ Server Start, Port: 5555
2017-10-31 12:09:58,155 - Connect PLC OK!
2017-10-31 12:22:52,714 - Administrator login
2017-10-31 12:22:52,776 - Initialize UI
2017-10-31 12:22:52,807 - Initialize sequence table
2017-10-31 12:22:52,838 - Load sequence
2017-10-31 12:22:52,838 - Initialize sequence tree
2017-10-31 12:22:52,854 - Connect PLC OK!
2017-10-31 12:22:52,870 - ZMQ Server Start, Port: 5555
2017-10-31 12:23:13,649 - Administrator login
2017-10-31 12:23:13,696 - Initialize UI
2017-10-31 12:23:13,727 - Initialize sequence table
2017-10-31 12:23:13,758 - Load sequence
2017-10-31 12:23:13,758 - Initialize sequence tree
2017-10-31 12:23:13,789 - ZMQ Server Start, Port: 5555
2017-10-31 12:23:13,789 - Connect PLC OK!
2017-10-31 12:23:38,671 - Administrator login
2017-10-31 12:23:38,734 - Initialize UI
2017-10-31 12:23:38,765 - Initialize sequence table
2017-10-31 12:23:38,812 - Load sequence
2017-10-31 12:23:38,812 - Initialize sequence tree
2017-10-31 12:23:38,827 - Connect PLC OK!
2017-10-31 12:23:38,858 - ZMQ Server Start, Port: 5555
2017-10-31 12:23:45,067 - Administrator login
2017-10-31 12:23:45,130 - Initialize UI
2017-10-31 12:23:45,145 - Initialize sequence table
2017-10-31 12:23:45,177 - Load sequence
2017-10-31 12:23:45,177 - Initialize sequence tree
2017-10-31 12:23:45,192 - ZMQ Server Start, Port: 5555
2017-10-31 12:23:45,208 - Connect PLC OK!
2017-10-31 12:25:57,168 - Administrator login
2017-10-31 12:25:57,215 - Initialize UI
2017-10-31 12:25:57,246 - Initialize sequence table
2017-10-31 12:25:57,262 - Load sequence
2017-10-31 12:25:57,262 - Initialize sequence tree
2017-10-31 12:25:57,277 - Connect PLC OK!
2017-10-31 12:25:57,293 - ZMQ Server Start, Port: 5555
2017-10-31 12:27:34,887 - Administrator login
2017-10-31 12:27:34,933 - Initialize UI
2017-10-31 12:27:34,964 - Initialize sequence table
2017-10-31 12:27:34,996 - Load sequence
2017-10-31 12:27:34,996 - Initialize sequence tree
2017-10-31 12:27:34,996 - Connect PLC OK!
2017-10-31 12:27:35,058 - ZMQ Server Start, Port: 5555
2017-10-31 12:30:50,933 - Administrator login
2017-10-31 12:30:50,980 - Initialize UI
2017-10-31 12:30:51,011 - Initialize sequence table
2017-10-31 12:30:51,026 - Load sequence
2017-10-31 12:30:51,026 - Initialize sequence tree
2017-10-31 12:30:51,058 - Connect PLC OK!
2017-10-31 12:30:51,089 - ZMQ Server Start, Port: 5555
2017-10-31 12:59:42,508 - Administrator login
2017-10-31 12:59:42,571 - Initialize UI
2017-10-31 12:59:42,633 - Initialize sequence table
2017-10-31 12:59:42,664 - Load sequence
2017-10-31 12:59:42,664 - Initialize sequence tree
2017-10-31 12:59:42,664 - Connect PLC OK!
2017-10-31 12:59:42,711 - ZMQ Server Start, Port: 5555
2017-10-31 13:08:12,011 - Administrator login
2017-10-31 13:08:12,058 - Initialize UI
2017-10-31 13:08:12,089 - Initialize sequence table
2017-10-31 13:08:12,121 - Load sequence
2017-10-31 13:08:12,121 - Initialize sequence tree
2017-10-31 13:08:12,167 - ZMQ Server Start, Port: 5555
2017-10-31 13:08:12,167 - Connect PLC OK!
2017-10-31 13:09:22,465 - Administrator login
2017-10-31 13:09:22,528 - Initialize UI
2017-10-31 13:09:22,559 - Initialize sequence table
2017-10-31 13:09:22,590 - Load sequence
2017-10-31 13:09:22,590 - Initialize sequence tree
2017-10-31 13:09:22,606 - ZMQ Server Start, Port: 5555
2017-10-31 13:09:22,606 - Connect PLC OK!
2017-10-31 13:11:42,640 - Administrator login
2017-10-31 13:11:42,702 - Initialize UI
2017-10-31 13:11:42,718 - Initialize sequence table
2017-10-31 13:11:42,749 - Load sequence
2017-10-31 13:11:42,749 - Initialize sequence tree
2017-10-31 13:11:42,764 - ZMQ Server Start, Port: 5555
2017-10-31 13:11:42,764 - Connect PLC OK!
2017-10-31 13:14:18,375 - Administrator login
2017-10-31 13:14:18,422 - Initialize UI
2017-10-31 13:14:18,438 - Initialize sequence table
2017-10-31 13:14:18,469 - Load sequence
2017-10-31 13:14:18,469 - Initialize sequence tree
2017-10-31 13:14:18,500 - ZMQ Server Start, Port: 5555
2017-10-31 13:14:18,500 - Connect PLC OK!
2017-10-31 13:16:35,033 - Administrator login
2017-10-31 13:16:35,064 - Initialize UI
2017-10-31 13:16:35,096 - Initialize sequence table
2017-10-31 13:16:35,111 - Load sequence
2017-10-31 13:16:35,111 - Initialize sequence tree
2017-10-31 13:16:35,127 - Connect PLC OK!
2017-10-31 13:16:35,267 - ZMQ Server Start, Port: 5555
2017-10-31 13:27:10,499 - Administrator login
2017-10-31 13:27:10,546 - Initialize UI
2017-10-31 13:27:10,577 - Initialize sequence table
2017-10-31 13:27:10,608 - Load sequence
2017-10-31 13:27:10,608 - Initialize sequence tree
2017-10-31 13:27:10,608 - Connect PLC OK!
2017-10-31 13:27:10,640 - ZMQ Server Start, Port: 5555
2017-10-31 13:37:45,162 - Administrator login
2017-10-31 13:37:45,208 - Initialize UI
2017-10-31 13:37:45,240 - Initialize sequence table
2017-10-31 13:37:45,255 - Load sequence
2017-10-31 13:37:45,255 - Initialize sequence tree
2017-10-31 13:37:45,287 - ZMQ Server Start, Port: 5555
2017-10-31 13:37:45,287 - Connect PLC OK!
2017-10-31 13:39:29,657 - Administrator login
2017-10-31 13:39:29,723 - Initialize UI
2017-10-31 13:39:29,787 - Initialize sequence table
2017-10-31 13:39:29,812 - Load sequence
2017-10-31 13:39:29,814 - Initialize sequence tree
2017-10-31 13:39:29,827 - Connect PLC OK!
2017-10-31 13:39:35,247 - ZMQ Server Start, Port: 5555
2017-10-31 13:41:05,712 - Administrator login
2017-10-31 13:41:05,801 - Initialize UI
2017-10-31 13:41:05,845 - Initialize sequence table
2017-10-31 13:41:05,878 - Load sequence
2017-10-31 13:41:05,878 - Initialize sequence tree
2017-10-31 13:41:05,905 - ZMQ Server Start, Port: 5555
2017-10-31 13:41:05,907 - Connect PLC OK!
2017-10-31 13:45:29,440 - Administrator login
2017-10-31 13:45:29,503 - Initialize UI
2017-10-31 13:45:29,534 - Initialize sequence table
2017-10-31 13:45:29,549 - Load sequence
2017-10-31 13:45:29,549 - Initialize sequence tree
2017-10-31 13:45:29,580 - Connect PLC OK!
2017-10-31 13:45:29,643 - ZMQ Server Start, Port: 5555
2017-10-31 13:46:00,235 - Administrator login
2017-10-31 13:46:00,297 - Initialize UI
2017-10-31 13:46:00,328 - Initialize sequence table
2017-10-31 13:46:00,359 - Load sequence
2017-10-31 13:46:00,359 - Initialize sequence tree
2017-10-31 13:46:00,391 - Connect PLC OK!
2017-10-31 13:46:00,391 - ZMQ Server Start, Port: 5555
2017-10-31 14:10:23,488 - Administrator login
2017-10-31 14:10:23,519 - Initialize UI
2017-10-31 14:10:23,551 - Initialize sequence table
2017-10-31 14:10:23,613 - Load sequence
2017-10-31 14:10:23,613 - Initialize sequence tree
2017-10-31 14:10:23,613 - Connect PLC OK!
2017-10-31 14:10:23,675 - ZMQ Server Start, Port: 5555
2017-10-31 14:11:00,117 - Administrator login
2017-10-31 14:11:00,179 - Initialize UI
2017-10-31 14:11:00,226 - Initialize sequence table
2017-10-31 14:11:00,257 - Load sequence
2017-10-31 14:11:00,257 - Initialize sequence tree
2017-10-31 14:11:00,273 - ZMQ Server Start, Port: 5555
2017-10-31 14:11:00,289 - Connect PLC OK!
2017-10-31 14:11:49,834 - Administrator login
2017-10-31 14:11:49,912 - Initialize UI
2017-10-31 14:11:49,959 - Initialize sequence table
2017-10-31 14:11:49,975 - Load sequence
2017-10-31 14:11:49,975 - Initialize sequence tree
2017-10-31 14:11:49,990 - Connect PLC OK!
2017-10-31 14:11:50,006 - ZMQ Server Start, Port: 5555
2017-10-31 14:12:18,881 - Administrator login
2017-10-31 14:12:18,912 - Initialize UI
2017-10-31 14:12:18,944 - Initialize sequence table
2017-10-31 14:12:18,959 - Load sequence
2017-10-31 14:12:18,959 - Initialize sequence tree
2017-10-31 14:12:18,975 - Connect PLC OK!
2017-10-31 14:12:18,991 - ZMQ Server Start, Port: 5555
2017-10-31 14:12:36,104 - Administrator login
2017-10-31 14:12:36,166 - Initialize UI
2017-10-31 14:12:36,197 - Initialize sequence table
2017-10-31 14:12:36,228 - Load sequence
2017-10-31 14:12:36,228 - Initialize sequence tree
2017-10-31 14:12:36,260 - ZMQ Server Start, Port: 5555
2017-10-31 14:12:36,260 - Connect PLC OK!
2017-10-31 14:21:05,756 - Administrator login
2017-10-31 14:21:05,834 - Initialize UI
2017-10-31 14:21:05,912 - Initialize sequence table
2017-10-31 14:21:05,943 - Load sequence
2017-10-31 14:21:05,943 - Initialize sequence tree
2017-10-31 14:21:05,974 - ZMQ Server Start, Port: 5555
2017-10-31 14:21:05,974 - Connect PLC OK!
2017-10-31 14:22:17,344 - Administrator login
2017-10-31 14:22:17,407 - Initialize UI
2017-10-31 14:22:17,453 - Initialize sequence table
2017-10-31 14:22:17,531 - Load sequence
2017-10-31 14:22:17,531 - Initialize sequence tree
2017-10-31 14:22:17,547 - Connect PLC OK!
2017-10-31 14:22:17,625 - ZMQ Server Start, Port: 5555
2017-10-31 14:23:19,342 - Administrator login
2017-10-31 14:23:19,420 - Initialize UI
2017-10-31 14:23:19,498 - Initialize sequence table
2017-10-31 14:23:19,529 - Load sequence
2017-10-31 14:23:19,529 - Initialize sequence tree
2017-10-31 14:23:19,560 - Connect PLC OK!
2017-10-31 14:23:19,560 - ZMQ Server Start, Port: 5555
2017-10-31 14:56:26,690 - Administrator login
2017-10-31 14:56:26,752 - Initialize UI
2017-10-31 14:56:26,830 - Initialize sequence table
2017-10-31 14:56:26,846 - Load sequence
2017-10-31 14:56:26,846 - Initialize sequence tree
2017-10-31 14:56:26,877 - ZMQ Server Start, Port: 5555
2017-10-31 14:56:26,877 - Connect PLC OK!
2017-10-31 14:57:15,362 - Administrator login
2017-10-31 14:57:15,409 - Initialize UI
2017-10-31 14:57:15,440 - Initialize sequence table
2017-10-31 14:57:15,471 - Load sequence
2017-10-31 14:57:15,471 - Initialize sequence tree
2017-10-31 14:57:15,487 - Connect PLC OK!
2017-10-31 14:57:15,518 - ZMQ Server Start, Port: 5555
2017-10-31 14:57:47,825 - Administrator login
2017-10-31 14:57:47,888 - Initialize UI
2017-10-31 14:57:47,919 - Initialize sequence table
2017-10-31 14:57:47,966 - Load sequence
2017-10-31 14:57:47,966 - Initialize sequence tree
2017-10-31 14:57:47,966 - Connect PLC OK!
2017-10-31 14:57:47,997 - ZMQ Server Start, Port: 5555
2017-10-31 14:59:08,836 - Administrator login
2017-10-31 14:59:08,899 - Initialize UI
2017-10-31 14:59:08,930 - Initialize sequence table
2017-10-31 14:59:08,945 - Load sequence
2017-10-31 14:59:08,945 - Initialize sequence tree
2017-10-31 14:59:08,977 - ZMQ Server Start, Port: 5555
2017-10-31 14:59:08,977 - Connect PLC OK!
2017-10-31 14:59:38,679 - Administrator login
2017-10-31 14:59:38,726 - Initialize UI
2017-10-31 14:59:38,742 - Initialize sequence table
2017-10-31 14:59:38,773 - Load sequence
2017-10-31 14:59:38,773 - Initialize sequence tree
2017-10-31 14:59:38,788 - Connect PLC OK!
2017-10-31 14:59:38,804 - ZMQ Server Start, Port: 5555
2017-10-31 15:00:29,192 - Administrator login
2017-10-31 15:00:29,254 - Initialize UI
2017-10-31 15:00:29,286 - Initialize sequence table
2017-10-31 15:00:29,301 - Load sequence
2017-10-31 15:00:29,301 - Initialize sequence tree
2017-10-31 15:00:29,317 - ZMQ Server Start, Port: 5555
2017-10-31 15:00:29,332 - Connect PLC OK!
2017-10-31 15:00:49,456 - Administrator login
2017-10-31 15:00:49,550 - Initialize UI
2017-10-31 15:00:49,581 - Initialize sequence table
2017-10-31 15:00:49,597 - Load sequence
2017-10-31 15:00:49,597 - Initialize sequence tree
2017-10-31 15:00:49,612 - ZMQ Server Start, Port: 5555
2017-10-31 15:00:49,612 - Connect PLC OK!
2017-10-31 15:01:43,230 - Administrator login
2017-10-31 15:01:43,276 - Initialize UI
2017-10-31 15:01:43,308 - Initialize sequence table
2017-10-31 15:01:43,323 - Load sequence
2017-10-31 15:01:43,323 - Initialize sequence tree
2017-10-31 15:01:43,354 - Connect PLC OK!
2017-10-31 15:01:43,354 - ZMQ Server Start, Port: 5555
2017-10-31 15:02:33,009 - Administrator login
2017-10-31 15:02:33,072 - Initialize UI
2017-10-31 15:02:33,087 - Initialize sequence table
2017-10-31 15:02:33,103 - Load sequence
2017-10-31 15:02:33,103 - Initialize sequence tree
2017-10-31 15:02:33,150 - ZMQ Server Start, Port: 5555
2017-10-31 15:02:33,150 - Connect PLC OK!
2017-10-31 16:11:46,133 - Administrator login
2017-10-31 16:11:46,242 - Initialize UI
2017-10-31 16:11:46,305 - Initialize sequence table
2017-10-31 16:11:46,367 - Load sequence
2017-10-31 16:11:46,367 - Initialize sequence tree
2017-10-31 16:11:46,383 - Connect PLC OK!
2017-10-31 16:11:46,414 - ZMQ Server Start, Port: 5555
2017-10-31 16:17:19,708 - Administrator login
2017-10-31 16:17:19,786 - Initialize UI
2017-10-31 16:17:19,833 - Initialize sequence table
2017-10-31 16:17:19,848 - Load sequence
2017-10-31 16:17:19,848 - Initialize sequence tree
2017-10-31 16:17:19,895 - ZMQ Server Start, Port: 5555
2017-10-31 16:17:19,895 - Connect PLC OK!
2017-10-31 16:18:35,430 - Administrator login
2017-10-31 16:18:35,508 - Initialize UI
2017-10-31 16:18:35,555 - Initialize sequence table
2017-10-31 16:18:35,571 - Load sequence
2017-10-31 16:18:35,571 - Initialize sequence tree
2017-10-31 16:18:35,586 - ZMQ Server Start, Port: 5555
2017-10-31 16:18:35,602 - Connect PLC OK!
2017-10-31 16:24:30,190 - Administrator login
2017-10-31 16:24:30,252 - Initialize UI
2017-10-31 16:24:30,268 - Initialize sequence table
2017-10-31 16:24:30,299 - Load sequence
2017-10-31 16:24:30,299 - Initialize sequence tree
2017-10-31 16:24:30,315 - Connect PLC OK!
2017-10-31 16:24:30,330 - ZMQ Server Start, Port: 5555
2017-10-31 16:24:32,483 - Start test
2017-10-31 16:24:32,608 - Test item: function1
2017-10-31 16:27:25,238 - Administrator login
2017-10-31 16:27:25,362 - Initialize UI
2017-10-31 16:27:25,425 - Initialize sequence table
2017-10-31 16:27:25,456 - Load sequence
2017-10-31 16:27:25,456 - Initialize sequence tree
2017-10-31 16:27:25,487 - ZMQ Server Start, Port: 5555
2017-10-31 16:27:25,487 - Connect PLC OK!
2017-10-31 16:27:27,531 - Start test
2017-10-31 16:27:27,655 - Test item: function1
2017-10-31 16:27:57,545 - Administrator login
2017-10-31 16:27:57,608 - Initialize UI
2017-10-31 16:27:57,670 - Initialize sequence table
2017-10-31 16:27:57,686 - Load sequence
2017-10-31 16:27:57,686 - Initialize sequence tree
2017-10-31 16:27:57,701 - ZMQ Server Start, Port: 5555
2017-10-31 16:27:57,717 - Connect PLC OK!
2017-10-31 16:27:59,183 - Start test
2017-10-31 16:27:59,308 - Test item: function1
2017-10-31 16:31:44,962 - Administrator login
2017-10-31 16:31:45,009 - Initialize UI
2017-10-31 16:31:45,040 - Initialize sequence table
2017-10-31 16:31:45,055 - Load sequence
2017-10-31 16:31:45,055 - Initialize sequence tree
2017-10-31 16:31:45,071 - ZMQ Server Start, Port: 5555
2017-10-31 16:31:45,087 - Connect PLC OK!
2017-10-31 16:31:46,990 - Start test
2017-10-31 16:31:47,115 - Test item: function1
2017-10-31 16:32:10,983 - Administrator login
2017-10-31 16:32:11,030 - Initialize UI
2017-10-31 16:32:11,061 - Initialize sequence table
2017-10-31 16:32:11,061 - Load sequence
2017-10-31 16:32:11,061 - Initialize sequence tree
2017-10-31 16:32:11,092 - ZMQ Server Start, Port: 5555
2017-10-31 16:32:11,092 - Connect PLC OK!
2017-10-31 16:32:12,465 - Start test
2017-10-31 16:32:13,947 - Test item: function1
2017-10-31 16:32:52,884 - Administrator login
2017-10-31 16:32:52,915 - Initialize UI
2017-10-31 16:32:52,931 - Initialize sequence table
2017-10-31 16:32:52,947 - Load sequence
2017-10-31 16:32:52,947 - Initialize sequence tree
2017-10-31 16:32:52,962 - Connect PLC OK!
2017-10-31 16:32:53,025 - ZMQ Server Start, Port: 5555
2017-10-31 16:32:56,301 - Start test
2017-10-31 16:32:56,410 - Test item: function1
2017-10-31 16:33:37,048 - Administrator login
2017-10-31 16:33:37,095 - Initialize UI
2017-10-31 16:33:37,126 - Initialize sequence table
2017-10-31 16:33:37,157 - Load sequence
2017-10-31 16:33:37,157 - Initialize sequence tree
2017-10-31 16:33:37,173 - Connect PLC OK!
2017-10-31 16:33:37,188 - ZMQ Server Start, Port: 5555
2017-10-31 16:33:39,123 - Start test
2017-10-31 16:33:39,232 - Test item: function1
2017-10-31 16:33:39,232 - function1 result:[0.5, 0.5, 'child1', 'child2']
2017-10-31 16:33:39,232 - Skip item: function2
2017-10-31 16:35:01,366 - Administrator login
2017-10-31 16:35:01,428 - Initialize UI
2017-10-31 16:35:01,444 - Initialize sequence table
2017-10-31 16:35:01,475 - Load sequence
2017-10-31 16:35:01,475 - Initialize sequence tree
2017-10-31 16:35:01,491 - Connect PLC OK!
2017-10-31 16:35:01,506 - ZMQ Server Start, Port: 5555
2017-10-31 16:35:03,160 - Start test
2017-10-31 16:35:03,269 - Test item: function1
2017-10-31 16:35:03,269 - function1 result:[0.5, 0.5, 'child1', 'child2']
2017-10-31 16:35:03,269 - Skip item: function2
2017-10-31 16:36:26,620 - Administrator login
2017-10-31 16:36:26,667 - Initialize UI
2017-10-31 16:36:26,698 - Initialize sequence table
2017-10-31 16:36:26,729 - Load sequence
2017-10-31 16:36:26,729 - Initialize sequence tree
2017-10-31 16:36:26,760 - ZMQ Server Start, Port: 5555
2017-10-31 16:36:26,760 - Connect PLC OK!
2017-10-31 16:36:28,336 - Start test
2017-10-31 16:36:28,461 - Test item: function1
2017-10-31 16:36:28,461 - function1 result:[0.5, 0.5, 'child1', 'child2']
2017-10-31 16:36:28,461 - Skip item: function2
2017-10-31 16:39:47,423 - Administrator login
2017-10-31 16:39:47,486 - Initialize UI
2017-10-31 16:39:47,517 - Initialize sequence table
2017-10-31 16:39:47,548 - Load sequence
2017-10-31 16:39:47,548 - Initialize sequence tree
2017-10-31 16:39:47,563 - ZMQ Server Start, Port: 5555
2017-10-31 16:39:47,579 - Connect PLC OK!
2017-10-31 16:39:49,092 - Start test
2017-10-31 16:39:49,201 - Test item: function1
2017-10-31 16:39:49,201 - function1 result:[0.5, 0.5, 'child1', 'child2']
2017-10-31 16:39:49,201 - Skip item: function2
2017-10-31 16:41:53,611 - Administrator login
2017-10-31 16:41:53,674 - Initialize UI
2017-10-31 16:41:53,705 - Initialize sequence table
2017-10-31 16:41:53,752 - Load sequence
2017-10-31 16:41:53,752 - Initialize sequence tree
2017-10-31 16:41:53,783 - ZMQ Server Start, Port: 5555
2017-10-31 16:41:53,783 - Connect PLC OK!
2017-10-31 16:41:55,686 - Start test
2017-10-31 16:41:55,811 - Test item: function1
2017-10-31 16:41:55,811 - function1 result:[0.5, 0.5, 'child1', 'child2']
2017-10-31 16:41:55,811 - Skip item: function2
2017-10-31 16:42:22,737 - Administrator login
2017-10-31 16:42:22,799 - Initialize UI
2017-10-31 16:42:22,830 - Initialize sequence table
2017-10-31 16:42:22,862 - Load sequence
2017-10-31 16:42:22,862 - Initialize sequence tree
2017-10-31 16:42:22,893 - ZMQ Server Start, Port: 5555
2017-10-31 16:42:22,893 - Connect PLC OK!
2017-10-31 16:42:24,546 - Start test
2017-10-31 16:42:24,671 - Test item: function1
2017-10-31 16:42:24,671 - function1 result:[0.5, 0.5, 'child1', 'child2']
2017-10-31 16:42:24,671 - Skip item: function2
2017-10-31 16:43:32,859 - Administrator login
2017-10-31 16:43:32,905 - Initialize UI
2017-10-31 16:43:32,937 - Initialize sequence table
2017-10-31 16:43:32,968 - Load sequence
2017-10-31 16:43:32,968 - Initialize sequence tree
2017-10-31 16:43:32,983 - Connect PLC OK!
2017-10-31 16:43:32,999 - ZMQ Server Start, Port: 5555
2017-10-31 16:43:34,606 - Start test
2017-10-31 16:43:34,731 - Test item: function1
2017-10-31 16:43:34,731 - function1 result:[0.5, 0.5, 'child1', 'child2']
2017-10-31 16:43:34,731 - Skip item: function2
2017-10-31 16:44:33,121 - Administrator login
2017-10-31 16:44:33,184 - Initialize UI
2017-10-31 16:44:33,215 - Initialize sequence table
2017-10-31 16:44:33,246 - Load sequence
2017-10-31 16:44:33,246 - Initialize sequence tree
2017-10-31 16:44:33,278 - ZMQ Server Start, Port: 5555
2017-10-31 16:44:33,278 - Connect PLC OK!
2017-10-31 16:44:36,304 - Start test
2017-10-31 16:44:36,460 - Test item: function1
2017-10-31 16:44:36,460 - function1 result:[0.5, 0.5, 'child1', 'child2']
2017-10-31 16:44:36,460 - Skip item: function2
2017-10-31 16:50:02,203 - Administrator login
2017-10-31 16:50:02,281 - Initialize UI
2017-10-31 16:50:02,328 - Initialize sequence table
2017-10-31 16:50:02,344 - Load sequence
2017-10-31 16:50:02,344 - Initialize sequence tree
2017-10-31 16:50:02,375 - ZMQ Server Start, Port: 5555
2017-10-31 16:50:02,375 - Connect PLC OK!
2017-10-31 16:50:03,795 - Start test
2017-10-31 16:50:03,920 - Test item: function1
2017-10-31 16:50:03,920 - function1 result:[0.5, 0.5, 'child1', 'child2']
2017-10-31 16:50:03,920 - Skip item: function2
2017-10-31 16:50:32,312 - Administrator login
2017-10-31 16:50:32,374 - Initialize UI
2017-10-31 16:50:32,405 - Initialize sequence table
2017-10-31 16:50:32,436 - Load sequence
2017-10-31 16:50:32,452 - Initialize sequence tree
2017-10-31 16:50:32,467 - ZMQ Server Start, Port: 5555
2017-10-31 16:50:32,467 - Connect PLC OK!
2017-10-31 16:50:33,731 - Start test
2017-10-31 16:50:33,840 - Test item: function1
2017-10-31 16:50:33,840 - function1 result:[0.5, 0.5, 'child1', 'child2']
2017-10-31 16:50:33,840 - Skip item: function2
2017-10-31 16:50:52,482 - Administrator login
2017-10-31 16:50:52,529 - Initialize UI
2017-10-31 16:50:52,576 - Initialize sequence table
2017-10-31 16:50:52,607 - Load sequence
2017-10-31 16:50:52,607 - Initialize sequence tree
2017-10-31 16:50:52,638 - ZMQ Server Start, Port: 5555
2017-10-31 16:50:52,638 - Connect PLC OK!
2017-10-31 16:51:57,987 - Administrator login
2017-10-31 16:51:58,080 - Initialize UI
2017-10-31 16:51:58,127 - Initialize sequence table
2017-10-31 16:51:58,143 - Load sequence
2017-10-31 16:51:58,143 - Initialize sequence tree
2017-10-31 16:51:58,158 - ZMQ Server Start, Port: 5555
2017-10-31 16:51:58,174 - Connect PLC OK!
2017-10-31 16:52:02,760 - Start test
2017-10-31 16:52:02,885 - Test item: function1
2017-10-31 16:52:02,885 - function1 result:[0.5, 0.5, 'child1', 'child2']
2017-10-31 16:52:02,885 - Skip item: function2
2017-10-31 16:52:02,885 - function2 result:[None, None]
2017-10-31 16:52:03,400 - Test item: function3
2017-10-31 16:52:03,400 - function3 result:[0, 'fun3']
2017-10-31 16:52:03,400 - Skip item: function4
2017-10-31 16:52:03,400 - function4 result:[None, None]
2017-10-31 16:52:03,915 - Test item: function5
2017-10-31 16:52:03,915 - function5 result:[0.5, 'fun5']
2017-10-31 16:52:04,430 - Test item: function6
2017-10-31 16:52:04,430 - function6 result:[0.5, 'fun6']
2017-10-31 16:52:04,944 - Test item: function7
2017-10-31 16:52:04,944 - function7 result:[0.5, 'fun7']
2017-10-31 16:52:05,459 - Test item: function8
2017-10-31 16:52:05,459 - function8 result:[0.9, 'fun8']
2017-10-31 16:52:05,974 - Test item: function9
2017-10-31 16:52:05,974 - function9 result:[0.9, 'fun9']
2017-10-31 16:52:05,974 - total time£º 3.17
2017-10-31 16:52:41,620 - Administrator login
2017-10-31 16:52:41,667 - Initialize UI
2017-10-31 16:52:41,745 - Initialize sequence table
2017-10-31 16:52:41,760 - Load sequence
2017-10-31 16:52:41,760 - Initialize sequence tree
2017-10-31 16:52:41,792 - ZMQ Server Start, Port: 5555
2017-10-31 16:52:41,792 - Connect PLC OK!
2017-10-31 16:52:43,367 - Start test
2017-10-31 16:52:43,476 - Test item: function1
2017-10-31 16:52:43,476 - function1 result:[0.5, 0.5, 'child1', 'child2']
2017-10-31 16:52:43,476 - Skip item: function2
2017-10-31 16:52:43,476 - function2 result:[None, None]
2017-10-31 16:52:43,991 - Test item: function3
2017-10-31 16:52:43,991 - function3 result:[0, 'fun3']
2017-10-31 16:52:43,991 - Skip item: function4
2017-10-31 16:52:43,991 - function4 result:[None, None]
2017-10-31 16:52:44,506 - Test item: function5
2017-10-31 16:52:44,506 - function5 result:[0.5, 'fun5']
2017-10-31 16:52:45,021 - Test item: function6
2017-10-31 16:52:45,021 - function6 result:[0.5, 'fun6']
2017-10-31 16:52:45,536 - Test item: function7
2017-10-31 16:52:45,536 - function7 result:[0.5, 'fun7']
2017-10-31 16:52:46,050 - Test item: function8
2017-10-31 16:52:46,050 - function8 result:[0.9, 'fun8']
2017-10-31 16:52:46,565 - Test item: function9
2017-10-31 16:52:46,565 - function9 result:[0.9, 'fun9']
2017-10-31 16:52:46,565 - total time£º 3.17
2017-10-31 16:57:54,475 - Administrator login
2017-10-31 16:57:54,522 - Initialize UI
2017-10-31 16:57:54,537 - Initialize sequence table
2017-10-31 16:57:54,569 - Load sequence
2017-10-31 16:57:54,569 - Initialize sequence tree
2017-10-31 16:57:54,600 - ZMQ Server Start, Port: 5555
2017-10-31 16:57:54,600 - Connect PLC OK!
2017-10-31 16:57:56,550 - Start test
2017-10-31 16:57:56,659 - Test item: function1
2017-10-31 16:57:56,659 - function1 result:[0.5, 0.5, 'child1', 'child2']
2017-10-31 16:57:56,659 - Skip item: function2
2017-10-31 16:57:56,659 - function2 result:[None, None]
2017-10-31 16:57:57,174 - Test item: function3
2017-10-31 16:57:57,174 - function3 result:[0, 'fun3']
2017-10-31 16:57:57,174 - Skip item: function4
2017-10-31 16:57:57,174 - function4 result:[None, None]
2017-10-31 16:57:57,688 - Test item: function5
2017-10-31 16:57:57,688 - function5 result:[0.5, 'fun5']
2017-10-31 16:57:58,203 - Test item: function6
2017-10-31 16:57:58,203 - function6 result:[0.5, 'fun6']
2017-10-31 16:57:58,718 - Test item: function7
2017-10-31 16:57:58,718 - function7 result:[0.5, 'fun7']
2017-10-31 16:57:59,233 - Test item: function8
2017-10-31 16:57:59,233 - function8 result:[0.9, 'fun8']
2017-10-31 16:57:59,748 - Test item: function9
2017-10-31 16:57:59,748 - function9 result:[0.9, 'fun9']
2017-10-31 16:57:59,748 - total time£º 3.17
2017-10-31 16:58:02,384 - Start test
2017-10-31 16:58:02,509 - Test item: function1
2017-10-31 16:58:02,509 - function1 result:[0.5, 0.5, 'child1', 'child2']
2017-10-31 16:58:02,509 - Skip item: function2
2017-10-31 16:58:02,509 - function2 result:[None, None]
2017-10-31 16:58:03,024 - Test item: function3
2017-10-31 16:58:03,024 - function3 result:[0, 'fun3']
2017-10-31 16:58:03,024 - Skip item: function4
2017-10-31 16:58:03,024 - function4 result:[None, None]
2017-10-31 16:58:03,539 - Test item: function5
2017-10-31 16:58:03,539 - function5 result:[0.5, 'fun5']
2017-10-31 16:58:04,053 - Test item: function6
2017-10-31 16:58:04,053 - function6 result:[0.5, 'fun6']
2017-10-31 16:58:04,568 - Test item: function7
2017-10-31 16:58:04,568 - function7 result:[0.5, 'fun7']
2017-10-31 16:58:05,083 - Test item: function8
2017-10-31 16:58:05,083 - function8 result:[0.9, 'fun8']
2017-10-31 16:58:05,598 - Test item: function9
2017-10-31 16:58:05,598 - function9 result:[0.9, 'fun9']
2017-10-31 16:58:05,598 - total time£º 3.17
2017-10-31 17:00:32,971 - Administrator login
2017-10-31 17:00:33,018 - Initialize UI
2017-10-31 17:00:33,049 - Initialize sequence table
2017-10-31 17:00:33,064 - Load sequence
2017-10-31 17:00:33,064 - Initialize sequence tree
2017-10-31 17:00:33,080 - ZMQ Server Start, Port: 5555
2017-10-31 17:00:33,080 - Connect PLC OK!
2017-10-31 17:00:34,905 - Start test
2017-10-31 17:00:35,030 - Test item: function1
2017-10-31 17:00:35,030 - function1 result:[0.5, 0.5, 'child1', 'child2']
2017-10-31 17:00:35,030 - Skip item: function2
2017-10-31 17:00:35,030 - function2 result:[None, None]
2017-10-31 17:00:35,545 - Test item: function3
2017-10-31 17:00:35,545 - function3 result:[0, 'fun3']
2017-10-31 17:00:35,545 - Skip item: function4
2017-10-31 17:00:35,545 - function4 result:[None, None]
2017-10-31 17:00:36,060 - Test item: function5
2017-10-31 17:00:36,060 - function5 result:[0.5, 'fun5']
2017-10-31 17:00:36,575 - Test item: function6
2017-10-31 17:00:36,575 - function6 result:[0.5, 'fun6']
2017-10-31 17:00:37,089 - Test item: function7
2017-10-31 17:00:37,089 - function7 result:[0.5, 'fun7']
2017-10-31 17:00:37,604 - Test item: function8
2017-10-31 17:00:37,604 - function8 result:[0.9, 'fun8']
2017-10-31 17:00:38,119 - Test item: function9
2017-10-31 17:00:38,119 - function9 result:[0.9, 'fun9']
2017-10-31 17:00:38,119 - total time£º 3.17
2017-10-31 17:01:15,543 - Administrator login
2017-10-31 17:01:15,590 - Initialize UI
2017-10-31 17:01:15,621 - Initialize sequence table
2017-10-31 17:01:15,637 - Load sequence
2017-10-31 17:01:15,637 - Initialize sequence tree
2017-10-31 17:01:15,668 - ZMQ Server Start, Port: 5555
2017-10-31 17:01:15,668 - Connect PLC OK!
2017-10-31 17:01:17,415 - Start test
2017-10-31 17:01:17,540 - Test item: function1
2017-10-31 17:01:17,540 - function1 result:[0.5, 0.5, 'child1', 'child2']
2017-10-31 17:01:17,540 - Skip item: function2
2017-10-31 17:01:17,540 - function2 result:[None, None]
2017-10-31 17:01:18,055 - Test item: function3
2017-10-31 17:01:18,055 - function3 result:[0, 'fun3']
2017-10-31 17:01:18,055 - Skip item: function4
2017-10-31 17:01:18,055 - function4 result:[None, None]
2017-10-31 17:01:18,570 - Test item: function5
2017-10-31 17:01:18,570 - function5 result:[0.5, 'fun5']
2017-10-31 17:01:19,085 - Test item: function6
2017-10-31 17:01:19,085 - function6 result:[0.5, 'fun6']
2017-10-31 17:01:19,599 - Test item: function7
2017-10-31 17:01:19,599 - function7 result:[0.5, 'fun7']
2017-10-31 17:01:20,114 - Test item: function8
2017-10-31 17:01:20,114 - function8 result:[0.9, 'fun8']
2017-10-31 17:01:20,629 - Test item: function9
2017-10-31 17:01:20,629 - function9 result:[0.9, 'fun9']
2017-10-31 17:01:20,629 - total time£º 3.17
2017-10-31 17:01:40,769 - Administrator login
2017-10-31 17:01:40,815 - Initialize UI
2017-10-31 17:01:40,831 - Initialize sequence table
2017-10-31 17:01:40,862 - Load sequence
2017-10-31 17:01:40,862 - Initialize sequence tree
2017-10-31 17:01:40,893 - ZMQ Server Start, Port: 5555
2017-10-31 17:01:40,909 - Connect PLC OK!
2017-10-31 17:01:42,656 - Start test
2017-10-31 17:01:42,781 - Test item: function1
2017-10-31 17:01:42,781 - function1 result:[0.5, 0.5, 'child1', 'child2']
2017-10-31 17:01:42,781 - Skip item: function2
2017-10-31 17:01:42,781 - function2 result:[None, None]
2017-10-31 17:01:43,296 - Test item: function3
2017-10-31 17:01:43,296 - function3 result:[0, 'fun3']
2017-10-31 17:01:43,296 - Skip item: function4
2017-10-31 17:01:43,296 - function4 result:[None, None]
2017-10-31 17:01:43,811 - Test item: function5
2017-10-31 17:01:43,811 - function5 result:[0.5, 'fun5']
2017-10-31 17:01:44,325 - Test item: function6
2017-10-31 17:01:44,325 - function6 result:[0.5, 'fun6']
2017-10-31 17:01:44,840 - Test item: function7
2017-10-31 17:01:44,840 - function7 result:[0.5, 'fun7']
2017-10-31 17:01:45,355 - Test item: function8
2017-10-31 17:01:45,355 - function8 result:[0.9, 'fun8']
2017-10-31 17:01:45,870 - Test item: function9
2017-10-31 17:01:45,870 - function9 result:[0.9, 'fun9']
2017-10-31 17:01:45,870 - total time£º 3.17
2017-10-31 17:10:16,393 - Administrator login
2017-10-31 17:10:16,456 - Initialize UI
2017-10-31 17:10:16,487 - Initialize sequence table
2017-10-31 17:10:16,518 - Load sequence
2017-10-31 17:10:16,518 - Initialize sequence tree
2017-10-31 17:10:16,580 - Connect PLC OK!
2017-10-31 17:10:16,596 - ZMQ Server Start, Port: 5555
2017-10-31 17:15:01,275 - Administrator login
2017-10-31 17:15:01,337 - Initialize UI
2017-10-31 17:15:01,384 - Initialize sequence table
2017-10-31 17:15:01,415 - Load sequence
2017-10-31 17:15:01,415 - Initialize sequence tree
2017-10-31 17:15:01,447 - ZMQ Server Start, Port: 5555
2017-10-31 17:15:01,447 - Connect PLC OK!
2017-10-31 17:20:52,228 - Administrator login
2017-10-31 17:20:52,369 - Initialize UI
2017-10-31 17:20:52,415 - Initialize sequence table
2017-10-31 17:20:52,462 - Load sequence
2017-10-31 17:20:52,462 - Initialize sequence tree
2017-10-31 17:20:52,494 - ZMQ Server Start, Port: 5555
2017-10-31 17:20:52,494 - Connect PLC OK!
2017-10-31 17:20:54,880 - Start test
2017-10-31 17:20:55,005 - Test item: function1
2017-10-31 17:20:55,005 - function1 result:[0.5, 0.5, 'child1', 'child2']
2017-10-31 17:20:55,005 - Skip item: function2
2017-10-31 17:20:55,005 - function2 result:[None, None]
2017-10-31 17:20:55,520 - Test item: function3
2017-10-31 17:20:55,520 - function3 result:[0, 'fun3']
2017-10-31 17:20:55,520 - Skip item: function4
2017-10-31 17:20:55,520 - function4 result:[None, None]
2017-10-31 17:20:56,050 - Test item: function5
2017-10-31 17:20:56,050 - function5 result:[0.5, 'fun5']
2017-10-31 17:20:56,565 - Test item: function6
2017-10-31 17:20:56,565 - function6 result:[0.5, 'fun6']
2017-10-31 17:20:57,080 - Test item: function7
2017-10-31 17:20:57,080 - function7 result:[0.5, 'fun7']
2017-10-31 17:20:57,595 - Test item: function8
2017-10-31 17:20:57,595 - function8 result:[0.9, 'fun8']
2017-10-31 17:20:58,110 - Test item: function9
2017-10-31 17:20:58,110 - function9 result:[0.9, 'fun9']
2017-10-31 17:20:58,110 - total time£º 3.17
2017-10-31 17:21:13,054 - Start test
2017-10-31 17:21:13,179 - Test item: function1
2017-10-31 17:21:13,179 - function1 result:[0.5, 0.5, 'child1', 'child2']
2017-10-31 17:21:13,179 - Skip item: function2
2017-10-31 17:21:13,179 - function2 result:[None, None]
2017-10-31 17:21:13,694 - Test item: function3
2017-10-31 17:21:13,694 - function3 result:[0, 'fun3']
2017-10-31 17:21:13,694 - Skip item: function4
2017-10-31 17:21:13,694 - function4 result:[None, None]
2017-10-31 17:21:14,209 - Test item: function5
2017-10-31 17:21:14,209 - function5 result:[0.5, 'fun5']
2017-10-31 17:21:14,723 - Test item: function6
2017-10-31 17:21:14,723 - function6 result:[0.5, 'fun6']
2017-10-31 17:21:15,238 - Test item: function7
2017-10-31 17:21:15,238 - function7 result:[0.5, 'fun7']
2017-10-31 17:21:15,753 - Test item: function8
2017-10-31 17:21:15,753 - function8 result:[0.9, 'fun8']
2017-10-31 17:21:16,268 - Test item: function9
2017-10-31 17:21:16,268 - function9 result:[0.9, 'fun9']
2017-10-31 17:21:16,268 - total time£º 3.17
2017-10-31 17:21:18,514 - Start test
2017-10-31 17:21:18,624 - Test item: function1
2017-10-31 17:21:18,624 - function1 result:[0.5, 0.5, 'child1', 'child2']
2017-10-31 17:21:18,624 - Skip item: function2
2017-10-31 17:21:18,624 - function2 result:[None, None]
2017-10-31 17:21:19,138 - Test item: function3
2017-10-31 17:21:19,138 - function3 result:[0, 'fun3']
2017-10-31 17:21:19,138 - Skip item: function4
2017-10-31 17:21:19,138 - function4 result:[None, None]
2017-10-31 17:21:19,653 - Test item: function5
2017-10-31 17:21:19,653 - function5 result:[0.5, 'fun5']
2017-10-31 17:21:20,168 - Test item: function6
2017-10-31 17:21:20,168 - function6 result:[0.5, 'fun6']
2017-10-31 17:21:20,683 - Test item: function7
2017-10-31 17:21:20,683 - function7 result:[0.5, 'fun7']
2017-10-31 17:21:21,198 - Test item: function8
2017-10-31 17:21:21,198 - function8 result:[0.9, 'fun8']
2017-10-31 17:21:21,712 - Test item: function9
2017-10-31 17:21:21,712 - function9 result:[0.9, 'fun9']
2017-10-31 17:21:21,712 - total time£º 3.17
