2017-11-14 09:03:54,457 - Administrator login
2017-11-14 09:03:54,486 - Initialize UI
2017-11-14 09:03:54,536 - Initialize sequence table
2017-11-14 09:03:54,677 - Load sequence
2017-11-14 09:03:54,677 - Initialize sequence tree
2017-11-14 09:03:54,787 - ZMQ Server Start, Port: 5555
2017-11-14 09:04:04,033 - 'TcpTool' object has no attribute 'skt'
2017-11-14 09:07:13,486 - Administrator login
2017-11-14 09:07:13,536 - Initialize UI
2017-11-14 09:07:13,566 - Initialize sequence table
2017-11-14 09:07:13,655 - Load sequence
2017-11-14 09:07:13,655 - Initialize sequence tree
2017-11-14 09:07:13,766 - ZMQ Server Start, Port: 5555
2017-11-14 09:11:15,450 - Administrator login
2017-11-14 09:11:15,520 - Initialize UI
2017-11-14 09:11:56,331 - Administrator login
2017-11-14 09:11:56,371 - Initialize UI
2017-11-14 09:11:56,401 - Initialize sequence table
2017-11-14 09:11:56,480 - Load sequence
2017-11-14 09:11:56,480 - Initialize sequence tree
2017-11-14 09:11:56,611 - ZMQ Server Start, Port: 5555
2017-11-14 09:14:08,521 - Administrator login
2017-11-14 09:14:08,561 - Initialize UI
2017-11-14 09:14:08,592 - Initialize sequence table
2017-11-14 09:14:08,671 - Load sequence
2017-11-14 09:14:08,671 - Initialize sequence tree
2017-11-14 09:14:08,742 - ZMQ Server Start, Port: 5555
2017-11-14 09:15:21,920 - Administrator login
2017-11-14 09:15:21,969 - Initialize UI
2017-11-14 09:15:33,809 - Administrator login
2017-11-14 09:15:33,849 - Initialize UI
2017-11-14 09:15:58,489 - Administrator login
2017-11-14 09:15:58,529 - Initialize UI
2017-11-14 09:15:58,569 - Initialize sequence table
2017-11-14 09:15:58,649 - Load sequence
2017-11-14 09:15:58,649 - Initialize sequence tree
2017-11-14 09:15:58,689 - ZMQ Server Start, Port: 5555
2017-11-14 09:18:54,073 - Enable step test
2017-11-14 09:18:56,164 - Start test
2017-11-14 09:18:56,273 - Test item: function1
2017-11-14 09:18:58,963 - function1 result:[0.5, 0.5, 'child1', 'child2']
2017-11-14 09:18:58,963 - Skip item: function2
2017-11-14 09:18:58,963 - function2 result:[None, None]
2017-11-14 09:18:59,463 - Test item: function3
2017-11-14 09:19:00,563 - function3 result:[0, 'fun3']
2017-11-14 09:19:01,063 - Test item: function4
2017-11-14 09:19:02,084 - function4 result:[0.5, 'fun4']
2017-11-14 09:19:02,584 - Test item: function5
2017-11-14 09:19:04,963 - function5 result:[0.5, 'fun5']
2017-11-14 09:19:05,463 - Test item: function6
2017-11-14 09:19:07,803 - function6 result:[0.5, 'fun6']
2017-11-14 09:19:08,303 - Test item: function7
2017-11-14 09:19:09,470 - function7 result:[0.5, 'fun7']
2017-11-14 09:19:09,970 - Test item: function8
2017-11-14 09:19:11,351 - function8 result:[0.9, 'fun8']
2017-11-14 09:19:11,851 - Test item: function9
2017-11-14 09:19:12,891 - function9 result:[0.9, 'fun9']
2017-11-14 09:19:13,391 - Test item: function9
2017-11-14 09:19:14,631 - function9 result:[0.9, 'fun9']
2017-11-14 09:19:15,131 - Test item: function10
2017-11-14 09:19:16,331 - function10 result:[0.5, 'fun10']
2017-11-14 09:19:16,331 - total time£º 4.60
2017-11-14 09:19:18,641 - Disable step test
2017-11-14 09:20:23,020 - Administrator login
2017-11-14 09:20:23,060 - Initialize UI
2017-11-14 09:20:23,100 - Initialize sequence table
2017-11-14 09:20:23,171 - Load sequence
2017-11-14 09:20:23,180 - Initialize sequence tree
2017-11-14 09:20:23,311 - ZMQ Server Start, Port: 5555
2017-11-14 09:21:04,860 - Administrator login
2017-11-14 09:21:04,911 - Initialize UI
2017-11-14 09:21:04,960 - Initialize sequence table
2017-11-14 09:21:05,031 - Load sequence
2017-11-14 09:21:05,031 - Initialize sequence tree
2017-11-14 09:21:05,210 - ZMQ Server Start, Port: 5555
2017-11-14 09:22:06,491 - Administrator login
2017-11-14 09:22:06,531 - Initialize UI
2017-11-14 09:22:06,571 - Initialize sequence table
2017-11-14 09:22:06,661 - Load sequence
2017-11-14 09:22:06,661 - Initialize sequence tree
2017-11-14 09:22:06,800 - ZMQ Server Start, Port: 5555
2017-11-14 09:22:17,560 - Administrator login
2017-11-14 09:22:17,591 - Initialize UI
2017-11-14 09:22:17,641 - Initialize sequence table
2017-11-14 09:22:17,720 - Load sequence
2017-11-14 09:22:17,720 - Initialize sequence tree
2017-11-14 09:22:17,851 - ZMQ Server Start, Port: 5555
2017-11-14 09:22:29,460 - Administrator login
2017-11-14 09:22:29,511 - Initialize UI
2017-11-14 09:22:29,540 - Initialize sequence table
2017-11-14 09:22:29,621 - Load sequence
2017-11-14 09:22:29,621 - Initialize sequence tree
2017-11-14 09:22:29,820 - ZMQ Server Start, Port: 5555
2017-11-14 09:24:42,551 - Administrator login
2017-11-14 09:24:42,591 - Initialize UI
2017-11-14 09:24:42,621 - Initialize sequence table
2017-11-14 09:24:42,690 - Load sequence
2017-11-14 09:24:42,690 - Initialize sequence tree
2017-11-14 09:24:42,851 - ZMQ Server Start, Port: 5555
2017-11-14 09:25:49,356 - Administrator login
2017-11-14 09:25:49,396 - Initialize UI
2017-11-14 09:25:49,437 - Initialize sequence table
2017-11-14 09:25:49,516 - Load sequence
2017-11-14 09:25:49,516 - Initialize sequence tree
2017-11-14 09:25:49,556 - ZMQ Server Start, Port: 5555
2017-11-14 09:26:04,616 - Administrator login
2017-11-14 09:26:04,667 - Initialize UI
2017-11-14 09:26:04,697 - Initialize sequence table
2017-11-14 09:26:04,796 - Load sequence
2017-11-14 09:26:04,796 - Initialize sequence tree
2017-11-14 09:26:04,896 - ZMQ Server Start, Port: 5555
2017-11-14 09:26:37,083 - Administrator login
2017-11-14 09:26:37,123 - Initialize UI
2017-11-14 09:26:37,163 - Initialize sequence table
2017-11-14 09:26:37,233 - Load sequence
2017-11-14 09:26:37,233 - Initialize sequence tree
2017-11-14 09:26:37,263 - ZMQ Server Start, Port: 5555
2017-11-14 09:27:17,790 - Administrator login
2017-11-14 09:27:17,830 - Initialize UI
2017-11-14 09:27:17,870 - Initialize sequence table
2017-11-14 09:27:17,940 - Load sequence
2017-11-14 09:27:17,940 - Initialize sequence tree
2017-11-14 09:27:17,990 - ZMQ Server Start, Port: 5555
2017-11-14 09:30:21,819 - Administrator login
2017-11-14 09:30:21,858 - Initialize UI
2017-11-14 09:30:21,899 - Initialize sequence table
2017-11-14 09:30:21,968 - Load sequence
2017-11-14 09:30:21,968 - Initialize sequence tree
2017-11-14 09:30:22,008 - ZMQ Server Start, Port: 5555
2017-11-14 09:31:42,892 - Administrator login
2017-11-14 09:31:42,932 - Initialize UI
2017-11-14 09:31:42,963 - Initialize sequence table
2017-11-14 09:31:43,032 - Load sequence
2017-11-14 09:31:43,032 - Initialize sequence tree
2017-11-14 09:31:43,143 - ZMQ Server Start, Port: 5555
2017-11-14 09:32:00,523 - Administrator login
2017-11-14 09:32:00,572 - Initialize UI
2017-11-14 09:32:00,603 - Initialize sequence table
2017-11-14 09:32:00,683 - Load sequence
2017-11-14 09:32:00,683 - Initialize sequence tree
2017-11-14 09:32:00,773 - ZMQ Server Start, Port: 5555
2017-11-14 09:32:30,282 - Administrator login
2017-11-14 09:32:30,322 - Initialize UI
2017-11-14 09:32:30,352 - Initialize sequence table
2017-11-14 09:32:30,432 - Load sequence
2017-11-14 09:32:30,432 - Initialize sequence tree
2017-11-14 09:32:30,493 - ZMQ Server Start, Port: 5555
2017-11-14 09:35:17,815 - Reload sequence
2017-11-14 09:35:17,815 - Initialize sequence tree
2017-11-14 09:48:05,664 - Administrator login
2017-11-14 09:48:05,724 - Initialize UI
2017-11-14 09:48:05,755 - Initialize sequence table
2017-11-14 09:48:05,845 - Load sequence
2017-11-14 09:48:05,845 - Initialize sequence tree
2017-11-14 09:48:06,055 - ZMQ Server Start, Port: 5555
2017-11-14 10:05:31,634 - Administrator login
2017-11-14 10:05:31,684 - Initialize UI
2017-11-14 10:05:31,735 - Initialize sequence table
2017-11-14 10:05:53,815 - Administrator login
2017-11-14 10:05:53,845 - Initialize UI
2017-11-14 10:05:53,894 - Initialize sequence table
2017-11-14 10:07:49,128 - Administrator login
2017-11-14 10:07:49,167 - Initialize UI
2017-11-14 10:07:49,198 - Initialize sequence table
2017-11-14 10:07:49,267 - Load sequence
2017-11-14 10:07:49,267 - Initialize sequence tree
2017-11-14 10:07:49,377 - ZMQ Server Start, Port: 5555
2017-11-14 10:07:51,548 - Start test
2017-11-14 10:07:51,558 - total time£º 0.00
2017-11-14 10:07:57,638 - Start test
2017-11-14 10:07:57,638 - total time£º 0.00
2017-11-14 10:12:44,267 - Administrator login
2017-11-14 10:12:44,308 - Initialize UI
2017-11-14 10:12:44,348 - Initialize sequence table
2017-11-14 10:12:44,407 - Load sequence
2017-11-14 10:12:44,407 - Initialize sequence tree
2017-11-14 10:12:44,497 - ZMQ Server Start, Port: 5555
2017-11-14 10:12:46,507 - Start test
2017-11-14 10:12:46,518 - total time£º 0.00
2017-11-14 10:13:44,497 - Administrator login
2017-11-14 10:13:44,548 - Initialize UI
2017-11-14 10:13:44,577 - Initialize sequence table
2017-11-14 10:13:44,648 - Load sequence
2017-11-14 10:13:44,648 - Initialize sequence tree
2017-11-14 10:13:44,727 - ZMQ Server Start, Port: 5555
2017-11-14 10:13:48,438 - Start test
2017-11-14 10:17:41,328 - Administrator login
2017-11-14 10:17:41,368 - Initialize UI
2017-11-14 10:17:41,398 - Initialize sequence table
2017-11-14 10:17:41,457 - Load sequence
2017-11-14 10:17:41,457 - Initialize sequence tree
2017-11-14 10:17:41,518 - ZMQ Server Start, Port: 5555
2017-11-14 10:18:14,617 - Administrator login
2017-11-14 10:18:14,667 - Initialize UI
2017-11-14 10:18:14,697 - Initialize sequence table
2017-11-14 10:18:14,758 - Load sequence
2017-11-14 10:18:14,758 - Initialize sequence tree
2017-11-14 10:18:14,767 - ZMQ Server Start, Port: 5555
2017-11-14 10:18:16,447 - Start test
2017-11-14 10:18:16,457 - total time£º 0.00
2017-11-14 10:20:46,687 - Administrator login
2017-11-14 10:20:46,737 - Initialize UI
2017-11-14 10:20:46,767 - Initialize sequence table
2017-11-14 10:20:46,838 - Load sequence
2017-11-14 10:20:46,838 - Initialize sequence tree
2017-11-14 10:20:46,897 - ZMQ Server Start, Port: 5555
2017-11-14 10:22:44,187 - Administrator login
2017-11-14 10:22:44,227 - Initialize UI
2017-11-14 10:22:44,267 - Initialize sequence table
2017-11-14 10:22:44,328 - Load sequence
2017-11-14 10:22:44,337 - Initialize sequence tree
2017-11-14 10:22:44,388 - ZMQ Server Start, Port: 5555
2017-11-14 10:22:46,187 - Start test
2017-11-14 10:22:46,288 - Test item: function1
2017-11-14 10:22:46,288 - function1 result:[0.5, 0.5, 'child1', 'child2']
2017-11-14 10:22:46,288 - Skip item: function2
2017-11-14 10:22:46,288 - function2 result:[None, None]
2017-11-14 10:22:46,788 - Test item: function3
2017-11-14 10:22:46,788 - function3 result:[0, 'fun3']
2017-11-14 10:22:47,288 - Test item: function4
2017-11-14 10:22:47,288 - function4 result:[0.5, 'fun4']
2017-11-14 10:22:47,788 - Test item: function5
2017-11-14 10:22:47,788 - function5 result:[0.5, 'fun5']
2017-11-14 10:22:48,288 - Test item: function6
2017-11-14 10:22:48,288 - function6 result:[0.5, 'fun6']
2017-11-14 10:22:48,788 - Test item: function7
2017-11-14 10:22:48,788 - function7 result:[0.5, 'fun7']
2017-11-14 10:22:49,288 - Test item: function8
2017-11-14 10:22:49,288 - function8 result:[0.9, 'fun8']
2017-11-14 10:22:49,788 - Test item: function9
2017-11-14 10:22:49,788 - function9 result:[0.9, 'fun9']
2017-11-14 10:22:50,288 - Test item: function9
2017-11-14 10:22:50,288 - function9 result:[0.9, 'fun9']
2017-11-14 10:22:50,788 - Test item: function10
2017-11-14 10:22:50,788 - function10 result:[0.5, 'fun10']
2017-11-14 10:22:50,788 - total time£º 4.60
2017-11-14 10:27:08,348 - Administrator login
2017-11-14 10:27:08,388 - Initialize UI
2017-11-14 10:27:08,417 - Initialize sequence table
2017-11-14 10:27:08,487 - Initialize sequence tree
2017-11-14 10:27:08,568 - ZMQ Server Start, Port: 5555
2017-11-14 10:27:10,148 - Start test
2017-11-14 10:27:10,247 - Test item: function1
2017-11-14 10:27:10,247 - function1 result:[0.5, 0.5, 'child1', 'child2']
2017-11-14 10:27:10,247 - Skip item: function2
2017-11-14 10:27:10,247 - function2 result:[None, None]
2017-11-14 10:27:10,747 - Test item: function3
2017-11-14 10:27:10,747 - function3 result:[0, 'fun3']
2017-11-14 10:27:11,247 - Test item: function4
2017-11-14 10:27:11,247 - function4 result:[0.5, 'fun4']
2017-11-14 10:27:11,747 - Test item: function5
2017-11-14 10:27:11,747 - function5 result:[0.5, 'fun5']
2017-11-14 10:27:12,247 - Test item: function6
2017-11-14 10:27:12,247 - function6 result:[0.5, 'fun6']
2017-11-14 10:27:12,747 - Test item: function7
2017-11-14 10:27:12,747 - function7 result:[0.5, 'fun7']
2017-11-14 10:27:13,247 - Test item: function8
2017-11-14 10:27:13,247 - function8 result:[0.9, 'fun8']
2017-11-14 10:27:13,747 - Test item: function9
2017-11-14 10:27:13,747 - function9 result:[0.9, 'fun9']
2017-11-14 10:27:14,247 - Test item: function9
2017-11-14 10:27:14,247 - function9 result:[0.9, 'fun9']
2017-11-14 10:27:14,747 - Test item: function10
2017-11-14 10:27:14,747 - function10 result:[0.5, 'fun10']
2017-11-14 10:27:14,747 - total time£º 4.60
2017-11-14 10:34:34,857 - Administrator login
2017-11-14 10:34:34,897 - Initialize UI
2017-11-14 10:34:34,937 - Initialize sequence table
2017-11-14 10:34:34,998 - Initialize sequence tree
2017-11-14 10:34:35,278 - ZMQ Server Start, Port: 5555
2017-11-14 10:37:08,151 - Administrator login
2017-11-14 10:37:08,201 - Initialize UI
2017-11-14 10:37:08,232 - Initialize sequence table
2017-11-14 10:37:08,292 - Initialize sequence tree
2017-11-14 10:37:08,302 - ZMQ Server Start, Port: 5555
2017-11-14 16:09:40,732 - Administrator login
2017-11-14 16:09:40,772 - Initialize UI
2017-11-14 16:09:40,812 - Initialize sequence table
2017-11-14 16:09:40,871 - Initialize sequence tree
2017-11-14 16:09:40,931 - ZMQ Server Start, Port: 5555
2017-11-14 16:12:00,910 - Administrator login
2017-11-14 16:12:00,957 - Initialize UI
2017-11-14 16:12:00,993 - Initialize sequence table
2017-11-14 16:12:01,083 - Initialize sequence tree
2017-11-14 16:12:01,211 - ZMQ Server Start, Port: 5555
2017-11-14 16:12:43,776 - Administrator login
2017-11-14 16:12:43,819 - Initialize UI
2017-11-14 16:12:43,857 - Initialize sequence table
2017-11-14 16:12:43,931 - Initialize sequence tree
2017-11-14 16:12:44,019 - ZMQ Server Start, Port: 5555
2017-11-14 16:16:20,092 - Administrator login
2017-11-14 16:16:20,147 - Initialize UI
2017-11-14 16:16:20,187 - Initialize sequence table
2017-11-14 16:16:20,255 - Initialize sequence tree
2017-11-14 16:16:20,315 - ZMQ Server Start, Port: 5555
2017-11-14 16:44:53,211 - Administrator login
2017-11-14 16:44:53,259 - Initialize UI
2017-11-14 16:44:53,299 - Initialize sequence table
2017-11-14 16:44:53,359 - Initialize sequence tree
2017-11-14 16:44:53,424 - ZMQ Server Start, Port: 5555
