2017-12-15 09:13:27,359 - Administrator login
2017-12-15 09:13:27,442 - Initialize UI
2017-12-15 09:13:52,575 - Administrator login
2017-12-15 09:13:52,723 - Initialize UI
2017-12-15 09:13:52,786 - Initialize sequence table
2017-12-15 09:13:52,873 - ThreadID1:Initialize sequence tree
2017-12-15 09:13:53,006 - ZMQ Server Start, Port: 5555
2017-12-15 09:21:17,107 - Administrator login
2017-12-15 09:22:11,852 - Administrator login
2017-12-15 09:22:11,925 - Initialize UI
2017-12-15 09:22:12,021 - Initialize sequence table
2017-12-15 09:22:12,122 - ThreadID1:Initialize sequence tree
2017-12-15 09:22:12,209 - ZMQ Server Start, Port: 5555
2017-12-15 09:23:07,923 - Administrator login
2017-12-15 09:23:07,994 - Initialize UI
2017-12-15 09:23:08,092 - Initialize sequence table
2017-12-15 09:23:08,174 - ThreadID1:Initialize sequence tree
2017-12-15 09:23:08,370 - ZMQ Server Start, Port: 5555
2017-12-15 09:23:59,549 - Administrator login
2017-12-15 09:23:59,626 - Initialize UI
2017-12-15 09:23:59,732 - Initialize sequence table
2017-12-15 09:23:59,815 - ThreadID1:Initialize sequence tree
2017-12-15 09:23:59,955 - ZMQ Server Start, Port: 5555
2017-12-15 09:24:19,152 - Administrator login
2017-12-15 09:24:19,209 - Initialize UI
2017-12-15 09:24:19,298 - Initialize sequence table
2017-12-15 09:24:19,383 - ThreadID1:Initialize sequence tree
2017-12-15 09:24:19,449 - ZMQ Server Start, Port: 5555
2017-12-15 09:24:27,453 - Administrator login
2017-12-15 09:24:27,546 - Initialize UI
2017-12-15 09:24:27,658 - Initialize sequence table
2017-12-15 09:24:27,744 - ThreadID1:Initialize sequence tree
2017-12-15 09:24:27,817 - ZMQ Server Start, Port: 5555
2017-12-15 09:24:39,552 - Administrator login
2017-12-15 09:24:39,617 - Initialize UI
2017-12-15 09:24:39,711 - Initialize sequence table
2017-12-15 09:24:39,796 - ThreadID1:Initialize sequence tree
2017-12-15 09:24:39,898 - ZMQ Server Start, Port: 5555
2017-12-15 09:24:56,609 - Administrator login
2017-12-15 09:24:56,695 - Initialize UI
2017-12-15 09:24:56,775 - Initialize sequence table
2017-12-15 09:24:56,862 - ThreadID1:Initialize sequence tree
2017-12-15 09:24:57,017 - ZMQ Server Start, Port: 5555
2017-12-15 09:25:24,939 - Administrator login
2017-12-15 09:25:24,998 - Initialize UI
2017-12-15 09:25:25,187 - Initialize sequence table
2017-12-15 09:25:25,261 - ThreadID1:Initialize sequence tree
2017-12-15 09:25:25,420 - ZMQ Server Start, Port: 5555
2017-12-15 09:26:38,449 - Administrator login
2017-12-15 09:26:38,519 - Initialize UI
2017-12-15 09:26:38,602 - Initialize sequence table
2017-12-15 09:26:38,685 - ThreadID1:Initialize sequence tree
2017-12-15 09:26:39,010 - ZMQ Server Start, Port: 5555
2017-12-15 09:26:51,336 - Administrator login
2017-12-15 09:26:51,395 - Initialize UI
2017-12-15 09:26:51,491 - Initialize sequence table
2017-12-15 09:26:51,575 - ThreadID1:Initialize sequence tree
2017-12-15 09:26:51,719 - ZMQ Server Start, Port: 5555
2017-12-15 09:28:09,985 - Administrator login
2017-12-15 09:28:10,052 - Initialize UI
2017-12-15 09:28:10,158 - Initialize sequence table
2017-12-15 09:28:10,238 - ThreadID1:Initialize sequence tree
2017-12-15 09:28:10,329 - ZMQ Server Start, Port: 5555
2017-12-15 09:28:32,039 - Administrator login
2017-12-15 09:28:32,097 - Initialize UI
2017-12-15 09:28:32,200 - Initialize sequence table
2017-12-15 09:28:32,284 - ThreadID1:Initialize sequence tree
2017-12-15 09:28:32,449 - ZMQ Server Start, Port: 5555
2017-12-15 09:28:49,467 - Administrator login
2017-12-15 09:28:49,545 - Initialize UI
2017-12-15 09:28:49,630 - Initialize sequence table
2017-12-15 09:28:49,723 - ThreadID1:Initialize sequence tree
2017-12-15 09:28:49,868 - ZMQ Server Start, Port: 5555
2017-12-15 09:29:12,917 - Administrator login
2017-12-15 09:29:12,969 - Initialize UI
2017-12-15 09:29:13,054 - Initialize sequence table
2017-12-15 09:29:13,155 - ThreadID1:Initialize sequence tree
2017-12-15 09:29:13,294 - ZMQ Server Start, Port: 5555
2017-12-15 09:29:56,356 - Administrator login
2017-12-15 09:29:56,409 - Initialize UI
2017-12-15 09:29:56,500 - Initialize sequence table
2017-12-15 09:29:56,583 - ThreadID1:Initialize sequence tree
2017-12-15 09:29:56,598 - ZMQ Server Start, Port: 5555
2017-12-15 09:31:41,529 - Administrator login
2017-12-15 09:31:41,596 - Initialize UI
2017-12-15 09:31:41,679 - Initialize sequence table
2017-12-15 09:31:41,767 - ThreadID1:Initialize sequence tree
2017-12-15 09:31:41,934 - ZMQ Server Start, Port: 5555
2017-12-15 09:32:00,213 - Administrator login
2017-12-15 09:32:00,276 - Initialize UI
2017-12-15 09:32:00,361 - Initialize sequence table
2017-12-15 09:32:00,444 - ThreadID1:Initialize sequence tree
2017-12-15 09:32:00,531 - ZMQ Server Start, Port: 5555
2017-12-15 09:33:44,553 - Administrator login
2017-12-15 09:33:44,622 - Initialize UI
2017-12-15 09:33:44,716 - Initialize sequence table
2017-12-15 09:33:44,805 - ThreadID1:Initialize sequence tree
2017-12-15 09:33:44,844 - ZMQ Server Start, Port: 5555
2017-12-15 09:34:26,198 - Administrator login
2017-12-15 09:34:26,257 - Initialize UI
2017-12-15 09:34:26,344 - Initialize sequence table
2017-12-15 09:34:26,427 - ThreadID1:Initialize sequence tree
2017-12-15 09:34:26,640 - ZMQ Server Start, Port: 5555
2017-12-15 09:35:00,013 - Administrator login
2017-12-15 09:35:00,074 - Initialize UI
2017-12-15 09:35:00,164 - Initialize sequence table
2017-12-15 09:35:00,253 - ThreadID1:Initialize sequence tree
2017-12-15 09:35:00,403 - ZMQ Server Start, Port: 5555
2017-12-15 09:37:00,460 - Administrator login
2017-12-15 09:37:00,520 - Initialize UI
2017-12-15 09:37:00,602 - Initialize sequence table
2017-12-15 09:37:00,683 - ThreadID1:Initialize sequence tree
2017-12-15 09:37:00,813 - ZMQ Server Start, Port: 5555
2017-12-15 09:37:27,081 - Administrator login
2017-12-15 09:37:27,138 - Initialize UI
2017-12-15 09:37:27,220 - Initialize sequence table
2017-12-15 09:37:27,300 - ThreadID1:Initialize sequence tree
2017-12-15 09:37:27,407 - ZMQ Server Start, Port: 5555
2017-12-15 09:38:55,958 - Administrator login
2017-12-15 09:38:56,013 - Initialize UI
2017-12-15 09:38:56,114 - Initialize sequence table
2017-12-15 09:38:56,212 - ThreadID1:Initialize sequence tree
2017-12-15 09:38:56,305 - ZMQ Server Start, Port: 5555
2017-12-15 09:40:53,265 - Administrator login
2017-12-15 09:40:53,325 - Initialize UI
2017-12-15 09:40:53,416 - Initialize sequence table
2017-12-15 09:40:53,498 - ThreadID1:Initialize sequence tree
2017-12-15 09:40:53,673 - ZMQ Server Start, Port: 5555
2017-12-15 09:42:44,266 - Administrator login
2017-12-15 09:42:44,334 - Initialize UI
2017-12-15 09:42:44,417 - Initialize sequence table
2017-12-15 09:42:44,506 - ThreadID1:Initialize sequence tree
2017-12-15 09:42:44,601 - ZMQ Server Start, Port: 5555
2017-12-15 09:43:09,852 - Administrator login
2017-12-15 09:43:09,921 - Initialize UI
2017-12-15 09:43:10,010 - Initialize sequence table
2017-12-15 09:43:10,112 - ThreadID1:Initialize sequence tree
2017-12-15 09:43:10,173 - ZMQ Server Start, Port: 5555
2017-12-15 09:44:45,887 - Administrator login
2017-12-15 09:44:45,956 - Initialize UI
2017-12-15 09:44:46,060 - Initialize sequence table
2017-12-15 09:44:46,172 - ThreadID1:Initialize sequence tree
2017-12-15 09:44:46,349 - ZMQ Server Start, Port: 5555
2017-12-15 09:46:44,018 - Administrator login
2017-12-15 09:46:44,074 - Initialize UI
2017-12-15 09:46:44,257 - Initialize sequence table
2017-12-15 09:46:44,376 - ThreadID1:Initialize sequence tree
2017-12-15 09:46:45,001 - ZMQ Server Start, Port: 5555
2017-12-15 09:49:11,449 - Administrator login
2017-12-15 09:49:11,507 - Initialize UI
2017-12-15 09:49:11,600 - Initialize sequence table
2017-12-15 09:49:11,690 - ThreadID1:Initialize sequence tree
2017-12-15 09:49:11,813 - ZMQ Server Start, Port: 5555
2017-12-15 09:50:06,058 - Administrator login
2017-12-15 09:50:06,119 - Initialize UI
2017-12-15 09:50:06,211 - Initialize sequence table
2017-12-15 09:50:06,302 - ThreadID1:Initialize sequence tree
2017-12-15 09:50:06,410 - ZMQ Server Start, Port: 5555
2017-12-15 09:52:21,540 - Administrator login
2017-12-15 09:52:21,598 - Initialize UI
2017-12-15 09:52:21,680 - Initialize sequence table
2017-12-15 09:52:21,766 - ThreadID1:Initialize sequence tree
2017-12-15 09:52:21,848 - ZMQ Server Start, Port: 5555
2017-12-15 09:55:28,587 - Reload scripts
2017-12-15 09:55:28,588 - reload() argument must be module
2017-12-15 09:55:36,287 - Administrator login
2017-12-15 09:55:36,343 - Initialize UI
2017-12-15 09:55:36,427 - Initialize sequence table
2017-12-15 09:55:36,493 - ThreadID1:Initialize sequence tree
2017-12-15 09:55:36,609 - ZMQ Server Start, Port: 5555
2017-12-15 09:58:30,763 - Administrator login
2017-12-15 09:58:30,804 - Initialize UI
2017-12-15 09:58:30,903 - Initialize sequence table
2017-12-15 09:58:30,983 - ThreadID1:Initialize sequence tree
2017-12-15 09:58:31,072 - ZMQ Server Start, Port: 5555
2017-12-15 09:58:33,083 - Start test
2017-12-15 09:58:33,198 - Thread1:Test item: pre_test
2017-12-15 09:58:33,198 - Thread1:pre_test result:[0.5, 'fun1']
2017-12-15 09:58:33,698 - Thread1:Test item: test_point1
2017-12-15 09:58:33,698 - Thread1:test_point1 result:[10, 'fun2']
2017-12-15 09:58:34,198 - Thread1:Test item: test_point2
2017-12-15 09:58:34,199 - Thread1:test_point2 result:[0, 'fun3']
2017-12-15 09:58:34,706 - Thread1:Test item: test_point3
2017-12-15 09:58:34,707 - Thread1:test_point3 result:[0.5, 'fun4']
2017-12-15 09:58:35,213 - Thread1:Test item: test_point4
2017-12-15 09:58:35,213 - Thread1:test_point4 result:[0.5, 'fun5']
2017-12-15 09:58:35,720 - Thread1:Test item: test_point5
2017-12-15 09:58:35,727 - Thread1:test_point5 result:[0.5, 'fun6']
2017-12-15 09:58:36,227 - Thread1:Test item: test_point5
2017-12-15 09:58:36,228 - Thread1:test_point5 result:[0.5, 'fun6']
2017-12-15 09:58:36,734 - Thread1:Test item: post_test
2017-12-15 09:58:36,742 - Thread1:post_test result:[0.9, 'fun8']
2017-12-15 09:58:36,745 - Thread1:total time： 3.60
2017-12-15 10:00:35,157 - Administrator login
2017-12-15 10:00:35,221 - Initialize UI
2017-12-15 10:00:35,312 - Initialize sequence table
2017-12-15 10:00:35,386 - ThreadID1:Initialize sequence tree
2017-12-15 10:00:35,515 - ZMQ Server Start, Port: 5555
2017-12-15 10:01:47,850 - Administrator login
2017-12-15 10:01:47,913 - Initialize UI
2017-12-15 10:01:48,016 - Initialize sequence table
2017-12-15 10:01:48,086 - ThreadID1:Initialize sequence tree
2017-12-15 10:01:48,203 - ZMQ Server Start, Port: 5555
2017-12-15 11:35:34,884 - Administrator login
2017-12-15 11:35:34,955 - Initialize UI
2017-12-15 11:35:36,535 - Initialize sequence table
2017-12-15 11:35:36,585 - ThreadID1:Initialize sequence tree
2017-12-15 11:35:36,775 - ZMQ Server Start, Port: 5555
2017-12-15 11:43:21,035 - Administrator login
2017-12-15 11:43:21,244 - Initialize UI
2017-12-15 11:43:23,004 - Initialize sequence table
2017-12-15 11:43:23,884 - ThreadID1:Initialize sequence tree
2017-12-15 11:43:24,035 - ZMQ Server Start, Port: 5555
2017-12-15 11:46:42,944 - Administrator login
2017-12-15 11:46:43,075 - Initialize UI
2017-12-15 11:46:44,865 - Initialize sequence table
2017-12-15 11:46:45,684 - ThreadID1:Initialize sequence tree
2017-12-15 11:46:45,744 - ZMQ Server Start, Port: 5555
2017-12-15 11:47:13,075 - Administrator login
2017-12-15 11:47:13,115 - Initialize UI
2017-12-15 11:47:15,335 - Initialize sequence table
2017-12-15 11:47:15,495 - ThreadID1:Initialize sequence tree
2017-12-15 11:47:15,555 - ZMQ Server Start, Port: 5555
2017-12-15 11:51:17,457 - Administrator login
2017-12-15 11:51:17,518 - Initialize UI
2017-12-15 11:51:19,777 - Initialize sequence table
2017-12-15 11:51:19,838 - ThreadID1:Initialize sequence tree
2017-12-15 11:51:19,907 - ZMQ Server Start, Port: 5555
2017-12-15 11:51:39,057 - timed out
2017-12-15 11:51:41,057 - timed out
2017-12-15 11:51:41,057 - local variable 'recvmsg' referenced before assignment
2017-12-15 11:52:59,737 - Administrator login
2017-12-15 11:52:59,798 - Initialize UI
2017-12-15 11:53:01,358 - Initialize sequence table
2017-12-15 11:53:01,398 - ThreadID1:Initialize sequence tree
2017-12-15 11:53:01,518 - ZMQ Server Start, Port: 5555
2017-12-15 11:56:56,811 - Administrator login
2017-12-15 11:56:56,881 - Initialize UI
2017-12-15 11:56:58,680 - Initialize sequence table
2017-12-15 11:56:58,831 - ThreadID1:Initialize sequence tree
2017-12-15 11:56:58,991 - ZMQ Server Start, Port: 5555
2017-12-15 11:59:34,171 - Administrator login
2017-12-15 11:59:34,252 - Initialize UI
2017-12-15 11:59:36,041 - Initialize sequence table
2017-12-15 11:59:36,081 - ThreadID1:Initialize sequence tree
2017-12-15 11:59:36,232 - ZMQ Server Start, Port: 5555
2017-12-15 12:03:13,342 - timed out
2017-12-15 12:03:13,342 - local variable 'recvmsg' referenced before assignment
2017-12-15 12:26:55,846 - Administrator login
2017-12-15 12:26:55,905 - Initialize UI
2017-12-15 12:26:55,985 - Initialize sequence table
2017-12-15 12:26:56,046 - ThreadID1:Initialize sequence tree
2017-12-15 12:26:56,185 - ZMQ Server Start, Port: 5555
2017-12-15 12:26:58,926 - Start test
2017-12-15 12:27:09,135 - Thread1:Test item: pre_test
2017-12-15 12:27:09,135 - Thread1:pre_test result:[0, 'time out']
2017-12-15 12:27:10,135 - Thread1:Test item: test_point1
2017-12-15 12:27:10,135 - Thread1:test_point1 result:[1, 'fun2']
2017-12-15 12:27:11,135 - Thread1:Test item: test_point2
2017-12-15 12:27:11,135 - Thread1:test_point2 result:[1, 'fun3']
2017-12-15 12:27:12,135 - Thread1:Test item: test_point3
2017-12-15 12:27:12,135 - Thread1:test_point3 result:[0.5, 'fun4']
2017-12-15 12:27:13,135 - Thread1:Test item: test_point4
2017-12-15 12:27:13,135 - Thread1:test_point4 result:[0.5, 'fun5']
2017-12-15 12:27:14,135 - Thread1:Test item: test_point5
2017-12-15 12:27:14,135 - Thread1:test_point5 result:[0.5, 'fun6']
2017-12-15 12:27:15,135 - Thread1:Test item: test_point5
2017-12-15 12:27:15,135 - Thread1:test_point5 result:[0.5, 'fun6']
2017-12-15 12:27:15,635 - Thread1:Test item: post_test
2017-12-15 12:27:15,635 - Thread1:post_test result:[0.9, 'fun8']
2017-12-15 12:27:15,646 - Thread1:total time： 16.70
2017-12-15 14:48:26,394 - timed out
2017-12-15 14:48:26,404 - Administrator login
2017-12-15 14:48:26,455 - Initialize UI
2017-12-15 14:48:28,024 - Initialize sequence table
2017-12-15 14:48:28,085 - ThreadID1:Initialize sequence tree
2017-12-15 14:48:28,325 - ZMQ Server Start, Port: 5555
2017-12-15 14:48:28,394 - timed out
2017-12-15 14:48:30,394 - timed out
2017-12-15 14:48:30,394 - local variable 'recvmsg' referenced before assignment
2017-12-15 14:48:55,484 - timed out
2017-12-15 14:48:55,484 - Administrator login
2017-12-15 14:48:55,544 - Initialize UI
2017-12-15 14:48:57,125 - Initialize sequence table
2017-12-15 14:48:57,164 - ThreadID1:Initialize sequence tree
2017-12-15 14:48:57,235 - ZMQ Server Start, Port: 5555
2017-12-15 14:48:57,484 - timed out
2017-12-15 14:48:59,484 - timed out
2017-12-15 14:48:59,484 - local variable 'recvmsg' referenced before assignment
2017-12-15 14:51:06,664 - Administrator login
2017-12-15 14:51:06,724 - Initialize UI
2017-12-15 14:51:06,964 - timed out
2017-12-15 14:51:08,284 - Initialize sequence table
2017-12-15 14:51:08,345 - ThreadID1:Initialize sequence tree
2017-12-15 14:51:08,384 - ZMQ Server Start, Port: 5555
2017-12-15 14:51:08,964 - timed out
2017-12-15 14:51:10,964 - timed out
2017-12-15 14:51:10,964 - local variable 'recvmsg' referenced before assignment
2017-12-15 14:53:02,695 - Administrator login
2017-12-15 14:53:02,744 - Initialize UI
2017-12-15 14:53:03,085 - timed out
2017-12-15 14:53:04,315 - Initialize sequence table
2017-12-15 14:53:04,375 - ThreadID1:Initialize sequence tree
2017-12-15 14:53:04,444 - ZMQ Server Start, Port: 5555
2017-12-15 14:53:05,085 - timed out
2017-12-15 14:53:07,085 - timed out
2017-12-15 14:53:07,085 - local variable 'recvmsg' referenced before assignment
2017-12-15 14:53:09,284 - timed out
2017-12-15 14:53:11,284 - timed out
2017-12-15 14:53:13,284 - timed out
2017-12-15 14:53:13,284 - local variable 'recvmsg' referenced before assignment
2017-12-15 14:53:15,484 - timed out
2017-12-15 14:53:17,484 - timed out
2017-12-15 15:20:32,299 - Administrator login
2017-12-15 15:20:32,430 - Initialize UI
2017-12-15 15:20:32,460 - timed out
2017-12-15 15:20:34,180 - Initialize sequence table
2017-12-15 15:20:34,460 - timed out
2017-12-15 15:20:34,900 - ThreadID1:Initialize sequence tree
2017-12-15 15:20:34,940 - ZMQ Server Start, Port: 5555
2017-12-15 15:20:36,470 - timed out
2017-12-15 15:20:36,519 - local variable 'recvmsg' referenced before assignment
2017-12-15 15:20:38,750 - timed out
2017-12-15 15:20:40,769 - timed out
2017-12-15 15:23:36,420 - timed out
2017-12-15 15:23:37,169 - Administrator login
2017-12-15 15:23:37,299 - Initialize UI
2017-12-15 15:23:38,460 - timed out
2017-12-15 15:23:39,049 - Initialize sequence table
2017-12-15 15:23:40,460 - timed out
2017-12-15 15:23:40,460 - local variable 'recvmsg' referenced before assignment
2017-12-15 15:23:40,559 - ThreadID1:Initialize sequence tree
2017-12-15 15:23:40,609 - ZMQ Server Start, Port: 5555
2017-12-15 15:23:42,720 - timed out
2017-12-15 15:23:44,720 - timed out
2017-12-15 15:24:04,579 - timed out
2017-12-15 15:24:04,830 - Administrator login
2017-12-15 15:24:04,990 - Initialize UI
2017-12-15 15:24:06,630 - timed out
2017-12-15 15:24:06,630 - Initialize sequence table
2017-12-15 15:24:07,910 - ThreadID1:Initialize sequence tree
2017-12-15 15:24:07,990 - ZMQ Server Start, Port: 5555
2017-12-15 15:24:08,630 - timed out
2017-12-15 15:24:08,630 - local variable 'recvmsg' referenced before assignment
2017-12-15 15:24:10,849 - timed out
2017-12-15 15:25:13,789 - timed out
2017-12-15 15:25:15,838 - timed out
2017-12-15 15:25:17,868 - timed out
2017-12-15 15:25:17,888 - local variable 'recvmsg' referenced before assignment
2017-12-15 15:25:20,139 - timed out
2017-12-15 15:25:22,179 - timed out
2017-12-15 15:25:24,208 - timed out
2017-12-15 15:25:24,208 - local variable 'recvmsg' referenced before assignment
2017-12-15 15:25:26,098 - Administrator login
2017-12-15 15:25:26,199 - Initialize UI
2017-12-15 15:25:26,419 - timed out
2017-12-15 15:25:28,098 - Initialize sequence table
2017-12-15 15:25:28,428 - timed out
2017-12-15 15:25:29,049 - ThreadID1:Initialize sequence tree
2017-12-15 15:25:29,088 - ZMQ Server Start, Port: 5555
2017-12-15 15:25:30,439 - timed out
2017-12-15 15:25:30,448 - local variable 'recvmsg' referenced before assignment
2017-12-15 15:25:32,668 - timed out
2017-12-15 15:25:34,688 - timed out
2017-12-15 15:25:36,699 - timed out
2017-12-15 15:25:36,708 - local variable 'recvmsg' referenced before assignment
2017-12-15 15:25:38,928 - timed out
2017-12-15 15:25:40,939 - timed out
2017-12-15 15:25:42,959 - timed out
2017-12-15 15:25:42,968 - local variable 'recvmsg' referenced before assignment
2017-12-15 15:25:45,219 - timed out
2017-12-15 15:25:47,228 - timed out
2017-12-15 15:25:49,239 - timed out
2017-12-15 15:25:49,239 - local variable 'recvmsg' referenced before assignment
2017-12-15 15:25:51,459 - timed out
2017-12-15 15:25:53,468 - timed out
2017-12-15 15:25:55,488 - timed out
2017-12-15 15:25:55,499 - local variable 'recvmsg' referenced before assignment
2017-12-15 15:25:57,719 - timed out
2017-12-15 15:25:59,748 - timed out
2017-12-15 15:26:01,759 - timed out
2017-12-15 15:26:01,779 - local variable 'recvmsg' referenced before assignment
2017-12-15 15:26:55,858 - timed out
2017-12-15 15:26:56,319 - Administrator login
2017-12-15 15:26:56,488 - Initialize UI
2017-12-15 15:26:57,899 - timed out
2017-12-15 15:26:58,279 - Initialize sequence table
2017-12-15 15:26:58,908 - ThreadID1:Initialize sequence tree
2017-12-15 15:26:59,069 - ZMQ Server Start, Port: 5555
2017-12-15 15:26:59,948 - timed out
2017-12-15 15:26:59,999 - local variable 'recvmsg' referenced before assignment
2017-12-15 15:27:02,248 - timed out
2017-12-15 15:27:04,279 - timed out
2017-12-15 15:27:06,299 - timed out
2017-12-15 15:27:06,299 - local variable 'recvmsg' referenced before assignment
2017-12-15 15:27:08,529 - timed out
2017-12-15 15:27:52,728 - timed out
2017-12-15 15:27:54,769 - timed out
2017-12-15 15:27:56,779 - timed out
2017-12-15 15:27:56,779 - local variable 'recvmsg' referenced before assignment
2017-12-15 15:28:29,578 - timed out
2017-12-15 15:28:29,799 - Administrator login
2017-12-15 15:28:29,959 - Initialize UI
2017-12-15 15:28:31,618 - timed out
2017-12-15 15:28:31,779 - Initialize sequence table
2017-12-15 15:28:32,448 - ThreadID1:Initialize sequence tree
2017-12-15 15:28:32,499 - ZMQ Server Start, Port: 5555
2017-12-15 15:28:33,688 - timed out
2017-12-15 15:28:33,769 - local variable 'recvmsg' referenced before assignment
2017-12-15 15:28:36,008 - timed out
2017-12-15 15:28:38,088 - timed out
2017-12-15 15:28:40,208 - timed out
2017-12-15 15:28:40,239 - local variable 'recvmsg' referenced before assignment
2017-12-15 15:29:45,888 - timed out
2017-12-15 15:29:47,928 - timed out
2017-12-15 15:29:49,959 - timed out
2017-12-15 15:29:49,979 - local variable 'recvmsg' referenced before assignment
2017-12-15 15:30:59,358 - Administrator login
2017-12-15 15:30:59,699 - Initialize UI
2017-12-15 15:31:00,419 - timed out
2017-12-15 15:31:01,459 - Initialize sequence table
2017-12-15 15:31:02,439 - timed out
2017-12-15 15:31:02,769 - ThreadID1:Initialize sequence tree
2017-12-15 15:31:02,799 - ZMQ Server Start, Port: 5555
2017-12-15 15:31:04,439 - timed out
2017-12-15 15:31:04,448 - local variable 'recvmsg' referenced before assignment
2017-12-15 15:31:06,688 - timed out
2017-12-15 15:31:08,699 - timed out
2017-12-15 15:31:10,719 - timed out
2017-12-15 15:31:10,728 - local variable 'recvmsg' referenced before assignment
2017-12-15 15:33:00,791 - 注意安全后门在打开
2017-12-15 15:33:00,860 - 注意安全前门在打开
2017-12-15 15:33:01,240 - 注意安全后门在打开
2017-12-15 15:33:01,280 - 注意安全前门在打开
2017-12-15 15:33:01,661 - 注意安全后门在打开
2017-12-15 15:33:01,700 - 注意安全前门在打开
2017-12-15 15:33:01,940 - Administrator login
2017-12-15 15:33:02,100 - Initialize UI
2017-12-15 15:33:02,111 - 注意安全后门在打开
2017-12-15 15:33:02,111 - 注意安全前门在打开
2017-12-15 15:33:02,411 - 注意安全后门在打开
2017-12-15 15:33:02,421 - 注意安全前门在打开
2017-12-15 15:33:02,751 - 注意安全后门在打开
2017-12-15 15:33:02,771 - 注意安全前门在打开
2017-12-15 15:33:03,091 - 注意安全后门在打开
2017-12-15 15:33:03,121 - 注意安全前门在打开
2017-12-15 15:33:03,421 - 注意安全后门在打开
2017-12-15 15:33:03,421 - 注意安全前门在打开
2017-12-15 15:33:03,730 - 注意安全后门在打开
2017-12-15 15:33:03,780 - 注意安全前门在打开
2017-12-15 15:33:03,811 - Initialize sequence table
2017-12-15 15:33:04,071 - 注意安全后门在打开
2017-12-15 15:33:04,100 - 注意安全前门在打开
2017-12-15 15:33:04,401 - 注意安全后门在打开
2017-12-15 15:33:04,421 - 注意安全前门在打开
2017-12-15 15:33:04,551 - ThreadID1:Initialize sequence tree
2017-12-15 15:33:04,720 - ZMQ Server Start, Port: 5555
2017-12-15 15:33:04,871 - 注意安全后门在打开
2017-12-15 15:33:04,980 - 注意安全前门在打开
2017-12-15 15:33:05,430 - 注意安全后门在打开
2017-12-15 15:33:05,500 - 注意安全前门在打开
2017-12-15 15:33:05,891 - 注意安全后门在打开
2017-12-15 15:33:05,950 - 注意安全前门在打开
2017-12-15 15:33:06,371 - 注意安全后门在打开
2017-12-15 15:33:06,511 - 注意安全前门在打开
2017-12-15 15:33:06,980 - 注意安全后门在打开
2017-12-15 15:33:07,011 - 注意安全前门在打开
2017-12-15 15:33:07,360 - 注意安全后门在打开
2017-12-15 15:33:07,480 - 注意安全前门在打开
2017-12-15 15:33:07,960 - 注意安全后门在打开
2017-12-15 15:33:08,051 - 注意安全前门在打开
2017-12-15 15:33:08,511 - 注意安全后门在打开
2017-12-15 15:33:08,611 - 注意安全前门在打开
2017-12-15 15:33:08,991 - 注意安全后门在打开
2017-12-15 15:33:09,080 - 注意安全前门在打开
2017-12-15 15:33:09,440 - 注意安全后门在打开
2017-12-15 15:33:09,540 - 注意安全前门在打开
2017-12-15 15:33:09,970 - 注意安全后门在打开
2017-12-15 15:33:10,011 - 注意安全前门在打开
2017-12-15 15:33:10,371 - 注意安全后门在打开
2017-12-15 15:33:10,371 - 注意安全前门在打开
2017-12-15 15:33:10,720 - 注意安全后门在打开
2017-12-15 15:33:10,751 - 注意安全前门在打开
2017-12-15 15:33:11,131 - 注意安全后门在打开
2017-12-15 15:33:11,161 - 注意安全前门在打开
2017-12-15 15:33:11,551 - 注意安全后门在打开
2017-12-15 15:33:11,671 - 注意安全前门在打开
2017-12-15 15:33:12,111 - 注意安全后门在打开
2017-12-15 15:33:12,200 - 注意安全前门在打开
2017-12-15 15:33:12,571 - 注意安全后门在打开
2017-12-15 15:33:12,571 - 注意安全前门在打开
2017-12-15 15:33:12,911 - 注意安全后门在打开
2017-12-15 15:33:12,930 - 注意安全前门在打开
2017-12-15 15:33:13,280 - 注意安全后门在打开
2017-12-15 15:33:13,360 - 注意安全前门在打开
2017-12-15 15:33:13,720 - 注意安全后门在打开
2017-12-15 15:33:13,730 - 注意安全前门在打开
2017-12-15 15:33:14,121 - 注意安全后门在打开
2017-12-15 15:33:14,131 - 注意安全前门在打开
2017-12-15 15:33:14,460 - 注意安全后门在打开
2017-12-15 15:33:14,511 - 注意安全前门在打开
2017-12-15 15:33:14,930 - 注意安全后门在打开
2017-12-15 15:33:14,960 - 注意安全前门在打开
2017-12-15 15:33:15,320 - 注意安全后门在打开
2017-12-15 15:33:15,411 - 注意安全前门在打开
2017-12-15 15:33:15,811 - 注意安全后门在打开
2017-12-15 15:33:15,881 - 注意安全前门在打开
2017-12-15 15:33:16,210 - 注意安全后门在打开
2017-12-15 15:33:16,251 - 注意安全前门在打开
2017-12-15 15:33:16,631 - 注意安全后门在打开
2017-12-15 15:33:16,680 - 注意安全前门在打开
2017-12-15 15:33:17,040 - 注意安全后门在打开
2017-12-15 15:33:17,091 - 注意安全前门在打开
2017-12-15 15:33:17,460 - 注意安全后门在打开
2017-12-15 15:33:17,460 - 注意安全前门在打开
2017-12-15 15:33:17,751 - 注意安全后门在打开
2017-12-15 15:33:17,791 - 注意安全前门在打开
2017-12-15 15:33:18,190 - 注意安全后门在打开
2017-12-15 15:33:18,271 - 注意安全前门在打开
2017-12-15 15:33:18,641 - 注意安全后门在打开
2017-12-15 15:33:18,710 - 注意安全前门在打开
2017-12-15 15:33:19,020 - 注意安全后门在打开
2017-12-15 15:33:19,100 - 注意安全前门在打开
2017-12-15 15:33:19,470 - 注意安全后门在打开
2017-12-15 15:33:19,531 - 注意安全前门在打开
2017-12-15 15:33:19,901 - 注意安全后门在打开
2017-12-15 15:33:19,940 - 注意安全前门在打开
2017-12-15 15:33:20,331 - 注意安全后门在打开
2017-12-15 15:33:20,351 - 注意安全前门在打开
2017-12-15 15:33:20,831 - 注意安全后门在打开
2017-12-15 15:33:20,891 - 注意安全前门在打开
2017-12-15 15:33:21,200 - 注意安全后门在打开
2017-12-15 15:33:21,260 - 注意安全前门在打开
2017-12-15 15:33:21,680 - 注意安全后门在打开
2017-12-15 15:33:21,751 - 注意安全前门在打开
2017-12-15 15:33:22,230 - 注意安全后门在打开
2017-12-15 15:33:22,331 - 注意安全前门在打开
2017-12-15 15:33:22,760 - 注意安全后门在打开
2017-12-15 15:33:22,840 - 注意安全前门在打开
2017-12-15 15:33:56,980 - Resource temporarily unavailable
2017-12-15 15:44:01,929 - Administrator login
2017-12-15 15:44:01,990 - Initialize UI
2017-12-15 15:44:03,559 - Initialize sequence table
2017-12-15 15:44:03,619 - ThreadID1:Initialize sequence tree
2017-12-15 15:44:03,689 - ZMQ Server Start, Port: 5555
2017-12-15 15:44:37,089 - Administrator login
2017-12-15 15:44:37,150 - Initialize UI
2017-12-15 15:44:38,729 - Initialize sequence table
2017-12-15 15:44:38,779 - ThreadID1:Initialize sequence tree
2017-12-15 15:44:38,849 - ZMQ Server Start, Port: 5555
2017-12-15 15:45:19,319 - Start test
2017-12-15 15:45:20,529 - Thread1:Test item: pre_test
2017-12-15 15:45:20,529 - Thread1:pre_test result:[0, 'time out']
2017-12-15 15:45:22,529 - timed out
2017-12-15 16:01:41,849 - Administrator login
2017-12-15 16:01:41,910 - Initialize UI
2017-12-15 16:01:43,480 - Initialize sequence table
2017-12-15 16:01:43,529 - ThreadID1:Initialize sequence tree
2017-12-15 16:01:43,660 - ZMQ Server Start, Port: 5555
2017-12-15 16:02:19,150 - Administrator login
2017-12-15 16:02:19,380 - Initialize UI
2017-12-15 16:02:21,209 - Initialize sequence table
2017-12-15 16:02:22,390 - ThreadID1:Initialize sequence tree
2017-12-15 16:02:22,779 - ZMQ Server Start, Port: 5555
2017-12-15 16:02:55,779 - Administrator login
2017-12-15 16:02:55,960 - Initialize UI
2017-12-15 16:02:57,599 - Initialize sequence table
2017-12-15 16:02:58,409 - ThreadID1:Initialize sequence tree
2017-12-15 16:02:58,420 - ZMQ Server Start, Port: 5555
2017-12-15 16:03:30,880 - Administrator login
2017-12-15 16:03:31,160 - Initialize UI
2017-12-15 16:03:32,910 - Initialize sequence table
2017-12-15 16:03:33,769 - ThreadID1:Initialize sequence tree
2017-12-15 16:03:33,799 - ZMQ Server Start, Port: 5555
2017-12-15 16:04:24,390 - dut in done
2017-12-15 16:04:24,489 - Start test
2017-12-15 16:04:24,559 - dut in done
2017-12-15 16:04:24,599 - Thread1:Test item: pre_test
2017-12-15 16:04:24,599 - Thread1:pre_test result:[1, 'done']
2017-12-15 16:04:24,700 - Start test
2017-12-15 16:04:24,759 - dut in done
2017-12-15 16:04:24,819 - Start test
2017-12-15 16:04:24,849 - dut in done
2017-12-15 16:04:24,880 - Start test
2017-12-15 16:04:24,940 - dut in done
2017-12-15 16:04:25,030 - Start test
2017-12-15 16:04:32,420 - Thread1:Test item: test_point1
2017-12-15 16:04:32,430 - Thread1:test_point1 result:[1, 'fun2']
2017-12-15 16:04:40,039 - Thread1:Test item: test_point2
2017-12-15 16:04:40,070 - Thread1:test_point2 result:[1, 'fun3']
2017-12-15 16:04:47,500 - Thread1:Test item: test_point3
2017-12-15 16:04:47,500 - Thread1:test_point3 result:[0.5, 'fun4']
2017-12-15 16:04:54,430 - Thread1:Test item: test_point4
2017-12-15 16:04:54,430 - Thread1:test_point4 result:[0.5, 'fun5']
2017-12-15 16:05:01,680 - Thread1:Test item: test_point5
2017-12-15 16:05:01,680 - Thread1:test_point5 result:[0.5, 'fun6']
2017-12-15 16:05:08,750 - Thread1:Test item: test_point5
2017-12-15 16:05:08,750 - Thread1:test_point5 result:[0.5, 'fun6']
2017-12-15 16:05:09,359 - Thread1:Test item: post_test
2017-12-15 16:05:09,359 - Thread1:post_test result:[0.9, 'fun8']
2017-12-15 16:05:09,369 - Thread1:total time： 44.86
2017-12-15 16:06:03,200 - Administrator login
2017-12-15 16:06:03,599 - Initialize UI
2017-12-15 16:06:05,339 - Initialize sequence table
2017-12-15 16:06:06,200 - ThreadID1:Initialize sequence tree
2017-12-15 16:06:06,240 - ZMQ Server Start, Port: 5555
2017-12-15 16:06:19,169 - dut in done
2017-12-15 16:06:19,230 - Start test
2017-12-15 16:06:19,259 - dut in done
2017-12-15 16:06:19,289 - Start test
2017-12-15 16:06:19,319 - dut in done
2017-12-15 16:06:19,339 - Thread1:Test item: pre_test
2017-12-15 16:06:19,339 - Thread1:pre_test result:[1, 'done']
2017-12-15 16:06:19,369 - Start test
2017-12-15 16:06:19,440 - dut in done
2017-12-15 16:06:19,500 - Start test
2017-12-15 16:14:25,132 - Administrator login
2017-12-15 16:14:25,203 - Initialize UI
2017-12-15 16:14:27,083 - Initialize sequence table
2017-12-15 16:14:27,692 - ThreadID1:Initialize sequence tree
2017-12-15 16:14:28,013 - ZMQ Server Start, Port: 5555
2017-12-15 16:18:37,233 - Administrator login
2017-12-15 16:18:37,383 - Initialize UI
2017-12-15 16:18:39,092 - Initialize sequence table
2017-12-15 16:18:40,072 - ThreadID1:Initialize sequence tree
2017-12-15 16:18:40,263 - ZMQ Server Start, Port: 5555
2017-12-15 16:21:01,480 - Administrator login
2017-12-15 16:21:01,726 - Initialize UI
2017-12-15 16:21:03,439 - Initialize sequence table
2017-12-15 16:21:04,540 - ThreadID1:Initialize sequence tree
2017-12-15 16:21:04,562 - ZMQ Server Start, Port: 5555
2017-12-15 16:21:14,325 - Administrator login
2017-12-15 16:21:14,480 - Initialize UI
2017-12-15 16:21:16,199 - Initialize sequence table
2017-12-15 16:21:16,935 - ThreadID1:Initialize sequence tree
2017-12-15 16:21:17,097 - ZMQ Server Start, Port: 5555
2017-12-15 16:22:00,773 - Administrator login
2017-12-15 16:22:01,004 - Initialize UI
2017-12-15 16:22:02,864 - Initialize sequence table
2017-12-15 16:22:03,539 - ThreadID1:Initialize sequence tree
2017-12-15 16:22:03,563 - ZMQ Server Start, Port: 5555
2017-12-15 16:23:38,815 - Administrator login
2017-12-15 16:23:38,999 - Initialize UI
2017-12-15 16:23:40,819 - Initialize sequence table
2017-12-15 16:23:41,918 - ThreadID1:Initialize sequence tree
2017-12-15 16:23:41,966 - ZMQ Server Start, Port: 5555
2017-12-15 16:24:39,047 - Administrator login
2017-12-15 16:24:39,235 - Initialize UI
2017-12-15 16:24:41,241 - Initialize sequence table
2017-12-15 16:24:42,471 - ThreadID1:Initialize sequence tree
2017-12-15 16:24:42,503 - ZMQ Server Start, Port: 5555
2017-12-15 16:25:10,192 - Administrator login
2017-12-15 16:25:10,464 - Initialize UI
2017-12-15 16:25:12,217 - Initialize sequence table
2017-12-15 16:25:12,956 - ThreadID1:Initialize sequence tree
2017-12-15 16:25:12,988 - ZMQ Server Start, Port: 5555
2017-12-15 16:26:45,304 - 注意安全后门在打开
2017-12-15 16:26:45,331 - 注意安全前门在打开
2017-12-15 16:26:45,488 - Administrator login
2017-12-15 16:26:45,654 - Initialize UI
2017-12-15 16:26:45,697 - 注意安全后门在打开
2017-12-15 16:26:45,726 - 注意安全前门在打开
2017-12-15 16:26:46,046 - 注意安全后门在打开
2017-12-15 16:26:46,057 - 注意安全前门在打开
2017-12-15 16:26:46,358 - 注意安全后门在打开
2017-12-15 16:26:46,359 - 注意安全前门在打开
2017-12-15 16:26:46,664 - 注意安全后门在打开
2017-12-15 16:26:46,665 - 注意安全前门在打开
2017-12-15 16:26:46,970 - 注意安全后门在打开
2017-12-15 16:26:46,976 - 注意安全前门在打开
2017-12-15 16:26:47,292 - 注意安全后门在打开
2017-12-15 16:26:47,295 - 注意安全前门在打开
2017-12-15 16:26:47,518 - Initialize sequence table
2017-12-15 16:26:47,592 - 注意安全后门在打开
2017-12-15 16:26:47,604 - 注意安全前门在打开
2017-12-15 16:26:47,889 - 注意安全后门在打开
2017-12-15 16:26:47,894 - 注意安全前门在打开
2017-12-15 16:26:48,184 - 注意安全后门在打开
2017-12-15 16:26:48,196 - 注意安全前门在打开
2017-12-15 16:26:48,345 - ThreadID1:Initialize sequence tree
2017-12-15 16:26:48,409 - ZMQ Server Start, Port: 5555
2017-12-15 16:26:48,649 - 注意安全后门在打开
2017-12-15 16:26:48,664 - 注意安全前门在打开
2017-12-15 16:26:48,963 - 注意安全后门在打开
2017-12-15 16:26:48,964 - 注意安全前门在打开
2017-12-15 16:26:49,273 - 注意安全后门在打开
2017-12-15 16:26:49,289 - 注意安全前门在打开
2017-12-15 16:26:49,608 - 注意安全后门在打开
2017-12-15 16:26:49,609 - 注意安全前门在打开
2017-12-15 16:26:49,931 - 注意安全后门在打开
2017-12-15 16:26:49,957 - 注意安全前门在打开
2017-12-15 16:26:50,276 - 注意安全后门在打开
2017-12-15 16:26:50,289 - 注意安全前门在打开
2017-12-15 16:27:41,817 - 注意安全后门在打开
2017-12-15 16:27:41,832 - 注意安全前门在打开
2017-12-15 16:27:42,156 - 注意安全后门在打开
2017-12-15 16:27:42,177 - 注意安全前门在打开
2017-12-15 16:27:42,323 - Administrator login
2017-12-15 16:27:42,500 - 注意安全后门在打开
2017-12-15 16:27:42,502 - 注意安全前门在打开
2017-12-15 16:27:42,544 - Initialize UI
2017-12-15 16:27:42,800 - 注意安全后门在打开
2017-12-15 16:27:42,801 - 注意安全前门在打开
2017-12-15 16:27:43,112 - 注意安全后门在打开
2017-12-15 16:27:43,119 - 注意安全前门在打开
2017-12-15 16:27:43,421 - 注意安全后门在打开
2017-12-15 16:27:43,428 - 注意安全前门在打开
2017-12-15 16:27:43,743 - 注意安全后门在打开
2017-12-15 16:27:43,755 - 注意安全前门在打开
2017-12-15 16:27:44,078 - 注意安全后门在打开
2017-12-15 16:27:44,089 - 注意安全前门在打开
2017-12-15 16:27:44,262 - Initialize sequence table
2017-12-15 16:27:44,372 - 注意安全后门在打开
2017-12-15 16:27:44,378 - 注意安全前门在打开
2017-12-15 16:27:44,672 - 注意安全后门在打开
2017-12-15 16:27:44,673 - 注意安全前门在打开
2017-12-15 16:27:44,984 - 注意安全后门在打开
2017-12-15 16:27:44,985 - 注意安全前门在打开
2017-12-15 16:27:44,996 - ThreadID1:Initialize sequence tree
2017-12-15 16:27:45,134 - ZMQ Server Start, Port: 5555
2017-12-15 16:27:45,422 - 注意安全后门在打开
2017-12-15 16:27:45,424 - 注意安全前门在打开
2017-12-15 16:27:45,780 - 注意安全后门在打开
2017-12-15 16:27:45,809 - 注意安全前门在打开
2017-12-15 16:27:46,142 - 注意安全后门在打开
2017-12-15 16:27:46,143 - 注意安全前门在打开
2017-12-15 16:27:46,444 - 注意安全后门在打开
2017-12-15 16:27:46,515 - 注意安全前门在打开
2017-12-15 16:27:46,863 - 注意安全后门在打开
2017-12-15 16:27:46,888 - 注意安全前门在打开
2017-12-15 16:27:47,220 - 注意安全后门在打开
2017-12-15 16:27:47,297 - 注意安全前门在打开
2017-12-15 16:27:47,696 - 注意安全后门在打开
2017-12-15 16:27:47,745 - 注意安全前门在打开
2017-12-15 16:27:48,315 - 注意安全后门在打开
2017-12-15 16:27:48,315 - 注意安全前门在打开
2017-12-15 16:27:48,857 - 注意安全后门在打开
2017-12-15 16:27:48,904 - 注意安全前门在打开
2017-12-15 16:27:49,504 - 注意安全后门在打开
2017-12-15 16:27:49,526 - 注意安全前门在打开
2017-12-15 16:27:50,068 - 注意安全后门在打开
2017-12-15 16:27:50,073 - 注意安全前门在打开
2017-12-15 16:27:50,574 - 注意安全后门在打开
2017-12-15 16:27:50,595 - 注意安全前门在打开
2017-12-15 16:28:45,456 - 注意安全后门在打开
2017-12-15 16:28:45,483 - 注意安全前门在打开
2017-12-15 16:28:45,806 - 注意安全后门在打开
2017-12-15 16:28:45,807 - 注意安全前门在打开
2017-12-15 16:28:46,125 - 注意安全后门在打开
2017-12-15 16:28:46,135 - 注意安全前门在打开
2017-12-15 16:28:46,455 - 注意安全后门在打开
2017-12-15 16:28:46,464 - 注意安全前门在打开
2017-12-15 16:28:46,616 - Administrator login
2017-12-15 16:28:46,748 - Initialize UI
2017-12-15 16:28:46,849 - 注意安全后门在打开
2017-12-15 16:28:46,856 - 注意安全前门在打开
2017-12-15 16:28:47,156 - 注意安全后门在打开
2017-12-15 16:28:47,158 - 注意安全前门在打开
2017-12-15 16:28:47,448 - 注意安全后门在打开
2017-12-15 16:28:47,451 - 注意安全前门在打开
2017-12-15 16:28:47,766 - 注意安全后门在打开
2017-12-15 16:28:47,772 - 注意安全前门在打开
2017-12-15 16:28:48,067 - 注意安全后门在打开
2017-12-15 16:28:48,078 - 注意安全前门在打开
2017-12-15 16:28:48,382 - 注意安全后门在打开
2017-12-15 16:28:48,383 - 注意安全前门在打开
2017-12-15 16:28:48,484 - Initialize sequence table
2017-12-15 16:28:48,672 - 注意安全后门在打开
2017-12-15 16:28:48,676 - 注意安全前门在打开
2017-12-15 16:28:48,979 - 注意安全后门在打开
2017-12-15 16:28:48,984 - 注意安全前门在打开
2017-12-15 16:28:49,427 - ThreadID1:Initialize sequence tree
2017-12-15 16:28:49,463 - ZMQ Server Start, Port: 5555
2017-12-15 16:30:50,161 - dut in done
2017-12-15 16:30:50,262 - Start test
2017-12-15 16:30:50,332 - dut in done
2017-12-15 16:30:50,374 - Thread1:Test item: pre_test
2017-12-15 16:30:50,374 - Thread1:pre_test result:[1, 'done']
2017-12-15 16:30:50,559 - Start test
2017-12-15 16:30:50,619 - dut in done
2017-12-15 16:30:50,651 - Start test
2017-12-15 16:30:52,812 - Thread1:Test item: test_point1
2017-12-15 16:30:52,812 - Thread1:test_point1 result:[1, 'fun2']
2017-12-15 16:30:54,141 - Thread1:Test item: test_point2
2017-12-15 16:30:54,141 - Thread1:test_point2 result:[1, 'fun3']
2017-12-15 16:30:55,516 - Thread1:Test item: test_point3
2017-12-15 16:30:55,516 - Thread1:test_point3 result:[0.5, 'fun4']
2017-12-15 16:30:56,849 - Thread1:Test item: test_point4
2017-12-15 16:30:56,867 - Thread1:test_point4 result:[0.5, 'fun5']
2017-12-15 16:30:58,259 - Thread1:Test item: test_point5
2017-12-15 16:30:58,276 - Thread1:test_point5 result:[0.5, 'fun6']
2017-12-15 16:30:59,576 - Thread1:Test item: test_point5
2017-12-15 16:30:59,596 - Thread1:test_point5 result:[0.5, 'fun6']
2017-12-15 16:31:00,144 - Thread1:Test item: post_test
2017-12-15 16:31:00,144 - Thread1:post_test result:[0.9, 'fun8']
2017-12-15 16:31:00,152 - Thread1:total time： 9.85
2017-12-15 16:31:12,657 - dut in done
2017-12-15 16:31:12,751 - Start test
2017-12-15 16:31:12,819 - dut in done
2017-12-15 16:31:12,860 - Thread1:Test item: pre_test
2017-12-15 16:31:12,862 - Thread1:pre_test result:[1, 'done']
2017-12-15 16:31:12,928 - Start test
2017-12-15 16:31:13,019 - dut in done
2017-12-15 16:31:13,140 - Start test
2017-12-15 16:31:13,171 - dut in done
2017-12-15 16:31:13,201 - Start test
2017-12-15 16:31:14,164 - Thread1:Test item: test_point1
2017-12-15 16:31:14,176 - Thread1:test_point1 result:[1, 'fun2']
2017-12-15 16:31:16,411 - Thread1:Test item: test_point2
2017-12-15 16:31:16,411 - Thread1:test_point2 result:[1, 'fun3']
2017-12-15 16:31:17,766 - Thread1:Test item: test_point3
2017-12-15 16:31:17,774 - Thread1:test_point3 result:[0.5, 'fun4']
2017-12-15 16:31:19,023 - Thread1:Test item: test_point4
2017-12-15 16:31:19,029 - Thread1:test_point4 result:[0.5, 'fun5']
2017-12-15 16:31:20,489 - Thread1:Test item: test_point5
2017-12-15 16:31:20,503 - Thread1:test_point5 result:[0.5, 'fun6']
2017-12-15 16:31:21,686 - Thread1:Test item: test_point5
2017-12-15 16:31:21,691 - Thread1:test_point5 result:[0.5, 'fun6']
2017-12-15 16:31:22,325 - Thread1:Test item: post_test
2017-12-15 16:31:22,325 - Thread1:post_test result:[0.9, 'fun8']
2017-12-15 16:31:22,335 - Thread1:total time： 9.50
2017-12-15 16:31:56,232 - dut in done
2017-12-15 16:31:56,328 - Start test
2017-12-15 16:31:56,440 - Thread1:Test item: pre_test
2017-12-15 16:31:56,440 - Thread1:pre_test result:[1, 'done']
2017-12-15 16:31:56,441 - dut in done
2017-12-15 16:31:56,537 - Start test
2017-12-15 16:31:56,687 - dut in done
2017-12-15 16:31:56,720 - Start test
2017-12-15 16:31:56,751 - dut in done
2017-12-15 16:31:56,819 - Start test
2017-12-15 16:31:56,854 - dut in done
2017-12-15 16:31:56,916 - Start test
2017-12-15 16:31:57,712 - Thread1:Test item: test_point1
2017-12-15 16:31:57,728 - Thread1:test_point1 result:[1, 'fun2']
2017-12-15 16:31:59,547 - Thread1:Test item: test_point2
2017-12-15 16:31:59,567 - Thread1:test_point2 result:[1, 'fun3']
2017-12-15 16:32:00,916 - Thread1:Test item: test_point3
2017-12-15 16:32:00,935 - Thread1:test_point3 result:[0.5, 'fun4']
2017-12-15 16:32:02,499 - Thread1:Test item: test_point4
2017-12-15 16:32:02,500 - Thread1:test_point4 result:[0.5, 'fun5']
2017-12-15 16:32:04,918 - Thread1:Test item: test_point5
2017-12-15 16:32:05,004 - Thread1:test_point5 result:[0.5, 'fun6']
2017-12-15 16:32:06,265 - Thread1:Test item: test_point5
2017-12-15 16:32:06,271 - Thread1:test_point5 result:[0.5, 'fun6']
2017-12-15 16:32:06,831 - Thread1:Test item: post_test
2017-12-15 16:32:06,835 - Thread1:post_test result:[0.9, 'fun8']
2017-12-15 16:32:06,851 - Thread1:total time： 10.05
2017-12-15 16:33:25,921 - Administrator login
2017-12-15 16:33:26,171 - Initialize UI
2017-12-15 16:33:27,896 - Initialize sequence table
2017-12-15 16:33:28,567 - ThreadID1:Initialize sequence tree
2017-12-15 16:33:28,615 - ZMQ Server Start, Port: 5555
2017-12-15 16:33:43,759 - dut in done
2017-12-15 16:33:43,812 - Start test
2017-12-15 16:33:43,841 - dut in done
2017-12-15 16:33:43,871 - Start test
2017-12-15 16:33:43,904 - dut in done
2017-12-15 16:33:43,923 - Thread1:Test item: pre_test
2017-12-15 16:33:43,924 - Thread1:pre_test result:[0.2, 'done']
2017-12-15 16:33:43,953 - Start test
2017-12-15 16:33:43,992 - dut in done
2017-12-15 16:33:44,042 - Start test
2017-12-15 16:33:44,316 - Thread1:Test item: test_point1
2017-12-15 16:33:44,321 - Thread1:test_point1 result:[0.2, 'fun2']
2017-12-15 16:33:44,528 - Thread1:Test item: test_point2
2017-12-15 16:33:44,528 - Thread1:test_point2 result:[0.1, 'fun3']
2017-12-15 16:33:45,486 - Thread1:Test item: test_point3
2017-12-15 16:33:45,486 - Thread1:test_point3 result:[0.5, 'fun4']
2017-12-15 16:33:45,697 - Thread1:Test item: test_point4
2017-12-15 16:33:45,702 - Thread1:test_point4 result:[0.5, 'fun5']
2017-12-15 16:33:46,492 - Thread1:Test item: test_point5
2017-12-15 16:33:46,492 - Thread1:test_point5 result:[0.5, 'fun6']
2017-12-15 16:33:46,690 - Thread1:Test item: test_point5
2017-12-15 16:33:46,690 - Thread1:test_point5 result:[0.5, 'fun6']
2017-12-15 16:33:46,740 - Thread1:Test item: post_test
2017-12-15 16:33:46,756 - Thread1:post_test result:[0.9, 'fun8']
2017-12-15 16:33:46,777 - Thread1:total time： 2.89
2017-12-15 16:36:07,444 - Administrator login
2017-12-15 16:36:07,585 - Initialize UI
2017-12-15 16:36:09,401 - Initialize sequence table
2017-12-15 16:36:10,497 - ThreadID1:Initialize sequence tree
2017-12-15 16:36:10,529 - ZMQ Server Start, Port: 5555
2017-12-15 16:36:37,825 - dut in done
2017-12-15 16:36:37,876 - Start test
2017-12-15 16:36:37,907 - dut in done
2017-12-15 16:36:37,956 - Start test
2017-12-15 16:36:37,967 - dut in done
2017-12-15 16:36:37,988 - Thread1:Test item: pre_test
2017-12-15 16:36:37,990 - Thread1:pre_test result:[0.2, 'done']
2017-12-15 16:36:38,019 - Start test
2017-12-15 16:36:38,056 - dut in done
2017-12-15 16:36:38,207 - Start test
2017-12-15 16:36:38,369 - Thread1:Test item: test_point1
2017-12-15 16:36:38,382 - Thread1:test_point1 result:[0.2, 'fun2']
2017-12-15 16:36:39,419 - Thread1:Test item: test_point2
2017-12-15 16:36:39,419 - Thread1:test_point2 result:[0.1, 'fun3']
2017-12-15 16:36:39,795 - Thread1:Test item: test_point3
2017-12-15 16:36:39,795 - Thread1:test_point3 result:[0.5, 'fun4']
2017-12-15 16:36:40,428 - Thread1:Test item: test_point4
2017-12-15 16:36:40,444 - Thread1:test_point4 result:[0.5, 'fun5']
2017-12-15 16:36:40,802 - Thread1:Test item: test_point5
2017-12-15 16:36:40,820 - Thread1:test_point5 result:[0.5, 'fun6']
2017-12-15 16:36:41,455 - Thread1:Test item: test_point5
2017-12-15 16:36:41,455 - Thread1:test_point5 result:[0.5, 'fun6']
2017-12-15 16:36:41,483 - Thread1:Test item: post_test
2017-12-15 16:36:41,483 - Thread1:post_test result:[0.9, 'fun8']
2017-12-15 16:36:41,484 - Thread1:total time： 3.57
2017-12-15 16:39:19,154 - Administrator login
2017-12-15 16:39:19,296 - Initialize UI
2017-12-15 16:39:21,296 - Initialize sequence table
2017-12-15 16:39:22,272 - ThreadID1:Initialize sequence tree
2017-12-15 16:39:22,302 - ZMQ Server Start, Port: 5555
2017-12-15 16:39:29,097 - dut in done
2017-12-15 16:39:29,123 - Start test
2017-12-15 16:39:29,152 - dut in done
2017-12-15 16:39:29,199 - Start test
2017-12-15 16:39:29,230 - dut in done
2017-12-15 16:39:29,244 - Thread1:Test item: pre_test
2017-12-15 16:39:29,246 - Thread1:pre_test result:[0.2, 'done']
2017-12-15 16:39:29,281 - Start test
2017-12-15 16:39:30,603 - Thread1:Test item: test_point1
2017-12-15 16:39:30,608 - Thread1:test_point1 result:[0.2, 'fun2']
2017-12-15 16:39:31,488 - Thread1:Test item: test_point2
2017-12-15 16:39:31,488 - Thread1:test_point2 result:[0.1, 'fun3']
2017-12-15 16:39:32,384 - Thread1:Test item: test_point3
2017-12-15 16:39:32,384 - Thread1:test_point3 result:[0.5, 'fun4']
2017-12-15 16:39:33,240 - Thread1:Test item: test_point4
2017-12-15 16:39:33,240 - Thread1:test_point4 result:[0.5, 'fun5']
2017-12-15 16:39:34,088 - Thread1:Test item: test_point5
2017-12-15 16:39:34,092 - Thread1:test_point5 result:[0.5, 'fun6']
2017-12-15 16:39:35,023 - Thread1:Test item: test_point5
2017-12-15 16:39:35,023 - Thread1:test_point5 result:[0.5, 'fun6']
2017-12-15 16:39:35,060 - Thread1:Test item: post_test
2017-12-15 16:39:35,060 - Thread1:post_test result:[0.9, 'fun8']
2017-12-15 16:39:35,062 - Thread1:total time： 5.87
2017-12-15 16:39:47,246 - dut in done
2017-12-15 16:39:47,267 - Start test
2017-12-15 16:39:47,296 - dut in done
2017-12-15 16:39:47,345 - Start test
2017-12-15 16:39:47,355 - dut in done
2017-12-15 16:39:47,383 - Thread1:Test item: pre_test
2017-12-15 16:39:47,383 - Thread1:pre_test result:[0.2, 'done']
2017-12-15 16:39:47,425 - Start test
2017-12-15 16:39:47,447 - dut in done
2017-12-15 16:39:47,566 - Start test
2017-12-15 16:39:47,627 - dut in done
2017-12-15 16:39:47,718 - Start test
2017-12-15 16:39:48,726 - Thread1:Test item: test_point1
2017-12-15 16:39:48,737 - Thread1:test_point1 result:[0.2, 'fun2']
2017-12-15 16:39:49,849 - Thread1:Test item: test_point2
2017-12-15 16:39:49,863 - Thread1:test_point2 result:[0.1, 'fun3']
2017-12-15 16:39:50,792 - Thread1:Test item: test_point3
2017-12-15 16:39:50,799 - Thread1:test_point3 result:[0.5, 'fun4']
2017-12-15 16:39:51,739 - Thread1:Test item: test_point4
2017-12-15 16:39:51,739 - Thread1:test_point4 result:[0.5, 'fun5']
2017-12-15 16:39:52,636 - Thread1:Test item: test_point5
2017-12-15 16:39:52,648 - Thread1:test_point5 result:[0.5, 'fun6']
2017-12-15 16:39:53,536 - Thread1:Test item: test_point5
2017-12-15 16:39:53,553 - Thread1:test_point5 result:[0.5, 'fun6']
2017-12-15 16:39:53,588 - Thread1:Test item: post_test
2017-12-15 16:39:53,588 - Thread1:post_test result:[0.9, 'fun8']
2017-12-15 16:39:53,590 - Thread1:total time： 6.28
2017-12-15 16:40:06,420 - dut in done
2017-12-15 16:40:06,439 - Start test
2017-12-15 16:40:06,470 - dut in done
2017-12-15 16:40:06,519 - Start test
2017-12-15 16:40:06,529 - dut in done
2017-12-15 16:40:06,548 - Thread1:Test item: pre_test
2017-12-15 16:40:06,550 - Thread1:pre_test result:[0.2, 'done']
2017-12-15 16:40:06,564 - Start test
2017-12-15 16:40:06,619 - dut in done
2017-12-15 16:40:06,679 - Start test
2017-12-15 16:40:06,772 - dut in done
2017-12-15 16:40:06,863 - Start test
2017-12-15 16:40:08,073 - Thread1:Test item: test_point1
2017-12-15 16:40:08,111 - Thread1:test_point1 result:[0.2, 'fun2']
2017-12-15 16:40:09,132 - Thread1:Test item: test_point2
2017-12-15 16:40:09,137 - Thread1:test_point2 result:[0.1, 'fun3']
2017-12-15 16:40:10,063 - Thread1:Test item: test_point3
2017-12-15 16:40:10,075 - Thread1:test_point3 result:[0.5, 'fun4']
2017-12-15 16:40:11,043 - Thread1:Test item: test_point4
2017-12-15 16:40:11,055 - Thread1:test_point4 result:[0.5, 'fun5']
2017-12-15 16:40:11,951 - Thread1:Test item: test_point5
2017-12-15 16:40:11,951 - Thread1:test_point5 result:[0.5, 'fun6']
2017-12-15 16:40:12,855 - Thread1:Test item: test_point5
2017-12-15 16:40:12,855 - Thread1:test_point5 result:[0.5, 'fun6']
2017-12-15 16:40:12,894 - Thread1:Test item: post_test
2017-12-15 16:40:12,894 - Thread1:post_test result:[0.9, 'fun8']
2017-12-15 16:40:13,012 - Thread1:total time： 6.35
2017-12-15 16:40:36,569 - dut in done
2017-12-15 16:40:36,595 - Start test
2017-12-15 16:40:36,621 - dut in done
2017-12-15 16:40:36,674 - Start test
2017-12-15 16:40:36,681 - dut in done
2017-12-15 16:40:36,700 - Thread1:Test item: pre_test
2017-12-15 16:40:36,702 - Thread1:pre_test result:[0.2, 'done']
2017-12-15 16:40:36,753 - Start test
2017-12-15 16:40:36,772 - dut in done
2017-12-15 16:40:36,864 - Start test
2017-12-15 16:40:38,201 - Thread1:Test item: test_point1
2017-12-15 16:40:38,207 - Thread1:test_point1 result:[0.2, 'fun2']
2017-12-15 16:40:39,083 - Thread1:Test item: test_point2
2017-12-15 16:40:39,083 - Thread1:test_point2 result:[0.1, 'fun3']
2017-12-15 16:40:40,164 - Thread1:Test item: test_point3
2017-12-15 16:40:40,176 - Thread1:test_point3 result:[0.5, 'fun4']
2017-12-15 16:40:41,052 - Thread1:Test item: test_point4
2017-12-15 16:40:41,085 - Thread1:test_point4 result:[0.5, 'fun5']
2017-12-15 16:40:42,069 - Thread1:Test item: test_point5
2017-12-15 16:40:42,073 - Thread1:test_point5 result:[0.5, 'fun6']
2017-12-15 16:40:43,051 - Thread1:Test item: test_point5
2017-12-15 16:40:43,071 - Thread1:test_point5 result:[0.5, 'fun6']
2017-12-15 16:40:43,142 - Thread1:Test item: post_test
2017-12-15 16:40:43,142 - Thread1:post_test result:[0.9, 'fun8']
2017-12-15 16:40:43,319 - Thread1:total time： 6.50
2017-12-15 16:41:13,911 - 安全光栅被遮住
2017-12-15 16:41:14,210 - 安全光栅被遮住
2017-12-15 16:41:59,254 - dut in done
2017-12-15 16:41:59,276 - Start test
2017-12-15 16:41:59,304 - dut in done
2017-12-15 16:41:59,359 - Start test
2017-12-15 16:41:59,367 - dut in done
2017-12-15 16:41:59,391 - Thread1:Test item: pre_test
2017-12-15 16:41:59,391 - Thread1:pre_test result:[0.2, 'done']
2017-12-15 16:41:59,436 - Start test
2017-12-15 16:41:59,457 - dut in done
2017-12-15 16:41:59,495 - Start test
2017-12-15 16:42:00,854 - Thread1:Test item: test_point1
2017-12-15 16:42:00,865 - Thread1:test_point1 result:[0.2, 'fun2']
2017-12-15 16:42:01,848 - Thread1:Test item: test_point2
2017-12-15 16:42:01,860 - Thread1:test_point2 result:[0.1, 'fun3']
2017-12-15 16:42:02,928 - Thread1:Test item: test_point3
2017-12-15 16:42:02,934 - Thread1:test_point3 result:[0.5, 'fun4']
2017-12-15 16:42:03,776 - Thread1:Test item: test_point4
2017-12-15 16:42:03,776 - Thread1:test_point4 result:[0.5, 'fun5']
2017-12-15 16:42:04,673 - Thread1:Test item: test_point5
2017-12-15 16:42:04,673 - Thread1:test_point5 result:[0.5, 'fun6']
2017-12-15 16:42:05,585 - Thread1:Test item: test_point5
2017-12-15 16:42:05,598 - Thread1:test_point5 result:[0.5, 'fun6']
2017-12-15 16:42:05,630 - Thread1:Test item: post_test
2017-12-15 16:42:05,630 - Thread1:post_test result:[0.9, 'fun8']
2017-12-15 16:42:05,689 - Thread1:total time： 6.28
2017-12-15 16:42:17,633 - dut in done
2017-12-15 16:42:17,656 - Start test
2017-12-15 16:42:17,703 - dut in done
2017-12-15 16:42:17,745 - Start test
2017-12-15 16:42:17,776 - Thread1:Test item: pre_test
2017-12-15 16:42:17,779 - Thread1:pre_test result:[0.2, 'done']
2017-12-15 16:42:17,779 - dut in done
2017-12-15 16:42:17,838 - Start test
2017-12-15 16:42:17,928 - dut in done
2017-12-15 16:42:18,020 - Start test
2017-12-15 16:42:19,161 - Thread1:Test item: test_point1
2017-12-15 16:42:19,172 - Thread1:test_point1 result:[0.2, 'fun2']
2017-12-15 16:42:20,284 - Thread1:Test item: test_point2
2017-12-15 16:42:20,284 - Thread1:test_point2 result:[0.1, 'fun3']
2017-12-15 16:42:21,155 - Thread1:Test item: test_point3
2017-12-15 16:42:21,166 - Thread1:test_point3 result:[0.5, 'fun4']
2017-12-15 16:42:22,151 - Thread1:Test item: test_point4
2017-12-15 16:42:22,180 - Thread1:test_point4 result:[0.5, 'fun5']
2017-12-15 16:42:23,071 - Thread1:Test item: test_point5
2017-12-15 16:42:23,071 - Thread1:test_point5 result:[0.5, 'fun6']
2017-12-15 16:42:23,951 - Thread1:Test item: test_point5
2017-12-15 16:42:23,951 - Thread1:test_point5 result:[0.5, 'fun6']
2017-12-15 16:42:24,013 - Thread1:Test item: post_test
2017-12-15 16:42:24,013 - Thread1:post_test result:[0.9, 'fun8']
2017-12-15 16:42:24,014 - Thread1:total time： 6.27
2017-12-15 16:48:37,771 - Administrator login
2017-12-15 16:48:37,952 - Initialize UI
2017-12-15 16:48:39,717 - Initialize sequence table
2017-12-15 16:48:40,543 - ThreadID1:Initialize sequence tree
2017-12-15 16:48:40,598 - ZMQ Server Start, Port: 5555
2017-12-15 16:50:22,500 - 安全光栅被遮住
2017-12-15 16:50:23,476 - 安全光栅被遮住
2017-12-15 16:50:23,961 - 安全光栅被遮住
2017-12-15 16:50:24,450 - 安全光栅被遮住
2017-12-15 16:50:24,927 - 安全光栅被遮住
2017-12-15 16:50:25,424 - 安全光栅被遮住
2017-12-15 16:50:25,921 - 安全光栅被遮住
2017-12-15 16:50:26,407 - 安全光栅被遮住
2017-12-15 16:50:26,907 - 安全光栅被遮住
2017-12-15 16:50:27,391 - 安全光栅被遮住
2017-12-15 16:50:33,054 - 安全光栅被遮住
2017-12-15 16:50:35,907 - 安全光栅被遮住
2017-12-15 16:50:36,424 - 安全光栅被遮住
2017-12-15 16:50:37,868 - 安全光栅被遮住
2017-12-15 16:50:38,384 - 安全光栅被遮住
2017-12-15 16:50:38,876 - 安全光栅被遮住
2017-12-15 16:50:39,383 - 安全光栅被遮住
2017-12-15 16:50:39,863 - 安全光栅被遮住
2017-12-15 16:50:40,351 - 安全光栅被遮住
2017-12-15 16:50:40,855 - 安全光栅被遮住
2017-12-15 16:50:41,350 - 安全光栅被遮住
2017-12-15 16:50:41,827 - 安全光栅被遮住
2017-12-15 16:50:42,305 - 安全光栅被遮住
2017-12-15 16:50:42,769 - 安全光栅被遮住
2017-12-15 16:50:43,284 - 安全光栅被遮住
2017-12-15 16:50:43,798 - 安全光栅被遮住
2017-12-15 16:50:44,302 - 安全光栅被遮住
2017-12-15 16:50:44,809 - 安全光栅被遮住
2017-12-15 16:50:45,328 - 安全光栅被遮住
2017-12-15 16:50:45,855 - 安全光栅被遮住
2017-12-15 16:50:46,338 - 安全光栅被遮住
2017-12-15 16:50:46,835 - 安全光栅被遮住
2017-12-15 16:50:47,334 - 安全光栅被遮住
2017-12-15 16:50:47,871 - 安全光栅被遮住
2017-12-15 16:50:48,401 - 安全光栅被遮住
2017-12-15 16:50:48,907 - 安全光栅被遮住
2017-12-15 16:50:49,411 - 安全光栅被遮住
2017-12-15 16:50:49,920 - 安全光栅被遮住
2017-12-15 16:50:50,430 - 安全光栅被遮住
2017-12-15 16:50:50,913 - 安全光栅被遮住
2017-12-15 16:50:51,420 - 安全光栅被遮住
2017-12-15 16:50:51,955 - 安全光栅被遮住
2017-12-15 16:50:52,470 - 安全光栅被遮住
2017-12-15 16:50:53,019 - 安全光栅被遮住
2017-12-15 16:50:53,564 - 安全光栅被遮住
2017-12-15 16:50:54,088 - 安全光栅被遮住
2017-12-15 16:50:54,584 - 安全光栅被遮住
2017-12-15 16:50:55,084 - 安全光栅被遮住
2017-12-15 16:50:55,596 - 安全光栅被遮住
2017-12-15 16:50:56,091 - 安全光栅被遮住
2017-12-15 16:50:56,563 - 安全光栅被遮住
2017-12-15 16:50:57,075 - 安全光栅被遮住
2017-12-15 17:27:07,961 - Administrator login
2017-12-15 17:27:08,060 - Initialize UI
2017-12-15 17:27:09,756 - Initialize sequence table
2017-12-15 17:27:09,798 - ThreadID1:Initialize sequence tree
2017-12-15 17:27:09,974 - ZMQ Server Start, Port: 5555
2017-12-15 17:27:35,700 - Administrator login
2017-12-15 17:27:35,759 - Initialize UI
2017-12-15 17:27:57,193 - Administrator login
2017-12-15 17:27:57,246 - Initialize UI
2017-12-15 17:27:58,980 - Initialize sequence table
2017-12-15 17:27:59,029 - ThreadID1:Initialize sequence tree
2017-12-15 17:27:59,217 - ZMQ Server Start, Port: 5555
2017-12-15 17:28:53,503 - Administrator login
2017-12-15 17:28:53,571 - Initialize UI
2017-12-15 17:28:55,316 - Initialize sequence table
2017-12-15 17:28:55,364 - ThreadID1:Initialize sequence tree
2017-12-15 17:28:55,433 - ZMQ Server Start, Port: 5555
2017-12-15 17:29:40,615 - Administrator login
2017-12-15 17:29:40,676 - Initialize UI
2017-12-15 17:29:42,396 - Initialize sequence table
2017-12-15 17:29:42,440 - ThreadID1:Initialize sequence tree
2017-12-15 17:29:42,529 - ZMQ Server Start, Port: 5555
2017-12-15 17:30:31,134 - Administrator login
2017-12-15 17:30:31,190 - Initialize UI
2017-12-15 17:30:32,915 - Initialize sequence table
2017-12-15 17:30:32,980 - ThreadID1:Initialize sequence tree
2017-12-15 17:30:33,056 - ZMQ Server Start, Port: 5555
