2017-12-18 13:57:30,857 - Administrator login
2017-12-18 13:57:30,921 - Initialize UI
2017-12-18 13:57:31,148 - Initialize sequence table
2017-12-18 13:57:31,211 - ThreadID1:Initialize sequence tree
2017-12-18 13:57:31,393 - ZMQ Server Start, Port: 5555
2017-12-18 14:04:36,155 - Administrator login
2017-12-18 14:04:36,209 - Initialize UI
2017-12-18 14:04:36,456 - Initialize sequence table
2017-12-18 14:04:36,518 - ThreadID1:Initialize sequence tree
2017-12-18 14:04:36,692 - ZMQ Server Start, Port: 5555
2017-12-18 14:58:05,943 - 注意安全后门在打开
2017-12-18 14:58:05,990 - 注意安全前门在打开
2017-12-18 14:58:06,297 - 注意安全后门在打开
2017-12-18 14:58:06,313 - 注意安全前门在打开
2017-12-18 14:58:06,598 - 注意安全后门在打开
2017-12-18 14:58:06,623 - 注意安全前门在打开
2017-12-18 14:58:06,914 - 注意安全后门在打开
2017-12-18 14:58:06,929 - 注意安全前门在打开
2017-12-18 14:58:07,230 - 注意安全后门在打开
2017-12-18 14:58:07,240 - 注意安全前门在打开
2017-12-18 14:58:07,523 - 注意安全后门在打开
2017-12-18 14:58:07,549 - 注意安全前门在打开
2017-12-18 14:58:07,599 - Administrator login
2017-12-18 14:58:07,825 - Initialize UI
2017-12-18 14:58:07,857 - 注意安全后门在打开
2017-12-18 14:58:07,863 - 注意安全前门在打开
2017-12-18 14:58:08,148 - 注意安全后门在打开
2017-12-18 14:58:08,174 - 注意安全前门在打开
2017-12-18 14:58:08,435 - 注意安全后门在打开
2017-12-18 14:58:08,440 - 注意安全前门在打开
2017-12-18 14:58:08,723 - 注意安全后门在打开
2017-12-18 14:58:08,740 - 注意安全前门在打开
2017-12-18 14:58:09,025 - 注意安全后门在打开
2017-12-18 14:58:09,040 - 注意安全前门在打开
2017-12-18 14:58:09,323 - 注意安全后门在打开
2017-12-18 14:58:09,339 - 注意安全前门在打开
2017-12-18 14:58:09,612 - 注意安全后门在打开
2017-12-18 14:58:09,617 - 注意安全前门在打开
2017-12-18 14:58:09,896 - 注意安全后门在打开
2017-12-18 14:58:09,918 - 注意安全前门在打开
2017-12-18 15:00:12,742 - 注意安全后门在打开
2017-12-18 15:00:12,743 - 注意安全前门在打开
2017-12-18 15:00:13,008 - 注意安全后门在打开
2017-12-18 15:00:13,011 - 注意安全前门在打开
2017-12-18 15:00:13,312 - 注意安全后门在打开
2017-12-18 15:00:13,312 - 注意安全前门在打开
2017-12-18 15:00:13,471 - Administrator login
2017-12-18 15:00:13,529 - Initialize UI
2017-12-18 15:00:13,574 - 注意安全后门在打开
2017-12-18 15:00:13,575 - 注意安全前门在打开
2017-12-18 15:00:13,838 - 注意安全后门在打开
2017-12-18 15:00:13,876 - 注意安全前门在打开
2017-12-18 15:00:14,139 - 注意安全后门在打开
2017-12-18 15:00:14,150 - 注意安全前门在打开
2017-12-18 15:00:14,432 - 注意安全后门在打开
2017-12-18 15:00:14,447 - 注意安全前门在打开
2017-12-18 15:00:14,744 - 注意安全后门在打开
2017-12-18 15:00:14,755 - 注意安全前门在打开
2017-12-18 15:00:15,036 - 注意安全后门在打开
2017-12-18 15:00:15,040 - 注意安全前门在打开
2017-12-18 15:00:15,316 - 注意安全后门在打开
2017-12-18 15:00:15,322 - 注意安全前门在打开
2017-12-18 15:00:15,607 - 注意安全后门在打开
2017-12-18 15:00:15,608 - 注意安全前门在打开
2017-12-18 15:00:15,875 - 注意安全后门在打开
2017-12-18 15:00:15,875 - 注意安全前门在打开
2017-12-18 15:00:47,963 - Administrator login
2017-12-18 15:00:48,083 - Initialize UI
2017-12-18 15:04:11,198 - 安全光栅被遮住
2017-12-18 15:04:11,537 - 安全光栅被遮住
2017-12-18 15:04:11,838 - 安全光栅被遮住
2017-12-18 15:04:12,158 - 安全光栅被遮住
2017-12-18 15:04:12,487 - 安全光栅被遮住
2017-12-18 15:04:12,758 - Administrator login
2017-12-18 15:04:12,918 - Initialize UI
2017-12-18 15:04:13,048 - 安全光栅被遮住
2017-12-18 15:04:13,348 - 安全光栅被遮住
2017-12-18 15:04:13,628 - 安全光栅被遮住
2017-12-18 15:04:13,888 - 安全光栅被遮住
2017-12-18 15:04:14,207 - 安全光栅被遮住
2017-12-18 15:04:14,518 - 安全光栅被遮住
2017-12-18 15:04:14,817 - 安全光栅被遮住
2017-12-18 15:04:15,088 - 安全光栅被遮住
2017-12-18 15:12:29,257 - Administrator login
2017-12-18 15:12:29,398 - Initialize UI
2017-12-18 15:12:30,487 - timed out
2017-12-18 15:15:29,318 - Administrator login
2017-12-18 15:15:29,518 - Initialize UI
2017-12-18 15:15:30,457 - timed out
2017-12-18 15:16:22,537 - Administrator login
2017-12-18 15:16:22,817 - Initialize UI
2017-12-18 15:16:24,128 - timed out
2017-12-18 15:30:54,817 - Administrator login
2017-12-18 15:30:55,078 - Initialize UI
2017-12-18 15:30:55,457 - timed out
2017-12-18 15:31:14,207 - Administrator login
2017-12-18 15:31:14,398 - Initialize UI
2017-12-18 15:31:15,057 - timed out
2017-12-18 15:32:07,358 - Administrator login
2017-12-18 15:32:07,548 - Initialize UI
2017-12-18 15:32:08,678 - timed out
2017-12-18 15:32:09,598 - Initialize sequence table
2017-12-18 15:32:10,678 - timed out
2017-12-18 15:32:10,947 - ThreadID1:Initialize sequence tree
2017-12-18 15:32:10,977 - ZMQ Server Start, Port: 5555
2017-12-18 15:32:12,888 - timed out
2017-12-18 15:35:15,945 - Administrator login
2017-12-18 15:35:16,236 - Initialize UI
2017-12-18 15:35:17,615 - timed out
2017-12-18 15:36:14,686 - Administrator login
2017-12-18 15:36:14,855 - Initialize UI
2017-12-18 15:36:15,585 - timed out
2017-12-18 15:41:42,865 - Administrator login
2017-12-18 15:41:43,185 - Initialize UI
2017-12-18 15:42:10,326 - Administrator login
2017-12-18 15:42:10,566 - Initialize UI
2017-12-18 15:42:41,585 - Administrator login
2017-12-18 15:42:41,905 - Initialize UI
2017-12-18 15:42:44,135 - Initialize sequence table
2017-12-18 15:42:46,516 - ThreadID1:Initialize sequence tree
2017-12-18 15:42:46,686 - ZMQ Server Start, Port: 5555
2017-12-18 15:44:30,625 - Administrator login
2017-12-18 15:44:30,875 - Initialize UI
2017-12-18 15:46:08,476 - Administrator login
2017-12-18 15:46:08,686 - Initialize UI
2017-12-18 15:46:57,126 - Administrator login
2017-12-18 15:46:57,385 - Initialize UI
2017-12-18 15:48:28,776 - Administrator login
2017-12-18 15:48:28,915 - Initialize UI
2017-12-18 15:51:05,406 - Administrator login
2017-12-18 15:51:05,486 - Initialize UI
2017-12-18 16:04:58,875 - Administrator login
2017-12-18 16:04:59,105 - Initialize UI
2017-12-18 16:05:01,256 - Initialize sequence table
2017-12-18 16:05:02,635 - ThreadID1:Initialize sequence tree
2017-12-18 16:05:02,686 - ZMQ Server Start, Port: 5555
2017-12-18 16:07:22,905 - Administrator login
2017-12-18 16:07:23,016 - Initialize UI
2017-12-18 16:07:25,075 - Initialize sequence table
2017-12-18 16:07:26,055 - ThreadID1:Initialize sequence tree
2017-12-18 16:07:26,145 - ZMQ Server Start, Port: 5555
2017-12-18 16:10:28,526 - Administrator login
2017-12-18 16:10:28,716 - Initialize UI
2017-12-18 16:10:31,016 - Initialize sequence table
2017-12-18 16:10:31,555 - ThreadID1:Initialize sequence tree
2017-12-18 16:10:31,606 - ZMQ Server Start, Port: 5555
2017-12-18 16:10:45,406 - dut in done
2017-12-18 16:10:45,436 - Start test
2017-12-18 16:10:45,465 - dut in done
2017-12-18 16:10:45,496 - Start test
2017-12-18 16:10:45,516 - dut in done
2017-12-18 16:10:45,545 - Thread1:Test item: pre_test
2017-12-18 16:10:45,545 - Thread1:pre_test result:[0.2, 'done']
2017-12-18 16:10:45,555 - Start test
2017-12-18 16:10:45,615 - dut in done
2017-12-18 16:10:45,766 - Start test
2017-12-18 16:21:06,158 - Administrator login
2017-12-18 16:21:06,328 - Initialize UI
2017-12-18 16:21:08,608 - Initialize sequence table
2017-12-18 16:21:09,798 - ThreadID1:Initialize sequence tree
2017-12-18 16:21:09,857 - ZMQ Server Start, Port: 5555
2017-12-18 16:21:19,888 - dut in done
2017-12-18 16:21:19,907 - Start test
2017-12-18 16:21:19,937 - dut in done
2017-12-18 16:21:19,967 - Start test
2017-12-18 16:21:19,987 - dut in done
2017-12-18 16:21:20,017 - Thread1:Test item: pre_test
2017-12-18 16:21:20,017 - Thread1:pre_test result:[0.2, 'done']
2017-12-18 16:21:20,028 - Start test
2017-12-18 16:21:20,088 - dut in done
2017-12-18 16:21:20,207 - Start test
2017-12-18 16:22:25,348 - Administrator login
2017-12-18 16:22:25,598 - Initialize UI
2017-12-18 16:22:27,158 - 安全光栅被遮住
2017-12-18 16:22:27,438 - 安全光栅被遮住
2017-12-18 16:22:27,657 - Initialize sequence table
2017-12-18 16:22:27,727 - 安全光栅被遮住
2017-12-18 16:22:27,998 - 安全光栅被遮住
2017-12-18 16:22:28,257 - 安全光栅被遮住
2017-12-18 16:22:28,267 - ThreadID1:Initialize sequence tree
2017-12-18 16:22:28,337 - ZMQ Server Start, Port: 5555
2017-12-18 16:22:28,657 - 安全光栅被遮住
2017-12-18 16:22:28,927 - 安全光栅被遮住
2017-12-18 16:22:29,267 - 安全光栅被遮住
2017-12-18 16:22:29,657 - 安全光栅被遮住
2017-12-18 16:22:29,937 - 安全光栅被遮住
2017-12-18 16:22:30,207 - 安全光栅被遮住
2017-12-18 16:22:30,657 - 安全光栅被遮住
2017-12-18 16:22:30,958 - 安全光栅被遮住
2017-12-18 16:22:31,247 - 安全光栅被遮住
2017-12-18 16:22:31,528 - 安全光栅被遮住
2017-12-18 16:22:31,798 - 安全光栅被遮住
2017-12-18 16:22:32,108 - 安全光栅被遮住
2017-12-18 16:22:32,417 - 安全光栅被遮住
2017-12-18 16:22:32,718 - 安全光栅被遮住
2017-12-18 16:22:33,007 - 安全光栅被遮住
2017-12-18 16:22:33,318 - 安全光栅被遮住
2017-12-18 16:22:33,628 - 安全光栅被遮住
2017-12-18 16:22:33,897 - 安全光栅被遮住
2017-12-18 16:22:34,187 - 安全光栅被遮住
2017-12-18 16:22:34,467 - 安全光栅被遮住
2017-12-18 16:22:34,788 - 安全光栅被遮住
2017-12-18 16:22:35,078 - 安全光栅被遮住
2017-12-18 16:22:35,407 - 安全光栅被遮住
2017-12-18 16:22:35,718 - 安全光栅被遮住
2017-12-18 16:22:35,998 - 安全光栅被遮住
2017-12-18 16:22:36,257 - 安全光栅被遮住
2017-12-18 16:22:36,528 - 安全光栅被遮住
2017-12-18 16:22:36,828 - 安全光栅被遮住
2017-12-18 16:22:37,158 - 安全光栅被遮住
2017-12-18 16:22:37,447 - 安全光栅被遮住
2017-12-18 16:22:37,788 - 安全光栅被遮住
2017-12-18 16:22:38,128 - 安全光栅被遮住
2017-12-18 16:22:38,417 - 安全光栅被遮住
2017-12-18 16:22:38,718 - 安全光栅被遮住
2017-12-18 16:22:39,078 - 安全光栅被遮住
2017-12-18 16:22:39,398 - 安全光栅被遮住
2017-12-18 16:22:39,687 - 安全光栅被遮住
2017-12-18 16:22:39,998 - 安全光栅被遮住
2017-12-18 16:22:40,328 - 安全光栅被遮住
2017-12-18 16:22:40,638 - 安全光栅被遮住
2017-12-18 16:22:40,907 - 安全光栅被遮住
2017-12-18 16:22:41,207 - 注意安全后门在打开
2017-12-18 16:22:41,267 - 注意安全前门在打开
2017-12-18 16:22:41,288 - 安全光栅被遮住
2017-12-18 16:22:41,588 - 注意安全后门在打开
2017-12-18 16:22:41,598 - 注意安全前门在打开
2017-12-18 16:22:41,598 - 安全光栅被遮住
2017-12-18 16:22:41,937 - 安全光栅被遮住
2017-12-18 16:22:42,507 - 安全光栅被遮住
2017-12-18 16:22:42,767 - 安全光栅被遮住
2017-12-18 16:22:43,088 - 安全光栅被遮住
2017-12-18 16:22:43,388 - 安全光栅被遮住
2017-12-18 16:22:43,667 - 安全光栅被遮住
2017-12-18 16:22:43,967 - 安全光栅被遮住
2017-12-18 16:22:44,247 - 安全光栅被遮住
2017-12-18 16:22:44,537 - 安全光栅被遮住
2017-12-18 16:22:44,857 - 安全光栅被遮住
2017-12-18 16:22:45,158 - 安全光栅被遮住
2017-12-18 16:22:45,497 - 安全光栅被遮住
2017-12-18 16:22:45,798 - 安全光栅被遮住
2017-12-18 16:22:46,108 - 安全光栅被遮住
2017-12-18 16:22:46,398 - 安全光栅被遮住
2017-12-18 16:22:46,667 - 安全光栅被遮住
2017-12-18 16:22:46,967 - 安全光栅被遮住
2017-12-18 16:22:47,278 - 安全光栅被遮住
2017-12-18 16:22:47,568 - 安全光栅被遮住
2017-12-18 16:22:47,888 - 安全光栅被遮住
2017-12-18 16:22:48,217 - 安全光栅被遮住
2017-12-18 16:22:48,487 - 安全光栅被遮住
2017-12-18 16:22:48,758 - 安全光栅被遮住
2017-12-18 16:22:49,017 - 安全光栅被遮住
2017-12-18 16:22:49,308 - 安全光栅被遮住
2017-12-18 16:22:49,577 - 安全光栅被遮住
2017-12-18 16:22:49,918 - 安全光栅被遮住
2017-12-18 16:22:50,167 - 安全光栅被遮住
2017-12-18 16:22:50,447 - 安全光栅被遮住
2017-12-18 16:22:50,737 - 安全光栅被遮住
2017-12-18 16:22:51,017 - 安全光栅被遮住
2017-12-18 16:22:51,318 - 安全光栅被遮住
2017-12-18 16:22:51,577 - 安全光栅被遮住
2017-12-18 16:22:51,897 - 安全光栅被遮住
2017-12-18 16:22:52,207 - 安全光栅被遮住
2017-12-18 16:22:52,528 - 安全光栅被遮住
2017-12-18 16:22:52,828 - 安全光栅被遮住
2017-12-18 16:22:53,148 - 安全光栅被遮住
2017-12-18 16:22:53,438 - 安全光栅被遮住
2017-12-18 16:23:02,148 - dut in done
2017-12-18 16:23:02,167 - Start test
2017-12-18 16:23:02,207 - dut in done
2017-12-18 16:23:02,238 - Start test
2017-12-18 16:23:02,267 - dut in done
2017-12-18 16:23:02,278 - Thread1:Test item: pre_test
2017-12-18 16:23:02,278 - Thread1:pre_test result:[0.2, 'done']
2017-12-18 16:23:02,297 - Start test
2017-12-18 16:23:02,447 - dut in done
2017-12-18 16:23:02,507 - Start test
2017-12-18 16:25:15,198 - Administrator login
2017-12-18 16:25:15,337 - Initialize UI
2017-12-18 16:25:17,528 - Initialize sequence table
2017-12-18 16:25:18,967 - ThreadID1:Initialize sequence tree
2017-12-18 16:25:19,007 - ZMQ Server Start, Port: 5555
2017-12-18 16:25:28,358 - dut in done
2017-12-18 16:25:28,398 - Start test
2017-12-18 16:25:28,427 - dut in done
2017-12-18 16:25:28,907 - Start test
2017-12-18 16:25:28,927 - Thread1:Test item: pre_test
2017-12-18 16:25:28,927 - Thread1:pre_test result:[0.2, 'done']
2017-12-18 16:34:46,158 - Administrator login
2017-12-18 16:34:46,368 - Initialize UI
2017-12-18 16:34:48,497 - Initialize sequence table
2017-12-18 16:34:50,777 - ThreadID1:Initialize sequence tree
2017-12-18 16:34:50,788 - ZMQ Server Start, Port: 5555
2017-12-18 16:35:00,417 - dut in done
2017-12-18 16:35:00,438 - Start test
2017-12-18 16:35:00,457 - dut in done
2017-12-18 16:35:00,497 - Start test
2017-12-18 16:35:00,518 - dut in done
2017-12-18 16:35:00,548 - Thread1:Test item: pre_test
2017-12-18 16:35:00,548 - Thread1:pre_test result:[0.2, 'done']
2017-12-18 16:35:00,568 - Start test
2017-12-18 16:35:00,608 - dut in done
2017-12-18 16:35:00,648 - Start test
2017-12-18 16:35:00,798 - dut in done
2017-12-18 16:35:00,888 - Start test
2017-12-18 16:36:46,217 - Administrator login
2017-12-18 16:36:46,577 - Initialize UI
2017-12-18 16:36:48,897 - Initialize sequence table
2017-12-18 16:36:50,167 - ThreadID1:Initialize sequence tree
2017-12-18 16:36:50,377 - ZMQ Server Start, Port: 5555
2017-12-18 16:36:59,388 - dut in done
2017-12-18 16:36:59,407 - Start test
2017-12-18 16:36:59,457 - dut in done
2017-12-18 16:36:59,487 - Start test
2017-12-18 16:36:59,518 - dut in done
2017-12-18 16:36:59,537 - Thread1:Test item: pre_test
2017-12-18 16:36:59,537 - Thread1:pre_test result:[0.2, 'done']
2017-12-18 16:36:59,568 - Start test
2017-12-18 16:36:59,707 - dut in done
2017-12-18 16:36:59,798 - Start test
2017-12-18 16:37:03,987 - Thread1:Test item: test_point1
2017-12-18 16:37:04,068 - Thread1:test_point1 result:[0.2, 'fun2']
2017-12-18 16:37:08,017 - Thread1:Test item: test_point2
2017-12-18 16:37:08,128 - Thread1:test_point2 result:[0.1, 'fun3']
2017-12-18 16:37:11,617 - Thread1:Test item: test_point3
2017-12-18 16:37:11,697 - Thread1:test_point3 result:[0.5, 'fun4']
2017-12-18 16:37:15,297 - Thread1:Test item: test_point4
2017-12-18 16:37:15,368 - Thread1:test_point4 result:[0.5, 'fun5']
2017-12-18 16:37:18,998 - Thread1:Test item: test_point5
2017-12-18 16:37:19,007 - Thread1:test_point5 result:[0.5, 'fun6']
2017-12-18 16:37:22,467 - Thread1:Test item: test_point5
2017-12-18 16:37:22,487 - Thread1:test_point5 result:[0.5, 'fun6']
2017-12-18 16:37:22,648 - Thread1:Test item: post_test
2017-12-18 16:37:22,667 - Thread1:post_test result:[0.9, 'fun8']
2017-12-18 16:37:22,817 - Thread1:total time： 22.71
2017-12-18 16:38:15,777 - Administrator login
2017-12-18 16:38:15,947 - Initialize UI
2017-12-18 16:38:18,078 - Initialize sequence table
2017-12-18 16:38:19,438 - ThreadID1:Initialize sequence tree
2017-12-18 16:38:19,628 - ZMQ Server Start, Port: 5555
2017-12-18 16:38:28,947 - dut in done
2017-12-18 16:38:28,967 - Start test
2017-12-18 16:38:29,007 - dut in done
2017-12-18 16:38:29,038 - Start test
2017-12-18 16:38:29,068 - dut in done
2017-12-18 16:38:29,078 - Thread1:Test item: pre_test
2017-12-18 16:38:29,078 - Thread1:pre_test result:[0.2, 'done']
2017-12-18 16:38:29,108 - Start test
2017-12-18 16:38:29,158 - dut in done
2017-12-18 16:38:29,337 - Start test
2017-12-18 16:38:32,737 - Thread1:Test item: test_point1
2017-12-18 16:38:32,747 - Thread1:test_point1 result:[0.2, 'fun2']
2017-12-18 16:38:36,198 - Thread1:Test item: test_point2
2017-12-18 16:38:36,198 - Thread1:test_point2 result:[0.1, 'fun3']
2017-12-18 16:38:39,438 - Thread1:Test item: test_point3
2017-12-18 16:38:39,438 - Thread1:test_point3 result:[0.5, 'fun4']
2017-12-18 16:38:42,588 - Thread1:Test item: test_point4
2017-12-18 16:38:42,687 - Thread1:test_point4 result:[0.5, 'fun5']
2017-12-18 16:38:45,648 - Thread1:Test item: test_point5
2017-12-18 16:38:45,667 - Thread1:test_point5 result:[0.5, 'fun6']
2017-12-18 16:38:48,588 - Thread1:Test item: test_point5
2017-12-18 16:38:48,588 - Thread1:test_point5 result:[0.5, 'fun6']
2017-12-18 16:38:48,648 - Thread1:Test item: post_test
2017-12-18 16:38:48,657 - Thread1:post_test result:[0.9, 'fun8']
2017-12-18 16:38:48,798 - Thread1:total time： 19.56
2017-12-18 16:39:15,007 - Administrator login
2017-12-18 16:39:15,257 - Initialize UI
2017-12-18 16:39:17,438 - Initialize sequence table
2017-12-18 16:39:18,678 - ThreadID1:Initialize sequence tree
2017-12-18 16:39:18,888 - ZMQ Server Start, Port: 5555
2017-12-18 16:39:28,227 - dut in done
2017-12-18 16:39:28,247 - Start test
2017-12-18 16:39:28,278 - dut in done
2017-12-18 16:39:28,318 - Start test
2017-12-18 16:39:28,348 - dut in done
2017-12-18 16:39:28,368 - Thread1:Test item: pre_test
2017-12-18 16:39:28,368 - Thread1:pre_test result:[0.2, 'done']
2017-12-18 16:39:28,388 - Start test
2017-12-18 16:39:28,438 - dut in done
2017-12-18 16:39:28,467 - Start test
2017-12-18 16:39:32,068 - Thread1:Test item: test_point1
2017-12-18 16:39:32,068 - Thread1:test_point1 result:[0.2, 'fun2']
2017-12-18 16:39:35,217 - Thread1:Test item: test_point2
2017-12-18 16:39:35,217 - Thread1:test_point2 result:[0.1, 'fun3']
2017-12-18 16:39:38,648 - Thread1:Test item: test_point3
2017-12-18 16:39:38,678 - Thread1:test_point3 result:[0.5, 'fun4']
2017-12-18 16:39:41,937 - Thread1:Test item: test_point4
2017-12-18 16:39:41,937 - Thread1:test_point4 result:[0.5, 'fun5']
2017-12-18 16:39:44,568 - Thread1:Test item: test_point5
2017-12-18 16:39:44,598 - Thread1:test_point5 result:[0.5, 'fun6']
2017-12-18 16:39:47,257 - Thread1:Test item: test_point5
2017-12-18 16:39:47,257 - Thread1:test_point5 result:[0.5, 'fun6']
2017-12-18 16:39:47,417 - Thread1:Test item: post_test
2017-12-18 16:39:47,507 - Thread1:post_test result:[0.9, 'fun8']
2017-12-18 16:39:47,518 - Thread1:total time： 19.12
2017-12-18 16:40:11,358 - Administrator login
2017-12-18 16:40:11,467 - Initialize UI
2017-12-18 16:40:13,667 - Initialize sequence table
2017-12-18 16:40:15,528 - ThreadID1:Initialize sequence tree
2017-12-18 16:40:15,617 - ZMQ Server Start, Port: 5555
2017-12-18 16:40:24,958 - dut in done
2017-12-18 16:40:24,977 - Start test
2017-12-18 16:40:24,998 - dut in done
2017-12-18 16:40:25,048 - Start test
2017-12-18 16:40:25,068 - dut in done
2017-12-18 16:40:25,088 - Thread1:Test item: pre_test
2017-12-18 16:40:25,088 - Thread1:pre_test result:[0.2, 'done']
2017-12-18 16:40:25,108 - Start test
2017-12-18 16:40:25,158 - dut in done
2017-12-18 16:40:25,187 - Start test
2017-12-18 16:40:29,257 - Thread1:Test item: test_point1
2017-12-18 16:40:29,257 - Thread1:test_point1 result:[0.2, 'fun2']
2017-12-18 16:40:33,478 - Thread1:Test item: test_point2
2017-12-18 16:40:33,487 - Thread1:test_point2 result:[0.1, 'fun3']
2017-12-18 16:40:37,388 - Thread1:Test item: test_point3
2017-12-18 16:40:37,417 - Thread1:test_point3 result:[0.5, 'fun4']
2017-12-18 16:40:41,198 - Thread1:Test item: test_point4
2017-12-18 16:40:41,207 - Thread1:test_point4 result:[0.5, 'fun5']
2017-12-18 16:40:45,017 - Thread1:Test item: test_point5
2017-12-18 16:40:45,048 - Thread1:test_point5 result:[0.5, 'fun6']
2017-12-18 16:40:48,648 - Thread1:Test item: test_point5
2017-12-18 16:40:48,648 - Thread1:test_point5 result:[0.5, 'fun6']
2017-12-18 16:40:48,758 - Thread1:Test item: post_test
2017-12-18 16:40:48,758 - Thread1:post_test result:[0.9, 'fun8']
2017-12-18 16:40:48,838 - Thread1:total time： 23.66
2017-12-18 16:42:04,148 - Administrator login
2017-12-18 16:42:04,407 - Initialize UI
2017-12-18 16:42:06,528 - Initialize sequence table
2017-12-18 16:42:08,888 - ThreadID1:Initialize sequence tree
2017-12-18 16:42:09,057 - ZMQ Server Start, Port: 5555
2017-12-18 16:42:20,257 - dut in done
2017-12-18 16:42:20,278 - Start test
2017-12-18 16:42:20,297 - Thread1:Test item: pre_test
2017-12-18 16:42:20,297 - Thread1:pre_test result:[0.2, 'done']
2017-12-18 16:42:20,297 - dut in done
2017-12-18 16:42:20,337 - Start test
2017-12-18 16:42:20,388 - dut in done
2017-12-18 16:42:20,507 - Start test
2017-12-18 16:42:20,598 - dut in done
2017-12-18 16:42:20,697 - Start test
2017-12-18 16:42:22,678 - Thread1:Test item: test_point1
2017-12-18 16:42:22,707 - Thread1:test_point1 result:[0.2, 'fun2']
2017-12-18 16:42:25,007 - Thread1:Test item: test_point2
2017-12-18 16:42:25,007 - Thread1:test_point2 result:[0.1, 'fun3']
2017-12-18 16:42:27,137 - Thread1:Test item: test_point3
2017-12-18 16:42:27,137 - Thread1:test_point3 result:[0.5, 'fun4']
2017-12-18 16:42:29,398 - Thread1:Test item: test_point4
2017-12-18 16:42:29,518 - Thread1:test_point4 result:[0.5, 'fun5']
2017-12-18 16:42:31,848 - Thread1:Test item: test_point5
2017-12-18 16:42:31,857 - Thread1:test_point5 result:[0.5, 'fun6']
2017-12-18 16:42:33,687 - Thread1:Test item: test_point5
2017-12-18 16:42:33,808 - Thread1:test_point5 result:[0.5, 'fun6']
2017-12-18 16:42:33,958 - Thread1:Test item: post_test
2017-12-18 16:42:34,038 - Thread1:post_test result:[0.9, 'fun8']
2017-12-18 16:42:34,128 - Thread1:total time： 13.43
2017-12-18 16:43:18,457 - Administrator login
2017-12-18 16:43:18,697 - Initialize UI
2017-12-18 16:43:20,808 - Initialize sequence table
2017-12-18 16:43:21,617 - ThreadID1:Initialize sequence tree
2017-12-18 16:43:21,788 - ZMQ Server Start, Port: 5555
2017-12-18 16:43:29,318 - dut in done
2017-12-18 16:43:29,337 - Start test
2017-12-18 16:43:29,358 - Thread1:Test item: pre_test
2017-12-18 16:43:29,358 - Thread1:pre_test result:[0.2, 'done']
2017-12-18 16:43:29,368 - dut in done
2017-12-18 16:43:29,398 - Start test
2017-12-18 16:43:29,548 - dut in done
2017-12-18 16:43:29,648 - Start test
2017-12-18 16:43:31,328 - Thread1:Test item: test_point1
2017-12-18 16:43:31,328 - Thread1:test_point1 result:[0.2, 'fun2']
2017-12-18 16:43:32,727 - Thread1:Test item: test_point2
2017-12-18 16:43:32,737 - Thread1:test_point2 result:[0.1, 'fun3']
2017-12-18 16:43:34,278 - Thread1:Test item: test_point3
2017-12-18 16:43:34,278 - Thread1:test_point3 result:[0.5, 'fun4']
2017-12-18 16:43:35,128 - Thread1:Test item: test_point4
2017-12-18 16:43:35,137 - Thread1:test_point4 result:[0.5, 'fun5']
2017-12-18 16:43:36,817 - Thread1:Test item: test_point5
2017-12-18 16:43:36,817 - Thread1:test_point5 result:[0.5, 'fun6']
2017-12-18 16:43:37,838 - Thread1:Test item: test_point5
2017-12-18 16:43:37,848 - Thread1:test_point5 result:[0.5, 'fun6']
2017-12-18 16:43:38,007 - Thread1:Test item: post_test
2017-12-18 16:43:38,007 - Thread1:post_test result:[0.9, 'fun8']
2017-12-18 16:43:38,028 - Thread1:total time： 8.58
2017-12-18 16:44:52,068 - Administrator login
2017-12-18 16:44:52,297 - Initialize UI
2017-12-18 16:44:54,467 - Initialize sequence table
2017-12-18 16:44:55,518 - ThreadID1:Initialize sequence tree
2017-12-18 16:44:55,598 - ZMQ Server Start, Port: 5555
2017-12-18 16:45:06,198 - dut in done
2017-12-18 16:45:06,217 - Start test
2017-12-18 16:45:06,247 - dut in done
2017-12-18 16:45:06,247 - Thread1:Test item: pre_test
2017-12-18 16:45:06,247 - Thread1:pre_test result:[0.2, 'done']
2017-12-18 16:45:06,297 - Start test
2017-12-18 16:45:06,337 - dut in done
2017-12-18 16:45:06,487 - Start test
2017-12-18 16:47:31,857 - Administrator login
2017-12-18 16:47:31,987 - Initialize UI
2017-12-18 16:47:34,238 - Initialize sequence table
2017-12-18 16:47:35,838 - ThreadID1:Initialize sequence tree
2017-12-18 16:47:35,947 - ZMQ Server Start, Port: 5555
2017-12-18 16:47:44,617 - dut in done
2017-12-18 16:47:44,638 - Start test
2017-12-18 16:47:44,667 - Thread1:Test item: pre_test
2017-12-18 16:47:44,667 - Thread1:pre_test result:[0.2, 'done']
2017-12-18 16:47:44,667 - dut in done
2017-12-18 16:47:44,707 - Start test
2017-12-18 16:47:44,767 - dut in done
2017-12-18 16:47:44,857 - Start test
2017-12-18 16:47:44,947 - dut in done
2017-12-18 16:47:45,068 - Start test
2017-12-18 16:47:46,337 - Thread1:Test item: test_point1
2017-12-18 16:47:46,388 - Thread1:test_point1 result:[0.2, 'fun2']
2017-12-18 16:47:47,657 - Thread1:Test item: test_point2
2017-12-18 16:47:47,657 - Thread1:test_point2 result:[0.1, 'fun3']
2017-12-18 16:47:48,808 - Thread1:Test item: test_point3
2017-12-18 16:47:48,808 - Thread1:test_point3 result:[0.5, 'fun4']
2017-12-18 16:47:50,407 - Thread1:Test item: test_point4
2017-12-18 16:47:50,447 - Thread1:test_point4 result:[0.5, 'fun5']
2017-12-18 16:47:51,718 - Thread1:Test item: test_point5
2017-12-18 16:47:51,718 - Thread1:test_point5 result:[0.5, 'fun6']
2017-12-18 16:47:52,848 - Thread1:Test item: test_point5
2017-12-18 16:47:52,848 - Thread1:test_point5 result:[0.5, 'fun6']
2017-12-18 16:47:52,888 - Thread1:Test item: post_test
2017-12-18 16:47:52,927 - Thread1:post_test result:[0.9, 'fun8']
2017-12-18 16:47:53,007 - Thread1:total time： 8.14
2017-12-18 16:48:10,548 - dut in done
2017-12-18 16:48:10,558 - Start test
2017-12-18 16:48:10,588 - Thread1:Test item: pre_test
2017-12-18 16:48:10,588 - Thread1:pre_test result:[0.2, 'done']
2017-12-18 16:48:10,608 - dut in done
2017-12-18 16:48:10,667 - Start test
2017-12-18 16:48:10,727 - dut in done
2017-12-18 16:48:10,788 - Start test
2017-12-18 16:48:12,308 - Thread1:Test item: test_point1
2017-12-18 16:48:12,308 - Thread1:test_point1 result:[0.2, 'fun2']
2017-12-18 16:48:13,638 - Thread1:Test item: test_point2
2017-12-18 16:48:13,638 - Thread1:test_point2 result:[0.1, 'fun3']
2017-12-18 16:48:14,758 - Thread1:Test item: test_point3
2017-12-18 16:48:14,758 - Thread1:test_point3 result:[0.5, 'fun4']
2017-12-18 16:49:15,657 - Administrator login
2017-12-18 16:49:15,828 - Initialize UI
2017-12-18 16:49:18,057 - Initialize sequence table
2017-12-18 16:49:20,838 - ThreadID1:Initialize sequence tree
2017-12-18 16:49:20,888 - ZMQ Server Start, Port: 5555
2017-12-18 16:49:29,227 - dut in done
2017-12-18 16:49:29,247 - Start test
2017-12-18 16:49:29,278 - Thread1:Test item: pre_test
2017-12-18 16:49:29,278 - Thread1:pre_test result:[0.2, 'done']
2017-12-18 16:49:29,297 - dut in done
2017-12-18 16:49:29,328 - Start test
2017-12-18 16:49:29,388 - dut in done
2017-12-18 16:49:29,447 - Start test
2017-12-18 16:49:29,537 - dut in done
2017-12-18 16:49:29,628 - Start test
2017-12-18 16:49:31,227 - Thread1:Test item: test_point1
2017-12-18 16:49:31,227 - Thread1:test_point1 result:[0.2, 'fun2']
2017-12-18 16:49:33,297 - Thread1:Test item: test_point2
2017-12-18 16:49:33,297 - Thread1:test_point2 result:[0.1, 'fun3']
2017-12-18 16:49:35,528 - Thread1:Test item: test_point3
2017-12-18 16:49:35,528 - Thread1:test_point3 result:[0.5, 'fun4']
2017-12-18 16:49:37,017 - Thread1:Test item: test_point4
2017-12-18 16:49:37,137 - Thread1:test_point4 result:[0.5, 'fun5']
2017-12-18 16:49:39,207 - Thread1:Test item: test_point5
2017-12-18 16:49:39,207 - Thread1:test_point5 result:[0.5, 'fun6']
2017-12-18 16:49:41,297 - Thread1:Test item: test_point5
2017-12-18 16:49:41,297 - Thread1:test_point5 result:[0.5, 'fun6']
2017-12-18 16:49:41,438 - Thread1:Test item: post_test
2017-12-18 16:49:41,457 - Thread1:post_test result:[0.9, 'fun8']
2017-12-18 16:49:41,657 - Thread1:total time： 12.09
2017-12-18 16:56:36,478 - Administrator login
2017-12-18 16:56:36,687 - Initialize UI
2017-12-18 16:56:38,788 - Initialize sequence table
2017-12-18 16:56:40,108 - ThreadID1:Initialize sequence tree
2017-12-18 16:56:40,158 - ZMQ Server Start, Port: 5555
2017-12-18 16:56:48,328 - dut in done
2017-12-18 16:56:48,348 - Start test
2017-12-18 16:56:48,368 - Thread1:Test item: pre_test
2017-12-18 16:56:48,368 - Thread1:pre_test result:[0.2, 'done']
2017-12-18 16:56:48,368 - dut in done
2017-12-18 16:56:48,407 - Start test
2017-12-18 16:56:48,548 - dut in done
2017-12-18 16:56:48,648 - Start test
2017-12-18 16:57:01,667 - 注意安全后门在打开
2017-12-18 16:57:01,678 - 注意安全前门在打开
2017-12-18 16:57:01,678 - 急停被按下
2017-12-18 16:57:01,958 - 注意安全后门在打开
2017-12-18 16:57:01,958 - 注意安全前门在打开
2017-12-18 16:57:01,958 - 急停被按下
2017-12-18 16:57:02,217 - 注意安全后门在打开
2017-12-18 16:57:02,217 - 注意安全前门在打开
2017-12-18 16:57:02,217 - 急停被按下
2017-12-18 16:57:02,478 - 注意安全后门在打开
2017-12-18 16:57:02,478 - 注意安全前门在打开
2017-12-18 16:57:02,487 - 急停被按下
2017-12-18 16:57:02,767 - 注意安全后门在打开
2017-12-18 16:57:02,777 - 注意安全前门在打开
2017-12-18 16:57:02,777 - 急停被按下
2017-12-18 16:57:03,038 - 注意安全后门在打开
2017-12-18 16:57:03,038 - 注意安全前门在打开
2017-12-18 16:57:03,038 - 急停被按下
2017-12-18 16:57:03,297 - 注意安全后门在打开
2017-12-18 16:57:03,308 - 注意安全前门在打开
2017-12-18 16:57:03,308 - 急停被按下
2017-12-18 16:57:03,588 - 注意安全后门在打开
2017-12-18 16:57:03,588 - 注意安全前门在打开
2017-12-18 16:57:03,648 - 急停被按下
2017-12-18 16:57:03,907 - 注意安全后门在打开
2017-12-18 16:57:03,907 - 注意安全前门在打开
2017-12-18 16:57:03,907 - 急停被按下
2017-12-18 16:57:04,187 - 注意安全后门在打开
2017-12-18 16:57:04,207 - 注意安全前门在打开
2017-12-18 16:57:04,207 - 急停被按下
2017-12-18 16:57:26,798 - Administrator login
2017-12-18 16:57:26,927 - Initialize UI
2017-12-18 16:57:29,057 - Initialize sequence table
2017-12-18 16:57:30,407 - ThreadID1:Initialize sequence tree
2017-12-18 16:57:30,417 - ZMQ Server Start, Port: 5555
2017-12-18 16:57:39,028 - dut in done
2017-12-18 16:57:39,057 - Start test
2017-12-18 16:57:39,078 - Thread1:Test item: pre_test
2017-12-18 16:57:39,078 - Thread1:pre_test result:[0.2, 'done']
2017-12-18 16:57:39,097 - dut in done
2017-12-18 16:57:39,148 - Start test
2017-12-18 16:57:39,217 - dut in done
2017-12-18 16:57:39,278 - Start test
2017-12-18 16:57:39,377 - dut in done
2017-12-18 16:57:39,457 - Start test
2017-12-18 16:59:04,798 - Administrator login
2017-12-18 16:59:04,907 - Initialize UI
2017-12-18 16:59:07,088 - Initialize sequence table
2017-12-18 16:59:08,417 - ThreadID1:Initialize sequence tree
2017-12-18 16:59:08,497 - ZMQ Server Start, Port: 5555
2017-12-18 16:59:11,987 - 安全光栅被遮住
2017-12-18 16:59:12,297 - 安全光栅被遮住
2017-12-18 16:59:12,628 - 安全光栅被遮住
2017-12-18 16:59:12,947 - 安全光栅被遮住
2017-12-18 16:59:13,267 - 安全光栅被遮住
2017-12-18 16:59:13,577 - 安全光栅被遮住
2017-12-18 16:59:13,907 - 安全光栅被遮住
2017-12-18 16:59:20,148 - dut in done
2017-12-18 16:59:20,167 - Start test
2017-12-18 16:59:20,198 - Thread1:Test item: pre_test
2017-12-18 16:59:20,198 - Thread1:pre_test result:[0.2, 'done']
2017-12-18 16:59:20,198 - dut in done
2017-12-18 16:59:20,238 - Start test
2017-12-18 16:59:20,388 - dut in done
2017-12-18 16:59:20,478 - Start test
2017-12-18 17:01:00,918 - Administrator login
2017-12-18 17:01:01,108 - Initialize UI
2017-12-18 17:01:03,337 - Initialize sequence table
2017-12-18 17:01:04,558 - ThreadID1:Initialize sequence tree
2017-12-18 17:01:04,608 - ZMQ Server Start, Port: 5555
2017-12-18 17:01:26,697 - Administrator login
2017-12-18 17:01:26,918 - Initialize UI
2017-12-18 17:01:29,368 - Initialize sequence table
2017-12-18 17:01:31,518 - ThreadID1:Initialize sequence tree
2017-12-18 17:01:31,577 - ZMQ Server Start, Port: 5555
2017-12-18 17:02:22,200 - 安全光栅被遮住
2017-12-18 17:02:22,475 - 安全光栅被遮住
2017-12-18 17:02:22,755 - Administrator login
2017-12-18 17:02:22,780 - 安全光栅被遮住
2017-12-18 17:02:22,952 - Initialize UI
2017-12-18 17:02:23,056 - 安全光栅被遮住
2017-12-18 17:02:23,326 - 安全光栅被遮住
2017-12-18 17:02:23,588 - 安全光栅被遮住
2017-12-18 17:02:23,851 - 安全光栅被遮住
2017-12-18 17:02:24,141 - 安全光栅被遮住
2017-12-18 17:02:24,417 - 安全光栅被遮住
2017-12-18 17:02:24,697 - 安全光栅被遮住
2017-12-18 17:02:24,986 - 安全光栅被遮住
2017-12-18 17:02:25,180 - Initialize sequence table
2017-12-18 17:02:25,263 - 安全光栅被遮住
2017-12-18 17:02:25,521 - 安全光栅被遮住
2017-12-18 17:02:25,782 - 安全光栅被遮住
2017-12-18 17:02:26,062 - 安全光栅被遮住
2017-12-18 17:02:26,332 - 安全光栅被遮住
2017-12-18 17:02:26,368 - ThreadID1:Initialize sequence tree
2017-12-18 17:02:26,543 - ZMQ Server Start, Port: 5555
2017-12-18 17:02:26,734 - 安全光栅被遮住
2017-12-18 17:02:27,094 - 安全光栅被遮住
2017-12-18 17:02:27,378 - 安全光栅被遮住
2017-12-18 17:02:27,651 - 安全光栅被遮住
2017-12-18 17:02:27,947 - 安全光栅被遮住
2017-12-18 17:02:28,636 - 安全光栅被遮住
2017-12-18 17:02:28,953 - 安全光栅被遮住
2017-12-18 17:02:29,241 - 安全光栅被遮住
2017-12-18 17:02:29,526 - 安全光栅被遮住
2017-12-18 17:02:29,827 - 安全光栅被遮住
2017-12-18 17:02:30,105 - 安全光栅被遮住
2017-12-18 17:02:30,423 - 安全光栅被遮住
2017-12-18 17:02:30,727 - 安全光栅被遮住
2017-12-18 17:02:31,019 - 安全光栅被遮住
2017-12-18 17:02:31,585 - 安全光栅被遮住
2017-12-18 17:02:57,070 - Administrator login
2017-12-18 17:02:57,192 - Initialize UI
2017-12-18 17:02:59,385 - Initialize sequence table
2017-12-18 17:03:00,399 - ThreadID1:Initialize sequence tree
2017-12-18 17:03:00,428 - ZMQ Server Start, Port: 5555
2017-12-18 17:03:39,579 - Administrator login
2017-12-18 17:03:39,809 - Initialize UI
2017-12-18 17:03:41,980 - Initialize sequence table
2017-12-18 17:03:42,759 - ThreadID1:Initialize sequence tree
2017-12-18 17:03:43,140 - ZMQ Server Start, Port: 5555
2017-12-18 17:03:48,180 - 注意安全后门在打开
2017-12-18 17:03:48,220 - 注意安全前门在打开
2017-12-18 17:03:48,230 - 急停被按下
2017-12-18 17:03:48,529 - 注意安全后门在打开
2017-12-18 17:03:48,539 - 注意安全前门在打开
2017-12-18 17:03:48,539 - 急停被按下
2017-12-18 17:03:48,849 - 注意安全后门在打开
2017-12-18 17:03:48,859 - 注意安全前门在打开
2017-12-18 17:03:48,859 - 急停被按下
2017-12-18 17:03:49,140 - 注意安全后门在打开
2017-12-18 17:03:49,150 - 注意安全前门在打开
2017-12-18 17:03:49,150 - 急停被按下
2017-12-18 17:03:49,470 - 注意安全后门在打开
2017-12-18 17:03:49,529 - 注意安全前门在打开
2017-12-18 17:03:49,579 - 急停被按下
2017-12-18 17:03:49,880 - 注意安全后门在打开
2017-12-18 17:03:49,940 - 注意安全前门在打开
2017-12-18 17:03:49,969 - 急停被按下
2017-12-18 17:03:50,270 - 急停被按下
2017-12-18 17:03:50,550 - 急停被按下
2017-12-18 17:03:50,870 - 急停被按下
2017-12-18 17:03:51,209 - 急停被按下
2017-12-18 17:04:09,649 - dut in done
2017-12-18 17:04:09,670 - Start test
2017-12-18 17:04:09,689 - Thread1:Test item: pre_test
2017-12-18 17:04:09,689 - Thread1:pre_test result:[0.2, 'done']
2017-12-18 17:04:09,689 - dut in done
2017-12-18 17:04:09,729 - Start test
2017-12-18 17:04:09,839 - dut in done
2017-12-18 17:04:09,900 - Start test
2017-12-18 17:05:45,990 - 注意安全后门在打开
2017-12-18 17:05:46,019 - 注意安全前门在打开
2017-12-18 17:05:46,030 - 急停被按下
2017-12-18 17:05:46,329 - 注意安全后门在打开
2017-12-18 17:05:46,400 - 注意安全前门在打开
2017-12-18 17:05:46,420 - 急停被按下
2017-12-18 17:05:46,720 - 注意安全后门在打开
2017-12-18 17:05:46,759 - 注意安全前门在打开
2017-12-18 17:05:46,779 - 急停被按下
2017-12-18 17:05:47,099 - 注意安全后门在打开
2017-12-18 17:05:47,150 - 注意安全前门在打开
2017-12-18 17:05:47,190 - 急停被按下
2017-12-18 17:05:47,489 - 注意安全后门在打开
2017-12-18 17:05:47,529 - 注意安全前门在打开
2017-12-18 17:05:47,870 - 注意安全后门在打开
2017-12-18 17:05:47,889 - 注意安全前门在打开
2017-12-18 17:05:48,190 - 注意安全后门在打开
2017-12-18 17:05:48,220 - 注意安全前门在打开
2017-12-18 17:05:50,519 - Administrator login
2017-12-18 17:05:50,729 - Initialize UI
2017-12-18 17:05:53,000 - Initialize sequence table
2017-12-18 17:05:54,710 - ThreadID1:Initialize sequence tree
2017-12-18 17:05:54,740 - ZMQ Server Start, Port: 5555
2017-12-18 17:06:06,609 - dut in done
2017-12-18 17:06:06,640 - Start test
2017-12-18 17:06:06,660 - Thread1:Test item: pre_test
2017-12-18 17:06:06,660 - Thread1:pre_test result:[0.2, 'done']
2017-12-18 17:06:06,670 - dut in done
2017-12-18 17:06:06,700 - Start test
2017-12-18 17:07:02,750 - Administrator login
2017-12-18 17:07:02,880 - Initialize UI
2017-12-18 17:07:05,070 - Initialize sequence table
2017-12-18 17:07:07,489 - dut in done
2017-12-18 17:07:07,489 - ThreadID1:Initialize sequence tree
2017-12-18 17:07:07,640 - ZMQ Server Start, Port: 5555
2017-12-18 17:07:08,119 - Start test
2017-12-18 17:07:08,140 - Thread1:Test item: pre_test
2017-12-18 17:07:08,140 - Thread1:pre_test result:[0.2, 'done']
2017-12-18 17:07:22,769 - Administrator login
2017-12-18 17:07:23,059 - Initialize UI
2017-12-18 17:07:25,500 - Initialize sequence table
2017-12-18 17:07:27,359 - ThreadID1:Initialize sequence tree
2017-12-18 17:07:27,480 - ZMQ Server Start, Port: 5555
2017-12-18 17:07:46,830 - dut in done
2017-12-18 17:07:46,839 - Start test
2017-12-18 17:07:46,859 - Thread1:Test item: pre_test
2017-12-18 17:07:46,859 - Thread1:pre_test result:[0.2, 'done']
2017-12-18 17:07:46,880 - dut in done
2017-12-18 17:07:46,920 - Start test
2017-12-18 17:07:46,969 - dut in done
2017-12-18 17:07:47,000 - Start test
2017-12-18 17:07:47,059 - dut in done
2017-12-18 17:07:47,089 - Start test
2017-12-18 17:07:47,180 - dut in done
2017-12-18 17:07:47,270 - Start test
2017-12-18 17:09:12,319 - Administrator login
2017-12-18 17:09:12,590 - Initialize UI
2017-12-18 17:09:14,729 - Initialize sequence table
2017-12-18 17:09:16,390 - ThreadID1:Initialize sequence tree
2017-12-18 17:09:16,409 - ZMQ Server Start, Port: 5555
2017-12-18 17:09:26,169 - dut in done
2017-12-18 17:09:26,190 - Start test
2017-12-18 17:09:26,209 - Thread1:Test item: pre_test
2017-12-18 17:09:26,209 - Thread1:pre_test result:[0.2, 'done']
2017-12-18 17:09:26,220 - dut in done
2017-12-18 17:09:26,249 - Start test
2017-12-18 17:09:26,400 - dut in done
2017-12-18 17:09:26,489 - Start test
2017-12-18 17:10:01,759 - Administrator login
2017-12-18 17:10:02,070 - Initialize UI
2017-12-18 17:10:04,140 - Initialize sequence table
2017-12-18 17:10:07,030 - ThreadID1:Initialize sequence tree
2017-12-18 17:10:07,070 - ZMQ Server Start, Port: 5555
2017-12-18 17:10:11,150 - 注意安全后门在打开
2017-12-18 17:10:11,220 - 注意安全前门在打开
2017-12-18 17:10:11,319 - 急停被按下
2017-12-18 17:10:11,689 - 注意安全后门在打开
2017-12-18 17:10:11,750 - 注意安全前门在打开
2017-12-18 17:10:11,819 - 急停被按下
2017-12-18 17:10:12,200 - 注意安全后门在打开
2017-12-18 17:10:12,259 - 注意安全前门在打开
2017-12-18 17:10:12,329 - 急停被按下
2017-12-18 17:10:32,470 - dut in done
2017-12-18 17:10:32,489 - Start test
2017-12-18 17:10:32,510 - Thread1:Test item: pre_test
2017-12-18 17:10:32,510 - Thread1:pre_test result:[0.2, 'done']
2017-12-18 17:10:32,519 - dut in done
2017-12-18 17:10:32,559 - Start test
2017-12-18 17:10:32,670 - dut in done
2017-12-18 17:10:32,759 - Start test
