2017-11-02 11:29:20,436 - Administrator login
2017-11-02 11:29:20,530 - Initialize UI
2017-11-02 11:29:20,561 - Initialize sequence table
2017-11-02 11:29:20,608 - Load sequence
2017-11-02 11:29:20,608 - Initialize sequence tree
2017-11-02 11:29:20,639 - ZMQ Server Start, Port: 5555
2017-11-02 11:29:20,639 - Connect PLC OK!
2017-11-02 16:01:53,648 - Administrator login
2017-11-02 16:01:53,726 - Initialize UI
2017-11-02 16:01:53,772 - Initialize sequence table
2017-11-02 16:01:53,803 - Load sequence
2017-11-02 16:01:53,803 - Initialize sequence tree
2017-11-02 16:01:53,835 - ZMQ Server Start, Port: 5555
2017-11-02 16:01:53,850 - Connect PLC OK!
2017-11-02 16:01:55,738 - Start test
2017-11-02 16:01:55,863 - Test item: function1
2017-11-02 16:01:55,863 - function1 result:[0.5, 0.5, 'child1', 'child2']
2017-11-02 16:01:55,863 - Skip item: function2
2017-11-02 16:01:55,863 - function2 result:[None, None]
2017-11-02 16:01:56,377 - Test item: function3
2017-11-02 16:01:56,377 - function3 result:[0, 'fun3']
2017-11-02 16:01:56,377 - Skip item: function4
2017-11-02 16:01:56,377 - function4 result:[None, None]
2017-11-02 16:01:56,892 - Test item: function5
2017-11-02 16:01:56,892 - function5 result:[0.5, 'fun5']
2017-11-02 16:01:57,407 - Test item: function6
2017-11-02 16:01:57,407 - function6 result:[0.5, 'fun6']
2017-11-02 16:01:57,922 - Test item: function7
2017-11-02 16:01:57,922 - function7 result:[0.5, 'fun7']
2017-11-02 16:01:58,437 - Test item: function8
2017-11-02 16:01:58,437 - function8 result:[0.9, 'fun8']
2017-11-02 16:01:58,951 - Test item: function9
2017-11-02 16:01:58,951 - function9 result:[0.9, 'fun9']
2017-11-02 16:01:58,951 - total time£º 3.17
2017-11-02 16:09:37,740 - Administrator login
2017-11-02 16:09:37,803 - Initialize UI
2017-11-02 16:09:37,850 - Initialize sequence table
2017-11-02 16:09:37,881 - Load sequence
2017-11-02 16:09:37,881 - Initialize sequence tree
2017-11-02 16:09:37,912 - ZMQ Server Start, Port: 5555
2017-11-02 16:09:37,912 - Connect PLC OK!
2017-11-02 16:20:05,881 - Administrator login
2017-11-02 16:20:05,944 - Initialize UI
2017-11-02 16:20:05,960 - Initialize sequence table
2017-11-02 16:20:06,006 - Load sequence
2017-11-02 16:20:06,006 - Initialize sequence tree
2017-11-02 16:20:06,022 - ZMQ Server Start, Port: 5555
2017-11-02 16:20:06,022 - Connect PLC OK!
