2017-11-01 17:12:35,236 - Administrator login
2017-11-01 17:12:35,985 - Initialize UI
2017-11-01 17:12:36,125 - Initialize sequence table
2017-11-01 17:12:36,266 - Load sequence
2017-11-01 17:12:36,266 - Initialize sequence tree
2017-11-01 17:12:36,281 - Connect PLC OK!
2017-11-01 17:12:37,904 - ZMQ Server Start, Port: 5555
2017-11-01 17:12:41,460 - Start test
2017-11-01 17:12:41,616 - Test item: function1
2017-11-01 17:12:41,616 - function1 result:[0.5, 0.5, 'child1', 'child2']
2017-11-01 17:12:41,616 - Skip item: function2
2017-11-01 17:12:41,616 - function2 result:[None, None]
2017-11-01 17:12:42,131 - Test item: function3
2017-11-01 17:12:42,131 - function3 result:[0, 'fun3']
2017-11-01 17:12:42,131 - Skip item: function4
2017-11-01 17:12:42,131 - function4 result:[None, None]
2017-11-01 17:12:42,646 - Test item: function5
2017-11-01 17:12:42,646 - function5 result:[0.5, 'fun5']
2017-11-01 17:12:43,161 - Test item: function6
2017-11-01 17:12:43,161 - function6 result:[0.5, 'fun6']
2017-11-01 17:12:43,676 - Test item: function7
2017-11-01 17:12:43,676 - function7 result:[0.5, 'fun7']
2017-11-01 17:12:44,190 - Test item: function8
2017-11-01 17:12:44,190 - function8 result:[0.9, 'fun8']
2017-11-01 17:12:44,705 - Test item: function9
2017-11-01 17:12:44,705 - function9 result:[0.9, 'fun9']
2017-11-01 17:12:44,705 - total time£º 3.17
2017-11-01 17:20:39,881 - Administrator login
2017-11-01 17:20:40,069 - Initialize UI
2017-11-01 17:20:40,100 - Initialize sequence table
2017-11-01 17:20:40,131 - Load sequence
2017-11-01 17:20:40,131 - Initialize sequence tree
2017-11-01 17:20:40,162 - ZMQ Server Start, Port: 5555
2017-11-01 17:20:40,162 - Connect PLC OK!
2017-11-01 17:20:41,987 - Start test
2017-11-01 17:20:42,112 - Test item: function1
2017-11-01 17:20:42,112 - function1 result:[0.5, 0.5, 'child1', 'child2']
2017-11-01 17:20:42,112 - Skip item: function2
2017-11-01 17:20:42,112 - function2 result:[None, None]
2017-11-01 17:20:42,627 - Test item: function3
2017-11-01 17:20:42,627 - function3 result:[0, 'fun3']
2017-11-01 17:20:42,627 - Skip item: function4
2017-11-01 17:20:42,627 - function4 result:[None, None]
2017-11-01 17:20:43,142 - Test item: function5
2017-11-01 17:20:43,142 - function5 result:[0.5, 'fun5']
2017-11-01 17:20:43,656 - Test item: function6
2017-11-01 17:20:43,656 - function6 result:[0.5, 'fun6']
2017-11-01 17:20:44,171 - Test item: function7
2017-11-01 17:20:44,171 - function7 result:[0.5, 'fun7']
2017-11-01 17:20:44,686 - Test item: function8
2017-11-01 17:20:44,686 - function8 result:[0.9, 'fun8']
2017-11-01 17:20:45,201 - Test item: function9
2017-11-01 17:20:45,201 - function9 result:[0.9, 'fun9']
2017-11-01 17:20:45,201 - total time£º 3.17
2017-11-01 17:25:06,688 - Administrator login
2017-11-01 17:25:06,751 - Initialize UI
2017-11-01 17:25:06,828 - Initialize sequence table
2017-11-01 17:25:06,844 - Load sequence
2017-11-01 17:25:06,860 - Initialize sequence tree
2017-11-01 17:25:06,860 - Connect PLC OK!
2017-11-01 17:25:06,891 - ZMQ Server Start, Port: 5555
2017-11-01 17:25:08,856 - Start test
2017-11-01 17:25:08,966 - Test item: function1
2017-11-01 17:25:08,966 - function1 result:[0.5, 0.5, 'child1', 'child2']
2017-11-01 17:25:08,966 - Skip item: function2
2017-11-01 17:25:08,966 - function2 result:[None, None]
2017-11-01 17:25:09,480 - Test item: function3
2017-11-01 17:25:09,480 - function3 result:[0, 'fun3']
2017-11-01 17:25:09,480 - Skip item: function4
2017-11-01 17:25:09,480 - function4 result:[None, None]
2017-11-01 17:25:09,995 - Test item: function5
2017-11-01 17:25:09,995 - function5 result:[0.5, 'fun5']
2017-11-01 17:25:12,164 - Test item: function6
2017-11-01 17:25:12,164 - function6 result:[0.5, 'fun6']
2017-11-01 17:25:21,883 - Administrator login
2017-11-01 17:25:21,929 - Initialize UI
2017-11-01 17:25:21,992 - Initialize sequence table
2017-11-01 17:25:22,007 - Load sequence
2017-11-01 17:25:22,023 - Initialize sequence tree
2017-11-01 17:25:22,039 - ZMQ Server Start, Port: 5555
2017-11-01 17:25:22,039 - Connect PLC OK!
2017-11-01 17:25:24,067 - Start test
2017-11-01 17:25:24,191 - Test item: function1
2017-11-01 17:25:24,191 - function1 result:[0.5, 0.5, 'child1', 'child2']
2017-11-01 17:25:24,191 - Skip item: function2
2017-11-01 17:25:24,191 - function2 result:[None, None]
2017-11-01 17:25:24,706 - Test item: function3
2017-11-01 17:25:24,706 - function3 result:[0, 'fun3']
2017-11-01 17:25:24,706 - Skip item: function4
2017-11-01 17:25:24,706 - function4 result:[None, None]
2017-11-01 17:25:25,221 - Test item: function5
2017-11-01 17:25:25,221 - function5 result:[0.5, 'fun5']
2017-11-01 17:25:25,736 - Test item: function6
2017-11-01 17:25:25,736 - function6 result:[0.5, 'fun6']
2017-11-01 17:25:26,251 - Test item: function7
2017-11-01 17:25:26,251 - function7 result:[0.5, 'fun7']
2017-11-01 17:25:26,765 - Test item: function8
2017-11-01 17:25:26,765 - function8 result:[0.9, 'fun8']
2017-11-01 17:25:27,280 - Test item: function9
2017-11-01 17:25:27,280 - function9 result:[0.9, 'fun9']
2017-11-01 17:25:27,280 - total time£º 3.17
2017-11-01 17:25:57,700 - Administrator login
2017-11-01 17:25:57,778 - Initialize UI
2017-11-01 17:25:57,825 - Initialize sequence table
2017-11-01 17:25:57,856 - Load sequence
2017-11-01 17:25:57,856 - Initialize sequence tree
2017-11-01 17:25:57,887 - ZMQ Server Start, Port: 5555
2017-11-01 17:25:57,887 - Connect PLC OK!
2017-11-01 17:25:59,619 - Start test
2017-11-01 17:25:59,728 - Test item: function1
2017-11-01 17:25:59,728 - function1 result:[0.5, 0.5, 'child1', 'child2']
2017-11-01 17:25:59,728 - Skip item: function2
2017-11-01 17:25:59,728 - function2 result:[None, None]
2017-11-01 17:26:00,243 - Test item: function3
2017-11-01 17:26:00,243 - function3 result:[0, 'fun3']
2017-11-01 17:26:00,243 - Skip item: function4
2017-11-01 17:26:00,243 - function4 result:[None, None]
2017-11-01 17:26:00,758 - Test item: function5
2017-11-01 17:26:00,758 - function5 result:[0.5, 'fun5']
2017-11-01 17:26:01,273 - Test item: function6
2017-11-01 17:26:01,273 - function6 result:[0.5, 'fun6']
2017-11-01 17:26:01,787 - Test item: function7
2017-11-01 17:26:01,787 - function7 result:[0.5, 'fun7']
2017-11-01 17:26:02,302 - Test item: function8
2017-11-01 17:26:02,302 - function8 result:[0.9, 'fun8']
2017-11-01 17:26:02,817 - Test item: function9
2017-11-01 17:26:02,817 - function9 result:[0.9, 'fun9']
2017-11-01 17:26:02,817 - total time£º 3.17
2017-11-01 17:29:47,956 - Administrator login
2017-11-01 17:29:48,019 - Initialize UI
2017-11-01 17:29:48,081 - Initialize sequence table
2017-11-01 17:29:48,128 - Load sequence
2017-11-01 17:29:48,128 - Initialize sequence tree
2017-11-01 17:29:48,159 - ZMQ Server Start, Port: 5555
2017-11-01 17:29:48,159 - Connect PLC OK!
2017-11-01 17:30:35,006 - Administrator login
2017-11-01 17:30:35,068 - Initialize UI
2017-11-01 17:30:35,115 - Initialize sequence table
2017-11-01 17:30:35,146 - Load sequence
2017-11-01 17:30:35,146 - Initialize sequence tree
2017-11-01 17:30:35,162 - ZMQ Server Start, Port: 5555
2017-11-01 17:30:35,177 - Connect PLC OK!
2017-11-01 17:33:23,501 - Administrator login
2017-11-01 17:33:23,564 - Initialize UI
2017-11-01 17:33:23,611 - Initialize sequence table
2017-11-01 17:33:23,642 - Load sequence
2017-11-01 17:33:23,642 - Initialize sequence tree
2017-11-01 17:33:23,657 - ZMQ Server Start, Port: 5555
2017-11-01 17:33:23,657 - Connect PLC OK!
2017-11-01 17:33:26,309 - Start test
2017-11-01 17:33:26,434 - Test item: function1
2017-11-01 17:33:26,434 - function1 result:[0.5, 0.5, 'child1', 'child2']
2017-11-01 17:33:26,434 - Skip item: function2
2017-11-01 17:33:26,434 - function2 result:[None, None]
2017-11-01 17:33:26,964 - Test item: function3
2017-11-01 17:33:26,964 - function3 result:[0, 'fun3']
2017-11-01 17:33:26,964 - Skip item: function4
2017-11-01 17:33:26,964 - function4 result:[None, None]
2017-11-01 17:33:27,479 - Test item: function5
2017-11-01 17:33:27,479 - function5 result:[0.5, 'fun5']
2017-11-01 17:33:27,994 - Test item: function6
2017-11-01 17:33:27,994 - function6 result:[0.5, 'fun6']
2017-11-01 17:33:28,509 - Test item: function7
2017-11-01 17:33:28,509 - function7 result:[0.5, 'fun7']
2017-11-01 17:33:29,024 - Test item: function8
2017-11-01 17:33:29,024 - function8 result:[0.9, 'fun8']
2017-11-01 17:33:29,539 - Test item: function9
2017-11-01 17:33:29,539 - function9 result:[0.9, 'fun9']
2017-11-01 17:33:29,539 - total time£º 3.19
