2017-11-11 09:38:29,401 - Administrator login
2017-11-11 09:38:29,480 - Initialize UI
2017-11-11 09:41:38,841 - Administrator login
2017-11-11 09:41:48,856 - Administrator login
2017-11-11 09:45:32,622 - Administrator login
2017-11-11 09:45:50,609 - Administrator login
2017-11-11 09:46:14,415 - Administrator login
2017-11-11 09:51:15,167 - Administrator login
2017-11-11 09:51:25,697 - Administrator login
2017-11-11 09:51:25,759 - Initialize UI
2017-11-11 09:52:53,556 - Administrator login
2017-11-11 09:52:53,634 - Initialize UI
2017-11-11 09:52:53,665 - Initialize sequence table
2017-11-11 09:53:21,293 - Administrator login
2017-11-11 09:53:21,355 - Initialize UI
2017-11-11 09:53:54,178 - Administrator login
2017-11-11 09:53:54,256 - Initialize UI
2017-11-11 09:56:12,597 - Administrator login
2017-11-11 09:56:12,659 - Initialize UI
2017-11-11 09:56:44,171 - Administrator login
2017-11-11 09:56:44,233 - Initialize UI
2017-11-11 09:56:44,312 - Load sequence
2017-11-11 09:56:44,312 - Initialize sequence tree
2017-11-11 09:56:44,343 - ZMQ Server Start, Port: 5555
2017-11-11 09:56:44,343 - Connect PLC OK!
2017-11-11 09:56:46,433 - Start test
2017-11-11 09:56:46,558 - Test item: function1
2017-11-11 09:56:46,558 - function1 result:[0.5, 0.5, 'child1', 'child2']
2017-11-11 09:56:46,558 - Skip item: function2
2017-11-11 09:56:46,558 - function2 result:[None, None]
2017-11-11 09:56:47,073 - Test item: function3
2017-11-11 09:56:47,073 - function3 result:[0, 'fun3']
2017-11-11 09:56:47,073 - Skip item: function4
2017-11-11 09:56:47,073 - function4 result:[None, None]
2017-11-11 09:56:47,603 - Test item: function5
2017-11-11 09:56:47,603 - function5 result:[0.5, 'fun5']
2017-11-11 09:56:48,118 - Test item: function6
2017-11-11 09:56:48,118 - function6 result:[0.5, 'fun6']
2017-11-11 09:56:48,633 - Test item: function7
2017-11-11 09:56:48,633 - function7 result:[0.5, 'fun7']
2017-11-11 09:56:49,148 - Test item: function8
2017-11-11 09:56:49,148 - function8 result:[0.9, 'fun8']
2017-11-11 09:56:49,662 - Test item: function9
2017-11-11 09:56:49,662 - function9 result:[0.9, 'fun9']
2017-11-11 09:56:49,662 - total time£º 3.17
2017-11-11 10:07:55,916 - Administrator login
2017-11-11 10:07:55,963 - Initialize UI
2017-11-11 10:13:28,956 - Administrator login
2017-11-11 10:13:29,018 - Initialize UI
2017-11-11 10:13:29,081 - Initialize sequence table
2017-11-11 10:14:54,225 - Administrator login
2017-11-11 10:14:54,303 - Initialize UI
2017-11-11 10:15:11,495 - Administrator login
2017-11-11 10:15:11,542 - Initialize UI
2017-11-11 10:15:11,573 - Initialize sequence table
2017-11-11 10:16:27,170 - Administrator login
2017-11-11 10:16:27,233 - Initialize UI
2017-11-11 10:16:27,264 - Initialize sequence table
2017-11-11 10:16:27,295 - Load sequence
2017-11-11 10:16:27,295 - Initialize sequence tree
2017-11-11 10:16:27,311 - Connect PLC OK!
2017-11-11 10:16:27,311 - ZMQ Server Start, Port: 5555
2017-11-11 10:18:51,607 - Administrator login
2017-11-11 10:18:51,670 - Initialize UI
2017-11-11 10:18:51,716 - Initialize sequence table
2017-11-11 10:18:51,747 - Load sequence
2017-11-11 10:18:51,747 - Initialize sequence tree
2017-11-11 10:18:51,763 - ZMQ Server Start, Port: 5555
2017-11-11 10:18:51,763 - Connect PLC OK!
2017-11-11 10:19:45,911 - Administrator login
2017-11-11 10:19:45,973 - Initialize UI
2017-11-11 10:19:46,004 - Initialize sequence table
2017-11-11 10:19:46,036 - Load sequence
2017-11-11 10:19:46,036 - Initialize sequence tree
2017-11-11 10:19:46,051 - ZMQ Server Start, Port: 5555
2017-11-11 10:19:46,051 - Connect PLC OK!
2017-11-11 10:24:14,064 - Administrator login
2017-11-11 10:24:14,127 - Initialize UI
2017-11-11 10:24:14,158 - Initialize sequence table
2017-11-11 10:24:14,189 - Load sequence
2017-11-11 10:24:14,189 - Initialize sequence tree
2017-11-11 10:24:14,220 - ZMQ Server Start, Port: 5555
2017-11-11 10:24:14,220 - Connect PLC OK!
2017-11-11 10:25:37,387 - Administrator login
2017-11-11 10:25:37,450 - Initialize UI
2017-11-11 10:25:37,496 - Initialize sequence table
2017-11-11 10:25:37,528 - Load sequence
2017-11-11 10:25:37,528 - Initialize sequence tree
2017-11-11 10:25:37,528 - Connect PLC OK!
2017-11-11 10:25:37,543 - ZMQ Server Start, Port: 5555
2017-11-11 10:26:08,527 - Administrator login
2017-11-11 10:26:08,574 - Initialize UI
2017-11-11 10:26:08,621 - Initialize sequence table
2017-11-11 10:26:08,652 - Load sequence
2017-11-11 10:26:08,652 - Initialize sequence tree
2017-11-11 10:26:08,652 - Connect PLC OK!
2017-11-11 10:26:08,667 - ZMQ Server Start, Port: 5555
2017-11-11 10:29:28,744 - Administrator login
2017-11-11 10:29:28,806 - Initialize UI
2017-11-11 10:29:28,837 - Initialize sequence table
2017-11-11 10:29:28,900 - Load sequence
2017-11-11 10:29:28,900 - Initialize sequence tree
2017-11-11 10:29:28,900 - Connect PLC OK!
2017-11-11 10:29:28,915 - ZMQ Server Start, Port: 5555
2017-11-11 10:31:00,520 - Administrator login
2017-11-11 10:31:00,613 - Initialize UI
2017-11-11 10:31:00,660 - Initialize sequence table
2017-11-11 10:31:00,676 - Load sequence
2017-11-11 10:31:00,676 - Initialize sequence tree
2017-11-11 10:31:00,691 - ZMQ Server Start, Port: 5555
2017-11-11 10:31:00,691 - Connect PLC OK!
2017-11-11 10:31:06,877 - 'TcpTool' object has no attribute 'skt'
2017-11-11 10:32:59,428 - Administrator login
2017-11-11 10:32:59,475 - Initialize UI
2017-11-11 10:32:59,506 - Initialize sequence table
2017-11-11 10:32:59,537 - Load sequence
2017-11-11 10:32:59,537 - Initialize sequence tree
2017-11-11 10:32:59,553 - Connect PLC OK!
2017-11-11 10:32:59,568 - ZMQ Server Start, Port: 5555
2017-11-11 10:37:18,498 - Administrator login
2017-11-11 10:37:18,576 - Initialize UI
2017-11-11 10:37:19,091 - Initialize sequence table
2017-11-11 10:37:19,512 - Load sequence
2017-11-11 10:37:19,512 - Initialize sequence tree
2017-11-11 10:37:19,512 - Connect PLC OK!
2017-11-11 10:37:19,668 - ZMQ Server Start, Port: 5555
2017-11-11 10:37:51,023 - Administrator login
2017-11-11 10:37:51,100 - Initialize UI
2017-11-11 10:37:51,179 - Initialize sequence table
2017-11-11 10:37:51,210 - Load sequence
2017-11-11 10:37:51,210 - Initialize sequence tree
2017-11-11 10:37:51,210 - Connect PLC OK!
2017-11-11 10:37:51,225 - ZMQ Server Start, Port: 5555
2017-11-11 10:38:48,889 - Administrator login
2017-11-11 10:38:48,967 - Initialize UI
2017-11-11 10:38:48,999 - Initialize sequence table
2017-11-11 10:38:49,030 - Load sequence
2017-11-11 10:38:49,030 - Initialize sequence tree
2017-11-11 10:38:49,030 - Connect PLC OK!
2017-11-11 10:38:49,045 - ZMQ Server Start, Port: 5555
2017-11-11 10:39:03,912 - Administrator login
2017-11-11 10:39:03,975 - Initialize UI
2017-11-11 10:39:04,006 - Initialize sequence table
2017-11-11 10:39:04,037 - Load sequence
2017-11-11 10:39:04,037 - Initialize sequence tree
2017-11-11 10:39:04,068 - ZMQ Server Start, Port: 5555
2017-11-11 10:39:04,068 - Connect PLC OK!
2017-11-11 10:42:57,438 - Administrator login
2017-11-11 10:42:57,516 - Initialize UI
2017-11-11 10:42:57,562 - Initialize sequence table
2017-11-11 10:42:57,594 - Load sequence
2017-11-11 10:42:57,594 - Initialize sequence tree
2017-11-11 10:42:57,609 - Connect PLC OK!
2017-11-11 10:42:57,687 - ZMQ Server Start, Port: 5555
2017-11-11 10:44:44,656 - Administrator login
2017-11-11 10:44:44,703 - Initialize UI
2017-11-11 10:44:44,750 - Initialize sequence table
2017-11-11 10:44:44,781 - Load sequence
2017-11-11 10:44:44,781 - Initialize sequence tree
2017-11-11 10:44:44,781 - Connect PLC OK!
2017-11-11 10:44:44,797 - ZMQ Server Start, Port: 5555
2017-11-11 10:46:18,597 - Administrator login
2017-11-11 10:46:18,659 - Initialize UI
2017-11-11 10:46:18,706 - Initialize sequence table
2017-11-11 10:46:18,721 - Load sequence
2017-11-11 10:46:18,721 - Initialize sequence tree
2017-11-11 10:46:18,737 - Connect PLC OK!
2017-11-11 10:46:18,753 - ZMQ Server Start, Port: 5555
2017-11-11 10:47:18,993 - Administrator login
2017-11-11 10:47:19,072 - Initialize UI
2017-11-11 10:47:19,118 - Initialize sequence table
2017-11-11 10:47:19,150 - Load sequence
2017-11-11 10:47:19,150 - Initialize sequence tree
2017-11-11 10:47:19,165 - ZMQ Server Start, Port: 5555
2017-11-11 10:47:19,165 - Connect PLC OK!
2017-11-11 10:48:01,631 - 'TcpTool' object has no attribute 'skt'
2017-11-11 10:50:59,303 - Administrator login
2017-11-11 10:50:59,366 - Initialize UI
2017-11-11 10:50:59,397 - Initialize sequence table
2017-11-11 10:50:59,444 - Load sequence
2017-11-11 10:50:59,444 - Initialize sequence tree
2017-11-11 10:50:59,459 - ZMQ Server Start, Port: 5555
2017-11-11 10:50:59,459 - Connect PLC OK!
2017-11-11 10:51:50,383 - Administrator login
2017-11-11 10:51:50,445 - Initialize UI
2017-11-11 10:51:50,476 - Initialize sequence table
2017-11-11 10:51:50,492 - Load sequence
2017-11-11 10:51:50,492 - Initialize sequence tree
2017-11-11 10:51:50,508 - ZMQ Server Start, Port: 5555
2017-11-11 10:51:50,508 - Connect PLC OK!
2017-11-11 11:01:10,173 - Administrator login
2017-11-11 11:01:10,220 - Initialize UI
2017-11-11 11:01:10,267 - Initialize sequence table
2017-11-11 11:01:10,298 - Load sequence
2017-11-11 11:01:10,298 - Initialize sequence tree
2017-11-11 11:01:10,298 - Connect PLC OK!
2017-11-11 11:01:10,314 - ZMQ Server Start, Port: 5555
2017-11-11 11:03:38,916 - Administrator login
2017-11-11 11:03:38,979 - Initialize UI
2017-11-11 11:03:39,025 - Initialize sequence table
2017-11-11 11:03:39,041 - Load sequence
2017-11-11 11:03:39,056 - Initialize sequence tree
2017-11-11 11:03:39,072 - ZMQ Server Start, Port: 5555
2017-11-11 11:03:39,072 - Connect PLC OK!
2017-11-11 11:17:25,569 - Administrator login
2017-11-11 11:17:25,679 - Initialize UI
2017-11-11 11:17:25,726 - Initialize sequence table
2017-11-11 11:17:25,772 - Load sequence
2017-11-11 11:17:25,772 - Initialize sequence tree
2017-11-11 11:17:25,772 - Connect PLC OK!
2017-11-11 11:17:25,788 - ZMQ Server Start, Port: 5555
2017-11-11 11:20:39,818 - Administrator login
2017-11-11 11:20:39,881 - Initialize UI
2017-11-11 11:20:39,959 - Initialize sequence table
2017-11-11 11:20:39,990 - Load sequence
2017-11-11 11:20:39,990 - Initialize sequence tree
2017-11-11 11:20:39,990 - Connect PLC OK!
2017-11-11 11:20:40,005 - ZMQ Server Start, Port: 5555
2017-11-11 11:21:38,568 - Administrator login
2017-11-11 11:21:38,646 - Initialize UI
2017-11-11 11:21:38,677 - Initialize sequence table
2017-11-11 11:21:58,785 - Administrator login
2017-11-11 11:21:58,848 - Initialize UI
2017-11-11 11:21:58,941 - Initialize sequence table
2017-11-11 11:21:58,957 - Load sequence
2017-11-11 11:21:58,957 - Initialize sequence tree
2017-11-11 11:21:58,988 - ZMQ Server Start, Port: 5555
2017-11-11 11:21:58,988 - Connect PLC OK!
2017-11-11 11:22:36,194 - Administrator login
2017-11-11 11:22:36,241 - Initialize UI
2017-11-11 11:22:36,303 - Initialize sequence table
2017-11-11 11:22:36,381 - Load sequence
2017-11-11 11:22:36,381 - Initialize sequence tree
2017-11-11 11:22:36,397 - ZMQ Server Start, Port: 5555
2017-11-11 11:22:36,397 - Connect PLC OK!
2017-11-11 11:28:14,886 - Administrator login
2017-11-11 11:28:14,948 - Initialize UI
2017-11-11 11:28:14,979 - Initialize sequence table
2017-11-11 11:28:15,011 - Load sequence
2017-11-11 11:28:15,011 - Initialize sequence tree
2017-11-11 11:28:15,026 - ZMQ Server Start, Port: 5555
2017-11-11 11:28:15,026 - Connect PLC OK!
2017-11-11 11:28:57,486 - Administrator login
2017-11-11 11:28:57,564 - Initialize UI
2017-11-11 11:28:57,595 - Initialize sequence table
2017-11-11 11:28:57,689 - Load sequence
2017-11-11 11:28:57,689 - Initialize sequence tree
2017-11-11 11:28:57,689 - Connect PLC OK!
2017-11-11 11:28:57,704 - ZMQ Server Start, Port: 5555
2017-11-11 11:29:18,312 - Start test
2017-11-11 11:29:18,437 - Test item: function1
2017-11-11 11:29:18,437 - function1 result:[0.5, 0.5, 'child1', 'child2']
2017-11-11 11:29:18,437 - Skip item: function2
2017-11-11 11:29:18,437 - function2 result:[None, None]
2017-11-11 11:29:18,952 - Test item: function3
2017-11-11 11:29:18,952 - function3 result:[0, 'fun3']
2017-11-11 11:29:19,467 - Test item: function4
2017-11-11 11:29:19,467 - function4 result:[0.5, 'fun4']
2017-11-11 11:29:19,981 - Test item: function5
2017-11-11 11:29:19,981 - function5 result:[0.5, 'fun5']
2017-11-11 11:29:20,496 - Test item: function6
2017-11-11 11:29:20,496 - function6 result:[0.5, 'fun6']
2017-11-11 11:29:21,011 - Test item: function7
2017-11-11 11:29:21,011 - function7 result:[0.5, 'fun7']
2017-11-11 11:29:21,526 - Test item: function8
2017-11-11 11:29:21,526 - function8 result:[0.9, 'fun8']
2017-11-11 11:29:22,040 - Test item: function9
2017-11-11 11:29:22,040 - function9 result:[0.9, 'fun9']
2017-11-11 11:29:22,555 - Test item: function9
2017-11-11 11:29:22,555 - function9 result:[0.9, 'fun9']
2017-11-11 11:29:23,070 - Test item: function10
2017-11-11 11:29:23,070 - function10 result:[0.5, 'fun10']
2017-11-11 11:29:23,070 - total time£º 4.70
2017-11-11 11:29:28,015 - Administrator login
2017-11-11 11:29:28,078 - Initialize UI
2017-11-11 11:29:28,125 - Initialize sequence table
2017-11-11 11:29:28,187 - Load sequence
2017-11-11 11:29:28,187 - Initialize sequence tree
2017-11-11 11:29:28,203 - ZMQ Server Start, Port: 5555
2017-11-11 11:29:28,203 - Connect PLC OK!
2017-11-11 11:33:29,144 - Administrator login
2017-11-11 11:33:29,223 - Initialize UI
2017-11-11 11:33:29,254 - Initialize sequence table
2017-11-11 11:33:29,316 - Load sequence
2017-11-11 11:33:29,316 - Initialize sequence tree
2017-11-11 11:33:29,332 - ZMQ Server Start, Port: 5555
2017-11-11 11:33:29,332 - Connect PLC OK!
2017-11-11 11:33:53,685 - Reload sequence
2017-11-11 11:33:53,685 - Initialize sequence tree
2017-11-11 11:34:04,121 - Start test
2017-11-11 11:34:04,230 - Test item: function1
2017-11-11 11:34:04,230 - function1 result:[0.5, 0.5, 'child1', 'child2']
2017-11-11 11:34:04,230 - Skip item: function2
2017-11-11 11:34:04,230 - function2 result:[None, None]
2017-11-11 11:34:04,745 - Test item: function3
2017-11-11 11:34:04,745 - function3 result:[0, 'fun3']
2017-11-11 11:34:05,260 - Test item: function4
2017-11-11 11:34:05,260 - function4 result:[0.5, 'fun4']
2017-11-11 11:34:05,775 - Test item: function5
2017-11-11 11:34:05,775 - function5 result:[0.5, 'fun5']
2017-11-11 11:34:06,289 - Test item: function6
2017-11-11 11:34:06,289 - function6 result:[0.5, 'fun6']
2017-11-11 11:34:06,804 - Test item: function7
2017-11-11 11:34:06,804 - function7 result:[0.5, 'fun7']
2017-11-11 11:34:07,319 - Test item: function8
2017-11-11 11:34:07,319 - function8 result:[0.9, 'fun8']
2017-11-11 11:34:07,834 - Test item: function9
2017-11-11 11:34:07,834 - function9 result:[0.9, 'fun9']
2017-11-11 11:34:08,349 - Test item: function9
2017-11-11 11:34:08,349 - function9 result:[0.9, 'fun9']
2017-11-11 11:34:08,864 - Test item: function10
2017-11-11 11:34:08,864 - function10 result:[0.5, 'fun10']
2017-11-11 11:34:08,864 - total time£º 4.70
2017-11-11 12:01:03,159 - Administrator login
2017-11-11 12:01:03,237 - Initialize UI
